<?xml version="1.0" encoding="UTF-8"?>
<testsuite name="se1app.applicationcore.accountcomponent.AccountTest" tests="4" skipped="0" failures="0" errors="0" timestamp="2017-12-17T21:05:24" hostname="User-PC" time="0.239">
  <properties/>
  <testcase name="testBookAccountNotCoveredException" classname="se1app.applicationcore.accountcomponent.AccountTest" time="0.193"/>
  <testcase name="testAccount" classname="se1app.applicationcore.accountcomponent.AccountTest" time="0.011"/>
  <testcase name="testBook" classname="se1app.applicationcore.accountcomponent.AccountTest" time="0.018"/>
  <testcase name="testAccountNegativeBalance" classname="se1app.applicationcore.accountcomponent.AccountTest" time="0.012"/>
  <system-out><![CDATA[22:05:14.111 [Test worker] DEBUG org.springframework.test.context.junit4.SpringJUnit4ClassRunner - SpringJUnit4ClassRunner constructor called with [class se1app.applicationcore.accountcomponent.AccountTest]
22:05:14.126 [Test worker] DEBUG org.springframework.test.context.BootstrapUtils - Instantiating CacheAwareContextLoaderDelegate from class [org.springframework.test.context.cache.DefaultCacheAwareContextLoaderDelegate]
22:05:14.150 [Test worker] DEBUG org.springframework.test.context.BootstrapUtils - Instantiating BootstrapContext using constructor [public org.springframework.test.context.support.DefaultBootstrapContext(java.lang.Class,org.springframework.test.context.CacheAwareContextLoaderDelegate)]
22:05:14.170 [Test worker] DEBUG org.springframework.test.context.BootstrapUtils - Instantiating TestContextBootstrapper for test class [se1app.applicationcore.accountcomponent.AccountTest] from class [org.springframework.test.context.support.DefaultTestContextBootstrapper]
22:05:14.240 [Test worker] DEBUG org.springframework.test.context.support.AbstractDelegatingSmartContextLoader - Delegating to AnnotationConfigContextLoader to process context configuration [ContextConfigurationAttributes@4890b1c3 declaringClass = 'se1app.applicationcore.accountcomponent.AccountTest', classes = '{class se1app.applicationcore.Application}', locations = '{}', inheritLocations = true, initializers = '{}', inheritInitializers = true, name = [null], contextLoaderClass = 'org.springframework.test.context.ContextLoader'].
22:05:14.340 [Test worker] DEBUG org.springframework.test.context.support.ActiveProfilesUtils - Could not find an 'annotation declaring class' for annotation type [org.springframework.test.context.ActiveProfiles] and class [se1app.applicationcore.accountcomponent.AccountTest]
22:05:14.342 [Test worker] DEBUG org.springframework.test.context.support.DefaultTestContextBootstrapper - @TestExecutionListeners is not present for class [se1app.applicationcore.accountcomponent.AccountTest]: using defaults.
22:05:14.350 [Test worker] INFO org.springframework.test.context.support.DefaultTestContextBootstrapper - Loaded default TestExecutionListener class names from location [META-INF/spring.factories]: [org.springframework.boot.test.mock.mockito.MockitoTestExecutionListener, org.springframework.boot.test.mock.mockito.ResetMocksTestExecutionListener, org.springframework.boot.test.autoconfigure.restdocs.RestDocsTestExecutionListener, org.springframework.boot.test.autoconfigure.web.client.MockRestServiceServerResetTestExecutionListener, org.springframework.boot.test.autoconfigure.web.servlet.MockMvcPrintOnlyOnFailureTestExecutionListener, org.springframework.boot.test.autoconfigure.web.servlet.WebDriverTestExecutionListener, org.springframework.test.context.web.ServletTestExecutionListener, org.springframework.test.context.support.DirtiesContextBeforeModesTestExecutionListener, org.springframework.test.context.support.DependencyInjectionTestExecutionListener, org.springframework.test.context.support.DirtiesContextTestExecutionListener, org.springframework.test.context.transaction.TransactionalTestExecutionListener, org.springframework.test.context.jdbc.SqlScriptsTestExecutionListener]
22:05:14.399 [Test worker] INFO org.springframework.test.context.support.DefaultTestContextBootstrapper - Using TestExecutionListeners: [org.springframework.test.context.web.ServletTestExecutionListener@4ae7cd4f, org.springframework.test.context.support.DirtiesContextBeforeModesTestExecutionListener@6ebe52f9, org.springframework.test.context.support.DependencyInjectionTestExecutionListener@dfdfccf, org.springframework.test.context.support.DirtiesContextTestExecutionListener@29f13cd2, org.springframework.test.context.transaction.TransactionalTestExecutionListener@5d880116, org.springframework.test.context.jdbc.SqlScriptsTestExecutionListener@41bda9c4, org.springframework.boot.test.mock.mockito.MockitoTestExecutionListener@23442eb8, org.springframework.boot.test.mock.mockito.ResetMocksTestExecutionListener@3f391ae, org.springframework.boot.test.autoconfigure.web.servlet.MockMvcPrintOnlyOnFailureTestExecutionListener@1eeeb077, org.springframework.boot.test.autoconfigure.restdocs.RestDocsTestExecutionListener@3231c9e7, org.springframework.boot.test.autoconfigure.web.servlet.WebDriverTestExecutionListener@300210f7, org.springframework.boot.test.autoconfigure.web.client.MockRestServiceServerResetTestExecutionListener@2f6389b8]
22:05:14.406 [Test worker] DEBUG org.springframework.test.annotation.ProfileValueUtils - Retrieved @ProfileValueSourceConfiguration [null] for test class [se1app.applicationcore.accountcomponent.AccountTest]
22:05:14.407 [Test worker] DEBUG org.springframework.test.annotation.ProfileValueUtils - Retrieved ProfileValueSource type [class org.springframework.test.annotation.SystemProfileValueSource] for class [se1app.applicationcore.accountcomponent.AccountTest]
22:05:14.408 [Test worker] DEBUG org.springframework.test.annotation.ProfileValueUtils - Retrieved @ProfileValueSourceConfiguration [null] for test class [se1app.applicationcore.accountcomponent.AccountTest]
22:05:14.409 [Test worker] DEBUG org.springframework.test.annotation.ProfileValueUtils - Retrieved ProfileValueSource type [class org.springframework.test.annotation.SystemProfileValueSource] for class [se1app.applicationcore.accountcomponent.AccountTest]
22:05:14.413 [Test worker] DEBUG org.springframework.test.context.support.AbstractDirtiesContextTestExecutionListener - Before test class: context [DefaultTestContext@64b2d808 testClass = AccountTest, testInstance = [null], testMethod = [null], testException = [null], mergedContextConfiguration = [MergedContextConfiguration@3719e9db testClass = AccountTest, locations = '{}', classes = '{class se1app.applicationcore.Application}', contextInitializerClasses = '[]', activeProfiles = '{}', propertySourceLocations = '{}', propertySourceProperties = '{}', contextCustomizers = set[org.springframework.boot.test.context.filter.ExcludeFilterContextCustomizer@26711ccf, org.springframework.boot.test.json.DuplicateJsonObjectContextCustomizerFactory$DuplicateJsonObjectContextCustomizer@4b04489e, org.springframework.boot.test.mock.mockito.MockitoContextCustomizer@0, org.springframework.boot.test.autoconfigure.properties.PropertyMappingContextCustomizer@0, org.springframework.boot.test.autoconfigure.web.servlet.WebDriverContextCustomizerFactory$Customizer@5ec846d8], contextLoader = 'org.springframework.test.context.support.DelegatingSmartContextLoader', parent = [null]]], class annotated with @DirtiesContext [false] with mode [null].
22:05:14.414 [Test worker] DEBUG org.springframework.test.annotation.ProfileValueUtils - Retrieved @ProfileValueSourceConfiguration [null] for test class [se1app.applicationcore.accountcomponent.AccountTest]
22:05:14.415 [Test worker] DEBUG org.springframework.test.annotation.ProfileValueUtils - Retrieved ProfileValueSource type [class org.springframework.test.annotation.SystemProfileValueSource] for class [se1app.applicationcore.accountcomponent.AccountTest]
22:05:14.421 [Test worker] DEBUG org.springframework.test.context.support.DependencyInjectionTestExecutionListener - Performing dependency injection for test context [[DefaultTestContext@64b2d808 testClass = AccountTest, testInstance = se1app.applicationcore.accountcomponent.AccountTest@67e2e033, testMethod = [null], testException = [null], mergedContextConfiguration = [MergedContextConfiguration@3719e9db testClass = AccountTest, locations = '{}', classes = '{class se1app.applicationcore.Application}', contextInitializerClasses = '[]', activeProfiles = '{}', propertySourceLocations = '{}', propertySourceProperties = '{}', contextCustomizers = set[org.springframework.boot.test.context.filter.ExcludeFilterContextCustomizer@26711ccf, org.springframework.boot.test.json.DuplicateJsonObjectContextCustomizerFactory$DuplicateJsonObjectContextCustomizer@4b04489e, org.springframework.boot.test.mock.mockito.MockitoContextCustomizer@0, org.springframework.boot.test.autoconfigure.properties.PropertyMappingContextCustomizer@0, org.springframework.boot.test.autoconfigure.web.servlet.WebDriverContextCustomizerFactory$Customizer@5ec846d8], contextLoader = 'org.springframework.test.context.support.DelegatingSmartContextLoader', parent = [null]]]].
22:05:14.422 [Test worker] DEBUG org.springframework.test.context.support.AbstractDelegatingSmartContextLoader - Delegating to AnnotationConfigContextLoader to load context from [MergedContextConfiguration@3719e9db testClass = AccountTest, locations = '{}', classes = '{class se1app.applicationcore.Application}', contextInitializerClasses = '[]', activeProfiles = '{}', propertySourceLocations = '{}', propertySourceProperties = '{}', contextCustomizers = set[org.springframework.boot.test.context.filter.ExcludeFilterContextCustomizer@26711ccf, org.springframework.boot.test.json.DuplicateJsonObjectContextCustomizerFactory$DuplicateJsonObjectContextCustomizer@4b04489e, org.springframework.boot.test.mock.mockito.MockitoContextCustomizer@0, org.springframework.boot.test.autoconfigure.properties.PropertyMappingContextCustomizer@0, org.springframework.boot.test.autoconfigure.web.servlet.WebDriverContextCustomizerFactory$Customizer@5ec846d8], contextLoader = 'org.springframework.test.context.support.DelegatingSmartContextLoader', parent = [null]].
22:05:14.423 [Test worker] DEBUG org.springframework.test.context.support.AbstractGenericContextLoader - Loading ApplicationContext for merged context configuration [[MergedContextConfiguration@3719e9db testClass = AccountTest, locations = '{}', classes = '{class se1app.applicationcore.Application}', contextInitializerClasses = '[]', activeProfiles = '{}', propertySourceLocations = '{}', propertySourceProperties = '{}', contextCustomizers = set[org.springframework.boot.test.context.filter.ExcludeFilterContextCustomizer@26711ccf, org.springframework.boot.test.json.DuplicateJsonObjectContextCustomizerFactory$DuplicateJsonObjectContextCustomizer@4b04489e, org.springframework.boot.test.mock.mockito.MockitoContextCustomizer@0, org.springframework.boot.test.autoconfigure.properties.PropertyMappingContextCustomizer@0, org.springframework.boot.test.autoconfigure.web.servlet.WebDriverContextCustomizerFactory$Customizer@5ec846d8], contextLoader = 'org.springframework.test.context.support.DelegatingSmartContextLoader', parent = [null]]].
22:05:14.613 [Test worker] DEBUG org.springframework.core.env.StandardEnvironment - Adding PropertySource 'systemProperties' with lowest search precedence
22:05:14.614 [Test worker] DEBUG org.springframework.core.env.StandardEnvironment - Adding PropertySource 'systemEnvironment' with lowest search precedence
22:05:14.615 [Test worker] DEBUG org.springframework.core.env.StandardEnvironment - Initialized StandardEnvironment with PropertySources [MapPropertySource@31314197 {name='systemProperties', properties={java.runtime.name=Java(TM) SE Runtime Environment, sun.boot.library.path=C:\Program Files\Java\jdk1.8.0_151\jre\bin, java.vm.version=25.151-b12, java.vm.vendor=Oracle Corporation, java.vendor.url=http://java.oracle.com/, path.separator=;, java.vm.name=Java HotSpot(TM) 64-Bit Server VM, file.encoding.pkg=sun.io, user.script=, sun.java.launcher=SUN_STANDARD, user.country=DE, sun.os.patch.level=Service Pack 1, java.vm.specification.name=Java Virtual Machine Specification, user.dir=C:\Users\User\Documents\Uni\SE\SE\se1praktikum4, java.runtime.version=1.8.0_151-b12, java.awt.graphicsenv=sun.awt.Win32GraphicsEnvironment, java.endorsed.dirs=C:\Program Files\Java\jdk1.8.0_151\jre\lib\endorsed, os.arch=amd64, java.io.tmpdir=C:\Users\User\AppData\Local\Temp\, line.separator=
, java.vm.specification.vendor=Oracle Corporation, user.variant=, os.name=Windows 7, sun.jnu.encoding=Cp1252, java.library.path=C:\Program Files\Java\jdk1.8.0_151\bin;C:\windows\Sun\Java\bin;C:\windows\system32;C:\windows;C:/Program Files/Java/jre1.8.0_151/bin/server;C:/Program Files/Java/jre1.8.0_151/bin;C:/Program Files/Java/jre1.8.0_151/lib/amd64;C:\ProgramData\Oracle\Java\javapath;C:\windows\system32;C:\windows;C:\windows\System32\Wbem;C:\windows\System32\WindowsPowerShell\v1.0\;C:\Program Files (x86)\Lenovo\Access Connections\;C:\Program Files (x86)\Intel\OpenCL SDK\2.0\bin\x86;C:\Program Files (x86)\Intel\OpenCL SDK\2.0\bin\x64;C:\Program Files (x86)\Intel\Services\IPT\;C:\Program Files\ThinkPad\Bluetooth Software\;C:\Program Files\ThinkPad\Bluetooth Software\syswow64;C:\Program Files\Intel\WiFi\bin\;C:\Program Files\Common Files\Intel\WirelessCommon\;C:\Program Files\MiKTeX 2.9\miktex\bin\x64\;C:\Program Files\Git\cmd;C:\Program Files\PuTTY\;C:\Program Files\nodejs\;C:\Program Files\Intel\WiFi\bin\;C:\Program Files\Common Files\Intel\WirelessCommon\;C:\Program Files\Java\jre-9.0.1\bin;C:\Users\User\AppData\Roaming\npm;C:\windows\system32;;., java.specification.name=Java Platform API Specification, java.class.version=52.0, sun.management.compiler=HotSpot 64-Bit Tiered Compilers, os.version=6.1, user.home=C:\Users\User, user.timezone=Europe/Berlin, java.awt.printerjob=sun.awt.windows.WPrinterJob, file.encoding=windows-1252, java.specification.version=1.8, java.class.path=C:\Users\User\Documents\Uni\SE\SE\se1praktikum4\build\classes\test;C:\Users\User\Documents\Uni\SE\SE\se1praktikum4\build\resources\test;C:\Users\User\Documents\Uni\SE\SE\se1praktikum4\build\classes\main;C:\Users\User\Documents\Uni\SE\SE\se1praktikum4\build\resources\main;C:\Users\User\.gradle\caches\modules-2\files-2.1\org.springframework.boot\spring-boot-starter-data-jpa\1.5.7.RELEASE\ccdf14487724b7c1343e5d2605f7170c026e405\spring-boot-starter-data-jpa-1.5.7.RELEASE.jar;C:\Users\User\.gradle\caches\modules-2\files-2.1\org.springframework.boot\spring-boot-starter-web\1.5.7.RELEASE\a862305be8b7512a41f6768d825ed37251ccbbe0\spring-boot-starter-web-1.5.7.RELEASE.jar;C:\Users\User\.gradle\caches\modules-2\files-2.1\org.springframework.boot\spring-boot-devtools\1.5.7.RELEASE\f433b9ba2fcf598624b5ae930096523f8a22119b\spring-boot-devtools-1.5.7.RELEASE.jar;C:\Users\User\.gradle\caches\modules-2\files-2.1\org.springframework.boot\spring-boot-starter-actuator\1.5.7.RELEASE\c8058080955524edbbacda602f25d1c5fdf2a3a9\spring-boot-starter-actuator-1.5.7.RELEASE.jar;C:\Users\User\.gradle\caches\modules-2\files-2.1\com.h2database\h2\1.4.196\dd0034398d593aa3588c6773faac429bbd9aea0e\h2-1.4.196.jar;C:\Users\User\.gradle\caches\modules-2\files-2.1\org.springframework.boot\spring-boot-starter-test\1.5.7.RELEASE\d23f37a72c2d4e46aba66bc69a649213f9cadeee\spring-boot-starter-test-1.5.7.RELEASE.jar;C:\Users\User\.gradle\caches\modules-2\files-2.1\org.mockito\mockito-core\2.10.0\871efe6f2607d8c93dd25b8c1fa09851d4286dd6\mockito-core-2.10.0.jar;C:\Users\User\.gradle\caches\modules-2\files-2.1\org.assertj\assertj-core\3.8.0\b209d90ff2e279bee3e02547ee7b11349c52d0e3\assertj-core-3.8.0.jar;C:\Users\User\.gradle\caches\modules-2\files-2.1\io.rest-assured\rest-assured\3.0.6\7048c659a0f1b8adca66af281edbf1397dddd63d\rest-assured-3.0.6.jar;C:\Users\User\.gradle\caches\modules-2\files-2.1\org.springframework.boot\spring-boot-starter\1.5.7.RELEASE\b42fe6962dd8b3be4ac8c1d7134d0ca2d0a35c7e\spring-boot-starter-1.5.7.RELEASE.jar;C:\Users\User\.gradle\caches\modules-2\files-2.1\org.springframework.boot\spring-boot-starter-aop\1.5.7.RELEASE\189098a72ccc0cca07ea42d6715c10524b5a93d1\spring-boot-starter-aop-1.5.7.RELEASE.jar;C:\Users\User\.gradle\caches\modules-2\files-2.1\org.springframework.boot\spring-boot-starter-jdbc\1.5.7.RELEASE\98c652a5461ccbec70b55fd0f7815d9c9a37a082\spring-boot-starter-jdbc-1.5.7.RELEASE.jar;C:\Users\User\.gradle\caches\modules-2\files-2.1\org.hibernate\hibernate-core\5.0.12.Final\e58bf1c660e6706d8e2cbb53bae110f574366102\hibernate-core-5.0.12.Final.jar;C:\Users\User\.gradle\caches\modules-2\files-2.1\org.hibernate\hibernate-entitymanager\5.0.12.Final\302a526f5058290e9cbd719a5caf9f248d344719\hibernate-entitymanager-5.0.12.Final.jar;C:\Users\User\.gradle\caches\modules-2\files-2.1\javax.transaction\javax.transaction-api\1.2\d81aff979d603edd90dcd8db2abc1f4ce6479e3e\javax.transaction-api-1.2.jar;C:\Users\User\.gradle\caches\modules-2\files-2.1\org.springframework.data\spring-data-jpa\1.11.7.RELEASE\587051cc7d7a3ddfac6098d623a658abb2f15865\spring-data-jpa-1.11.7.RELEASE.jar;C:\Users\User\.gradle\caches\modules-2\files-2.1\org.springframework\spring-aspects\4.3.11.RELEASE\38ab744d37aef58762a03dbe7ab1479070ebadc6\spring-aspects-4.3.11.RELEASE.jar;C:\Users\User\.gradle\caches\modules-2\files-2.1\org.springframework.boot\spring-boot-starter-tomcat\1.5.7.RELEASE\eae533e2a0111a51d812912acb3d3e2368736d1b\spring-boot-starter-tomcat-1.5.7.RELEASE.jar;C:\Users\User\.gradle\caches\modules-2\files-2.1\org.hibernate\hibernate-validator\5.3.5.Final\622a9bcef2eed6d41b5b8e0662c36212009e375\hibernate-validator-5.3.5.Final.jar;C:\Users\User\.gradle\caches\modules-2\files-2.1\com.fasterxml.jackson.core\jackson-databind\2.8.10\f7b83cb2bc4b88d53961e749e1ad32f49ef017b7\jackson-databind-2.8.10.jar;C:\Users\User\.gradle\caches\modules-2\files-2.1\org.springframework\spring-web\4.3.11.RELEASE\50a3dfce550bdf9459dfb2c6282aa104b040258e\spring-web-4.3.11.RELEASE.jar;C:\Users\User\.gradle\caches\modules-2\files-2.1\org.springframework\spring-webmvc\4.3.11.RELEASE\814f91ec4dc324e724bbe7cbc5045b234604c539\spring-webmvc-4.3.11.RELEASE.jar;C:\Users\User\.gradle\caches\modules-2\files-2.1\org.springframework.boot\spring-boot\1.5.7.RELEASE\1006870df7b3dc203df7ce84463c5dd7049fdaa4\spring-boot-1.5.7.RELEASE.jar;C:\Users\User\.gradle\caches\modules-2\files-2.1\org.springframework.boot\spring-boot-autoconfigure\1.5.7.RELEASE\e83f1407ff991e9e7eb156f49fa19d868bb73289\spring-boot-autoconfigure-1.5.7.RELEASE.jar;C:\Users\User\.gradle\caches\modules-2\files-2.1\org.springframework.boot\spring-boot-actuator\1.5.7.RELEASE\ff3124e2359be5e6c0d9cc501bf214413a329fee\spring-boot-actuator-1.5.7.RELEASE.jar;C:\Users\User\.gradle\caches\modules-2\files-2.1\org.springframework.boot\spring-boot-test\1.5.7.RELEASE\b8d77445d48f4320f404d8f13f4e5cb95bc36b30\spring-boot-test-1.5.7.RELEASE.jar;C:\Users\User\.gradle\caches\modules-2\files-2.1\org.springframework.boot\spring-boot-test-autoconfigure\1.5.7.RELEASE\8bead16b97c9f1b5fe7c47f3e030dd9351a6974d\spring-boot-test-autoconfigure-1.5.7.RELEASE.jar;C:\Users\User\.gradle\caches\modules-2\files-2.1\com.jayway.jsonpath\json-path\2.2.0\22290d17944bd239fabf5ac69005a60a7ecbbbcb\json-path-2.2.0.jar;C:\Users\User\.gradle\caches\modules-2\files-2.1\junit\junit\4.12\2973d150c0dc1fefe998f834810d68f278ea58ec\junit-4.12.jar;C:\Users\User\.gradle\caches\modules-2\files-2.1\org.hamcrest\hamcrest-core\1.3\42a25dc3219429f0e5d060061f71acb49bf010a0\hamcrest-core-1.3.jar;C:\Users\User\.gradle\caches\modules-2\files-2.1\org.hamcrest\hamcrest-library\1.3\4785a3c21320980282f9f33d0d1264a69040538f\hamcrest-library-1.3.jar;C:\Users\User\.gradle\caches\modules-2\files-2.1\org.skyscreamer\jsonassert\1.4.0\9cdbb373a06f6513e51e8c545ee6a5e981463edb\jsonassert-1.4.0.jar;C:\Users\User\.gradle\caches\modules-2\files-2.1\org.springframework\spring-core\4.3.11.RELEASE\eb30ed093f628279d3aead068fd478fa343f1dad\spring-core-4.3.11.RELEASE.jar;C:\Users\User\.gradle\caches\modules-2\files-2.1\org.springframework\spring-test\4.3.11.RELEASE\cf765b5d6d6bdc38c67522ecae3fe9549da43e1\spring-test-4.3.11.RELEASE.jar;C:\Users\User\.gradle\caches\modules-2\files-2.1\net.bytebuddy\byte-buddy\1.7.4\d0e77888485e1683057f8399f916eda6049c4acf\byte-buddy-1.7.4.jar;C:\Users\User\.gradle\caches\modules-2\files-2.1\net.bytebuddy\byte-buddy-agent\1.7.4\66286677db75148b3c2fb94e72f1c61aceb20e33\byte-buddy-agent-1.7.4.jar;C:\Users\User\.gradle\caches\modules-2\files-2.1\org.objenesis\objenesis\2.6\639033469776fd37c08358c6b92a4761feb2af4b\objenesis-2.6.jar;C:\Users\User\.gradle\caches\modules-2\files-2.1\org.codehaus.groovy\groovy\2.4.12\a43be367110c491787219f1c128b5b5fc54f1e70\groovy-2.4.12.jar;C:\Users\User\.gradle\caches\modules-2\files-2.1\org.codehaus.groovy\groovy-xml\2.4.12\b5c023bbbc8a4bbf9c0b38d731fe31d53f00c64a\groovy-xml-2.4.12.jar;C:\Users\User\.gradle\caches\modules-2\files-2.1\org.apache.httpcomponents\httpclient\4.5.3\d1577ae15f01ef5438c5afc62162457c00a34713\httpclient-4.5.3.jar;C:\Users\User\.gradle\caches\modules-2\files-2.1\org.apache.httpcomponents\httpmime\4.5.3\889fd6d061bb63b99dd5c6aba35a555ae863de52\httpmime-4.5.3.jar;C:\Users\User\.gradle\caches\modules-2\files-2.1\org.ccil.cowan.tagsoup\tagsoup\1.2.1\5584627487e984c03456266d3f8802eb85a9ce97\tagsoup-1.2.1.jar;C:\Users\User\.gradle\caches\modules-2\files-2.1\io.rest-assured\json-path\3.0.6\46b9832bdcf3b009ef29dad04e5bf1b951c2966e\json-path-3.0.6.jar;C:\Users\User\.gradle\caches\modules-2\files-2.1\io.rest-assured\xml-path\3.0.6\5ea3318626ac935bfc5088c772ea6d57c43e1bf3\xml-path-3.0.6.jar;C:\Users\User\.gradle\caches\modules-2\files-2.1\org.springframework.boot\spring-boot-starter-logging\1.5.7.RELEASE\c84c4ea09d7f789a0d5e936a961471e5dbd9295e\spring-boot-starter-logging-1.5.7.RELEASE.jar;C:\Users\User\.gradle\caches\modules-2\files-2.1\org.yaml\snakeyaml\1.17\7a27ea250c5130b2922b86dea63cbb1cc10a660c\snakeyaml-1.17.jar;C:\Users\User\.gradle\caches\modules-2\files-2.1\org.springframework\spring-aop\4.3.11.RELEASE\461d0bb58f1de30203d9331adf4b51de9554de5a\spring-aop-4.3.11.RELEASE.jar;C:\Users\User\.gradle\caches\modules-2\files-2.1\org.aspectj\aspectjweaver\1.8.10\e198c5fee28988c355f74e06461614eae36b2032\aspectjweaver-1.8.10.jar;C:\Users\User\.gradle\caches\modules-2\files-2.1\org.apache.tomcat\tomcat-jdbc\8.5.20\10d0d288d837ddfc92096920e4571054a3934160\tomcat-jdbc-8.5.20.jar;C:\Users\User\.gradle\caches\modules-2\files-2.1\org.springframework\spring-jdbc\4.3.11.RELEASE\642ed7497d327f299caccb930af6b65e229864c4\spring-jdbc-4.3.11.RELEASE.jar;C:\Users\User\.gradle\caches\modules-2\files-2.1\org.jboss.logging\jboss-logging\3.3.1.Final\c46217ab74b532568c0ed31dc599db3048bd1b67\jboss-logging-3.3.1.Final.jar;C:\Users\User\.gradle\caches\modules-2\files-2.1\org.hibernate.javax.persistence\hibernate-jpa-2.1-api\1.0.0.Final\5e731d961297e5a07290bfaf3db1fbc8bbbf405a\hibernate-jpa-2.1-api-1.0.0.Final.jar;C:\Users\User\.gradle\caches\modules-2\files-2.1\org.javassist\javassist\3.21.0-GA\598244f595db5c5fb713731eddbb1c91a58d959b\javassist-3.21.0-GA.jar;C:\Users\User\.gradle\caches\modules-2\files-2.1\antlr\antlr\2.7.7\83cd2cd674a217ade95a4bb83a8a14f351f48bd0\antlr-2.7.7.jar;C:\Users\User\.gradle\caches\modules-2\files-2.1\org.jboss\jandex\2.0.0.Final\3e899258936f94649c777193e1be846387ed54b3\jandex-2.0.0.Final.jar;C:\Users\User\.gradle\caches\modules-2\files-2.1\dom4j\dom4j\1.6.1\5d3ccc056b6f056dbf0dddfdf43894b9065a8f94\dom4j-1.6.1.jar;C:\Users\User\.gradle\caches\modules-2\files-2.1\org.hibernate.common\hibernate-commons-annotations\5.0.1.Final\71e1cff3fcb20d3b3af4f3363c3ddb24d33c6879\hibernate-commons-annotations-5.0.1.Final.jar;C:\Users\User\.gradle\caches\modules-2\files-2.1\org.springframework.data\spring-data-commons\1.13.7.RELEASE\cf4538abda1f0a9cf2323d6e4204df0130aeec73\spring-data-commons-1.13.7.RELEASE.jar;C:\Users\User\.gradle\caches\modules-2\files-2.1\org.springframework\spring-orm\4.3.11.RELEASE\7ba1b25ad62b29295aa90ae88f9f35e84861953c\spring-orm-4.3.11.RELEASE.jar;C:\Users\User\.gradle\caches\modules-2\files-2.1\org.springframework\spring-context\4.3.11.RELEASE\3efec2d7c7469d49108a2b21c3f15831f7297569\spring-context-4.3.11.RELEASE.jar;C:\Users\User\.gradle\caches\modules-2\files-2.1\org.springframework\spring-tx\4.3.11.RELEASE\c931ee363d2269f03edfeb83d7d7fe23924ab8a1\spring-tx-4.3.11.RELEASE.jar;C:\Users\User\.gradle\caches\modules-2\files-2.1\org.springframework\spring-beans\4.3.11.RELEASE\591cc35fd39292adae13f01aa13e978d0bb11936\spring-beans-4.3.11.RELEASE.jar;C:\Users\User\.gradle\caches\modules-2\files-2.1\org.slf4j\slf4j-api\1.7.25\da76ca59f6a57ee3102f8f9bd9cee742973efa8a\slf4j-api-1.7.25.jar;C:\Users\User\.gradle\caches\modules-2\files-2.1\org.slf4j\jcl-over-slf4j\1.7.25\f8c32b13ff142a513eeb5b6330b1588dcb2c0461\jcl-over-slf4j-1.7.25.jar;C:\Users\User\.gradle\caches\modules-2\files-2.1\org.apache.tomcat.embed\tomcat-embed-core\8.5.20\b9026ee20f1f6a2b0fc3e51dd806d800901448b0\tomcat-embed-core-8.5.20.jar;C:\Users\User\.gradle\caches\modules-2\files-2.1\org.apache.tomcat.embed\tomcat-embed-el\8.5.20\42960f481a8a80f4ffd3b865c2232820e3565bf1\tomcat-embed-el-8.5.20.jar;C:\Users\User\.gradle\caches\modules-2\files-2.1\org.apache.tomcat.embed\tomcat-embed-websocket\8.5.20\4df9055507926a2651f691cc9964c50493a0ab29\tomcat-embed-websocket-8.5.20.jar;C:\Users\User\.gradle\caches\modules-2\files-2.1\javax.validation\validation-api\1.1.0.Final\8613ae82954779d518631e05daa73a6a954817d5\validation-api-1.1.0.Final.jar;C:\Users\User\.gradle\caches\modules-2\files-2.1\com.fasterxml\classmate\1.3.4\3d5f48f10bbe4eb7bd862f10c0583be2e0053c6\classmate-1.3.4.jar;C:\Users\User\.gradle\caches\modules-2\files-2.1\com.fasterxml.jackson.core\jackson-annotations\2.8.0\45b426f7796b741035581a176744d91090e2e6fb\jackson-annotations-2.8.0.jar;C:\Users\User\.gradle\caches\modules-2\files-2.1\com.fasterxml.jackson.core\jackson-core\2.8.10\eb21a035c66ad307e66ec8fce37f5d50fd62d039\jackson-core-2.8.10.jar;C:\Users\User\.gradle\caches\modules-2\files-2.1\org.springframework\spring-expression\4.3.11.RELEASE\fca662a2fccdad90ec22b2aaecb021047dcbe249\spring-expression-4.3.11.RELEASE.jar;C:\Users\User\.gradle\caches\modules-2\files-2.1\net.minidev\json-smart\2.2.1\5b9e5df7a62d1279b70dc882b041d249c4f0b002\json-smart-2.2.1.jar;C:\Users\User\.gradle\caches\modules-2\files-2.1\com.vaadin.external.google\android-json\0.0.20131108.vaadin1\fa26d351fe62a6a17f5cda1287c1c6110dec413f\android-json-0.0.20131108.vaadin1.jar;C:\Users\User\.gradle\caches\modules-2\files-2.1\org.apache.httpcomponents\httpcore\4.4.6\e3fd8ced1f52c7574af952e2e6da0df8df08eb82\httpcore-4.4.6.jar;C:\Users\User\.gradle\caches\modules-2\files-2.1\commons-codec\commons-codec\1.10\4b95f4897fa13f2cd904aee711aeafc0c5295cd8\commons-codec-1.10.jar;C:\Users\User\.gradle\caches\modules-2\files-2.1\org.codehaus.groovy\groovy-json\2.4.12\810b46f2b359b904c4c7428ad4c03c09094a01ff\groovy-json-2.4.12.jar;C:\Users\User\.gradle\caches\modules-2\files-2.1\io.rest-assured\rest-assured-common\3.0.6\fa0cb69682ed3df571cab6d20894c4ed2970b901\rest-assured-common-3.0.6.jar;C:\Users\User\.gradle\caches\modules-2\files-2.1\org.apache.commons\commons-lang3\3.4\5fe28b9518e58819180a43a850fbc0dd24b7c050\commons-lang3-3.4.jar;C:\Users\User\.gradle\caches\modules-2\files-2.1\javax.xml.bind\jaxb-api\2.2.12\4c83805595b15acf41d71d49e3add7c0e85baaed\jaxb-api-2.2.12.jar;C:\Users\User\.gradle\caches\modules-2\files-2.1\ch.qos.logback\logback-classic\1.1.11\ccedfbacef4a6515d2983e3f89ed753d5d4fb665\logback-classic-1.1.11.jar;C:\Users\User\.gradle\caches\modules-2\files-2.1\org.slf4j\jul-to-slf4j\1.7.25\af5364cd6679bfffb114f0dec8a157aaa283b76\jul-to-slf4j-1.7.25.jar;C:\Users\User\.gradle\caches\modules-2\files-2.1\org.slf4j\log4j-over-slf4j\1.7.25\a87bb47468f47ee7aabbd54f93e133d4215769c3\log4j-over-slf4j-1.7.25.jar;C:\Users\User\.gradle\caches\modules-2\files-2.1\org.apache.tomcat\tomcat-juli\8.5.20\6c0579d329696059f377585d2a51455bf083d9ee\tomcat-juli-8.5.20.jar;C:\Users\User\.gradle\caches\modules-2\files-2.1\net.minidev\accessors-smart\1.1\a527213f2fea112a04c9bdf0ec0264e34104cd08\accessors-smart-1.1.jar;C:\Users\User\.gradle\caches\modules-2\files-2.1\ch.qos.logback\logback-core\1.1.11\88b8df40340eed549fb07e2613879bf6b006704d\logback-core-1.1.11.jar;C:\Users\User\.gradle\caches\modules-2\files-2.1\org.ow2.asm\asm\5.0.3\dcc2193db20e19e1feca8b1240dbbc4e190824fa\asm-5.0.3.jar, user.name=User, java.vm.specification.version=1.8, sun.java.command=jarjar.org.gradle.process.internal.launcher.GradleWorkerMain 'Gradle Test Executor 1', java.home=C:\Program Files\Java\jdk1.8.0_151\jre, sun.arch.data.model=64, user.language=de, java.specification.vendor=Oracle Corporation, awt.toolkit=sun.awt.windows.WToolkit, java.vm.info=mixed mode, java.version=1.8.0_151, java.ext.dirs=C:\Program Files\Java\jdk1.8.0_151\jre\lib\ext;C:\windows\Sun\Java\lib\ext, sun.boot.class.path=C:\Program Files\Java\jdk1.8.0_151\jre\lib\resources.jar;C:\Program Files\Java\jdk1.8.0_151\jre\lib\rt.jar;C:\Program Files\Java\jdk1.8.0_151\jre\lib\sunrsasign.jar;C:\Program Files\Java\jdk1.8.0_151\jre\lib\jsse.jar;C:\Program Files\Java\jdk1.8.0_151\jre\lib\jce.jar;C:\Program Files\Java\jdk1.8.0_151\jre\lib\charsets.jar;C:\Program Files\Java\jdk1.8.0_151\jre\lib\jfr.jar;C:\Program Files\Java\jdk1.8.0_151\jre\classes, java.vendor=Oracle Corporation, org.gradle.test.worker=1, file.separator=\, java.vendor.url.bug=http://bugreport.sun.com/bugreport/, sun.io.unicode.encoding=UnicodeLittle, sun.cpu.endian=little, sun.desktop=windows, sun.cpu.isalist=amd64}}, SystemEnvironmentPropertySource@2010347703 {name='systemEnvironment', properties={LOCALAPPDATA=C:\Users\User\AppData\Local, PROCESSOR_LEVEL=6, TSMPATH=C:\Program Files\ThinkPad\UltraNav Utility, FP_NO_HOST_CHECK=NO, USERDOMAIN=User-PC, LOGONSERVER=\\USER-PC, SESSIONNAME=Console, ALLUSERSPROFILE=C:\ProgramData, PROCESSOR_ARCHITECTURE=AMD64, PSModulePath=C:\windows\system32\WindowsPowerShell\v1.0\Modules\, SystemDrive=C:, COMMPath=C:\Program Files\Lenovo\Communications Utility, OneDrive=C:\Users\User\OneDrive, TVT=C:\Program Files (x86)\Lenovo, APPDATA=C:\Users\User\AppData\Roaming, USERNAME=User, ProgramFiles(x86)=C:\Program Files (x86), CommonProgramFiles=C:\Program Files\Common Files, Path=C:/Program Files/Java/jre1.8.0_151/bin/server;C:/Program Files/Java/jre1.8.0_151/bin;C:/Program Files/Java/jre1.8.0_151/lib/amd64;C:\ProgramData\Oracle\Java\javapath;C:\windows\system32;C:\windows;C:\windows\System32\Wbem;C:\windows\System32\WindowsPowerShell\v1.0\;C:\Program Files (x86)\Lenovo\Access Connections\;C:\Program Files (x86)\Intel\OpenCL SDK\2.0\bin\x86;C:\Program Files (x86)\Intel\OpenCL SDK\2.0\bin\x64;C:\Program Files (x86)\Intel\Services\IPT\;C:\Program Files\ThinkPad\Bluetooth Software\;C:\Program Files\ThinkPad\Bluetooth Software\syswow64;C:\Program Files\Intel\WiFi\bin\;C:\Program Files\Common Files\Intel\WirelessCommon\;C:\Program Files\MiKTeX 2.9\miktex\bin\x64\;C:\Program Files\Git\cmd;C:\Program Files\PuTTY\;C:\Program Files\nodejs\;C:\Program Files\Intel\WiFi\bin\;C:\Program Files\Common Files\Intel\WirelessCommon\;C:\Program Files\Java\jre-9.0.1\bin;C:\Users\User\AppData\Roaming\npm;C:\windows\system32;, PATHEXT=.COM;.EXE;.BAT;.CMD;.VBS;.VBE;.JS;.JSE;.WSF;.WSH;.MSC, OS=Windows_NT, COMPUTERNAME=USER-PC, ACPath=C:\Program Files (x86)\Lenovo\Access Connections\, NDI_RUNTIME_DIR_V3=C:\Program Files\NewTek\NewTek NDI Redist\v3, UOIPME_REG_PATH=C:\Program Files\Intel Corporation\USB over IP, NDI_RUNTIME_DIR_V2=C:\Program Files\NewTek\NewTek NDI Redist\v3, PROCESSOR_REVISION=2a07, CommonProgramW6432=C:\Program Files\Common Files, ComSpec=C:\windows\system32\cmd.exe, ProgramData=C:\ProgramData, ProgramW6432=C:\Program Files, HOMEPATH=\Users\User, SystemRoot=C:\windows, TEMP=C:\Users\User\AppData\Local\Temp, HOMEDRIVE=C:, PROCESSOR_IDENTIFIER=Intel64 Family 6 Model 42 Stepping 7, GenuineIntel, USERPROFILE=C:\Users\User, TMP=C:\Users\User\AppData\Local\Temp, CommonProgramFiles(x86)=C:\Program Files (x86)\Common Files, ProgramFiles=C:\Program Files, PUBLIC=C:\Users\Public, NUMBER_OF_PROCESSORS=4, windir=C:\windows, =::=::\}}]
22:05:14.624 [Test worker] DEBUG org.springframework.test.context.support.AnnotationConfigContextLoader - Registering annotated classes: {class se1app.applicationcore.Application}
22:05:14.776 [Test worker] INFO org.springframework.context.support.GenericApplicationContext - Refreshing org.springframework.context.support.GenericApplicationContext@2168fafe: startup date [Sun Dec 17 22:05:14 CET 2017]; root of context hierarchy
22:05:14.777 [Test worker] DEBUG org.springframework.context.support.GenericApplicationContext - Bean factory for org.springframework.context.support.GenericApplicationContext@2168fafe: org.springframework.beans.factory.support.DefaultListableBeanFactory@8a20776: defining beans [org.springframework.context.annotation.internalConfigurationAnnotationProcessor,org.springframework.context.annotation.internalAutowiredAnnotationProcessor,org.springframework.context.annotation.internalRequiredAnnotationProcessor,org.springframework.context.annotation.internalCommonAnnotationProcessor,org.springframework.context.annotation.internalPersistenceAnnotationProcessor,org.springframework.context.event.internalEventListenerProcessor,org.springframework.context.event.internalEventListenerFactory,application,org.springframework.boot.test.mock.mockito.MockitoPostProcessor$SpyPostProcessor,org.springframework.boot.test.mock.mockito.MockitoPostProcessor]; root of factory hierarchy
22:05:14.823 [Test worker] DEBUG org.springframework.beans.factory.support.DefaultListableBeanFactory - Creating shared instance of singleton bean 'org.springframework.context.annotation.internalConfigurationAnnotationProcessor'
22:05:14.824 [Test worker] DEBUG org.springframework.beans.factory.support.DefaultListableBeanFactory - Creating instance of bean 'org.springframework.context.annotation.internalConfigurationAnnotationProcessor'
22:05:14.880 [Test worker] DEBUG org.springframework.beans.factory.support.DefaultListableBeanFactory - Eagerly caching bean 'org.springframework.context.annotation.internalConfigurationAnnotationProcessor' to allow for resolving potential circular references
22:05:14.886 [Test worker] DEBUG org.springframework.beans.factory.support.DefaultListableBeanFactory - Finished creating instance of bean 'org.springframework.context.annotation.internalConfigurationAnnotationProcessor'
22:05:14.968 [Test worker] DEBUG org.springframework.context.annotation.ClassPathBeanDefinitionScanner - JSR-250 'javax.annotation.ManagedBean' found and supported for component scanning
22:05:14.979 [Test worker] DEBUG org.springframework.core.io.support.PathMatchingResourcePatternResolver - Resolved classpath location [se1app/applicationcore/] to resources [URL [file:/C:/Users/User/Documents/Uni/SE/SE/se1praktikum4/build/classes/test/se1app/applicationcore/], URL [file:/C:/Users/User/Documents/Uni/SE/SE/se1praktikum4/build/classes/main/se1app/applicationcore/]]
22:05:14.979 [Test worker] DEBUG org.springframework.core.io.support.PathMatchingResourcePatternResolver - Looking for matching resources in directory tree [C:\Users\User\Documents\Uni\SE\SE\se1praktikum4\build\classes\test\se1app\applicationcore]
22:05:14.980 [Test worker] DEBUG org.springframework.core.io.support.PathMatchingResourcePatternResolver - Searching directory [C:\Users\User\Documents\Uni\SE\SE\se1praktikum4\build\classes\test\se1app\applicationcore] for files matching pattern [C:/Users/User/Documents/Uni/SE/SE/se1praktikum4/build/classes/test/se1app/applicationcore/**/*.class]
22:05:14.984 [Test worker] DEBUG org.springframework.core.io.support.PathMatchingResourcePatternResolver - Searching directory [C:\Users\User\Documents\Uni\SE\SE\se1praktikum4\build\classes\test\se1app\applicationcore\accountcomponent] for files matching pattern [C:/Users/User/Documents/Uni/SE/SE/se1praktikum4/build/classes/test/se1app/applicationcore/**/*.class]
22:05:14.986 [Test worker] DEBUG org.springframework.core.io.support.PathMatchingResourcePatternResolver - Searching directory [C:\Users\User\Documents\Uni\SE\SE\se1praktikum4\build\classes\test\se1app\applicationcore\branchcomponent] for files matching pattern [C:/Users/User/Documents/Uni/SE/SE/se1praktikum4/build/classes/test/se1app/applicationcore/**/*.class]
22:05:14.987 [Test worker] DEBUG org.springframework.core.io.support.PathMatchingResourcePatternResolver - Searching directory [C:\Users\User\Documents\Uni\SE\SE\se1praktikum4\build\classes\test\se1app\applicationcore\facade] for files matching pattern [C:/Users/User/Documents/Uni/SE/SE/se1praktikum4/build/classes/test/se1app/applicationcore/**/*.class]
22:05:14.991 [Test worker] DEBUG org.springframework.core.io.support.PathMatchingResourcePatternResolver - Looking for matching resources in directory tree [C:\Users\User\Documents\Uni\SE\SE\se1praktikum4\build\classes\main\se1app\applicationcore]
22:05:14.992 [Test worker] DEBUG org.springframework.core.io.support.PathMatchingResourcePatternResolver - Searching directory [C:\Users\User\Documents\Uni\SE\SE\se1praktikum4\build\classes\main\se1app\applicationcore] for files matching pattern [C:/Users/User/Documents/Uni/SE/SE/se1praktikum4/build/classes/main/se1app/applicationcore/**/*.class]
22:05:14.992 [Test worker] DEBUG org.springframework.core.io.support.PathMatchingResourcePatternResolver - Searching directory [C:\Users\User\Documents\Uni\SE\SE\se1praktikum4\build\classes\main\se1app\applicationcore\accountcomponent] for files matching pattern [C:/Users/User/Documents/Uni/SE/SE/se1praktikum4/build/classes/main/se1app/applicationcore/**/*.class]
22:05:14.996 [Test worker] DEBUG org.springframework.core.io.support.PathMatchingResourcePatternResolver - Searching directory [C:\Users\User\Documents\Uni\SE\SE\se1praktikum4\build\classes\main\se1app\applicationcore\branchcomponent] for files matching pattern [C:/Users/User/Documents/Uni/SE/SE/se1praktikum4/build/classes/main/se1app/applicationcore/**/*.class]
22:05:15.001 [Test worker] DEBUG org.springframework.core.io.support.PathMatchingResourcePatternResolver - Searching directory [C:\Users\User\Documents\Uni\SE\SE\se1praktikum4\build\classes\main\se1app\applicationcore\facadecomponent] for files matching pattern [C:/Users/User/Documents/Uni/SE/SE/se1praktikum4/build/classes/main/se1app/applicationcore/**/*.class]
22:05:15.002 [Test worker] DEBUG org.springframework.core.io.support.PathMatchingResourcePatternResolver - Searching directory [C:\Users\User\Documents\Uni\SE\SE\se1praktikum4\build\classes\main\se1app\applicationcore\Usecase] for files matching pattern [C:/Users/User/Documents/Uni/SE/SE/se1praktikum4/build/classes/main/se1app/applicationcore/**/*.class]
22:05:15.003 [Test worker] DEBUG org.springframework.core.io.support.PathMatchingResourcePatternResolver - Searching directory [C:\Users\User\Documents\Uni\SE\SE\se1praktikum4\build\classes\main\se1app\applicationcore\util] for files matching pattern [C:/Users/User/Documents/Uni/SE/SE/se1praktikum4/build/classes/main/se1app/applicationcore/**/*.class]
22:05:15.005 [Test worker] DEBUG org.springframework.core.io.support.PathMatchingResourcePatternResolver - Resolved location pattern [classpath*:se1app/applicationcore/**/*.class] to resources [file [C:\Users\User\Documents\Uni\SE\SE\se1praktikum4\build\classes\test\se1app\applicationcore\accountcomponent\AccountTest.class], file [C:\Users\User\Documents\Uni\SE\SE\se1praktikum4\build\classes\test\se1app\applicationcore\branchcomponent\BranchRepositoryTest.class], file [C:\Users\User\Documents\Uni\SE\SE\se1praktikum4\build\classes\test\se1app\applicationcore\branchcomponent\BranchTest.class], file [C:\Users\User\Documents\Uni\SE\SE\se1praktikum4\build\classes\main\se1app\applicationcore\accountcomponent\Account.class], file [C:\Users\User\Documents\Uni\SE\SE\se1praktikum4\build\classes\main\se1app\applicationcore\accountcomponent\AccountComponentImpl.class], file [C:\Users\User\Documents\Uni\SE\SE\se1praktikum4\build\classes\main\se1app\applicationcore\accountcomponent\AccountComponentInterface.class], file [C:\Users\User\Documents\Uni\SE\SE\se1praktikum4\build\classes\main\se1app\applicationcore\accountcomponent\AccountNotCoveredException.class], file [C:\Users\User\Documents\Uni\SE\SE\se1praktikum4\build\classes\main\se1app\applicationcore\accountcomponent\AccountNotExistException.class], file [C:\Users\User\Documents\Uni\SE\SE\se1praktikum4\build\classes\main\se1app\applicationcore\accountcomponent\AccountNumberType.class], file [C:\Users\User\Documents\Uni\SE\SE\se1praktikum4\build\classes\main\se1app\applicationcore\accountcomponent\AccountNumberTypeConverter.class], file [C:\Users\User\Documents\Uni\SE\SE\se1praktikum4\build\classes\main\se1app\applicationcore\accountcomponent\AccountRepository.class], file [C:\Users\User\Documents\Uni\SE\SE\se1praktikum4\build\classes\main\se1app\applicationcore\accountcomponent\BookingPosition.class], file [C:\Users\User\Documents\Uni\SE\SE\se1praktikum4\build\classes\main\se1app\applicationcore\Application$1.class], file [C:\Users\User\Documents\Uni\SE\SE\se1praktikum4\build\classes\main\se1app\applicationcore\Application.class], file [C:\Users\User\Documents\Uni\SE\SE\se1praktikum4\build\classes\main\se1app\applicationcore\branchcomponent\Branch.class], file [C:\Users\User\Documents\Uni\SE\SE\se1praktikum4\build\classes\main\se1app\applicationcore\branchcomponent\BranchComponentImpl.class], file [C:\Users\User\Documents\Uni\SE\SE\se1praktikum4\build\classes\main\se1app\applicationcore\branchcomponent\BranchComponentInterface.class], file [C:\Users\User\Documents\Uni\SE\SE\se1praktikum4\build\classes\main\se1app\applicationcore\branchcomponent\BranchNotExistException.class], file [C:\Users\User\Documents\Uni\SE\SE\se1praktikum4\build\classes\main\se1app\applicationcore\branchcomponent\BranchNumberType.class], file [C:\Users\User\Documents\Uni\SE\SE\se1praktikum4\build\classes\main\se1app\applicationcore\branchcomponent\BranchRepository.class], file [C:\Users\User\Documents\Uni\SE\SE\se1praktikum4\build\classes\main\se1app\applicationcore\facadecomponent\ApplicationFacadeController.class], file [C:\Users\User\Documents\Uni\SE\SE\se1praktikum4\build\classes\main\se1app\applicationcore\Usecase\UsecaseBooking.class], file [C:\Users\User\Documents\Uni\SE\SE\se1praktikum4\build\classes\main\se1app\applicationcore\util\EmailType.class]]
22:05:15.068 [Test worker] DEBUG org.springframework.beans.factory.support.DefaultListableBeanFactory - Returning cached instance of singleton bean 'org.springframework.boot.test.context.filter.TestTypeExcludeFilter'
22:05:15.073 [Test worker] DEBUG org.springframework.beans.factory.support.DefaultListableBeanFactory - Returning cached instance of singleton bean 'org.springframework.boot.test.context.filter.TestTypeExcludeFilter'
22:05:15.075 [Test worker] DEBUG org.springframework.beans.factory.support.DefaultListableBeanFactory - Returning cached instance of singleton bean 'org.springframework.boot.test.context.filter.TestTypeExcludeFilter'
22:05:15.079 [Test worker] DEBUG org.springframework.beans.factory.support.DefaultListableBeanFactory - Returning cached instance of singleton bean 'org.springframework.boot.test.context.filter.TestTypeExcludeFilter'
22:05:15.081 [Test worker] DEBUG org.springframework.beans.factory.support.DefaultListableBeanFactory - Returning cached instance of singleton bean 'org.springframework.boot.test.context.filter.TestTypeExcludeFilter'
22:05:15.082 [Test worker] DEBUG org.springframework.context.annotation.ClassPathBeanDefinitionScanner - Identified candidate component class: file [C:\Users\User\Documents\Uni\SE\SE\se1praktikum4\build\classes\main\se1app\applicationcore\accountcomponent\AccountComponentImpl.class]
22:05:15.083 [Test worker] DEBUG org.springframework.beans.factory.support.DefaultListableBeanFactory - Returning cached instance of singleton bean 'org.springframework.boot.test.context.filter.TestTypeExcludeFilter'
22:05:15.084 [Test worker] DEBUG org.springframework.beans.factory.support.DefaultListableBeanFactory - Returning cached instance of singleton bean 'org.springframework.boot.test.context.filter.TestTypeExcludeFilter'
22:05:15.085 [Test worker] DEBUG org.springframework.beans.factory.support.DefaultListableBeanFactory - Returning cached instance of singleton bean 'org.springframework.boot.test.context.filter.TestTypeExcludeFilter'
22:05:15.087 [Test worker] DEBUG org.springframework.beans.factory.support.DefaultListableBeanFactory - Returning cached instance of singleton bean 'org.springframework.boot.test.context.filter.TestTypeExcludeFilter'
22:05:15.089 [Test worker] DEBUG org.springframework.beans.factory.support.DefaultListableBeanFactory - Returning cached instance of singleton bean 'org.springframework.boot.test.context.filter.TestTypeExcludeFilter'
22:05:15.092 [Test worker] DEBUG org.springframework.beans.factory.support.DefaultListableBeanFactory - Returning cached instance of singleton bean 'org.springframework.boot.test.context.filter.TestTypeExcludeFilter'
22:05:15.093 [Test worker] DEBUG org.springframework.context.annotation.ClassPathBeanDefinitionScanner - Ignored because not a concrete top-level class: file [C:\Users\User\Documents\Uni\SE\SE\se1praktikum4\build\classes\main\se1app\applicationcore\accountcomponent\AccountRepository.class]
22:05:15.094 [Test worker] DEBUG org.springframework.beans.factory.support.DefaultListableBeanFactory - Returning cached instance of singleton bean 'org.springframework.boot.test.context.filter.TestTypeExcludeFilter'
22:05:15.095 [Test worker] DEBUG org.springframework.beans.factory.support.DefaultListableBeanFactory - Returning cached instance of singleton bean 'org.springframework.boot.test.context.filter.TestTypeExcludeFilter'
22:05:15.114 [Test worker] DEBUG org.springframework.beans.factory.support.DefaultListableBeanFactory - Returning cached instance of singleton bean 'org.springframework.boot.test.context.filter.TestTypeExcludeFilter'
22:05:15.115 [Test worker] DEBUG org.springframework.beans.factory.support.DefaultListableBeanFactory - Returning cached instance of singleton bean 'org.springframework.boot.test.context.filter.TestTypeExcludeFilter'
22:05:15.115 [Test worker] DEBUG org.springframework.context.annotation.ClassPathBeanDefinitionScanner - Identified candidate component class: file [C:\Users\User\Documents\Uni\SE\SE\se1praktikum4\build\classes\main\se1app\applicationcore\branchcomponent\BranchComponentImpl.class]
22:05:15.116 [Test worker] DEBUG org.springframework.beans.factory.support.DefaultListableBeanFactory - Returning cached instance of singleton bean 'org.springframework.boot.test.context.filter.TestTypeExcludeFilter'
22:05:15.117 [Test worker] DEBUG org.springframework.beans.factory.support.DefaultListableBeanFactory - Returning cached instance of singleton bean 'org.springframework.boot.test.context.filter.TestTypeExcludeFilter'
22:05:15.118 [Test worker] DEBUG org.springframework.beans.factory.support.DefaultListableBeanFactory - Returning cached instance of singleton bean 'org.springframework.boot.test.context.filter.TestTypeExcludeFilter'
22:05:15.119 [Test worker] DEBUG org.springframework.beans.factory.support.DefaultListableBeanFactory - Returning cached instance of singleton bean 'org.springframework.boot.test.context.filter.TestTypeExcludeFilter'
22:05:15.119 [Test worker] DEBUG org.springframework.context.annotation.ClassPathBeanDefinitionScanner - Ignored because not a concrete top-level class: file [C:\Users\User\Documents\Uni\SE\SE\se1praktikum4\build\classes\main\se1app\applicationcore\branchcomponent\BranchRepository.class]
22:05:15.139 [Test worker] DEBUG org.springframework.beans.factory.support.DefaultListableBeanFactory - Returning cached instance of singleton bean 'org.springframework.boot.test.context.filter.TestTypeExcludeFilter'
22:05:15.139 [Test worker] DEBUG org.springframework.context.annotation.ClassPathBeanDefinitionScanner - Identified candidate component class: file [C:\Users\User\Documents\Uni\SE\SE\se1praktikum4\build\classes\main\se1app\applicationcore\facadecomponent\ApplicationFacadeController.class]
22:05:15.140 [Test worker] DEBUG org.springframework.beans.factory.support.DefaultListableBeanFactory - Returning cached instance of singleton bean 'org.springframework.boot.test.context.filter.TestTypeExcludeFilter'
22:05:15.141 [Test worker] DEBUG org.springframework.beans.factory.support.DefaultListableBeanFactory - Returning cached instance of singleton bean 'org.springframework.boot.test.context.filter.TestTypeExcludeFilter'
22:05:15.183 [Test worker] DEBUG org.springframework.core.env.PropertySourcesPropertyResolver - Could not find key 'spring.boot.enableautoconfiguration' in any property source
22:05:15.385 [Test worker] DEBUG org.springframework.beans.factory.support.DefaultListableBeanFactory - Returning cached instance of singleton bean 'autoConfigurationReport'
22:05:15.538 [Test worker] DEBUG org.springframework.core.env.PropertySourcesPropertyResolver - Could not find key 'spring.messages.basename' in any property source
22:05:15.539 [Test worker] DEBUG org.springframework.core.io.support.PathMatchingResourcePatternResolver - Resolved classpath location [messages.properties] to resources []
22:05:15.539 [Test worker] DEBUG org.springframework.beans.factory.support.DefaultListableBeanFactory - Returning cached instance of singleton bean 'autoConfigurationReport'
22:05:15.545 [Test worker] DEBUG org.springframework.beans.factory.support.DefaultListableBeanFactory - Returning cached instance of singleton bean 'autoConfigurationReport'
22:05:15.560 [Test worker] DEBUG org.springframework.beans.factory.support.DefaultListableBeanFactory - Returning cached instance of singleton bean 'autoConfigurationReport'
22:05:15.577 [Test worker] DEBUG org.springframework.beans.factory.support.DefaultListableBeanFactory - Returning cached instance of singleton bean 'autoConfigurationReport'
22:05:15.581 [Test worker] DEBUG org.springframework.beans.factory.support.DefaultListableBeanFactory - Returning cached instance of singleton bean 'autoConfigurationReport'
22:05:15.583 [Test worker] DEBUG org.springframework.beans.factory.support.DefaultListableBeanFactory - Returning cached instance of singleton bean 'autoConfigurationReport'
22:05:15.583 [Test worker] DEBUG org.springframework.beans.factory.support.DefaultListableBeanFactory - Returning cached instance of singleton bean 'autoConfigurationReport'
22:05:15.587 [Test worker] DEBUG org.springframework.beans.factory.support.DefaultListableBeanFactory - Returning cached instance of singleton bean 'autoConfigurationReport'
22:05:15.594 [Test worker] DEBUG org.springframework.beans.factory.support.DefaultListableBeanFactory - Returning cached instance of singleton bean 'autoConfigurationReport'
22:05:15.595 [Test worker] DEBUG org.springframework.beans.factory.support.DefaultListableBeanFactory - Returning cached instance of singleton bean 'autoConfigurationReport'
22:05:15.596 [Test worker] DEBUG org.springframework.beans.factory.support.DefaultListableBeanFactory - Returning cached instance of singleton bean 'autoConfigurationReport'
22:05:15.596 [Test worker] DEBUG org.springframework.beans.factory.support.DefaultListableBeanFactory - Returning cached instance of singleton bean 'autoConfigurationReport'
22:05:15.597 [Test worker] DEBUG org.springframework.beans.factory.support.DefaultListableBeanFactory - Returning cached instance of singleton bean 'autoConfigurationReport'
22:05:15.598 [Test worker] DEBUG org.springframework.beans.factory.support.DefaultListableBeanFactory - Returning cached instance of singleton bean 'autoConfigurationReport'
22:05:15.607 [Test worker] DEBUG org.springframework.beans.factory.support.DefaultListableBeanFactory - Returning cached instance of singleton bean 'autoConfigurationReport'
22:05:15.608 [Test worker] DEBUG org.springframework.beans.factory.support.DefaultListableBeanFactory - Returning cached instance of singleton bean 'autoConfigurationReport'
22:05:15.608 [Test worker] DEBUG org.springframework.beans.factory.support.DefaultListableBeanFactory - Returning cached instance of singleton bean 'autoConfigurationReport'
22:05:15.608 [Test worker] DEBUG org.springframework.beans.factory.support.DefaultListableBeanFactory - Returning cached instance of singleton bean 'autoConfigurationReport'
22:05:15.617 [Test worker] DEBUG org.springframework.beans.factory.support.DefaultListableBeanFactory - Returning cached instance of singleton bean 'autoConfigurationReport'
22:05:15.629 [Test worker] DEBUG org.springframework.beans.factory.support.DefaultListableBeanFactory - Returning cached instance of singleton bean 'autoConfigurationReport'
22:05:15.677 [Test worker] DEBUG org.springframework.beans.factory.support.DefaultListableBeanFactory - Returning cached instance of singleton bean 'autoConfigurationReport'
22:05:15.683 [Test worker] DEBUG org.springframework.beans.factory.support.DefaultListableBeanFactory - Returning cached instance of singleton bean 'autoConfigurationReport'
22:05:15.687 [Test worker] DEBUG org.springframework.beans.factory.support.DefaultListableBeanFactory - Returning cached instance of singleton bean 'autoConfigurationReport'
22:05:15.689 [Test worker] DEBUG org.springframework.beans.factory.support.DefaultListableBeanFactory - Returning cached instance of singleton bean 'autoConfigurationReport'
22:05:15.690 [Test worker] DEBUG org.springframework.beans.factory.support.DefaultListableBeanFactory - Returning cached instance of singleton bean 'autoConfigurationReport'
22:05:15.691 [Test worker] DEBUG org.springframework.beans.factory.support.DefaultListableBeanFactory - Returning cached instance of singleton bean 'autoConfigurationReport'
22:05:15.693 [Test worker] DEBUG org.springframework.beans.factory.support.DefaultListableBeanFactory - Returning cached instance of singleton bean 'autoConfigurationReport'
22:05:15.696 [Test worker] DEBUG org.springframework.beans.factory.support.DefaultListableBeanFactory - Returning cached instance of singleton bean 'autoConfigurationReport'
22:05:15.697 [Test worker] DEBUG org.springframework.beans.factory.support.DefaultListableBeanFactory - Returning cached instance of singleton bean 'autoConfigurationReport'
22:05:15.698 [Test worker] DEBUG org.springframework.beans.factory.support.DefaultListableBeanFactory - Returning cached instance of singleton bean 'autoConfigurationReport'
22:05:15.701 [Test worker] DEBUG org.springframework.beans.factory.support.DefaultListableBeanFactory - Returning cached instance of singleton bean 'autoConfigurationReport'
22:05:15.720 [Test worker] DEBUG org.springframework.beans.factory.support.DefaultListableBeanFactory - Returning cached instance of singleton bean 'autoConfigurationReport'
22:05:15.726 [Test worker] DEBUG org.springframework.beans.factory.support.DefaultListableBeanFactory - Returning cached instance of singleton bean 'autoConfigurationReport'
22:05:15.728 [Test worker] DEBUG org.springframework.beans.factory.support.DefaultListableBeanFactory - Returning cached instance of singleton bean 'autoConfigurationReport'
22:05:15.730 [Test worker] DEBUG org.springframework.beans.factory.support.DefaultListableBeanFactory - Returning cached instance of singleton bean 'autoConfigurationReport'
22:05:15.730 [Test worker] DEBUG org.springframework.beans.factory.support.DefaultListableBeanFactory - Returning cached instance of singleton bean 'autoConfigurationReport'
22:05:15.731 [Test worker] DEBUG org.springframework.beans.factory.support.DefaultListableBeanFactory - Returning cached instance of singleton bean 'autoConfigurationReport'
22:05:15.732 [Test worker] DEBUG org.springframework.beans.factory.support.DefaultListableBeanFactory - Returning cached instance of singleton bean 'autoConfigurationReport'
22:05:15.733 [Test worker] DEBUG org.springframework.beans.factory.support.DefaultListableBeanFactory - Returning cached instance of singleton bean 'autoConfigurationReport'
22:05:15.736 [Test worker] DEBUG org.springframework.beans.factory.support.DefaultListableBeanFactory - Returning cached instance of singleton bean 'autoConfigurationReport'
22:05:15.739 [Test worker] DEBUG org.springframework.beans.factory.support.DefaultListableBeanFactory - Returning cached instance of singleton bean 'autoConfigurationReport'
22:05:15.740 [Test worker] DEBUG org.springframework.beans.factory.support.DefaultListableBeanFactory - Returning cached instance of singleton bean 'autoConfigurationReport'
22:05:15.741 [Test worker] DEBUG org.springframework.beans.factory.support.DefaultListableBeanFactory - Returning cached instance of singleton bean 'autoConfigurationReport'
22:05:15.761 [Test worker] DEBUG org.springframework.beans.factory.support.DefaultListableBeanFactory - Returning cached instance of singleton bean 'autoConfigurationReport'
22:05:15.768 [Test worker] DEBUG org.springframework.beans.factory.support.DefaultListableBeanFactory - Returning cached instance of singleton bean 'autoConfigurationReport'
22:05:15.769 [Test worker] DEBUG org.springframework.beans.factory.support.DefaultListableBeanFactory - Returning cached instance of singleton bean 'autoConfigurationReport'
22:05:15.770 [Test worker] DEBUG org.springframework.beans.factory.support.DefaultListableBeanFactory - Returning cached instance of singleton bean 'autoConfigurationReport'
22:05:15.772 [Test worker] DEBUG org.springframework.beans.factory.support.DefaultListableBeanFactory - Returning cached instance of singleton bean 'autoConfigurationReport'
22:05:15.776 [Test worker] DEBUG org.springframework.beans.factory.support.DefaultListableBeanFactory - Returning cached instance of singleton bean 'autoConfigurationReport'
22:05:15.783 [Test worker] DEBUG org.springframework.beans.factory.support.DefaultListableBeanFactory - Returning cached instance of singleton bean 'autoConfigurationReport'
22:05:15.797 [Test worker] DEBUG org.springframework.beans.factory.support.DefaultListableBeanFactory - Returning cached instance of singleton bean 'autoConfigurationReport'
22:05:15.799 [Test worker] DEBUG org.springframework.beans.factory.support.DefaultListableBeanFactory - Returning cached instance of singleton bean 'autoConfigurationReport'
22:05:15.810 [Test worker] DEBUG org.springframework.beans.factory.support.DefaultListableBeanFactory - Returning cached instance of singleton bean 'autoConfigurationReport'
22:05:15.817 [Test worker] DEBUG org.springframework.beans.factory.support.DefaultListableBeanFactory - Returning cached instance of singleton bean 'autoConfigurationReport'
22:05:15.817 [Test worker] DEBUG org.springframework.beans.factory.support.DefaultListableBeanFactory - Returning cached instance of singleton bean 'autoConfigurationReport'
22:05:15.822 [Test worker] DEBUG org.springframework.beans.factory.support.DefaultListableBeanFactory - Returning cached instance of singleton bean 'autoConfigurationReport'
22:05:15.824 [Test worker] DEBUG org.springframework.beans.factory.support.DefaultListableBeanFactory - Returning cached instance of singleton bean 'autoConfigurationReport'
22:05:15.825 [Test worker] DEBUG org.springframework.beans.factory.support.DefaultListableBeanFactory - Returning cached instance of singleton bean 'autoConfigurationReport'
22:05:15.826 [Test worker] DEBUG org.springframework.beans.factory.support.DefaultListableBeanFactory - Returning cached instance of singleton bean 'autoConfigurationReport'
22:05:15.828 [Test worker] DEBUG org.springframework.beans.factory.support.DefaultListableBeanFactory - Returning cached instance of singleton bean 'autoConfigurationReport'
22:05:15.830 [Test worker] DEBUG org.springframework.beans.factory.support.DefaultListableBeanFactory - Returning cached instance of singleton bean 'autoConfigurationReport'
22:05:15.831 [Test worker] DEBUG org.springframework.beans.factory.support.DefaultListableBeanFactory - Returning cached instance of singleton bean 'autoConfigurationReport'
22:05:15.832 [Test worker] DEBUG org.springframework.beans.factory.support.DefaultListableBeanFactory - Returning cached instance of singleton bean 'autoConfigurationReport'
22:05:15.835 [Test worker] DEBUG org.springframework.beans.factory.support.DefaultListableBeanFactory - Returning cached instance of singleton bean 'autoConfigurationReport'
22:05:15.848 [Test worker] DEBUG org.springframework.beans.factory.support.DefaultListableBeanFactory - Returning cached instance of singleton bean 'autoConfigurationReport'
22:05:15.849 [Test worker] DEBUG org.springframework.beans.factory.support.DefaultListableBeanFactory - Returning cached instance of singleton bean 'autoConfigurationReport'
22:05:15.850 [Test worker] DEBUG org.springframework.beans.factory.support.DefaultListableBeanFactory - Returning cached instance of singleton bean 'autoConfigurationReport'
22:05:15.851 [Test worker] DEBUG org.springframework.beans.factory.support.DefaultListableBeanFactory - Returning cached instance of singleton bean 'autoConfigurationReport'
22:05:15.857 [Test worker] DEBUG org.springframework.beans.factory.support.DefaultListableBeanFactory - Returning cached instance of singleton bean 'autoConfigurationReport'
22:05:15.860 [Test worker] DEBUG org.springframework.beans.factory.support.DefaultListableBeanFactory - Returning cached instance of singleton bean 'autoConfigurationReport'
22:05:15.865 [Test worker] DEBUG org.springframework.beans.factory.support.DefaultListableBeanFactory - Returning cached instance of singleton bean 'autoConfigurationReport'
22:05:15.865 [Test worker] DEBUG org.springframework.beans.factory.support.DefaultListableBeanFactory - Returning cached instance of singleton bean 'autoConfigurationReport'
22:05:15.896 [Test worker] DEBUG org.springframework.beans.factory.support.DefaultListableBeanFactory - Returning cached instance of singleton bean 'autoConfigurationReport'
22:05:15.897 [Test worker] DEBUG org.springframework.beans.factory.support.DefaultListableBeanFactory - Returning cached instance of singleton bean 'autoConfigurationReport'
22:05:15.899 [Test worker] DEBUG org.springframework.beans.factory.support.DefaultListableBeanFactory - Returning cached instance of singleton bean 'autoConfigurationReport'
22:05:15.902 [Test worker] DEBUG org.springframework.beans.factory.support.DefaultListableBeanFactory - Returning cached instance of singleton bean 'autoConfigurationReport'
22:05:15.903 [Test worker] DEBUG org.springframework.beans.factory.support.DefaultListableBeanFactory - Returning cached instance of singleton bean 'autoConfigurationReport'
22:05:15.904 [Test worker] DEBUG org.springframework.beans.factory.support.DefaultListableBeanFactory - Returning cached instance of singleton bean 'autoConfigurationReport'
22:05:15.905 [Test worker] DEBUG org.springframework.beans.factory.support.DefaultListableBeanFactory - Returning cached instance of singleton bean 'autoConfigurationReport'
22:05:15.906 [Test worker] DEBUG org.springframework.beans.factory.support.DefaultListableBeanFactory - Returning cached instance of singleton bean 'autoConfigurationReport'
22:05:15.909 [Test worker] DEBUG org.springframework.beans.factory.support.DefaultListableBeanFactory - Returning cached instance of singleton bean 'autoConfigurationReport'
22:05:15.910 [Test worker] DEBUG org.springframework.beans.factory.support.DefaultListableBeanFactory - Returning cached instance of singleton bean 'autoConfigurationReport'
22:05:15.915 [Test worker] DEBUG org.springframework.beans.factory.support.DefaultListableBeanFactory - Returning cached instance of singleton bean 'autoConfigurationReport'
22:05:15.917 [Test worker] DEBUG org.springframework.beans.factory.support.DefaultListableBeanFactory - Returning cached instance of singleton bean 'autoConfigurationReport'
22:05:15.925 [Test worker] DEBUG org.springframework.beans.factory.support.DefaultListableBeanFactory - Returning cached instance of singleton bean 'autoConfigurationReport'
22:05:15.932 [Test worker] DEBUG org.springframework.beans.factory.support.DefaultListableBeanFactory - Returning cached instance of singleton bean 'autoConfigurationReport'
22:05:15.946 [Test worker] DEBUG org.springframework.beans.factory.support.DefaultListableBeanFactory - Returning cached instance of singleton bean 'autoConfigurationReport'
22:05:15.947 [Test worker] DEBUG org.springframework.beans.factory.support.DefaultListableBeanFactory - Returning cached instance of singleton bean 'autoConfigurationReport'
22:05:15.951 [Test worker] DEBUG org.springframework.beans.factory.support.DefaultListableBeanFactory - Returning cached instance of singleton bean 'autoConfigurationReport'
22:05:15.955 [Test worker] DEBUG org.springframework.beans.factory.support.DefaultListableBeanFactory - Returning cached instance of singleton bean 'autoConfigurationReport'
22:05:15.956 [Test worker] DEBUG org.springframework.beans.factory.support.DefaultListableBeanFactory - Returning cached instance of singleton bean 'autoConfigurationReport'
22:05:15.966 [Test worker] DEBUG org.springframework.beans.factory.support.DefaultListableBeanFactory - Returning cached instance of singleton bean 'autoConfigurationReport'
22:05:15.966 [Test worker] DEBUG org.springframework.beans.factory.support.DefaultListableBeanFactory - Returning cached instance of singleton bean 'autoConfigurationReport'
22:05:15.971 [Test worker] DEBUG org.springframework.beans.factory.support.DefaultListableBeanFactory - Returning cached instance of singleton bean 'autoConfigurationReport'
22:05:15.972 [Test worker] DEBUG org.springframework.beans.factory.support.DefaultListableBeanFactory - Returning cached instance of singleton bean 'autoConfigurationReport'
22:05:15.972 [Test worker] DEBUG org.springframework.beans.factory.support.DefaultListableBeanFactory - Returning cached instance of singleton bean 'autoConfigurationReport'
22:05:15.981 [Test worker] DEBUG org.springframework.beans.factory.support.DefaultListableBeanFactory - Returning cached instance of singleton bean 'autoConfigurationReport'
22:05:15.983 [Test worker] DEBUG org.springframework.beans.factory.support.DefaultListableBeanFactory - Returning cached instance of singleton bean 'autoConfigurationReport'
22:05:15.985 [Test worker] DEBUG org.springframework.beans.factory.support.DefaultListableBeanFactory - Returning cached instance of singleton bean 'autoConfigurationReport'
22:05:15.990 [Test worker] DEBUG org.springframework.beans.factory.support.DefaultListableBeanFactory - Returning cached instance of singleton bean 'autoConfigurationReport'
22:05:15.995 [Test worker] DEBUG org.springframework.beans.factory.support.DefaultListableBeanFactory - Returning cached instance of singleton bean 'autoConfigurationReport'
22:05:15.998 [Test worker] DEBUG org.springframework.beans.factory.support.DefaultListableBeanFactory - Returning cached instance of singleton bean 'autoConfigurationReport'
22:05:16.003 [Test worker] DEBUG org.springframework.beans.factory.support.DefaultListableBeanFactory - Returning cached instance of singleton bean 'autoConfigurationReport'
22:05:16.014 [Test worker] DEBUG org.springframework.beans.factory.support.DefaultListableBeanFactory - Returning cached instance of singleton bean 'autoConfigurationReport'
22:05:16.014 [Test worker] DEBUG org.springframework.beans.factory.support.DefaultListableBeanFactory - Returning cached instance of singleton bean 'autoConfigurationReport'
22:05:16.017 [Test worker] DEBUG org.springframework.beans.factory.support.DefaultListableBeanFactory - Returning cached instance of singleton bean 'autoConfigurationReport'
22:05:16.020 [Test worker] DEBUG org.springframework.beans.factory.support.DefaultListableBeanFactory - Returning cached instance of singleton bean 'autoConfigurationReport'
22:05:16.025 [Test worker] DEBUG org.springframework.beans.factory.support.DefaultListableBeanFactory - Returning cached instance of singleton bean 'autoConfigurationReport'
22:05:16.025 [Test worker] DEBUG org.springframework.beans.factory.support.DefaultListableBeanFactory - Returning cached instance of singleton bean 'autoConfigurationReport'
22:05:16.027 [Test worker] DEBUG org.springframework.beans.factory.support.DefaultListableBeanFactory - Returning cached instance of singleton bean 'autoConfigurationReport'
22:05:16.043 [Test worker] DEBUG org.springframework.beans.factory.support.DefaultListableBeanFactory - Returning cached instance of singleton bean 'autoConfigurationReport'
22:05:16.043 [Test worker] DEBUG org.springframework.beans.factory.support.DefaultListableBeanFactory - Returning cached instance of singleton bean 'autoConfigurationReport'
22:05:16.052 [Test worker] DEBUG org.springframework.beans.factory.support.DefaultListableBeanFactory - Returning cached instance of singleton bean 'autoConfigurationReport'
22:05:16.053 [Test worker] DEBUG org.springframework.beans.factory.support.DefaultListableBeanFactory - Returning cached instance of singleton bean 'autoConfigurationReport'
22:05:16.073 [Test worker] DEBUG org.springframework.beans.factory.support.DefaultListableBeanFactory - Returning cached instance of singleton bean 'autoConfigurationReport'
22:05:16.074 [Test worker] DEBUG org.springframework.beans.factory.support.DefaultListableBeanFactory - Returning cached instance of singleton bean 'autoConfigurationReport'
22:05:16.076 [Test worker] DEBUG org.springframework.beans.factory.support.DefaultListableBeanFactory - Returning cached instance of singleton bean 'autoConfigurationReport'
22:05:16.078 [Test worker] DEBUG org.springframework.beans.factory.support.DefaultListableBeanFactory - Returning cached instance of singleton bean 'autoConfigurationReport'
22:05:16.080 [Test worker] DEBUG org.springframework.beans.factory.support.DefaultListableBeanFactory - Returning cached instance of singleton bean 'autoConfigurationReport'
22:05:16.087 [Test worker] DEBUG org.springframework.beans.factory.support.DefaultListableBeanFactory - Returning cached instance of singleton bean 'autoConfigurationReport'
22:05:16.089 [Test worker] DEBUG org.springframework.beans.factory.support.DefaultListableBeanFactory - Returning cached instance of singleton bean 'autoConfigurationReport'
22:05:16.101 [Test worker] DEBUG org.springframework.beans.factory.support.DefaultListableBeanFactory - Returning cached instance of singleton bean 'autoConfigurationReport'
22:05:16.102 [Test worker] DEBUG org.springframework.beans.factory.support.DefaultListableBeanFactory - Returning cached instance of singleton bean 'autoConfigurationReport'
22:05:16.103 [Test worker] DEBUG org.springframework.beans.factory.support.DefaultListableBeanFactory - Returning cached instance of singleton bean 'autoConfigurationReport'
22:05:16.119 [Test worker] DEBUG org.springframework.beans.factory.support.DefaultListableBeanFactory - Returning cached instance of singleton bean 'autoConfigurationReport'
22:05:16.119 [Test worker] DEBUG org.springframework.beans.factory.support.DefaultListableBeanFactory - Returning cached instance of singleton bean 'autoConfigurationReport'
22:05:16.120 [Test worker] DEBUG org.springframework.beans.factory.support.DefaultListableBeanFactory - Returning cached instance of singleton bean 'autoConfigurationReport'
22:05:16.120 [Test worker] DEBUG org.springframework.beans.factory.support.DefaultListableBeanFactory - Returning cached instance of singleton bean 'autoConfigurationReport'
22:05:16.121 [Test worker] DEBUG org.springframework.beans.factory.support.DefaultListableBeanFactory - Returning cached instance of singleton bean 'autoConfigurationReport'
22:05:16.132 [Test worker] DEBUG org.springframework.beans.factory.support.DefaultListableBeanFactory - Returning cached instance of singleton bean 'autoConfigurationReport'
22:05:16.136 [Test worker] DEBUG org.springframework.beans.factory.support.DefaultListableBeanFactory - Returning cached instance of singleton bean 'autoConfigurationReport'
22:05:16.136 [Test worker] DEBUG org.springframework.beans.factory.support.DefaultListableBeanFactory - Returning cached instance of singleton bean 'autoConfigurationReport'
22:05:16.147 [Test worker] DEBUG org.springframework.beans.factory.support.DefaultListableBeanFactory - Returning cached instance of singleton bean 'autoConfigurationReport'
22:05:16.196 [Test worker] DEBUG org.springframework.beans.factory.support.DefaultListableBeanFactory - Returning cached instance of singleton bean 'autoConfigurationReport'
22:05:16.204 [Test worker] DEBUG org.springframework.beans.factory.support.DefaultListableBeanFactory - Returning cached instance of singleton bean 'autoConfigurationReport'
22:05:16.204 [Test worker] DEBUG org.springframework.beans.factory.support.DefaultListableBeanFactory - Returning cached instance of singleton bean 'autoConfigurationReport'
22:05:16.205 [Test worker] DEBUG org.springframework.beans.factory.support.DefaultListableBeanFactory - Returning cached instance of singleton bean 'autoConfigurationReport'
22:05:16.205 [Test worker] DEBUG org.springframework.beans.factory.support.DefaultListableBeanFactory - Returning cached instance of singleton bean 'autoConfigurationReport'
22:05:16.220 [Test worker] DEBUG org.springframework.beans.factory.support.DefaultListableBeanFactory - Returning cached instance of singleton bean 'autoConfigurationReport'
22:05:16.227 [Test worker] DEBUG org.springframework.beans.factory.support.DefaultListableBeanFactory - Returning cached instance of singleton bean 'autoConfigurationReport'
22:05:16.235 [Test worker] DEBUG org.springframework.beans.factory.support.DefaultListableBeanFactory - Returning cached instance of singleton bean 'autoConfigurationReport'
22:05:16.235 [Test worker] DEBUG org.springframework.beans.factory.support.DefaultListableBeanFactory - Returning cached instance of singleton bean 'autoConfigurationReport'
22:05:16.236 [Test worker] DEBUG org.springframework.beans.factory.support.DefaultListableBeanFactory - Returning cached instance of singleton bean 'autoConfigurationReport'
22:05:16.244 [Test worker] DEBUG org.springframework.context.annotation.ConfigurationClassBeanDefinitionReader - Registering bean definition for @Bean method se1app.applicationcore.Application.init()
22:05:16.245 [Test worker] DEBUG org.springframework.context.annotation.ConfigurationClassBeanDefinitionReader - Registering bean definition for @Bean method se1app.applicationcore.Application.corsConfigurer()
22:05:16.249 [Test worker] DEBUG org.springframework.context.annotation.ConfigurationClassBeanDefinitionReader - Registered bean definition for imported class 'org.springframework.boot.autoconfigure.context.PropertyPlaceholderAutoConfiguration'
22:05:16.258 [Test worker] DEBUG org.springframework.beans.factory.support.DefaultListableBeanFactory - Creating shared instance of singleton bean 'org.springframework.boot.autoconfigure.condition.BeanTypeRegistry'
22:05:16.258 [Test worker] DEBUG org.springframework.beans.factory.support.DefaultListableBeanFactory - Creating instance of bean 'org.springframework.boot.autoconfigure.condition.BeanTypeRegistry'
22:05:16.296 [Test worker] DEBUG org.springframework.beans.factory.support.DefaultListableBeanFactory - Eagerly caching bean 'org.springframework.boot.autoconfigure.condition.BeanTypeRegistry' to allow for resolving potential circular references
22:05:16.296 [Test worker] DEBUG org.springframework.beans.factory.support.DefaultListableBeanFactory - Finished creating instance of bean 'org.springframework.boot.autoconfigure.condition.BeanTypeRegistry'
22:05:16.331 [Test worker] DEBUG org.springframework.beans.factory.support.DefaultListableBeanFactory - Returning cached instance of singleton bean 'autoConfigurationReport'
22:05:16.332 [Test worker] DEBUG org.springframework.context.annotation.ConfigurationClassBeanDefinitionReader - Registering bean definition for @Bean method org.springframework.boot.autoconfigure.context.PropertyPlaceholderAutoConfiguration.propertySourcesPlaceholderConfigurer()
22:05:16.332 [Test worker] DEBUG org.springframework.beans.factory.support.DefaultListableBeanFactory - Returning cached instance of singleton bean 'autoConfigurationReport'
22:05:16.332 [Test worker] DEBUG org.springframework.beans.factory.support.DefaultListableBeanFactory - Returning cached instance of singleton bean 'autoConfigurationReport'
22:05:16.333 [Test worker] DEBUG org.springframework.context.annotation.ConfigurationClassBeanDefinitionReader - Registered bean definition for imported class 'org.springframework.boot.autoconfigure.jackson.JacksonAutoConfiguration$Jackson2ObjectMapperBuilderCustomizerConfiguration'
22:05:16.333 [Test worker] DEBUG org.springframework.context.annotation.ConfigurationClassBeanDefinitionReader - Registering bean definition for @Bean method org.springframework.boot.autoconfigure.jackson.JacksonAutoConfiguration$Jackson2ObjectMapperBuilderCustomizerConfiguration.standardJacksonObjectMapperBuilderCustomizer()
22:05:16.344 [Test worker] DEBUG org.springframework.beans.factory.support.DefaultListableBeanFactory - Returning cached instance of singleton bean 'autoConfigurationReport'
22:05:16.345 [Test worker] DEBUG org.springframework.context.annotation.ConfigurationClassBeanDefinitionReader - Registered bean definition for imported class 'org.springframework.boot.autoconfigure.jackson.JacksonAutoConfiguration$JacksonObjectMapperBuilderConfiguration'
22:05:16.345 [Test worker] DEBUG org.springframework.beans.factory.support.DefaultListableBeanFactory - Returning cached instance of singleton bean 'org.springframework.boot.autoconfigure.condition.BeanTypeRegistry'
22:05:16.350 [Test worker] DEBUG org.springframework.beans.factory.support.DefaultListableBeanFactory - Returning cached instance of singleton bean 'autoConfigurationReport'
22:05:16.351 [Test worker] DEBUG org.springframework.context.annotation.ConfigurationClassBeanDefinitionReader - Registering bean definition for @Bean method org.springframework.boot.autoconfigure.jackson.JacksonAutoConfiguration$JacksonObjectMapperBuilderConfiguration.jacksonObjectMapperBuilder()
22:05:16.351 [Test worker] DEBUG org.springframework.beans.factory.support.DefaultListableBeanFactory - Returning cached instance of singleton bean 'autoConfigurationReport'
22:05:16.351 [Test worker] DEBUG org.springframework.context.annotation.ConfigurationClassBeanDefinitionReader - Registered bean definition for imported class 'org.springframework.boot.autoconfigure.jackson.JacksonAutoConfiguration$JacksonObjectMapperConfiguration'
22:05:16.352 [Test worker] DEBUG org.springframework.beans.factory.support.DefaultListableBeanFactory - Returning cached instance of singleton bean 'org.springframework.boot.autoconfigure.condition.BeanTypeRegistry'
22:05:16.353 [Test worker] DEBUG org.springframework.beans.factory.support.DefaultListableBeanFactory - Returning cached instance of singleton bean 'autoConfigurationReport'
22:05:16.354 [Test worker] DEBUG org.springframework.context.annotation.ConfigurationClassBeanDefinitionReader - Registering bean definition for @Bean method org.springframework.boot.autoconfigure.jackson.JacksonAutoConfiguration$JacksonObjectMapperConfiguration.jacksonObjectMapper()
22:05:16.354 [Test worker] DEBUG org.springframework.context.annotation.ConfigurationClassBeanDefinitionReader - Registered bean definition for imported class 'org.springframework.boot.autoconfigure.jackson.JacksonAutoConfiguration'
22:05:16.354 [Test worker] DEBUG org.springframework.context.annotation.ConfigurationClassBeanDefinitionReader - Registering bean definition for @Bean method org.springframework.boot.autoconfigure.jackson.JacksonAutoConfiguration.jsonComponentModule()
22:05:16.355 [Test worker] DEBUG org.springframework.beans.factory.support.DefaultListableBeanFactory - Returning cached instance of singleton bean 'autoConfigurationReport'
22:05:16.355 [Test worker] DEBUG org.springframework.beans.factory.support.DefaultListableBeanFactory - Returning cached instance of singleton bean 'autoConfigurationReport'
22:05:16.355 [Test worker] DEBUG org.springframework.context.annotation.ConfigurationClassBeanDefinitionReader - Registered bean definition for imported class 'org.springframework.boot.autoconfigure.validation.ValidationAutoConfiguration'
22:05:16.356 [Test worker] DEBUG org.springframework.beans.factory.support.DefaultListableBeanFactory - Returning cached instance of singleton bean 'org.springframework.boot.autoconfigure.condition.BeanTypeRegistry'
22:05:16.365 [Test worker] DEBUG org.springframework.beans.factory.support.DefaultListableBeanFactory - Returning cached instance of singleton bean 'autoConfigurationReport'
22:05:16.365 [Test worker] DEBUG org.springframework.context.annotation.ConfigurationClassBeanDefinitionReader - Registering bean definition for @Bean method org.springframework.boot.autoconfigure.validation.ValidationAutoConfiguration.defaultValidator()
22:05:16.367 [Test worker] DEBUG org.springframework.beans.factory.support.DefaultListableBeanFactory - Returning cached instance of singleton bean 'org.springframework.boot.autoconfigure.condition.BeanTypeRegistry'
22:05:16.374 [Test worker] DEBUG org.springframework.beans.factory.support.DefaultListableBeanFactory - Returning cached instance of singleton bean 'autoConfigurationReport'
22:05:16.374 [Test worker] DEBUG org.springframework.context.annotation.ConfigurationClassBeanDefinitionReader - Registering bean definition for @Bean method org.springframework.boot.autoconfigure.validation.ValidationAutoConfiguration.methodValidationPostProcessor()
22:05:16.377 [Test worker] DEBUG org.springframework.beans.factory.support.DefaultListableBeanFactory - Returning cached instance of singleton bean 'org.springframework.boot.autoconfigure.condition.BeanTypeRegistry'
22:05:16.377 [Test worker] DEBUG org.springframework.beans.factory.support.DefaultListableBeanFactory - Returning cached instance of singleton bean 'autoConfigurationReport'
22:05:16.377 [Test worker] DEBUG org.springframework.context.annotation.ConfigurationClassBeanDefinitionReader - Registered bean definition for imported class 'org.springframework.boot.actuate.autoconfigure.AuditAutoConfiguration$AuditEventRepositoryConfiguration'
22:05:16.378 [Test worker] DEBUG org.springframework.context.annotation.ConfigurationClassBeanDefinitionReader - Registering bean definition for @Bean method org.springframework.boot.actuate.autoconfigure.AuditAutoConfiguration$AuditEventRepositoryConfiguration.auditEventRepository()
22:05:16.378 [Test worker] DEBUG org.springframework.context.annotation.ConfigurationClassBeanDefinitionReader - Registered bean definition for imported class 'org.springframework.boot.actuate.autoconfigure.AuditAutoConfiguration'
22:05:16.379 [Test worker] DEBUG org.springframework.beans.factory.support.DefaultListableBeanFactory - Returning cached instance of singleton bean 'org.springframework.boot.autoconfigure.condition.BeanTypeRegistry'
22:05:16.383 [Test worker] DEBUG org.springframework.beans.factory.support.DefaultListableBeanFactory - Returning cached instance of singleton bean 'autoConfigurationReport'
22:05:16.383 [Test worker] DEBUG org.springframework.context.annotation.ConfigurationClassBeanDefinitionReader - Registering bean definition for @Bean method org.springframework.boot.actuate.autoconfigure.AuditAutoConfiguration.auditListener()
22:05:16.384 [Test worker] DEBUG org.springframework.beans.factory.support.DefaultListableBeanFactory - Returning cached instance of singleton bean 'autoConfigurationReport'
22:05:16.386 [Test worker] DEBUG org.springframework.beans.factory.support.DefaultListableBeanFactory - Returning cached instance of singleton bean 'autoConfigurationReport'
22:05:16.386 [Test worker] DEBUG org.springframework.beans.factory.support.DefaultListableBeanFactory - Returning cached instance of singleton bean 'autoConfigurationReport'
22:05:16.391 [Test worker] DEBUG org.springframework.beans.factory.support.DefaultListableBeanFactory - Returning cached instance of singleton bean 'org.springframework.boot.autoconfigure.condition.BeanTypeRegistry'
22:05:16.396 [Test worker] DEBUG org.springframework.beans.factory.support.DefaultListableBeanFactory - Returning cached instance of singleton bean 'autoConfigurationReport'
22:05:16.397 [Test worker] DEBUG org.springframework.beans.factory.support.DefaultListableBeanFactory - Returning cached instance of singleton bean 'org.springframework.boot.autoconfigure.condition.BeanTypeRegistry'
22:05:16.397 [Test worker] DEBUG org.springframework.beans.factory.support.DefaultListableBeanFactory - Returning cached instance of singleton bean 'autoConfigurationReport'
22:05:16.397 [Test worker] DEBUG org.springframework.beans.factory.support.DefaultListableBeanFactory - Returning cached instance of singleton bean 'autoConfigurationReport'
22:05:16.398 [Test worker] DEBUG org.springframework.beans.factory.support.DefaultListableBeanFactory - Returning cached instance of singleton bean 'autoConfigurationReport'
22:05:16.408 [Test worker] DEBUG org.springframework.context.annotation.ConfigurationClassBeanDefinitionReader - Registered bean definition for imported class 'org.springframework.boot.autoconfigure.transaction.jta.JtaAutoConfiguration'
22:05:16.409 [Test worker] DEBUG org.springframework.beans.factory.support.DefaultListableBeanFactory - Returning cached instance of singleton bean 'autoConfigurationReport'
22:05:16.410 [Test worker] DEBUG org.springframework.beans.factory.support.DefaultListableBeanFactory - Returning cached instance of singleton bean 'org.springframework.boot.autoconfigure.condition.BeanTypeRegistry'
22:05:16.411 [Test worker] DEBUG org.springframework.beans.factory.support.DefaultListableBeanFactory - Returning cached instance of singleton bean 'autoConfigurationReport'
22:05:16.412 [Test worker] DEBUG org.springframework.beans.factory.support.DefaultListableBeanFactory - Returning cached instance of singleton bean 'autoConfigurationReport'
22:05:16.413 [Test worker] DEBUG org.springframework.beans.factory.support.DefaultListableBeanFactory - Returning cached instance of singleton bean 'org.springframework.boot.autoconfigure.condition.BeanTypeRegistry'
22:05:16.413 [Test worker] DEBUG org.springframework.beans.factory.support.DefaultListableBeanFactory - Returning cached instance of singleton bean 'org.springframework.boot.autoconfigure.condition.BeanTypeRegistry'
22:05:16.413 [Test worker] DEBUG org.springframework.beans.factory.support.DefaultListableBeanFactory - Returning cached instance of singleton bean 'autoConfigurationReport'
22:05:16.413 [Test worker] DEBUG org.springframework.beans.factory.support.DefaultListableBeanFactory - Returning cached instance of singleton bean 'autoConfigurationReport'
22:05:16.414 [Test worker] DEBUG org.springframework.beans.factory.support.DefaultListableBeanFactory - Returning cached instance of singleton bean 'autoConfigurationReport'
22:05:16.414 [Test worker] DEBUG org.springframework.context.annotation.ConfigurationClassBeanDefinitionReader - Registered bean definition for imported class 'org.springframework.boot.autoconfigure.jdbc.DataSourceConfiguration$Tomcat'
22:05:16.414 [Test worker] DEBUG org.springframework.context.annotation.ConfigurationClassBeanDefinitionReader - Registering bean definition for @Bean method org.springframework.boot.autoconfigure.jdbc.DataSourceConfiguration$Tomcat.dataSource()
22:05:16.419 [Test worker] DEBUG org.springframework.context.annotation.ConfigurationClassBeanDefinitionReader - Registered bean definition for imported class 'org.springframework.boot.autoconfigure.jdbc.DataSourceAutoConfiguration$PooledDataSourceConfiguration'
22:05:16.420 [Test worker] DEBUG org.springframework.beans.factory.support.DefaultListableBeanFactory - Returning cached instance of singleton bean 'autoConfigurationReport'
22:05:16.420 [Test worker] DEBUG org.springframework.context.annotation.ConfigurationClassBeanDefinitionReader - Registered bean definition for imported class 'org.springframework.boot.autoconfigure.jdbc.metadata.DataSourcePoolMetadataProvidersConfiguration$TomcatDataSourcePoolMetadataProviderConfiguration'
22:05:16.420 [Test worker] DEBUG org.springframework.context.annotation.ConfigurationClassBeanDefinitionReader - Registering bean definition for @Bean method org.springframework.boot.autoconfigure.jdbc.metadata.DataSourcePoolMetadataProvidersConfiguration$TomcatDataSourcePoolMetadataProviderConfiguration.tomcatPoolDataSourceMetadataProvider()
22:05:16.420 [Test worker] DEBUG org.springframework.context.annotation.ConfigurationClassBeanDefinitionReader - Registered bean definition for imported class 'org.springframework.boot.autoconfigure.jdbc.metadata.DataSourcePoolMetadataProvidersConfiguration'
22:05:16.422 [Test worker] DEBUG org.springframework.context.annotation.ConfigurationClassBeanDefinitionReader - Registered bean definition for imported class 'org.springframework.boot.autoconfigure.jdbc.DataSourceAutoConfiguration'
22:05:16.425 [Test worker] DEBUG org.springframework.beans.factory.support.DefaultListableBeanFactory - Returning cached instance of singleton bean 'org.springframework.boot.autoconfigure.condition.BeanTypeRegistry'
22:05:16.430 [Test worker] DEBUG org.springframework.beans.factory.support.DefaultListableBeanFactory - Returning cached instance of singleton bean 'autoConfigurationReport'
22:05:16.431 [Test worker] DEBUG org.springframework.context.annotation.ConfigurationClassBeanDefinitionReader - Registering bean definition for @Bean method org.springframework.boot.autoconfigure.jdbc.DataSourceAutoConfiguration.dataSourceInitializer()
22:05:16.432 [Test worker] DEBUG org.springframework.beans.factory.support.DefaultListableBeanFactory - Returning cached instance of singleton bean 'autoConfigurationReport'
22:05:16.433 [Test worker] DEBUG org.springframework.beans.factory.support.DefaultListableBeanFactory - Returning cached instance of singleton bean 'autoConfigurationReport'
22:05:16.433 [Test worker] DEBUG org.springframework.context.annotation.ConfigurationClassBeanDefinitionReader - Registered bean definition for imported class 'org.springframework.boot.autoconfigure.orm.jpa.HibernateJpaAutoConfiguration'
22:05:16.433 [Test worker] DEBUG org.springframework.beans.factory.support.DefaultListableBeanFactory - Returning cached instance of singleton bean 'org.springframework.boot.autoconfigure.condition.BeanTypeRegistry'
22:05:16.434 [Test worker] DEBUG org.springframework.beans.factory.support.DefaultListableBeanFactory - Returning cached instance of singleton bean 'autoConfigurationReport'
22:05:16.435 [Test worker] DEBUG org.springframework.context.annotation.ConfigurationClassBeanDefinitionReader - Registering bean definition for @Bean method org.springframework.boot.autoconfigure.orm.jpa.HibernateJpaAutoConfiguration.transactionManager()
22:05:16.436 [Test worker] DEBUG org.springframework.beans.factory.support.DefaultListableBeanFactory - Returning cached instance of singleton bean 'org.springframework.boot.autoconfigure.condition.BeanTypeRegistry'
22:05:16.443 [Test worker] DEBUG org.springframework.beans.factory.support.DefaultListableBeanFactory - Returning cached instance of singleton bean 'autoConfigurationReport'
22:05:16.443 [Test worker] DEBUG org.springframework.context.annotation.ConfigurationClassBeanDefinitionReader - Registering bean definition for @Bean method org.springframework.boot.autoconfigure.orm.jpa.HibernateJpaAutoConfiguration.jpaVendorAdapter()
22:05:16.444 [Test worker] DEBUG org.springframework.beans.factory.support.DefaultListableBeanFactory - Returning cached instance of singleton bean 'org.springframework.boot.autoconfigure.condition.BeanTypeRegistry'
22:05:16.445 [Test worker] DEBUG org.springframework.beans.factory.support.DefaultListableBeanFactory - Returning cached instance of singleton bean 'autoConfigurationReport'
22:05:16.445 [Test worker] DEBUG org.springframework.context.annotation.ConfigurationClassBeanDefinitionReader - Registering bean definition for @Bean method org.springframework.boot.autoconfigure.orm.jpa.HibernateJpaAutoConfiguration.entityManagerFactoryBuilder()
22:05:16.445 [Test worker] DEBUG org.springframework.beans.factory.support.DefaultListableBeanFactory - Returning cached instance of singleton bean 'org.springframework.boot.autoconfigure.condition.BeanTypeRegistry'
22:05:16.446 [Test worker] DEBUG org.springframework.beans.factory.support.DefaultListableBeanFactory - Returning cached instance of singleton bean 'org.springframework.boot.autoconfigure.condition.BeanTypeRegistry'
22:05:16.446 [Test worker] DEBUG org.springframework.beans.factory.support.DefaultListableBeanFactory - Returning cached instance of singleton bean 'autoConfigurationReport'
22:05:16.447 [Test worker] DEBUG org.springframework.context.annotation.ConfigurationClassBeanDefinitionReader - Registering bean definition for @Bean method org.springframework.boot.autoconfigure.orm.jpa.HibernateJpaAutoConfiguration.entityManagerFactory()
22:05:16.448 [Test worker] DEBUG org.springframework.context.annotation.ConfigurationClassBeanDefinitionReader - Registered bean definition for imported class 'org.springframework.boot.autoconfigure.info.ProjectInfoAutoConfiguration'
22:05:16.451 [Test worker] DEBUG org.springframework.beans.factory.support.DefaultListableBeanFactory - Returning cached instance of singleton bean 'autoConfigurationReport'
22:05:16.451 [Test worker] DEBUG org.springframework.core.env.PropertySourcesPropertyResolver - Could not find key 'spring.info.build.location:classpath:META-INF/build-info.properties' in any property source
22:05:16.451 [Test worker] DEBUG org.springframework.core.env.PropertySourcesPropertyResolver - Could not find key 'spring.info.build.location' in any property source
22:05:16.452 [Test worker] DEBUG org.springframework.beans.factory.support.DefaultListableBeanFactory - Returning cached instance of singleton bean 'autoConfigurationReport'
22:05:16.455 [Test worker] DEBUG org.springframework.context.annotation.ConfigurationClassBeanDefinitionReader - Registered bean definition for imported class 'org.springframework.boot.actuate.autoconfigure.InfoContributorAutoConfiguration'
22:05:16.456 [Test worker] DEBUG org.springframework.beans.factory.support.DefaultListableBeanFactory - Returning cached instance of singleton bean 'autoConfigurationReport'
22:05:16.456 [Test worker] DEBUG org.springframework.context.annotation.ConfigurationClassBeanDefinitionReader - Registering bean definition for @Bean method org.springframework.boot.actuate.autoconfigure.InfoContributorAutoConfiguration.envInfoContributor()
22:05:16.457 [Test worker] DEBUG org.springframework.beans.factory.support.DefaultListableBeanFactory - Returning cached instance of singleton bean 'autoConfigurationReport'
22:05:16.460 [Test worker] DEBUG org.springframework.beans.factory.support.DefaultListableBeanFactory - Returning cached instance of singleton bean 'org.springframework.boot.autoconfigure.condition.BeanTypeRegistry'
22:05:16.469 [Test worker] DEBUG org.springframework.beans.factory.support.DefaultListableBeanFactory - Returning cached instance of singleton bean 'autoConfigurationReport'
22:05:16.469 [Test worker] DEBUG org.springframework.beans.factory.support.DefaultListableBeanFactory - Returning cached instance of singleton bean 'autoConfigurationReport'
22:05:16.470 [Test worker] DEBUG org.springframework.beans.factory.support.DefaultListableBeanFactory - Returning cached instance of singleton bean 'org.springframework.boot.autoconfigure.condition.BeanTypeRegistry'
22:05:16.470 [Test worker] DEBUG org.springframework.beans.factory.support.DefaultListableBeanFactory - Returning cached instance of singleton bean 'autoConfigurationReport'
22:05:16.471 [Test worker] DEBUG org.springframework.beans.factory.support.DefaultListableBeanFactory - Returning cached instance of singleton bean 'autoConfigurationReport'
22:05:16.472 [Test worker] DEBUG org.springframework.context.annotation.ConfigurationClassBeanDefinitionReader - Registered bean definition for imported class 'org.springframework.boot.actuate.autoconfigure.HealthIndicatorAutoConfiguration$DiskSpaceHealthIndicatorConfiguration'
22:05:16.472 [Test worker] DEBUG org.springframework.beans.factory.support.DefaultListableBeanFactory - Returning cached instance of singleton bean 'autoConfigurationReport'
22:05:16.473 [Test worker] DEBUG org.springframework.context.annotation.ConfigurationClassBeanDefinitionReader - Registering bean definition for @Bean method org.springframework.boot.actuate.autoconfigure.HealthIndicatorAutoConfiguration$DiskSpaceHealthIndicatorConfiguration.diskSpaceHealthIndicator()
22:05:16.473 [Test worker] DEBUG org.springframework.context.annotation.ConfigurationClassBeanDefinitionReader - Registering bean definition for @Bean method org.springframework.boot.actuate.autoconfigure.HealthIndicatorAutoConfiguration$DiskSpaceHealthIndicatorConfiguration.diskSpaceHealthIndicatorProperties()
22:05:16.473 [Test worker] DEBUG org.springframework.beans.factory.support.DefaultListableBeanFactory - Returning cached instance of singleton bean 'autoConfigurationReport'
22:05:16.473 [Test worker] DEBUG org.springframework.beans.factory.support.DefaultListableBeanFactory - Returning cached instance of singleton bean 'org.springframework.boot.autoconfigure.condition.BeanTypeRegistry'
22:05:16.478 [Test worker] DEBUG org.springframework.beans.factory.support.DefaultListableBeanFactory - Returning cached instance of singleton bean 'autoConfigurationReport'
22:05:16.479 [Test worker] DEBUG org.springframework.beans.factory.support.DefaultListableBeanFactory - Returning cached instance of singleton bean 'autoConfigurationReport'
22:05:16.479 [Test worker] DEBUG org.springframework.context.annotation.ConfigurationClassBeanDefinitionReader - Registered bean definition for imported class 'org.springframework.boot.actuate.autoconfigure.HealthIndicatorAutoConfiguration$DataSourcesHealthIndicatorConfiguration'
22:05:16.479 [Test worker] DEBUG org.springframework.beans.factory.support.DefaultListableBeanFactory - Returning cached instance of singleton bean 'autoConfigurationReport'
22:05:16.480 [Test worker] DEBUG org.springframework.context.annotation.ConfigurationClassBeanDefinitionReader - Registering bean definition for @Bean method org.springframework.boot.actuate.autoconfigure.HealthIndicatorAutoConfiguration$DataSourcesHealthIndicatorConfiguration.dbHealthIndicator()
22:05:16.482 [Test worker] DEBUG org.springframework.beans.factory.support.DefaultListableBeanFactory - Returning cached instance of singleton bean 'autoConfigurationReport'
22:05:16.483 [Test worker] DEBUG org.springframework.beans.factory.support.DefaultListableBeanFactory - Returning cached instance of singleton bean 'autoConfigurationReport'
22:05:16.496 [Test worker] DEBUG org.springframework.context.annotation.ConfigurationClassBeanDefinitionReader - Registered bean definition for imported class 'org.springframework.boot.actuate.autoconfigure.HealthIndicatorAutoConfiguration'
22:05:16.497 [Test worker] DEBUG org.springframework.beans.factory.support.DefaultListableBeanFactory - Returning cached instance of singleton bean 'org.springframework.boot.autoconfigure.condition.BeanTypeRegistry'
22:05:16.501 [Test worker] DEBUG org.springframework.beans.factory.support.DefaultListableBeanFactory - Returning cached instance of singleton bean 'autoConfigurationReport'
22:05:16.502 [Test worker] DEBUG org.springframework.context.annotation.ConfigurationClassBeanDefinitionReader - Registering bean definition for @Bean method org.springframework.boot.actuate.autoconfigure.HealthIndicatorAutoConfiguration.healthAggregator()
22:05:16.502 [Test worker] DEBUG org.springframework.beans.factory.support.DefaultListableBeanFactory - Returning cached instance of singleton bean 'org.springframework.boot.autoconfigure.condition.BeanTypeRegistry'
22:05:16.506 [Test worker] DEBUG org.springframework.beans.factory.support.DefaultListableBeanFactory - Returning cached instance of singleton bean 'autoConfigurationReport'
22:05:16.506 [Test worker] DEBUG org.springframework.beans.factory.support.DefaultListableBeanFactory - Returning cached instance of singleton bean 'autoConfigurationReport'
22:05:16.507 [Test worker] DEBUG org.springframework.beans.factory.support.DefaultListableBeanFactory - Returning cached instance of singleton bean 'org.springframework.boot.autoconfigure.condition.BeanTypeRegistry'
22:05:16.508 [Test worker] DEBUG org.springframework.beans.factory.support.DefaultListableBeanFactory - Returning cached instance of singleton bean 'autoConfigurationReport'
22:05:16.508 [Test worker] DEBUG org.springframework.context.annotation.ConfigurationClassBeanDefinitionReader - Registered bean definition for imported class 'org.springframework.boot.actuate.autoconfigure.MetricRepositoryAutoConfiguration$FastMetricServicesConfiguration'
22:05:16.510 [Test worker] DEBUG org.springframework.beans.factory.support.DefaultListableBeanFactory - Returning cached instance of singleton bean 'org.springframework.boot.autoconfigure.condition.BeanTypeRegistry'
22:05:16.511 [Test worker] DEBUG org.springframework.beans.factory.support.DefaultListableBeanFactory - Returning cached instance of singleton bean 'autoConfigurationReport'
22:05:16.512 [Test worker] DEBUG org.springframework.context.annotation.ConfigurationClassBeanDefinitionReader - Registering bean definition for @Bean method org.springframework.boot.actuate.autoconfigure.MetricRepositoryAutoConfiguration$FastMetricServicesConfiguration.counterBuffers()
22:05:16.513 [Test worker] DEBUG org.springframework.beans.factory.support.DefaultListableBeanFactory - Returning cached instance of singleton bean 'org.springframework.boot.autoconfigure.condition.BeanTypeRegistry'
22:05:16.519 [Test worker] DEBUG org.springframework.beans.factory.support.DefaultListableBeanFactory - Returning cached instance of singleton bean 'autoConfigurationReport'
22:05:16.519 [Test worker] DEBUG org.springframework.context.annotation.ConfigurationClassBeanDefinitionReader - Registering bean definition for @Bean method org.springframework.boot.actuate.autoconfigure.MetricRepositoryAutoConfiguration$FastMetricServicesConfiguration.gaugeBuffers()
22:05:16.520 [Test worker] DEBUG org.springframework.beans.factory.support.DefaultListableBeanFactory - Returning cached instance of singleton bean 'org.springframework.boot.autoconfigure.condition.BeanTypeRegistry'
22:05:16.520 [Test worker] DEBUG org.springframework.beans.factory.support.DefaultListableBeanFactory - Returning cached instance of singleton bean 'autoConfigurationReport'
22:05:16.520 [Test worker] DEBUG org.springframework.context.annotation.ConfigurationClassBeanDefinitionReader - Registering bean definition for @Bean method org.springframework.boot.actuate.autoconfigure.MetricRepositoryAutoConfiguration$FastMetricServicesConfiguration.actuatorMetricReader()
22:05:16.521 [Test worker] DEBUG org.springframework.beans.factory.support.DefaultListableBeanFactory - Returning cached instance of singleton bean 'org.springframework.boot.autoconfigure.condition.BeanTypeRegistry'
22:05:16.523 [Test worker] DEBUG org.springframework.beans.factory.support.DefaultListableBeanFactory - Returning cached instance of singleton bean 'autoConfigurationReport'
22:05:16.524 [Test worker] DEBUG org.springframework.context.annotation.ConfigurationClassBeanDefinitionReader - Registering bean definition for @Bean method org.springframework.boot.actuate.autoconfigure.MetricRepositoryAutoConfiguration$FastMetricServicesConfiguration.counterService()
22:05:16.524 [Test worker] DEBUG org.springframework.beans.factory.support.DefaultListableBeanFactory - Returning cached instance of singleton bean 'org.springframework.boot.autoconfigure.condition.BeanTypeRegistry'
22:05:16.524 [Test worker] DEBUG org.springframework.beans.factory.support.DefaultListableBeanFactory - Returning cached instance of singleton bean 'autoConfigurationReport'
22:05:16.525 [Test worker] DEBUG org.springframework.context.annotation.ConfigurationClassBeanDefinitionReader - Registering bean definition for @Bean method org.springframework.boot.actuate.autoconfigure.MetricRepositoryAutoConfiguration$FastMetricServicesConfiguration.gaugeService()
22:05:16.525 [Test worker] DEBUG org.springframework.context.annotation.ConfigurationClassBeanDefinitionReader - Registered bean definition for imported class 'org.springframework.boot.actuate.autoconfigure.MetricRepositoryAutoConfiguration'
22:05:16.526 [Test worker] DEBUG org.springframework.beans.factory.support.DefaultListableBeanFactory - Returning cached instance of singleton bean 'autoConfigurationReport'
22:05:16.526 [Test worker] DEBUG org.springframework.beans.factory.support.DefaultListableBeanFactory - Returning cached instance of singleton bean 'autoConfigurationReport'
22:05:16.527 [Test worker] DEBUG org.springframework.context.annotation.ConfigurationClassBeanDefinitionReader - Registered bean definition for imported class 'org.springframework.boot.autoconfigure.jmx.JmxAutoConfiguration'
22:05:16.527 [Test worker] DEBUG org.springframework.beans.factory.support.DefaultListableBeanFactory - Returning cached instance of singleton bean 'org.springframework.boot.autoconfigure.condition.BeanTypeRegistry'
22:05:16.530 [Test worker] DEBUG org.springframework.beans.factory.support.DefaultListableBeanFactory - Returning cached instance of singleton bean 'autoConfigurationReport'
22:05:16.530 [Test worker] DEBUG org.springframework.context.annotation.ConfigurationClassBeanDefinitionReader - Registering bean definition for @Bean method org.springframework.boot.autoconfigure.jmx.JmxAutoConfiguration.mbeanExporter()
22:05:16.531 [Test worker] DEBUG org.springframework.beans.factory.support.DefaultListableBeanFactory - Returning cached instance of singleton bean 'org.springframework.boot.autoconfigure.condition.BeanTypeRegistry'
22:05:16.536 [Test worker] DEBUG org.springframework.beans.factory.support.DefaultListableBeanFactory - Returning cached instance of singleton bean 'autoConfigurationReport'
22:05:16.537 [Test worker] DEBUG org.springframework.context.annotation.ConfigurationClassBeanDefinitionReader - Registering bean definition for @Bean method org.springframework.boot.autoconfigure.jmx.JmxAutoConfiguration.objectNamingStrategy()
22:05:16.537 [Test worker] DEBUG org.springframework.beans.factory.support.DefaultListableBeanFactory - Returning cached instance of singleton bean 'org.springframework.boot.autoconfigure.condition.BeanTypeRegistry'
22:05:16.538 [Test worker] DEBUG org.springframework.beans.factory.support.DefaultListableBeanFactory - Returning cached instance of singleton bean 'autoConfigurationReport'
22:05:16.538 [Test worker] DEBUG org.springframework.context.annotation.ConfigurationClassBeanDefinitionReader - Registering bean definition for @Bean method org.springframework.boot.autoconfigure.jmx.JmxAutoConfiguration.mbeanServer()
22:05:16.538 [Test worker] DEBUG org.springframework.beans.factory.support.DefaultListableBeanFactory - Returning cached instance of singleton bean 'autoConfigurationReport'
22:05:16.538 [Test worker] DEBUG org.springframework.beans.factory.support.DefaultListableBeanFactory - Returning cached instance of singleton bean 'org.springframework.boot.autoconfigure.condition.BeanTypeRegistry'
22:05:16.539 [Test worker] DEBUG org.springframework.beans.factory.support.DefaultListableBeanFactory - Returning cached instance of singleton bean 'autoConfigurationReport'
22:05:16.539 [Test worker] DEBUG org.springframework.beans.factory.support.DefaultListableBeanFactory - Returning cached instance of singleton bean 'autoConfigurationReport'
22:05:16.539 [Test worker] DEBUG org.springframework.beans.factory.support.DefaultListableBeanFactory - Returning cached instance of singleton bean 'org.springframework.boot.autoconfigure.condition.BeanTypeRegistry'
22:05:16.540 [Test worker] DEBUG org.springframework.beans.factory.support.DefaultListableBeanFactory - Returning cached instance of singleton bean 'autoConfigurationReport'
22:05:16.540 [Test worker] DEBUG org.springframework.context.annotation.ConfigurationClassBeanDefinitionReader - Registered bean definition for imported class 'org.springframework.boot.actuate.autoconfigure.PublicMetricsAutoConfiguration$DataSourceMetricsConfiguration'
22:05:16.540 [Test worker] DEBUG org.springframework.beans.factory.support.DefaultListableBeanFactory - Returning cached instance of singleton bean 'org.springframework.boot.autoconfigure.condition.BeanTypeRegistry'
22:05:16.543 [Test worker] DEBUG org.springframework.beans.factory.support.DefaultListableBeanFactory - Returning cached instance of singleton bean 'org.springframework.boot.autoconfigure.condition.BeanTypeRegistry'
22:05:16.543 [Test worker] DEBUG org.springframework.beans.factory.support.DefaultListableBeanFactory - Returning cached instance of singleton bean 'autoConfigurationReport'
22:05:16.544 [Test worker] DEBUG org.springframework.beans.factory.support.DefaultListableBeanFactory - Returning cached instance of singleton bean 'org.springframework.boot.autoconfigure.condition.BeanTypeRegistry'
22:05:16.544 [Test worker] DEBUG org.springframework.beans.factory.support.DefaultListableBeanFactory - Returning cached instance of singleton bean 'org.springframework.boot.autoconfigure.condition.BeanTypeRegistry'
22:05:16.544 [Test worker] DEBUG org.springframework.beans.factory.support.DefaultListableBeanFactory - Returning cached instance of singleton bean 'autoConfigurationReport'
22:05:16.544 [Test worker] DEBUG org.springframework.context.annotation.ConfigurationClassBeanDefinitionReader - Registering bean definition for @Bean method org.springframework.boot.actuate.autoconfigure.PublicMetricsAutoConfiguration$DataSourceMetricsConfiguration.dataSourcePublicMetrics()
22:05:16.547 [Test worker] DEBUG org.springframework.context.annotation.ConfigurationClassBeanDefinitionReader - Registered bean definition for imported class 'org.springframework.boot.actuate.autoconfigure.PublicMetricsAutoConfiguration'
22:05:16.547 [Test worker] DEBUG org.springframework.context.annotation.ConfigurationClassBeanDefinitionReader - Registering bean definition for @Bean method org.springframework.boot.actuate.autoconfigure.PublicMetricsAutoConfiguration.systemPublicMetrics()
22:05:16.548 [Test worker] DEBUG org.springframework.context.annotation.ConfigurationClassBeanDefinitionReader - Registering bean definition for @Bean method org.springframework.boot.actuate.autoconfigure.PublicMetricsAutoConfiguration.metricReaderPublicMetrics()
22:05:16.549 [Test worker] DEBUG org.springframework.beans.factory.support.DefaultListableBeanFactory - Returning cached instance of singleton bean 'org.springframework.boot.autoconfigure.condition.BeanTypeRegistry'
22:05:16.554 [Test worker] DEBUG org.springframework.beans.factory.support.DefaultListableBeanFactory - Returning cached instance of singleton bean 'autoConfigurationReport'
22:05:16.555 [Test worker] DEBUG org.springframework.beans.factory.support.DefaultListableBeanFactory - Returning cached instance of singleton bean 'autoConfigurationReport'
22:05:16.555 [Test worker] DEBUG org.springframework.context.annotation.ConfigurationClassBeanDefinitionReader - Registered bean definition for imported class 'org.springframework.boot.actuate.autoconfigure.EndpointAutoConfiguration$RequestMappingEndpointConfiguration'
22:05:16.559 [Test worker] DEBUG org.springframework.beans.factory.support.DefaultListableBeanFactory - Returning cached instance of singleton bean 'org.springframework.boot.autoconfigure.condition.BeanTypeRegistry'
22:05:16.560 [Test worker] DEBUG org.springframework.beans.factory.support.DefaultListableBeanFactory - Returning cached instance of singleton bean 'autoConfigurationReport'
22:05:16.560 [Test worker] DEBUG org.springframework.context.annotation.ConfigurationClassBeanDefinitionReader - Registering bean definition for @Bean method org.springframework.boot.actuate.autoconfigure.EndpointAutoConfiguration$RequestMappingEndpointConfiguration.requestMappingEndpoint()
22:05:16.615 [Test worker] DEBUG org.springframework.context.annotation.ConfigurationClassBeanDefinitionReader - Registered bean definition for imported class 'org.springframework.boot.actuate.autoconfigure.EndpointAutoConfiguration'
22:05:16.616 [Test worker] DEBUG org.springframework.beans.factory.support.DefaultListableBeanFactory - Returning cached instance of singleton bean 'org.springframework.boot.autoconfigure.condition.BeanTypeRegistry'
22:05:16.617 [Test worker] DEBUG org.springframework.beans.factory.support.DefaultListableBeanFactory - Returning cached instance of singleton bean 'autoConfigurationReport'
22:05:16.618 [Test worker] DEBUG org.springframework.context.annotation.ConfigurationClassBeanDefinitionReader - Registering bean definition for @Bean method org.springframework.boot.actuate.autoconfigure.EndpointAutoConfiguration.environmentEndpoint()
22:05:16.619 [Test worker] DEBUG org.springframework.beans.factory.support.DefaultListableBeanFactory - Returning cached instance of singleton bean 'org.springframework.boot.autoconfigure.condition.BeanTypeRegistry'
22:05:16.633 [Test worker] DEBUG org.springframework.beans.factory.support.DefaultListableBeanFactory - Returning cached instance of singleton bean 'autoConfigurationReport'
22:05:16.633 [Test worker] DEBUG org.springframework.context.annotation.ConfigurationClassBeanDefinitionReader - Registering bean definition for @Bean method org.springframework.boot.actuate.autoconfigure.EndpointAutoConfiguration.healthEndpoint()
22:05:16.633 [Test worker] DEBUG org.springframework.beans.factory.support.DefaultListableBeanFactory - Returning cached instance of singleton bean 'org.springframework.boot.autoconfigure.condition.BeanTypeRegistry'
22:05:16.634 [Test worker] DEBUG org.springframework.beans.factory.support.DefaultListableBeanFactory - Returning cached instance of singleton bean 'autoConfigurationReport'
22:05:16.634 [Test worker] DEBUG org.springframework.context.annotation.ConfigurationClassBeanDefinitionReader - Registering bean definition for @Bean method org.springframework.boot.actuate.autoconfigure.EndpointAutoConfiguration.beansEndpoint()
22:05:16.634 [Test worker] DEBUG org.springframework.beans.factory.support.DefaultListableBeanFactory - Returning cached instance of singleton bean 'org.springframework.boot.autoconfigure.condition.BeanTypeRegistry'
22:05:16.635 [Test worker] DEBUG org.springframework.beans.factory.support.DefaultListableBeanFactory - Returning cached instance of singleton bean 'autoConfigurationReport'
22:05:16.635 [Test worker] DEBUG org.springframework.context.annotation.ConfigurationClassBeanDefinitionReader - Registering bean definition for @Bean method org.springframework.boot.actuate.autoconfigure.EndpointAutoConfiguration.infoEndpoint()
22:05:16.636 [Test worker] DEBUG org.springframework.beans.factory.support.DefaultListableBeanFactory - Returning cached instance of singleton bean 'org.springframework.boot.autoconfigure.condition.BeanTypeRegistry'
22:05:16.636 [Test worker] DEBUG org.springframework.beans.factory.support.DefaultListableBeanFactory - Returning cached instance of singleton bean 'autoConfigurationReport'
22:05:16.637 [Test worker] DEBUG org.springframework.beans.factory.support.DefaultListableBeanFactory - Returning cached instance of singleton bean 'org.springframework.boot.autoconfigure.condition.BeanTypeRegistry'
22:05:16.637 [Test worker] DEBUG org.springframework.beans.factory.support.DefaultListableBeanFactory - Returning cached instance of singleton bean 'autoConfigurationReport'
22:05:16.637 [Test worker] DEBUG org.springframework.context.annotation.ConfigurationClassBeanDefinitionReader - Registering bean definition for @Bean method org.springframework.boot.actuate.autoconfigure.EndpointAutoConfiguration.metricsEndpoint()
22:05:16.637 [Test worker] DEBUG org.springframework.beans.factory.support.DefaultListableBeanFactory - Returning cached instance of singleton bean 'org.springframework.boot.autoconfigure.condition.BeanTypeRegistry'
22:05:16.638 [Test worker] DEBUG org.springframework.beans.factory.support.DefaultListableBeanFactory - Returning cached instance of singleton bean 'autoConfigurationReport'
22:05:16.638 [Test worker] DEBUG org.springframework.context.annotation.ConfigurationClassBeanDefinitionReader - Registering bean definition for @Bean method org.springframework.boot.actuate.autoconfigure.EndpointAutoConfiguration.traceEndpoint()
22:05:16.638 [Test worker] DEBUG org.springframework.beans.factory.support.DefaultListableBeanFactory - Returning cached instance of singleton bean 'org.springframework.boot.autoconfigure.condition.BeanTypeRegistry'
22:05:16.639 [Test worker] DEBUG org.springframework.beans.factory.support.DefaultListableBeanFactory - Returning cached instance of singleton bean 'autoConfigurationReport'
22:05:16.639 [Test worker] DEBUG org.springframework.context.annotation.ConfigurationClassBeanDefinitionReader - Registering bean definition for @Bean method org.springframework.boot.actuate.autoconfigure.EndpointAutoConfiguration.dumpEndpoint()
22:05:16.640 [Test worker] DEBUG org.springframework.beans.factory.support.DefaultListableBeanFactory - Returning cached instance of singleton bean 'org.springframework.boot.autoconfigure.condition.BeanTypeRegistry'
22:05:16.640 [Test worker] DEBUG org.springframework.beans.factory.support.DefaultListableBeanFactory - Returning cached instance of singleton bean 'org.springframework.boot.autoconfigure.condition.BeanTypeRegistry'
22:05:16.641 [Test worker] DEBUG org.springframework.beans.factory.support.DefaultListableBeanFactory - Returning cached instance of singleton bean 'autoConfigurationReport'
22:05:16.641 [Test worker] DEBUG org.springframework.beans.factory.support.DefaultListableBeanFactory - Returning cached instance of singleton bean 'org.springframework.boot.autoconfigure.condition.BeanTypeRegistry'
22:05:16.641 [Test worker] DEBUG org.springframework.beans.factory.support.DefaultListableBeanFactory - Returning cached instance of singleton bean 'org.springframework.boot.autoconfigure.condition.BeanTypeRegistry'
22:05:16.641 [Test worker] DEBUG org.springframework.beans.factory.support.DefaultListableBeanFactory - Returning cached instance of singleton bean 'autoConfigurationReport'
22:05:16.641 [Test worker] DEBUG org.springframework.context.annotation.ConfigurationClassBeanDefinitionReader - Registering bean definition for @Bean method org.springframework.boot.actuate.autoconfigure.EndpointAutoConfiguration.autoConfigurationReportEndpoint()
22:05:16.642 [Test worker] DEBUG org.springframework.beans.factory.support.DefaultListableBeanFactory - Returning cached instance of singleton bean 'org.springframework.boot.autoconfigure.condition.BeanTypeRegistry'
22:05:16.642 [Test worker] DEBUG org.springframework.beans.factory.support.DefaultListableBeanFactory - Returning cached instance of singleton bean 'autoConfigurationReport'
22:05:16.642 [Test worker] DEBUG org.springframework.context.annotation.ConfigurationClassBeanDefinitionReader - Registering bean definition for @Bean method org.springframework.boot.actuate.autoconfigure.EndpointAutoConfiguration.shutdownEndpoint()
22:05:16.643 [Test worker] DEBUG org.springframework.beans.factory.support.DefaultListableBeanFactory - Returning cached instance of singleton bean 'org.springframework.boot.autoconfigure.condition.BeanTypeRegistry'
22:05:16.643 [Test worker] DEBUG org.springframework.beans.factory.support.DefaultListableBeanFactory - Returning cached instance of singleton bean 'autoConfigurationReport'
22:05:16.643 [Test worker] DEBUG org.springframework.context.annotation.ConfigurationClassBeanDefinitionReader - Registering bean definition for @Bean method org.springframework.boot.actuate.autoconfigure.EndpointAutoConfiguration.configurationPropertiesReportEndpoint()
22:05:16.644 [Test worker] DEBUG org.springframework.beans.factory.support.DefaultListableBeanFactory - Returning cached instance of singleton bean 'autoConfigurationReport'
22:05:16.645 [Test worker] DEBUG org.springframework.context.annotation.ConfigurationClassBeanDefinitionReader - Registered bean definition for imported class 'org.springframework.boot.actuate.autoconfigure.EndpointMBeanExportAutoConfiguration'
22:05:16.645 [Test worker] DEBUG org.springframework.context.annotation.ConfigurationClassBeanDefinitionReader - Registering bean definition for @Bean method org.springframework.boot.actuate.autoconfigure.EndpointMBeanExportAutoConfiguration.endpointMBeanExporter()
22:05:16.645 [Test worker] DEBUG org.springframework.beans.factory.support.DefaultListableBeanFactory - Returning cached instance of singleton bean 'org.springframework.boot.autoconfigure.condition.BeanTypeRegistry'
22:05:16.653 [Test worker] DEBUG org.springframework.beans.factory.support.DefaultListableBeanFactory - Returning cached instance of singleton bean 'autoConfigurationReport'
22:05:16.654 [Test worker] DEBUG org.springframework.beans.factory.support.DefaultListableBeanFactory - Returning cached instance of singleton bean 'org.springframework.boot.autoconfigure.condition.BeanTypeRegistry'
22:05:16.654 [Test worker] DEBUG org.springframework.beans.factory.support.DefaultListableBeanFactory - Returning cached instance of singleton bean 'autoConfigurationReport'
22:05:16.655 [Test worker] DEBUG org.springframework.beans.factory.support.DefaultListableBeanFactory - Returning cached instance of singleton bean 'autoConfigurationReport'
22:05:16.655 [Test worker] DEBUG org.springframework.context.annotation.ConfigurationClassBeanDefinitionReader - Registering bean definition for @Bean method org.springframework.boot.actuate.autoconfigure.EndpointMBeanExportAutoConfiguration.auditEventsEndpoint()
22:05:16.657 [Test worker] DEBUG org.springframework.context.annotation.ConfigurationClassBeanDefinitionReader - Registered bean definition for imported class 'org.springframework.boot.actuate.autoconfigure.ManagementServerPropertiesAutoConfiguration'
22:05:16.659 [Test worker] DEBUG org.springframework.beans.factory.support.DefaultListableBeanFactory - Returning cached instance of singleton bean 'org.springframework.boot.autoconfigure.condition.BeanTypeRegistry'
22:05:16.660 [Test worker] DEBUG org.springframework.beans.factory.support.DefaultListableBeanFactory - Returning cached instance of singleton bean 'autoConfigurationReport'
22:05:16.660 [Test worker] DEBUG org.springframework.context.annotation.ConfigurationClassBeanDefinitionReader - Registering bean definition for @Bean method org.springframework.boot.actuate.autoconfigure.ManagementServerPropertiesAutoConfiguration.managementServerProperties()
22:05:16.661 [Test worker] DEBUG org.springframework.beans.factory.support.DefaultListableBeanFactory - Returning cached instance of singleton bean 'autoConfigurationReport'
22:05:16.662 [Test worker] DEBUG org.springframework.beans.factory.support.DefaultListableBeanFactory - Returning cached instance of singleton bean 'autoConfigurationReport'
22:05:16.662 [Test worker] DEBUG org.springframework.beans.factory.support.DefaultListableBeanFactory - Returning cached instance of singleton bean 'autoConfigurationReport'
22:05:16.662 [Test worker] DEBUG org.springframework.beans.factory.support.DefaultListableBeanFactory - Returning cached instance of singleton bean 'autoConfigurationReport'
22:05:16.662 [Test worker] DEBUG org.springframework.context.annotation.ConfigurationClassBeanDefinitionReader - Registered bean definition for imported class 'org.springframework.boot.autoconfigure.web.HttpMessageConvertersAutoConfiguration$StringHttpMessageConverterConfiguration'
22:05:16.663 [Test worker] DEBUG org.springframework.beans.factory.support.DefaultListableBeanFactory - Returning cached instance of singleton bean 'org.springframework.boot.autoconfigure.condition.BeanTypeRegistry'
22:05:16.667 [Test worker] DEBUG org.springframework.beans.factory.support.DefaultListableBeanFactory - Returning cached instance of singleton bean 'autoConfigurationReport'
22:05:16.668 [Test worker] DEBUG org.springframework.context.annotation.ConfigurationClassBeanDefinitionReader - Registering bean definition for @Bean method org.springframework.boot.autoconfigure.web.HttpMessageConvertersAutoConfiguration$StringHttpMessageConverterConfiguration.stringHttpMessageConverter()
22:05:16.668 [Test worker] DEBUG org.springframework.beans.factory.support.DefaultListableBeanFactory - Returning cached instance of singleton bean 'autoConfigurationReport'
22:05:16.669 [Test worker] DEBUG org.springframework.beans.factory.support.DefaultListableBeanFactory - Returning cached instance of singleton bean 'autoConfigurationReport'
22:05:16.669 [Test worker] DEBUG org.springframework.beans.factory.support.DefaultListableBeanFactory - Returning cached instance of singleton bean 'org.springframework.boot.autoconfigure.condition.BeanTypeRegistry'
22:05:16.670 [Test worker] DEBUG org.springframework.beans.factory.support.DefaultListableBeanFactory - Returning cached instance of singleton bean 'autoConfigurationReport'
22:05:16.670 [Test worker] DEBUG org.springframework.context.annotation.ConfigurationClassBeanDefinitionReader - Registered bean definition for imported class 'org.springframework.boot.autoconfigure.web.JacksonHttpMessageConvertersConfiguration$MappingJackson2HttpMessageConverterConfiguration'
22:05:16.675 [Test worker] DEBUG org.springframework.beans.factory.support.DefaultListableBeanFactory - Returning cached instance of singleton bean 'org.springframework.boot.autoconfigure.condition.BeanTypeRegistry'
22:05:16.677 [Test worker] DEBUG org.springframework.beans.factory.support.DefaultListableBeanFactory - Returning cached instance of singleton bean 'autoConfigurationReport'
22:05:16.678 [Test worker] DEBUG org.springframework.context.annotation.ConfigurationClassBeanDefinitionReader - Registering bean definition for @Bean method org.springframework.boot.autoconfigure.web.JacksonHttpMessageConvertersConfiguration$MappingJackson2HttpMessageConverterConfiguration.mappingJackson2HttpMessageConverter()
22:05:16.678 [Test worker] DEBUG org.springframework.context.annotation.ConfigurationClassBeanDefinitionReader - Registered bean definition for imported class 'org.springframework.boot.autoconfigure.web.JacksonHttpMessageConvertersConfiguration'
22:05:16.680 [Test worker] DEBUG org.springframework.context.annotation.ConfigurationClassBeanDefinitionReader - Registered bean definition for imported class 'org.springframework.boot.autoconfigure.web.HttpMessageConvertersAutoConfiguration'
22:05:16.682 [Test worker] DEBUG org.springframework.beans.factory.support.DefaultListableBeanFactory - Returning cached instance of singleton bean 'org.springframework.boot.autoconfigure.condition.BeanTypeRegistry'
22:05:16.683 [Test worker] DEBUG org.springframework.beans.factory.support.DefaultListableBeanFactory - Returning cached instance of singleton bean 'autoConfigurationReport'
22:05:16.684 [Test worker] DEBUG org.springframework.context.annotation.ConfigurationClassBeanDefinitionReader - Registering bean definition for @Bean method org.springframework.boot.autoconfigure.web.HttpMessageConvertersAutoConfiguration.messageConverters()
22:05:16.684 [Test worker] DEBUG org.springframework.beans.factory.support.DefaultListableBeanFactory - Returning cached instance of singleton bean 'autoConfigurationReport'
22:05:16.684 [Test worker] DEBUG org.springframework.context.annotation.ConfigurationClassBeanDefinitionReader - Registered bean definition for imported class 'org.springframework.boot.actuate.autoconfigure.MetricExportAutoConfiguration$MetricExportPropertiesConfiguration'
22:05:16.687 [Test worker] DEBUG org.springframework.beans.factory.support.DefaultListableBeanFactory - Returning cached instance of singleton bean 'org.springframework.boot.autoconfigure.condition.BeanTypeRegistry'
22:05:16.688 [Test worker] DEBUG org.springframework.beans.factory.support.DefaultListableBeanFactory - Returning cached instance of singleton bean 'autoConfigurationReport'
22:05:16.689 [Test worker] DEBUG org.springframework.context.annotation.ConfigurationClassBeanDefinitionReader - Registering bean definition for @Bean method org.springframework.boot.actuate.autoconfigure.MetricExportAutoConfiguration$MetricExportPropertiesConfiguration.spring.metrics.export-org.springframework.boot.actuate.metrics.export.MetricExportProperties()
22:05:16.689 [Test worker] DEBUG org.springframework.context.annotation.ConfigurationClassBeanDefinitionReader - Registered bean definition for imported class 'org.springframework.boot.actuate.autoconfigure.MetricExportAutoConfiguration$StatsdConfiguration'
22:05:16.689 [Test worker] DEBUG org.springframework.beans.factory.support.DefaultListableBeanFactory - Returning cached instance of singleton bean 'autoConfigurationReport'
22:05:16.690 [Test worker] DEBUG org.springframework.context.annotation.ConfigurationClassBeanDefinitionReader - Registered bean definition for imported class 'org.springframework.scheduling.annotation.SchedulingConfiguration'
22:05:16.690 [Test worker] DEBUG org.springframework.context.annotation.ConfigurationClassBeanDefinitionReader - Registering bean definition for @Bean method org.springframework.scheduling.annotation.SchedulingConfiguration.org.springframework.context.annotation.internalScheduledAnnotationProcessor()
22:05:16.691 [Test worker] DEBUG org.springframework.context.annotation.ConfigurationClassBeanDefinitionReader - Registered bean definition for imported class 'org.springframework.boot.actuate.autoconfigure.MetricExportAutoConfiguration'
22:05:16.691 [Test worker] DEBUG org.springframework.beans.factory.support.DefaultListableBeanFactory - Returning cached instance of singleton bean 'autoConfigurationReport'
22:05:16.691 [Test worker] DEBUG org.springframework.context.annotation.ConfigurationClassBeanDefinitionReader - Registering bean definition for @Bean method org.springframework.boot.actuate.autoconfigure.MetricExportAutoConfiguration.metricWritersMetricExporter()
22:05:16.692 [Test worker] DEBUG org.springframework.beans.factory.support.DefaultListableBeanFactory - Returning cached instance of singleton bean 'autoConfigurationReport'
22:05:16.692 [Test worker] DEBUG org.springframework.beans.factory.support.DefaultListableBeanFactory - Returning cached instance of singleton bean 'autoConfigurationReport'
22:05:16.692 [Test worker] DEBUG org.springframework.beans.factory.support.DefaultListableBeanFactory - Returning cached instance of singleton bean 'org.springframework.boot.autoconfigure.condition.BeanTypeRegistry'
22:05:16.701 [Test worker] DEBUG org.springframework.beans.factory.support.DefaultListableBeanFactory - Returning cached instance of singleton bean 'org.springframework.boot.autoconfigure.condition.BeanTypeRegistry'
22:05:16.701 [Test worker] DEBUG org.springframework.beans.factory.support.DefaultListableBeanFactory - Returning cached instance of singleton bean 'autoConfigurationReport'
22:05:16.701 [Test worker] DEBUG org.springframework.context.annotation.ConfigurationClassBeanDefinitionReader - Registered bean definition for imported class 'org.springframework.boot.actuate.autoconfigure.MetricFilterAutoConfiguration'
22:05:16.701 [Test worker] DEBUG org.springframework.context.annotation.ConfigurationClassBeanDefinitionReader - Registering bean definition for @Bean method org.springframework.boot.actuate.autoconfigure.MetricFilterAutoConfiguration.metricsFilter()
22:05:16.702 [Test worker] DEBUG org.springframework.context.annotation.ConfigurationClassBeanDefinitionReader - Registered bean definition for imported class 'org.springframework.boot.actuate.autoconfigure.TraceRepositoryAutoConfiguration'
22:05:16.702 [Test worker] DEBUG org.springframework.beans.factory.support.DefaultListableBeanFactory - Returning cached instance of singleton bean 'org.springframework.boot.autoconfigure.condition.BeanTypeRegistry'
22:05:16.707 [Test worker] DEBUG org.springframework.beans.factory.support.DefaultListableBeanFactory - Returning cached instance of singleton bean 'autoConfigurationReport'
22:05:16.708 [Test worker] DEBUG org.springframework.context.annotation.ConfigurationClassBeanDefinitionReader - Registering bean definition for @Bean method org.springframework.boot.actuate.autoconfigure.TraceRepositoryAutoConfiguration.traceRepository()
22:05:16.708 [Test worker] DEBUG org.springframework.beans.factory.support.DefaultListableBeanFactory - Returning cached instance of singleton bean 'autoConfigurationReport'
22:05:16.708 [Test worker] DEBUG org.springframework.beans.factory.support.DefaultListableBeanFactory - Returning cached instance of singleton bean 'autoConfigurationReport'
22:05:16.709 [Test worker] DEBUG org.springframework.context.annotation.ConfigurationClassBeanDefinitionReader - Registered bean definition for imported class 'org.springframework.boot.actuate.autoconfigure.TraceWebFilterAutoConfiguration'
22:05:16.711 [Test worker] DEBUG org.springframework.beans.factory.support.DefaultListableBeanFactory - Returning cached instance of singleton bean 'org.springframework.boot.autoconfigure.condition.BeanTypeRegistry'
22:05:16.715 [Test worker] DEBUG org.springframework.beans.factory.support.DefaultListableBeanFactory - Returning cached instance of singleton bean 'autoConfigurationReport'
22:05:16.715 [Test worker] DEBUG org.springframework.context.annotation.ConfigurationClassBeanDefinitionReader - Registering bean definition for @Bean method org.springframework.boot.actuate.autoconfigure.TraceWebFilterAutoConfiguration.webRequestLoggingFilter()
22:05:16.716 [Test worker] DEBUG org.springframework.beans.factory.support.DefaultListableBeanFactory - Returning cached instance of singleton bean 'autoConfigurationReport'
22:05:16.716 [Test worker] DEBUG org.springframework.beans.factory.support.DefaultListableBeanFactory - Returning cached instance of singleton bean 'autoConfigurationReport'
22:05:16.717 [Test worker] DEBUG org.springframework.beans.factory.support.DefaultListableBeanFactory - Returning cached instance of singleton bean 'autoConfigurationReport'
22:05:16.717 [Test worker] DEBUG org.springframework.context.annotation.ConfigurationClassBeanDefinitionReader - Registered bean definition for imported class 'org.springframework.boot.autoconfigure.aop.AopAutoConfiguration$JdkDynamicAutoProxyConfiguration'
22:05:16.728 [Test worker] DEBUG org.springframework.context.annotation.ConfigurationClassBeanDefinitionReader - Registered bean definition for imported class 'org.springframework.boot.autoconfigure.aop.AopAutoConfiguration'
22:05:16.728 [Test worker] DEBUG org.springframework.context.annotation.ConfigurationClassBeanDefinitionReader - Registered bean definition for imported class 'org.springframework.boot.autoconfigure.context.ConfigurationPropertiesAutoConfiguration'
22:05:16.729 [Test worker] DEBUG org.springframework.beans.factory.support.DefaultListableBeanFactory - Returning cached instance of singleton bean 'autoConfigurationReport'
22:05:16.729 [Test worker] DEBUG org.springframework.context.annotation.ConfigurationClassBeanDefinitionReader - Registered bean definition for imported class 'org.springframework.boot.autoconfigure.dao.PersistenceExceptionTranslationAutoConfiguration'
22:05:16.729 [Test worker] DEBUG org.springframework.beans.factory.support.DefaultListableBeanFactory - Returning cached instance of singleton bean 'autoConfigurationReport'
22:05:16.729 [Test worker] DEBUG org.springframework.beans.factory.support.DefaultListableBeanFactory - Returning cached instance of singleton bean 'org.springframework.boot.autoconfigure.condition.BeanTypeRegistry'
22:05:16.734 [Test worker] DEBUG org.springframework.beans.factory.support.DefaultListableBeanFactory - Returning cached instance of singleton bean 'autoConfigurationReport'
22:05:16.735 [Test worker] DEBUG org.springframework.context.annotation.ConfigurationClassBeanDefinitionReader - Registering bean definition for @Bean method org.springframework.boot.autoconfigure.dao.PersistenceExceptionTranslationAutoConfiguration.persistenceExceptionTranslationPostProcessor()
22:05:16.735 [Test worker] DEBUG org.springframework.beans.factory.support.DefaultListableBeanFactory - Returning cached instance of singleton bean 'autoConfigurationReport'
22:05:16.736 [Test worker] DEBUG org.springframework.beans.factory.support.DefaultListableBeanFactory - Returning cached instance of singleton bean 'autoConfigurationReport'
22:05:16.736 [Test worker] DEBUG org.springframework.beans.factory.support.DefaultListableBeanFactory - Returning cached instance of singleton bean 'org.springframework.boot.autoconfigure.condition.BeanTypeRegistry'
22:05:16.744 [Test worker] DEBUG org.springframework.beans.factory.support.DefaultListableBeanFactory - Returning cached instance of singleton bean 'org.springframework.boot.autoconfigure.condition.BeanTypeRegistry'
22:05:16.744 [Test worker] DEBUG org.springframework.beans.factory.support.DefaultListableBeanFactory - Returning cached instance of singleton bean 'org.springframework.boot.autoconfigure.condition.BeanTypeRegistry'
22:05:16.744 [Test worker] DEBUG org.springframework.beans.factory.support.DefaultListableBeanFactory - Returning cached instance of singleton bean 'autoConfigurationReport'
22:05:16.745 [Test worker] DEBUG org.springframework.beans.factory.support.DefaultListableBeanFactory - Returning cached instance of singleton bean 'org.springframework.boot.autoconfigure.condition.BeanTypeRegistry'
22:05:16.745 [Test worker] DEBUG org.springframework.beans.factory.support.DefaultListableBeanFactory - Returning cached instance of singleton bean 'org.springframework.boot.autoconfigure.condition.BeanTypeRegistry'
22:05:16.746 [Test worker] DEBUG org.springframework.beans.factory.support.DefaultListableBeanFactory - Returning cached instance of singleton bean 'org.springframework.boot.autoconfigure.condition.BeanTypeRegistry'
22:05:16.746 [Test worker] DEBUG org.springframework.beans.factory.support.DefaultListableBeanFactory - Returning cached instance of singleton bean 'autoConfigurationReport'
22:05:16.747 [Test worker] DEBUG org.springframework.context.annotation.ConfigurationClassBeanDefinitionReader - Registered bean definition for imported class 'org.springframework.boot.autoconfigure.data.jpa.JpaRepositoriesAutoConfiguration'
22:05:16.778 [Test worker] DEBUG org.springframework.core.env.StandardEnvironment - Adding PropertySource 'systemProperties' with lowest search precedence
22:05:16.778 [Test worker] DEBUG org.springframework.core.env.StandardEnvironment - Adding PropertySource 'systemEnvironment' with lowest search precedence
22:05:16.779 [Test worker] DEBUG org.springframework.core.env.StandardEnvironment - Initialized StandardEnvironment with PropertySources [MapPropertySource@900626800 {name='systemProperties', properties={java.runtime.name=Java(TM) SE Runtime Environment, sun.boot.library.path=C:\Program Files\Java\jdk1.8.0_151\jre\bin, java.vm.version=25.151-b12, java.vm.vendor=Oracle Corporation, java.vendor.url=http://java.oracle.com/, path.separator=;, java.vm.name=Java HotSpot(TM) 64-Bit Server VM, file.encoding.pkg=sun.io, user.script=, sun.java.launcher=SUN_STANDARD, user.country=DE, sun.os.patch.level=Service Pack 1, java.vm.specification.name=Java Virtual Machine Specification, user.dir=C:\Users\User\Documents\Uni\SE\SE\se1praktikum4, java.runtime.version=1.8.0_151-b12, java.awt.graphicsenv=sun.awt.Win32GraphicsEnvironment, java.endorsed.dirs=C:\Program Files\Java\jdk1.8.0_151\jre\lib\endorsed, os.arch=amd64, java.io.tmpdir=C:\Users\User\AppData\Local\Temp\, line.separator=
, java.vm.specification.vendor=Oracle Corporation, user.variant=, os.name=Windows 7, sun.jnu.encoding=Cp1252, java.library.path=C:\Program Files\Java\jdk1.8.0_151\bin;C:\windows\Sun\Java\bin;C:\windows\system32;C:\windows;C:/Program Files/Java/jre1.8.0_151/bin/server;C:/Program Files/Java/jre1.8.0_151/bin;C:/Program Files/Java/jre1.8.0_151/lib/amd64;C:\ProgramData\Oracle\Java\javapath;C:\windows\system32;C:\windows;C:\windows\System32\Wbem;C:\windows\System32\WindowsPowerShell\v1.0\;C:\Program Files (x86)\Lenovo\Access Connections\;C:\Program Files (x86)\Intel\OpenCL SDK\2.0\bin\x86;C:\Program Files (x86)\Intel\OpenCL SDK\2.0\bin\x64;C:\Program Files (x86)\Intel\Services\IPT\;C:\Program Files\ThinkPad\Bluetooth Software\;C:\Program Files\ThinkPad\Bluetooth Software\syswow64;C:\Program Files\Intel\WiFi\bin\;C:\Program Files\Common Files\Intel\WirelessCommon\;C:\Program Files\MiKTeX 2.9\miktex\bin\x64\;C:\Program Files\Git\cmd;C:\Program Files\PuTTY\;C:\Program Files\nodejs\;C:\Program Files\Intel\WiFi\bin\;C:\Program Files\Common Files\Intel\WirelessCommon\;C:\Program Files\Java\jre-9.0.1\bin;C:\Users\User\AppData\Roaming\npm;C:\windows\system32;;., java.specification.name=Java Platform API Specification, java.class.version=52.0, sun.management.compiler=HotSpot 64-Bit Tiered Compilers, os.version=6.1, user.home=C:\Users\User, user.timezone=Europe/Berlin, java.awt.printerjob=sun.awt.windows.WPrinterJob, file.encoding=windows-1252, java.specification.version=1.8, java.class.path=C:\Users\User\Documents\Uni\SE\SE\se1praktikum4\build\classes\test;C:\Users\User\Documents\Uni\SE\SE\se1praktikum4\build\resources\test;C:\Users\User\Documents\Uni\SE\SE\se1praktikum4\build\classes\main;C:\Users\User\Documents\Uni\SE\SE\se1praktikum4\build\resources\main;C:\Users\User\.gradle\caches\modules-2\files-2.1\org.springframework.boot\spring-boot-starter-data-jpa\1.5.7.RELEASE\ccdf14487724b7c1343e5d2605f7170c026e405\spring-boot-starter-data-jpa-1.5.7.RELEASE.jar;C:\Users\User\.gradle\caches\modules-2\files-2.1\org.springframework.boot\spring-boot-starter-web\1.5.7.RELEASE\a862305be8b7512a41f6768d825ed37251ccbbe0\spring-boot-starter-web-1.5.7.RELEASE.jar;C:\Users\User\.gradle\caches\modules-2\files-2.1\org.springframework.boot\spring-boot-devtools\1.5.7.RELEASE\f433b9ba2fcf598624b5ae930096523f8a22119b\spring-boot-devtools-1.5.7.RELEASE.jar;C:\Users\User\.gradle\caches\modules-2\files-2.1\org.springframework.boot\spring-boot-starter-actuator\1.5.7.RELEASE\c8058080955524edbbacda602f25d1c5fdf2a3a9\spring-boot-starter-actuator-1.5.7.RELEASE.jar;C:\Users\User\.gradle\caches\modules-2\files-2.1\com.h2database\h2\1.4.196\dd0034398d593aa3588c6773faac429bbd9aea0e\h2-1.4.196.jar;C:\Users\User\.gradle\caches\modules-2\files-2.1\org.springframework.boot\spring-boot-starter-test\1.5.7.RELEASE\d23f37a72c2d4e46aba66bc69a649213f9cadeee\spring-boot-starter-test-1.5.7.RELEASE.jar;C:\Users\User\.gradle\caches\modules-2\files-2.1\org.mockito\mockito-core\2.10.0\871efe6f2607d8c93dd25b8c1fa09851d4286dd6\mockito-core-2.10.0.jar;C:\Users\User\.gradle\caches\modules-2\files-2.1\org.assertj\assertj-core\3.8.0\b209d90ff2e279bee3e02547ee7b11349c52d0e3\assertj-core-3.8.0.jar;C:\Users\User\.gradle\caches\modules-2\files-2.1\io.rest-assured\rest-assured\3.0.6\7048c659a0f1b8adca66af281edbf1397dddd63d\rest-assured-3.0.6.jar;C:\Users\User\.gradle\caches\modules-2\files-2.1\org.springframework.boot\spring-boot-starter\1.5.7.RELEASE\b42fe6962dd8b3be4ac8c1d7134d0ca2d0a35c7e\spring-boot-starter-1.5.7.RELEASE.jar;C:\Users\User\.gradle\caches\modules-2\files-2.1\org.springframework.boot\spring-boot-starter-aop\1.5.7.RELEASE\189098a72ccc0cca07ea42d6715c10524b5a93d1\spring-boot-starter-aop-1.5.7.RELEASE.jar;C:\Users\User\.gradle\caches\modules-2\files-2.1\org.springframework.boot\spring-boot-starter-jdbc\1.5.7.RELEASE\98c652a5461ccbec70b55fd0f7815d9c9a37a082\spring-boot-starter-jdbc-1.5.7.RELEASE.jar;C:\Users\User\.gradle\caches\modules-2\files-2.1\org.hibernate\hibernate-core\5.0.12.Final\e58bf1c660e6706d8e2cbb53bae110f574366102\hibernate-core-5.0.12.Final.jar;C:\Users\User\.gradle\caches\modules-2\files-2.1\org.hibernate\hibernate-entitymanager\5.0.12.Final\302a526f5058290e9cbd719a5caf9f248d344719\hibernate-entitymanager-5.0.12.Final.jar;C:\Users\User\.gradle\caches\modules-2\files-2.1\javax.transaction\javax.transaction-api\1.2\d81aff979d603edd90dcd8db2abc1f4ce6479e3e\javax.transaction-api-1.2.jar;C:\Users\User\.gradle\caches\modules-2\files-2.1\org.springframework.data\spring-data-jpa\1.11.7.RELEASE\587051cc7d7a3ddfac6098d623a658abb2f15865\spring-data-jpa-1.11.7.RELEASE.jar;C:\Users\User\.gradle\caches\modules-2\files-2.1\org.springframework\spring-aspects\4.3.11.RELEASE\38ab744d37aef58762a03dbe7ab1479070ebadc6\spring-aspects-4.3.11.RELEASE.jar;C:\Users\User\.gradle\caches\modules-2\files-2.1\org.springframework.boot\spring-boot-starter-tomcat\1.5.7.RELEASE\eae533e2a0111a51d812912acb3d3e2368736d1b\spring-boot-starter-tomcat-1.5.7.RELEASE.jar;C:\Users\User\.gradle\caches\modules-2\files-2.1\org.hibernate\hibernate-validator\5.3.5.Final\622a9bcef2eed6d41b5b8e0662c36212009e375\hibernate-validator-5.3.5.Final.jar;C:\Users\User\.gradle\caches\modules-2\files-2.1\com.fasterxml.jackson.core\jackson-databind\2.8.10\f7b83cb2bc4b88d53961e749e1ad32f49ef017b7\jackson-databind-2.8.10.jar;C:\Users\User\.gradle\caches\modules-2\files-2.1\org.springframework\spring-web\4.3.11.RELEASE\50a3dfce550bdf9459dfb2c6282aa104b040258e\spring-web-4.3.11.RELEASE.jar;C:\Users\User\.gradle\caches\modules-2\files-2.1\org.springframework\spring-webmvc\4.3.11.RELEASE\814f91ec4dc324e724bbe7cbc5045b234604c539\spring-webmvc-4.3.11.RELEASE.jar;C:\Users\User\.gradle\caches\modules-2\files-2.1\org.springframework.boot\spring-boot\1.5.7.RELEASE\1006870df7b3dc203df7ce84463c5dd7049fdaa4\spring-boot-1.5.7.RELEASE.jar;C:\Users\User\.gradle\caches\modules-2\files-2.1\org.springframework.boot\spring-boot-autoconfigure\1.5.7.RELEASE\e83f1407ff991e9e7eb156f49fa19d868bb73289\spring-boot-autoconfigure-1.5.7.RELEASE.jar;C:\Users\User\.gradle\caches\modules-2\files-2.1\org.springframework.boot\spring-boot-actuator\1.5.7.RELEASE\ff3124e2359be5e6c0d9cc501bf214413a329fee\spring-boot-actuator-1.5.7.RELEASE.jar;C:\Users\User\.gradle\caches\modules-2\files-2.1\org.springframework.boot\spring-boot-test\1.5.7.RELEASE\b8d77445d48f4320f404d8f13f4e5cb95bc36b30\spring-boot-test-1.5.7.RELEASE.jar;C:\Users\User\.gradle\caches\modules-2\files-2.1\org.springframework.boot\spring-boot-test-autoconfigure\1.5.7.RELEASE\8bead16b97c9f1b5fe7c47f3e030dd9351a6974d\spring-boot-test-autoconfigure-1.5.7.RELEASE.jar;C:\Users\User\.gradle\caches\modules-2\files-2.1\com.jayway.jsonpath\json-path\2.2.0\22290d17944bd239fabf5ac69005a60a7ecbbbcb\json-path-2.2.0.jar;C:\Users\User\.gradle\caches\modules-2\files-2.1\junit\junit\4.12\2973d150c0dc1fefe998f834810d68f278ea58ec\junit-4.12.jar;C:\Users\User\.gradle\caches\modules-2\files-2.1\org.hamcrest\hamcrest-core\1.3\42a25dc3219429f0e5d060061f71acb49bf010a0\hamcrest-core-1.3.jar;C:\Users\User\.gradle\caches\modules-2\files-2.1\org.hamcrest\hamcrest-library\1.3\4785a3c21320980282f9f33d0d1264a69040538f\hamcrest-library-1.3.jar;C:\Users\User\.gradle\caches\modules-2\files-2.1\org.skyscreamer\jsonassert\1.4.0\9cdbb373a06f6513e51e8c545ee6a5e981463edb\jsonassert-1.4.0.jar;C:\Users\User\.gradle\caches\modules-2\files-2.1\org.springframework\spring-core\4.3.11.RELEASE\eb30ed093f628279d3aead068fd478fa343f1dad\spring-core-4.3.11.RELEASE.jar;C:\Users\User\.gradle\caches\modules-2\files-2.1\org.springframework\spring-test\4.3.11.RELEASE\cf765b5d6d6bdc38c67522ecae3fe9549da43e1\spring-test-4.3.11.RELEASE.jar;C:\Users\User\.gradle\caches\modules-2\files-2.1\net.bytebuddy\byte-buddy\1.7.4\d0e77888485e1683057f8399f916eda6049c4acf\byte-buddy-1.7.4.jar;C:\Users\User\.gradle\caches\modules-2\files-2.1\net.bytebuddy\byte-buddy-agent\1.7.4\66286677db75148b3c2fb94e72f1c61aceb20e33\byte-buddy-agent-1.7.4.jar;C:\Users\User\.gradle\caches\modules-2\files-2.1\org.objenesis\objenesis\2.6\639033469776fd37c08358c6b92a4761feb2af4b\objenesis-2.6.jar;C:\Users\User\.gradle\caches\modules-2\files-2.1\org.codehaus.groovy\groovy\2.4.12\a43be367110c491787219f1c128b5b5fc54f1e70\groovy-2.4.12.jar;C:\Users\User\.gradle\caches\modules-2\files-2.1\org.codehaus.groovy\groovy-xml\2.4.12\b5c023bbbc8a4bbf9c0b38d731fe31d53f00c64a\groovy-xml-2.4.12.jar;C:\Users\User\.gradle\caches\modules-2\files-2.1\org.apache.httpcomponents\httpclient\4.5.3\d1577ae15f01ef5438c5afc62162457c00a34713\httpclient-4.5.3.jar;C:\Users\User\.gradle\caches\modules-2\files-2.1\org.apache.httpcomponents\httpmime\4.5.3\889fd6d061bb63b99dd5c6aba35a555ae863de52\httpmime-4.5.3.jar;C:\Users\User\.gradle\caches\modules-2\files-2.1\org.ccil.cowan.tagsoup\tagsoup\1.2.1\5584627487e984c03456266d3f8802eb85a9ce97\tagsoup-1.2.1.jar;C:\Users\User\.gradle\caches\modules-2\files-2.1\io.rest-assured\json-path\3.0.6\46b9832bdcf3b009ef29dad04e5bf1b951c2966e\json-path-3.0.6.jar;C:\Users\User\.gradle\caches\modules-2\files-2.1\io.rest-assured\xml-path\3.0.6\5ea3318626ac935bfc5088c772ea6d57c43e1bf3\xml-path-3.0.6.jar;C:\Users\User\.gradle\caches\modules-2\files-2.1\org.springframework.boot\spring-boot-starter-logging\1.5.7.RELEASE\c84c4ea09d7f789a0d5e936a961471e5dbd9295e\spring-boot-starter-logging-1.5.7.RELEASE.jar;C:\Users\User\.gradle\caches\modules-2\files-2.1\org.yaml\snakeyaml\1.17\7a27ea250c5130b2922b86dea63cbb1cc10a660c\snakeyaml-1.17.jar;C:\Users\User\.gradle\caches\modules-2\files-2.1\org.springframework\spring-aop\4.3.11.RELEASE\461d0bb58f1de30203d9331adf4b51de9554de5a\spring-aop-4.3.11.RELEASE.jar;C:\Users\User\.gradle\caches\modules-2\files-2.1\org.aspectj\aspectjweaver\1.8.10\e198c5fee28988c355f74e06461614eae36b2032\aspectjweaver-1.8.10.jar;C:\Users\User\.gradle\caches\modules-2\files-2.1\org.apache.tomcat\tomcat-jdbc\8.5.20\10d0d288d837ddfc92096920e4571054a3934160\tomcat-jdbc-8.5.20.jar;C:\Users\User\.gradle\caches\modules-2\files-2.1\org.springframework\spring-jdbc\4.3.11.RELEASE\642ed7497d327f299caccb930af6b65e229864c4\spring-jdbc-4.3.11.RELEASE.jar;C:\Users\User\.gradle\caches\modules-2\files-2.1\org.jboss.logging\jboss-logging\3.3.1.Final\c46217ab74b532568c0ed31dc599db3048bd1b67\jboss-logging-3.3.1.Final.jar;C:\Users\User\.gradle\caches\modules-2\files-2.1\org.hibernate.javax.persistence\hibernate-jpa-2.1-api\1.0.0.Final\5e731d961297e5a07290bfaf3db1fbc8bbbf405a\hibernate-jpa-2.1-api-1.0.0.Final.jar;C:\Users\User\.gradle\caches\modules-2\files-2.1\org.javassist\javassist\3.21.0-GA\598244f595db5c5fb713731eddbb1c91a58d959b\javassist-3.21.0-GA.jar;C:\Users\User\.gradle\caches\modules-2\files-2.1\antlr\antlr\2.7.7\83cd2cd674a217ade95a4bb83a8a14f351f48bd0\antlr-2.7.7.jar;C:\Users\User\.gradle\caches\modules-2\files-2.1\org.jboss\jandex\2.0.0.Final\3e899258936f94649c777193e1be846387ed54b3\jandex-2.0.0.Final.jar;C:\Users\User\.gradle\caches\modules-2\files-2.1\dom4j\dom4j\1.6.1\5d3ccc056b6f056dbf0dddfdf43894b9065a8f94\dom4j-1.6.1.jar;C:\Users\User\.gradle\caches\modules-2\files-2.1\org.hibernate.common\hibernate-commons-annotations\5.0.1.Final\71e1cff3fcb20d3b3af4f3363c3ddb24d33c6879\hibernate-commons-annotations-5.0.1.Final.jar;C:\Users\User\.gradle\caches\modules-2\files-2.1\org.springframework.data\spring-data-commons\1.13.7.RELEASE\cf4538abda1f0a9cf2323d6e4204df0130aeec73\spring-data-commons-1.13.7.RELEASE.jar;C:\Users\User\.gradle\caches\modules-2\files-2.1\org.springframework\spring-orm\4.3.11.RELEASE\7ba1b25ad62b29295aa90ae88f9f35e84861953c\spring-orm-4.3.11.RELEASE.jar;C:\Users\User\.gradle\caches\modules-2\files-2.1\org.springframework\spring-context\4.3.11.RELEASE\3efec2d7c7469d49108a2b21c3f15831f7297569\spring-context-4.3.11.RELEASE.jar;C:\Users\User\.gradle\caches\modules-2\files-2.1\org.springframework\spring-tx\4.3.11.RELEASE\c931ee363d2269f03edfeb83d7d7fe23924ab8a1\spring-tx-4.3.11.RELEASE.jar;C:\Users\User\.gradle\caches\modules-2\files-2.1\org.springframework\spring-beans\4.3.11.RELEASE\591cc35fd39292adae13f01aa13e978d0bb11936\spring-beans-4.3.11.RELEASE.jar;C:\Users\User\.gradle\caches\modules-2\files-2.1\org.slf4j\slf4j-api\1.7.25\da76ca59f6a57ee3102f8f9bd9cee742973efa8a\slf4j-api-1.7.25.jar;C:\Users\User\.gradle\caches\modules-2\files-2.1\org.slf4j\jcl-over-slf4j\1.7.25\f8c32b13ff142a513eeb5b6330b1588dcb2c0461\jcl-over-slf4j-1.7.25.jar;C:\Users\User\.gradle\caches\modules-2\files-2.1\org.apache.tomcat.embed\tomcat-embed-core\8.5.20\b9026ee20f1f6a2b0fc3e51dd806d800901448b0\tomcat-embed-core-8.5.20.jar;C:\Users\User\.gradle\caches\modules-2\files-2.1\org.apache.tomcat.embed\tomcat-embed-el\8.5.20\42960f481a8a80f4ffd3b865c2232820e3565bf1\tomcat-embed-el-8.5.20.jar;C:\Users\User\.gradle\caches\modules-2\files-2.1\org.apache.tomcat.embed\tomcat-embed-websocket\8.5.20\4df9055507926a2651f691cc9964c50493a0ab29\tomcat-embed-websocket-8.5.20.jar;C:\Users\User\.gradle\caches\modules-2\files-2.1\javax.validation\validation-api\1.1.0.Final\8613ae82954779d518631e05daa73a6a954817d5\validation-api-1.1.0.Final.jar;C:\Users\User\.gradle\caches\modules-2\files-2.1\com.fasterxml\classmate\1.3.4\3d5f48f10bbe4eb7bd862f10c0583be2e0053c6\classmate-1.3.4.jar;C:\Users\User\.gradle\caches\modules-2\files-2.1\com.fasterxml.jackson.core\jackson-annotations\2.8.0\45b426f7796b741035581a176744d91090e2e6fb\jackson-annotations-2.8.0.jar;C:\Users\User\.gradle\caches\modules-2\files-2.1\com.fasterxml.jackson.core\jackson-core\2.8.10\eb21a035c66ad307e66ec8fce37f5d50fd62d039\jackson-core-2.8.10.jar;C:\Users\User\.gradle\caches\modules-2\files-2.1\org.springframework\spring-expression\4.3.11.RELEASE\fca662a2fccdad90ec22b2aaecb021047dcbe249\spring-expression-4.3.11.RELEASE.jar;C:\Users\User\.gradle\caches\modules-2\files-2.1\net.minidev\json-smart\2.2.1\5b9e5df7a62d1279b70dc882b041d249c4f0b002\json-smart-2.2.1.jar;C:\Users\User\.gradle\caches\modules-2\files-2.1\com.vaadin.external.google\android-json\0.0.20131108.vaadin1\fa26d351fe62a6a17f5cda1287c1c6110dec413f\android-json-0.0.20131108.vaadin1.jar;C:\Users\User\.gradle\caches\modules-2\files-2.1\org.apache.httpcomponents\httpcore\4.4.6\e3fd8ced1f52c7574af952e2e6da0df8df08eb82\httpcore-4.4.6.jar;C:\Users\User\.gradle\caches\modules-2\files-2.1\commons-codec\commons-codec\1.10\4b95f4897fa13f2cd904aee711aeafc0c5295cd8\commons-codec-1.10.jar;C:\Users\User\.gradle\caches\modules-2\files-2.1\org.codehaus.groovy\groovy-json\2.4.12\810b46f2b359b904c4c7428ad4c03c09094a01ff\groovy-json-2.4.12.jar;C:\Users\User\.gradle\caches\modules-2\files-2.1\io.rest-assured\rest-assured-common\3.0.6\fa0cb69682ed3df571cab6d20894c4ed2970b901\rest-assured-common-3.0.6.jar;C:\Users\User\.gradle\caches\modules-2\files-2.1\org.apache.commons\commons-lang3\3.4\5fe28b9518e58819180a43a850fbc0dd24b7c050\commons-lang3-3.4.jar;C:\Users\User\.gradle\caches\modules-2\files-2.1\javax.xml.bind\jaxb-api\2.2.12\4c83805595b15acf41d71d49e3add7c0e85baaed\jaxb-api-2.2.12.jar;C:\Users\User\.gradle\caches\modules-2\files-2.1\ch.qos.logback\logback-classic\1.1.11\ccedfbacef4a6515d2983e3f89ed753d5d4fb665\logback-classic-1.1.11.jar;C:\Users\User\.gradle\caches\modules-2\files-2.1\org.slf4j\jul-to-slf4j\1.7.25\af5364cd6679bfffb114f0dec8a157aaa283b76\jul-to-slf4j-1.7.25.jar;C:\Users\User\.gradle\caches\modules-2\files-2.1\org.slf4j\log4j-over-slf4j\1.7.25\a87bb47468f47ee7aabbd54f93e133d4215769c3\log4j-over-slf4j-1.7.25.jar;C:\Users\User\.gradle\caches\modules-2\files-2.1\org.apache.tomcat\tomcat-juli\8.5.20\6c0579d329696059f377585d2a51455bf083d9ee\tomcat-juli-8.5.20.jar;C:\Users\User\.gradle\caches\modules-2\files-2.1\net.minidev\accessors-smart\1.1\a527213f2fea112a04c9bdf0ec0264e34104cd08\accessors-smart-1.1.jar;C:\Users\User\.gradle\caches\modules-2\files-2.1\ch.qos.logback\logback-core\1.1.11\88b8df40340eed549fb07e2613879bf6b006704d\logback-core-1.1.11.jar;C:\Users\User\.gradle\caches\modules-2\files-2.1\org.ow2.asm\asm\5.0.3\dcc2193db20e19e1feca8b1240dbbc4e190824fa\asm-5.0.3.jar, user.name=User, java.vm.specification.version=1.8, sun.java.command=jarjar.org.gradle.process.internal.launcher.GradleWorkerMain 'Gradle Test Executor 1', java.home=C:\Program Files\Java\jdk1.8.0_151\jre, sun.arch.data.model=64, user.language=de, java.specification.vendor=Oracle Corporation, awt.toolkit=sun.awt.windows.WToolkit, java.vm.info=mixed mode, java.version=1.8.0_151, java.ext.dirs=C:\Program Files\Java\jdk1.8.0_151\jre\lib\ext;C:\windows\Sun\Java\lib\ext, sun.boot.class.path=C:\Program Files\Java\jdk1.8.0_151\jre\lib\resources.jar;C:\Program Files\Java\jdk1.8.0_151\jre\lib\rt.jar;C:\Program Files\Java\jdk1.8.0_151\jre\lib\sunrsasign.jar;C:\Program Files\Java\jdk1.8.0_151\jre\lib\jsse.jar;C:\Program Files\Java\jdk1.8.0_151\jre\lib\jce.jar;C:\Program Files\Java\jdk1.8.0_151\jre\lib\charsets.jar;C:\Program Files\Java\jdk1.8.0_151\jre\lib\jfr.jar;C:\Program Files\Java\jdk1.8.0_151\jre\classes, java.vendor=Oracle Corporation, org.gradle.test.worker=1, file.separator=\, java.vendor.url.bug=http://bugreport.sun.com/bugreport/, sun.io.unicode.encoding=UnicodeLittle, sun.cpu.endian=little, sun.desktop=windows, sun.cpu.isalist=amd64}}, SystemEnvironmentPropertySource@367465484 {name='systemEnvironment', properties={LOCALAPPDATA=C:\Users\User\AppData\Local, PROCESSOR_LEVEL=6, TSMPATH=C:\Program Files\ThinkPad\UltraNav Utility, FP_NO_HOST_CHECK=NO, USERDOMAIN=User-PC, LOGONSERVER=\\USER-PC, SESSIONNAME=Console, ALLUSERSPROFILE=C:\ProgramData, PROCESSOR_ARCHITECTURE=AMD64, PSModulePath=C:\windows\system32\WindowsPowerShell\v1.0\Modules\, SystemDrive=C:, COMMPath=C:\Program Files\Lenovo\Communications Utility, OneDrive=C:\Users\User\OneDrive, TVT=C:\Program Files (x86)\Lenovo, APPDATA=C:\Users\User\AppData\Roaming, USERNAME=User, ProgramFiles(x86)=C:\Program Files (x86), CommonProgramFiles=C:\Program Files\Common Files, Path=C:/Program Files/Java/jre1.8.0_151/bin/server;C:/Program Files/Java/jre1.8.0_151/bin;C:/Program Files/Java/jre1.8.0_151/lib/amd64;C:\ProgramData\Oracle\Java\javapath;C:\windows\system32;C:\windows;C:\windows\System32\Wbem;C:\windows\System32\WindowsPowerShell\v1.0\;C:\Program Files (x86)\Lenovo\Access Connections\;C:\Program Files (x86)\Intel\OpenCL SDK\2.0\bin\x86;C:\Program Files (x86)\Intel\OpenCL SDK\2.0\bin\x64;C:\Program Files (x86)\Intel\Services\IPT\;C:\Program Files\ThinkPad\Bluetooth Software\;C:\Program Files\ThinkPad\Bluetooth Software\syswow64;C:\Program Files\Intel\WiFi\bin\;C:\Program Files\Common Files\Intel\WirelessCommon\;C:\Program Files\MiKTeX 2.9\miktex\bin\x64\;C:\Program Files\Git\cmd;C:\Program Files\PuTTY\;C:\Program Files\nodejs\;C:\Program Files\Intel\WiFi\bin\;C:\Program Files\Common Files\Intel\WirelessCommon\;C:\Program Files\Java\jre-9.0.1\bin;C:\Users\User\AppData\Roaming\npm;C:\windows\system32;, PATHEXT=.COM;.EXE;.BAT;.CMD;.VBS;.VBE;.JS;.JSE;.WSF;.WSH;.MSC, OS=Windows_NT, COMPUTERNAME=USER-PC, ACPath=C:\Program Files (x86)\Lenovo\Access Connections\, NDI_RUNTIME_DIR_V3=C:\Program Files\NewTek\NewTek NDI Redist\v3, UOIPME_REG_PATH=C:\Program Files\Intel Corporation\USB over IP, NDI_RUNTIME_DIR_V2=C:\Program Files\NewTek\NewTek NDI Redist\v3, PROCESSOR_REVISION=2a07, CommonProgramW6432=C:\Program Files\Common Files, ComSpec=C:\windows\system32\cmd.exe, ProgramData=C:\ProgramData, ProgramW6432=C:\Program Files, HOMEPATH=\Users\User, SystemRoot=C:\windows, TEMP=C:\Users\User\AppData\Local\Temp, HOMEDRIVE=C:, PROCESSOR_IDENTIFIER=Intel64 Family 6 Model 42 Stepping 7, GenuineIntel, USERPROFILE=C:\Users\User, TMP=C:\Users\User\AppData\Local\Temp, CommonProgramFiles(x86)=C:\Program Files (x86)\Common Files, ProgramFiles=C:\Program Files, PUBLIC=C:\Users\Public, NUMBER_OF_PROCESSORS=4, windir=C:\windows, =::=::\}}]
22:05:16.783 [Test worker] DEBUG org.springframework.beans.factory.support.DefaultListableBeanFactory - Creating shared instance of singleton bean 'org.springframework.boot.autoconfigure.AutoConfigurationPackages'
22:05:16.783 [Test worker] DEBUG org.springframework.beans.factory.support.DefaultListableBeanFactory - Creating instance of bean 'org.springframework.boot.autoconfigure.AutoConfigurationPackages'
22:05:16.785 [Test worker] DEBUG org.springframework.beans.factory.support.DefaultListableBeanFactory - Eagerly caching bean 'org.springframework.boot.autoconfigure.AutoConfigurationPackages' to allow for resolving potential circular references
22:05:16.785 [Test worker] DEBUG org.springframework.beans.factory.support.DefaultListableBeanFactory - Finished creating instance of bean 'org.springframework.boot.autoconfigure.AutoConfigurationPackages'
22:05:16.785 [Test worker] DEBUG org.springframework.boot.autoconfigure.AutoConfigurationPackages - @EnableAutoConfiguration was declared on a class in the package 'se1app.applicationcore'. Automatic @Repository and @Entity scanning is enabled.
22:05:16.786 [Test worker] DEBUG org.springframework.core.io.support.PathMatchingResourcePatternResolver - Resolved classpath location [se1app/applicationcore/] to resources [URL [file:/C:/Users/User/Documents/Uni/SE/SE/se1praktikum4/build/classes/test/se1app/applicationcore/], URL [file:/C:/Users/User/Documents/Uni/SE/SE/se1praktikum4/build/classes/main/se1app/applicationcore/]]
22:05:16.786 [Test worker] DEBUG org.springframework.core.io.support.PathMatchingResourcePatternResolver - Looking for matching resources in directory tree [C:\Users\User\Documents\Uni\SE\SE\se1praktikum4\build\classes\test\se1app\applicationcore]
22:05:16.786 [Test worker] DEBUG org.springframework.core.io.support.PathMatchingResourcePatternResolver - Searching directory [C:\Users\User\Documents\Uni\SE\SE\se1praktikum4\build\classes\test\se1app\applicationcore] for files matching pattern [C:/Users/User/Documents/Uni/SE/SE/se1praktikum4/build/classes/test/se1app/applicationcore/**/*.class]
22:05:16.786 [Test worker] DEBUG org.springframework.core.io.support.PathMatchingResourcePatternResolver - Searching directory [C:\Users\User\Documents\Uni\SE\SE\se1praktikum4\build\classes\test\se1app\applicationcore\accountcomponent] for files matching pattern [C:/Users/User/Documents/Uni/SE/SE/se1praktikum4/build/classes/test/se1app/applicationcore/**/*.class]
22:05:16.787 [Test worker] DEBUG org.springframework.core.io.support.PathMatchingResourcePatternResolver - Searching directory [C:\Users\User\Documents\Uni\SE\SE\se1praktikum4\build\classes\test\se1app\applicationcore\branchcomponent] for files matching pattern [C:/Users/User/Documents/Uni/SE/SE/se1praktikum4/build/classes/test/se1app/applicationcore/**/*.class]
22:05:16.788 [Test worker] DEBUG org.springframework.core.io.support.PathMatchingResourcePatternResolver - Searching directory [C:\Users\User\Documents\Uni\SE\SE\se1praktikum4\build\classes\test\se1app\applicationcore\facade] for files matching pattern [C:/Users/User/Documents/Uni/SE/SE/se1praktikum4/build/classes/test/se1app/applicationcore/**/*.class]
22:05:16.788 [Test worker] DEBUG org.springframework.core.io.support.PathMatchingResourcePatternResolver - Looking for matching resources in directory tree [C:\Users\User\Documents\Uni\SE\SE\se1praktikum4\build\classes\main\se1app\applicationcore]
22:05:16.788 [Test worker] DEBUG org.springframework.core.io.support.PathMatchingResourcePatternResolver - Searching directory [C:\Users\User\Documents\Uni\SE\SE\se1praktikum4\build\classes\main\se1app\applicationcore] for files matching pattern [C:/Users/User/Documents/Uni/SE/SE/se1praktikum4/build/classes/main/se1app/applicationcore/**/*.class]
22:05:16.789 [Test worker] DEBUG org.springframework.core.io.support.PathMatchingResourcePatternResolver - Searching directory [C:\Users\User\Documents\Uni\SE\SE\se1praktikum4\build\classes\main\se1app\applicationcore\accountcomponent] for files matching pattern [C:/Users/User/Documents/Uni/SE/SE/se1praktikum4/build/classes/main/se1app/applicationcore/**/*.class]
22:05:16.790 [Test worker] DEBUG org.springframework.core.io.support.PathMatchingResourcePatternResolver - Searching directory [C:\Users\User\Documents\Uni\SE\SE\se1praktikum4\build\classes\main\se1app\applicationcore\branchcomponent] for files matching pattern [C:/Users/User/Documents/Uni/SE/SE/se1praktikum4/build/classes/main/se1app/applicationcore/**/*.class]
22:05:16.791 [Test worker] DEBUG org.springframework.core.io.support.PathMatchingResourcePatternResolver - Searching directory [C:\Users\User\Documents\Uni\SE\SE\se1praktikum4\build\classes\main\se1app\applicationcore\facadecomponent] for files matching pattern [C:/Users/User/Documents/Uni/SE/SE/se1praktikum4/build/classes/main/se1app/applicationcore/**/*.class]
22:05:16.791 [Test worker] DEBUG org.springframework.core.io.support.PathMatchingResourcePatternResolver - Searching directory [C:\Users\User\Documents\Uni\SE\SE\se1praktikum4\build\classes\main\se1app\applicationcore\Usecase] for files matching pattern [C:/Users/User/Documents/Uni/SE/SE/se1praktikum4/build/classes/main/se1app/applicationcore/**/*.class]
22:05:16.792 [Test worker] DEBUG org.springframework.core.io.support.PathMatchingResourcePatternResolver - Searching directory [C:\Users\User\Documents\Uni\SE\SE\se1praktikum4\build\classes\main\se1app\applicationcore\util] for files matching pattern [C:/Users/User/Documents/Uni/SE/SE/se1praktikum4/build/classes/main/se1app/applicationcore/**/*.class]
22:05:16.792 [Test worker] DEBUG org.springframework.core.io.support.PathMatchingResourcePatternResolver - Resolved location pattern [classpath*:se1app/applicationcore/**/*.class] to resources [file [C:\Users\User\Documents\Uni\SE\SE\se1praktikum4\build\classes\test\se1app\applicationcore\accountcomponent\AccountTest.class], file [C:\Users\User\Documents\Uni\SE\SE\se1praktikum4\build\classes\test\se1app\applicationcore\branchcomponent\BranchRepositoryTest.class], file [C:\Users\User\Documents\Uni\SE\SE\se1praktikum4\build\classes\test\se1app\applicationcore\branchcomponent\BranchTest.class], file [C:\Users\User\Documents\Uni\SE\SE\se1praktikum4\build\classes\main\se1app\applicationcore\accountcomponent\Account.class], file [C:\Users\User\Documents\Uni\SE\SE\se1praktikum4\build\classes\main\se1app\applicationcore\accountcomponent\AccountComponentImpl.class], file [C:\Users\User\Documents\Uni\SE\SE\se1praktikum4\build\classes\main\se1app\applicationcore\accountcomponent\AccountComponentInterface.class], file [C:\Users\User\Documents\Uni\SE\SE\se1praktikum4\build\classes\main\se1app\applicationcore\accountcomponent\AccountNotCoveredException.class], file [C:\Users\User\Documents\Uni\SE\SE\se1praktikum4\build\classes\main\se1app\applicationcore\accountcomponent\AccountNotExistException.class], file [C:\Users\User\Documents\Uni\SE\SE\se1praktikum4\build\classes\main\se1app\applicationcore\accountcomponent\AccountNumberType.class], file [C:\Users\User\Documents\Uni\SE\SE\se1praktikum4\build\classes\main\se1app\applicationcore\accountcomponent\AccountNumberTypeConverter.class], file [C:\Users\User\Documents\Uni\SE\SE\se1praktikum4\build\classes\main\se1app\applicationcore\accountcomponent\AccountRepository.class], file [C:\Users\User\Documents\Uni\SE\SE\se1praktikum4\build\classes\main\se1app\applicationcore\accountcomponent\BookingPosition.class], file [C:\Users\User\Documents\Uni\SE\SE\se1praktikum4\build\classes\main\se1app\applicationcore\Application$1.class], file [C:\Users\User\Documents\Uni\SE\SE\se1praktikum4\build\classes\main\se1app\applicationcore\Application.class], file [C:\Users\User\Documents\Uni\SE\SE\se1praktikum4\build\classes\main\se1app\applicationcore\branchcomponent\Branch.class], file [C:\Users\User\Documents\Uni\SE\SE\se1praktikum4\build\classes\main\se1app\applicationcore\branchcomponent\BranchComponentImpl.class], file [C:\Users\User\Documents\Uni\SE\SE\se1praktikum4\build\classes\main\se1app\applicationcore\branchcomponent\BranchComponentInterface.class], file [C:\Users\User\Documents\Uni\SE\SE\se1praktikum4\build\classes\main\se1app\applicationcore\branchcomponent\BranchNotExistException.class], file [C:\Users\User\Documents\Uni\SE\SE\se1praktikum4\build\classes\main\se1app\applicationcore\branchcomponent\BranchNumberType.class], file [C:\Users\User\Documents\Uni\SE\SE\se1praktikum4\build\classes\main\se1app\applicationcore\branchcomponent\BranchRepository.class], file [C:\Users\User\Documents\Uni\SE\SE\se1praktikum4\build\classes\main\se1app\applicationcore\facadecomponent\ApplicationFacadeController.class], file [C:\Users\User\Documents\Uni\SE\SE\se1praktikum4\build\classes\main\se1app\applicationcore\Usecase\UsecaseBooking.class], file [C:\Users\User\Documents\Uni\SE\SE\se1praktikum4\build\classes\main\se1app\applicationcore\util\EmailType.class]]
22:05:16.801 [Test worker] DEBUG org.springframework.data.repository.config.RepositoryComponentProvider - Identified candidate component class: file [C:\Users\User\Documents\Uni\SE\SE\se1praktikum4\build\classes\main\se1app\applicationcore\accountcomponent\AccountRepository.class]
22:05:16.811 [Test worker] DEBUG org.springframework.data.repository.config.RepositoryComponentProvider - Identified candidate component class: file [C:\Users\User\Documents\Uni\SE\SE\se1praktikum4\build\classes\main\se1app\applicationcore\branchcomponent\BranchRepository.class]
22:05:16.818 [Test worker] DEBUG org.springframework.beans.factory.support.DefaultListableBeanFactory - Returning cached instance of singleton bean 'org.springframework.boot.autoconfigure.AutoConfigurationPackages'
22:05:16.819 [Test worker] DEBUG org.springframework.core.env.StandardEnvironment - Adding PropertySource 'systemProperties' with lowest search precedence
22:05:16.819 [Test worker] DEBUG org.springframework.core.env.StandardEnvironment - Adding PropertySource 'systemEnvironment' with lowest search precedence
22:05:16.819 [Test worker] DEBUG org.springframework.core.env.StandardEnvironment - Initialized StandardEnvironment with PropertySources [MapPropertySource@1820067998 {name='systemProperties', properties={java.runtime.name=Java(TM) SE Runtime Environment, sun.boot.library.path=C:\Program Files\Java\jdk1.8.0_151\jre\bin, java.vm.version=25.151-b12, java.vm.vendor=Oracle Corporation, java.vendor.url=http://java.oracle.com/, path.separator=;, java.vm.name=Java HotSpot(TM) 64-Bit Server VM, file.encoding.pkg=sun.io, user.script=, sun.java.launcher=SUN_STANDARD, user.country=DE, sun.os.patch.level=Service Pack 1, java.vm.specification.name=Java Virtual Machine Specification, user.dir=C:\Users\User\Documents\Uni\SE\SE\se1praktikum4, java.runtime.version=1.8.0_151-b12, java.awt.graphicsenv=sun.awt.Win32GraphicsEnvironment, java.endorsed.dirs=C:\Program Files\Java\jdk1.8.0_151\jre\lib\endorsed, os.arch=amd64, java.io.tmpdir=C:\Users\User\AppData\Local\Temp\, line.separator=
, java.vm.specification.vendor=Oracle Corporation, user.variant=, os.name=Windows 7, sun.jnu.encoding=Cp1252, java.library.path=C:\Program Files\Java\jdk1.8.0_151\bin;C:\windows\Sun\Java\bin;C:\windows\system32;C:\windows;C:/Program Files/Java/jre1.8.0_151/bin/server;C:/Program Files/Java/jre1.8.0_151/bin;C:/Program Files/Java/jre1.8.0_151/lib/amd64;C:\ProgramData\Oracle\Java\javapath;C:\windows\system32;C:\windows;C:\windows\System32\Wbem;C:\windows\System32\WindowsPowerShell\v1.0\;C:\Program Files (x86)\Lenovo\Access Connections\;C:\Program Files (x86)\Intel\OpenCL SDK\2.0\bin\x86;C:\Program Files (x86)\Intel\OpenCL SDK\2.0\bin\x64;C:\Program Files (x86)\Intel\Services\IPT\;C:\Program Files\ThinkPad\Bluetooth Software\;C:\Program Files\ThinkPad\Bluetooth Software\syswow64;C:\Program Files\Intel\WiFi\bin\;C:\Program Files\Common Files\Intel\WirelessCommon\;C:\Program Files\MiKTeX 2.9\miktex\bin\x64\;C:\Program Files\Git\cmd;C:\Program Files\PuTTY\;C:\Program Files\nodejs\;C:\Program Files\Intel\WiFi\bin\;C:\Program Files\Common Files\Intel\WirelessCommon\;C:\Program Files\Java\jre-9.0.1\bin;C:\Users\User\AppData\Roaming\npm;C:\windows\system32;;., java.specification.name=Java Platform API Specification, java.class.version=52.0, sun.management.compiler=HotSpot 64-Bit Tiered Compilers, os.version=6.1, user.home=C:\Users\User, user.timezone=Europe/Berlin, java.awt.printerjob=sun.awt.windows.WPrinterJob, file.encoding=windows-1252, java.specification.version=1.8, java.class.path=C:\Users\User\Documents\Uni\SE\SE\se1praktikum4\build\classes\test;C:\Users\User\Documents\Uni\SE\SE\se1praktikum4\build\resources\test;C:\Users\User\Documents\Uni\SE\SE\se1praktikum4\build\classes\main;C:\Users\User\Documents\Uni\SE\SE\se1praktikum4\build\resources\main;C:\Users\User\.gradle\caches\modules-2\files-2.1\org.springframework.boot\spring-boot-starter-data-jpa\1.5.7.RELEASE\ccdf14487724b7c1343e5d2605f7170c026e405\spring-boot-starter-data-jpa-1.5.7.RELEASE.jar;C:\Users\User\.gradle\caches\modules-2\files-2.1\org.springframework.boot\spring-boot-starter-web\1.5.7.RELEASE\a862305be8b7512a41f6768d825ed37251ccbbe0\spring-boot-starter-web-1.5.7.RELEASE.jar;C:\Users\User\.gradle\caches\modules-2\files-2.1\org.springframework.boot\spring-boot-devtools\1.5.7.RELEASE\f433b9ba2fcf598624b5ae930096523f8a22119b\spring-boot-devtools-1.5.7.RELEASE.jar;C:\Users\User\.gradle\caches\modules-2\files-2.1\org.springframework.boot\spring-boot-starter-actuator\1.5.7.RELEASE\c8058080955524edbbacda602f25d1c5fdf2a3a9\spring-boot-starter-actuator-1.5.7.RELEASE.jar;C:\Users\User\.gradle\caches\modules-2\files-2.1\com.h2database\h2\1.4.196\dd0034398d593aa3588c6773faac429bbd9aea0e\h2-1.4.196.jar;C:\Users\User\.gradle\caches\modules-2\files-2.1\org.springframework.boot\spring-boot-starter-test\1.5.7.RELEASE\d23f37a72c2d4e46aba66bc69a649213f9cadeee\spring-boot-starter-test-1.5.7.RELEASE.jar;C:\Users\User\.gradle\caches\modules-2\files-2.1\org.mockito\mockito-core\2.10.0\871efe6f2607d8c93dd25b8c1fa09851d4286dd6\mockito-core-2.10.0.jar;C:\Users\User\.gradle\caches\modules-2\files-2.1\org.assertj\assertj-core\3.8.0\b209d90ff2e279bee3e02547ee7b11349c52d0e3\assertj-core-3.8.0.jar;C:\Users\User\.gradle\caches\modules-2\files-2.1\io.rest-assured\rest-assured\3.0.6\7048c659a0f1b8adca66af281edbf1397dddd63d\rest-assured-3.0.6.jar;C:\Users\User\.gradle\caches\modules-2\files-2.1\org.springframework.boot\spring-boot-starter\1.5.7.RELEASE\b42fe6962dd8b3be4ac8c1d7134d0ca2d0a35c7e\spring-boot-starter-1.5.7.RELEASE.jar;C:\Users\User\.gradle\caches\modules-2\files-2.1\org.springframework.boot\spring-boot-starter-aop\1.5.7.RELEASE\189098a72ccc0cca07ea42d6715c10524b5a93d1\spring-boot-starter-aop-1.5.7.RELEASE.jar;C:\Users\User\.gradle\caches\modules-2\files-2.1\org.springframework.boot\spring-boot-starter-jdbc\1.5.7.RELEASE\98c652a5461ccbec70b55fd0f7815d9c9a37a082\spring-boot-starter-jdbc-1.5.7.RELEASE.jar;C:\Users\User\.gradle\caches\modules-2\files-2.1\org.hibernate\hibernate-core\5.0.12.Final\e58bf1c660e6706d8e2cbb53bae110f574366102\hibernate-core-5.0.12.Final.jar;C:\Users\User\.gradle\caches\modules-2\files-2.1\org.hibernate\hibernate-entitymanager\5.0.12.Final\302a526f5058290e9cbd719a5caf9f248d344719\hibernate-entitymanager-5.0.12.Final.jar;C:\Users\User\.gradle\caches\modules-2\files-2.1\javax.transaction\javax.transaction-api\1.2\d81aff979d603edd90dcd8db2abc1f4ce6479e3e\javax.transaction-api-1.2.jar;C:\Users\User\.gradle\caches\modules-2\files-2.1\org.springframework.data\spring-data-jpa\1.11.7.RELEASE\587051cc7d7a3ddfac6098d623a658abb2f15865\spring-data-jpa-1.11.7.RELEASE.jar;C:\Users\User\.gradle\caches\modules-2\files-2.1\org.springframework\spring-aspects\4.3.11.RELEASE\38ab744d37aef58762a03dbe7ab1479070ebadc6\spring-aspects-4.3.11.RELEASE.jar;C:\Users\User\.gradle\caches\modules-2\files-2.1\org.springframework.boot\spring-boot-starter-tomcat\1.5.7.RELEASE\eae533e2a0111a51d812912acb3d3e2368736d1b\spring-boot-starter-tomcat-1.5.7.RELEASE.jar;C:\Users\User\.gradle\caches\modules-2\files-2.1\org.hibernate\hibernate-validator\5.3.5.Final\622a9bcef2eed6d41b5b8e0662c36212009e375\hibernate-validator-5.3.5.Final.jar;C:\Users\User\.gradle\caches\modules-2\files-2.1\com.fasterxml.jackson.core\jackson-databind\2.8.10\f7b83cb2bc4b88d53961e749e1ad32f49ef017b7\jackson-databind-2.8.10.jar;C:\Users\User\.gradle\caches\modules-2\files-2.1\org.springframework\spring-web\4.3.11.RELEASE\50a3dfce550bdf9459dfb2c6282aa104b040258e\spring-web-4.3.11.RELEASE.jar;C:\Users\User\.gradle\caches\modules-2\files-2.1\org.springframework\spring-webmvc\4.3.11.RELEASE\814f91ec4dc324e724bbe7cbc5045b234604c539\spring-webmvc-4.3.11.RELEASE.jar;C:\Users\User\.gradle\caches\modules-2\files-2.1\org.springframework.boot\spring-boot\1.5.7.RELEASE\1006870df7b3dc203df7ce84463c5dd7049fdaa4\spring-boot-1.5.7.RELEASE.jar;C:\Users\User\.gradle\caches\modules-2\files-2.1\org.springframework.boot\spring-boot-autoconfigure\1.5.7.RELEASE\e83f1407ff991e9e7eb156f49fa19d868bb73289\spring-boot-autoconfigure-1.5.7.RELEASE.jar;C:\Users\User\.gradle\caches\modules-2\files-2.1\org.springframework.boot\spring-boot-actuator\1.5.7.RELEASE\ff3124e2359be5e6c0d9cc501bf214413a329fee\spring-boot-actuator-1.5.7.RELEASE.jar;C:\Users\User\.gradle\caches\modules-2\files-2.1\org.springframework.boot\spring-boot-test\1.5.7.RELEASE\b8d77445d48f4320f404d8f13f4e5cb95bc36b30\spring-boot-test-1.5.7.RELEASE.jar;C:\Users\User\.gradle\caches\modules-2\files-2.1\org.springframework.boot\spring-boot-test-autoconfigure\1.5.7.RELEASE\8bead16b97c9f1b5fe7c47f3e030dd9351a6974d\spring-boot-test-autoconfigure-1.5.7.RELEASE.jar;C:\Users\User\.gradle\caches\modules-2\files-2.1\com.jayway.jsonpath\json-path\2.2.0\22290d17944bd239fabf5ac69005a60a7ecbbbcb\json-path-2.2.0.jar;C:\Users\User\.gradle\caches\modules-2\files-2.1\junit\junit\4.12\2973d150c0dc1fefe998f834810d68f278ea58ec\junit-4.12.jar;C:\Users\User\.gradle\caches\modules-2\files-2.1\org.hamcrest\hamcrest-core\1.3\42a25dc3219429f0e5d060061f71acb49bf010a0\hamcrest-core-1.3.jar;C:\Users\User\.gradle\caches\modules-2\files-2.1\org.hamcrest\hamcrest-library\1.3\4785a3c21320980282f9f33d0d1264a69040538f\hamcrest-library-1.3.jar;C:\Users\User\.gradle\caches\modules-2\files-2.1\org.skyscreamer\jsonassert\1.4.0\9cdbb373a06f6513e51e8c545ee6a5e981463edb\jsonassert-1.4.0.jar;C:\Users\User\.gradle\caches\modules-2\files-2.1\org.springframework\spring-core\4.3.11.RELEASE\eb30ed093f628279d3aead068fd478fa343f1dad\spring-core-4.3.11.RELEASE.jar;C:\Users\User\.gradle\caches\modules-2\files-2.1\org.springframework\spring-test\4.3.11.RELEASE\cf765b5d6d6bdc38c67522ecae3fe9549da43e1\spring-test-4.3.11.RELEASE.jar;C:\Users\User\.gradle\caches\modules-2\files-2.1\net.bytebuddy\byte-buddy\1.7.4\d0e77888485e1683057f8399f916eda6049c4acf\byte-buddy-1.7.4.jar;C:\Users\User\.gradle\caches\modules-2\files-2.1\net.bytebuddy\byte-buddy-agent\1.7.4\66286677db75148b3c2fb94e72f1c61aceb20e33\byte-buddy-agent-1.7.4.jar;C:\Users\User\.gradle\caches\modules-2\files-2.1\org.objenesis\objenesis\2.6\639033469776fd37c08358c6b92a4761feb2af4b\objenesis-2.6.jar;C:\Users\User\.gradle\caches\modules-2\files-2.1\org.codehaus.groovy\groovy\2.4.12\a43be367110c491787219f1c128b5b5fc54f1e70\groovy-2.4.12.jar;C:\Users\User\.gradle\caches\modules-2\files-2.1\org.codehaus.groovy\groovy-xml\2.4.12\b5c023bbbc8a4bbf9c0b38d731fe31d53f00c64a\groovy-xml-2.4.12.jar;C:\Users\User\.gradle\caches\modules-2\files-2.1\org.apache.httpcomponents\httpclient\4.5.3\d1577ae15f01ef5438c5afc62162457c00a34713\httpclient-4.5.3.jar;C:\Users\User\.gradle\caches\modules-2\files-2.1\org.apache.httpcomponents\httpmime\4.5.3\889fd6d061bb63b99dd5c6aba35a555ae863de52\httpmime-4.5.3.jar;C:\Users\User\.gradle\caches\modules-2\files-2.1\org.ccil.cowan.tagsoup\tagsoup\1.2.1\5584627487e984c03456266d3f8802eb85a9ce97\tagsoup-1.2.1.jar;C:\Users\User\.gradle\caches\modules-2\files-2.1\io.rest-assured\json-path\3.0.6\46b9832bdcf3b009ef29dad04e5bf1b951c2966e\json-path-3.0.6.jar;C:\Users\User\.gradle\caches\modules-2\files-2.1\io.rest-assured\xml-path\3.0.6\5ea3318626ac935bfc5088c772ea6d57c43e1bf3\xml-path-3.0.6.jar;C:\Users\User\.gradle\caches\modules-2\files-2.1\org.springframework.boot\spring-boot-starter-logging\1.5.7.RELEASE\c84c4ea09d7f789a0d5e936a961471e5dbd9295e\spring-boot-starter-logging-1.5.7.RELEASE.jar;C:\Users\User\.gradle\caches\modules-2\files-2.1\org.yaml\snakeyaml\1.17\7a27ea250c5130b2922b86dea63cbb1cc10a660c\snakeyaml-1.17.jar;C:\Users\User\.gradle\caches\modules-2\files-2.1\org.springframework\spring-aop\4.3.11.RELEASE\461d0bb58f1de30203d9331adf4b51de9554de5a\spring-aop-4.3.11.RELEASE.jar;C:\Users\User\.gradle\caches\modules-2\files-2.1\org.aspectj\aspectjweaver\1.8.10\e198c5fee28988c355f74e06461614eae36b2032\aspectjweaver-1.8.10.jar;C:\Users\User\.gradle\caches\modules-2\files-2.1\org.apache.tomcat\tomcat-jdbc\8.5.20\10d0d288d837ddfc92096920e4571054a3934160\tomcat-jdbc-8.5.20.jar;C:\Users\User\.gradle\caches\modules-2\files-2.1\org.springframework\spring-jdbc\4.3.11.RELEASE\642ed7497d327f299caccb930af6b65e229864c4\spring-jdbc-4.3.11.RELEASE.jar;C:\Users\User\.gradle\caches\modules-2\files-2.1\org.jboss.logging\jboss-logging\3.3.1.Final\c46217ab74b532568c0ed31dc599db3048bd1b67\jboss-logging-3.3.1.Final.jar;C:\Users\User\.gradle\caches\modules-2\files-2.1\org.hibernate.javax.persistence\hibernate-jpa-2.1-api\1.0.0.Final\5e731d961297e5a07290bfaf3db1fbc8bbbf405a\hibernate-jpa-2.1-api-1.0.0.Final.jar;C:\Users\User\.gradle\caches\modules-2\files-2.1\org.javassist\javassist\3.21.0-GA\598244f595db5c5fb713731eddbb1c91a58d959b\javassist-3.21.0-GA.jar;C:\Users\User\.gradle\caches\modules-2\files-2.1\antlr\antlr\2.7.7\83cd2cd674a217ade95a4bb83a8a14f351f48bd0\antlr-2.7.7.jar;C:\Users\User\.gradle\caches\modules-2\files-2.1\org.jboss\jandex\2.0.0.Final\3e899258936f94649c777193e1be846387ed54b3\jandex-2.0.0.Final.jar;C:\Users\User\.gradle\caches\modules-2\files-2.1\dom4j\dom4j\1.6.1\5d3ccc056b6f056dbf0dddfdf43894b9065a8f94\dom4j-1.6.1.jar;C:\Users\User\.gradle\caches\modules-2\files-2.1\org.hibernate.common\hibernate-commons-annotations\5.0.1.Final\71e1cff3fcb20d3b3af4f3363c3ddb24d33c6879\hibernate-commons-annotations-5.0.1.Final.jar;C:\Users\User\.gradle\caches\modules-2\files-2.1\org.springframework.data\spring-data-commons\1.13.7.RELEASE\cf4538abda1f0a9cf2323d6e4204df0130aeec73\spring-data-commons-1.13.7.RELEASE.jar;C:\Users\User\.gradle\caches\modules-2\files-2.1\org.springframework\spring-orm\4.3.11.RELEASE\7ba1b25ad62b29295aa90ae88f9f35e84861953c\spring-orm-4.3.11.RELEASE.jar;C:\Users\User\.gradle\caches\modules-2\files-2.1\org.springframework\spring-context\4.3.11.RELEASE\3efec2d7c7469d49108a2b21c3f15831f7297569\spring-context-4.3.11.RELEASE.jar;C:\Users\User\.gradle\caches\modules-2\files-2.1\org.springframework\spring-tx\4.3.11.RELEASE\c931ee363d2269f03edfeb83d7d7fe23924ab8a1\spring-tx-4.3.11.RELEASE.jar;C:\Users\User\.gradle\caches\modules-2\files-2.1\org.springframework\spring-beans\4.3.11.RELEASE\591cc35fd39292adae13f01aa13e978d0bb11936\spring-beans-4.3.11.RELEASE.jar;C:\Users\User\.gradle\caches\modules-2\files-2.1\org.slf4j\slf4j-api\1.7.25\da76ca59f6a57ee3102f8f9bd9cee742973efa8a\slf4j-api-1.7.25.jar;C:\Users\User\.gradle\caches\modules-2\files-2.1\org.slf4j\jcl-over-slf4j\1.7.25\f8c32b13ff142a513eeb5b6330b1588dcb2c0461\jcl-over-slf4j-1.7.25.jar;C:\Users\User\.gradle\caches\modules-2\files-2.1\org.apache.tomcat.embed\tomcat-embed-core\8.5.20\b9026ee20f1f6a2b0fc3e51dd806d800901448b0\tomcat-embed-core-8.5.20.jar;C:\Users\User\.gradle\caches\modules-2\files-2.1\org.apache.tomcat.embed\tomcat-embed-el\8.5.20\42960f481a8a80f4ffd3b865c2232820e3565bf1\tomcat-embed-el-8.5.20.jar;C:\Users\User\.gradle\caches\modules-2\files-2.1\org.apache.tomcat.embed\tomcat-embed-websocket\8.5.20\4df9055507926a2651f691cc9964c50493a0ab29\tomcat-embed-websocket-8.5.20.jar;C:\Users\User\.gradle\caches\modules-2\files-2.1\javax.validation\validation-api\1.1.0.Final\8613ae82954779d518631e05daa73a6a954817d5\validation-api-1.1.0.Final.jar;C:\Users\User\.gradle\caches\modules-2\files-2.1\com.fasterxml\classmate\1.3.4\3d5f48f10bbe4eb7bd862f10c0583be2e0053c6\classmate-1.3.4.jar;C:\Users\User\.gradle\caches\modules-2\files-2.1\com.fasterxml.jackson.core\jackson-annotations\2.8.0\45b426f7796b741035581a176744d91090e2e6fb\jackson-annotations-2.8.0.jar;C:\Users\User\.gradle\caches\modules-2\files-2.1\com.fasterxml.jackson.core\jackson-core\2.8.10\eb21a035c66ad307e66ec8fce37f5d50fd62d039\jackson-core-2.8.10.jar;C:\Users\User\.gradle\caches\modules-2\files-2.1\org.springframework\spring-expression\4.3.11.RELEASE\fca662a2fccdad90ec22b2aaecb021047dcbe249\spring-expression-4.3.11.RELEASE.jar;C:\Users\User\.gradle\caches\modules-2\files-2.1\net.minidev\json-smart\2.2.1\5b9e5df7a62d1279b70dc882b041d249c4f0b002\json-smart-2.2.1.jar;C:\Users\User\.gradle\caches\modules-2\files-2.1\com.vaadin.external.google\android-json\0.0.20131108.vaadin1\fa26d351fe62a6a17f5cda1287c1c6110dec413f\android-json-0.0.20131108.vaadin1.jar;C:\Users\User\.gradle\caches\modules-2\files-2.1\org.apache.httpcomponents\httpcore\4.4.6\e3fd8ced1f52c7574af952e2e6da0df8df08eb82\httpcore-4.4.6.jar;C:\Users\User\.gradle\caches\modules-2\files-2.1\commons-codec\commons-codec\1.10\4b95f4897fa13f2cd904aee711aeafc0c5295cd8\commons-codec-1.10.jar;C:\Users\User\.gradle\caches\modules-2\files-2.1\org.codehaus.groovy\groovy-json\2.4.12\810b46f2b359b904c4c7428ad4c03c09094a01ff\groovy-json-2.4.12.jar;C:\Users\User\.gradle\caches\modules-2\files-2.1\io.rest-assured\rest-assured-common\3.0.6\fa0cb69682ed3df571cab6d20894c4ed2970b901\rest-assured-common-3.0.6.jar;C:\Users\User\.gradle\caches\modules-2\files-2.1\org.apache.commons\commons-lang3\3.4\5fe28b9518e58819180a43a850fbc0dd24b7c050\commons-lang3-3.4.jar;C:\Users\User\.gradle\caches\modules-2\files-2.1\javax.xml.bind\jaxb-api\2.2.12\4c83805595b15acf41d71d49e3add7c0e85baaed\jaxb-api-2.2.12.jar;C:\Users\User\.gradle\caches\modules-2\files-2.1\ch.qos.logback\logback-classic\1.1.11\ccedfbacef4a6515d2983e3f89ed753d5d4fb665\logback-classic-1.1.11.jar;C:\Users\User\.gradle\caches\modules-2\files-2.1\org.slf4j\jul-to-slf4j\1.7.25\af5364cd6679bfffb114f0dec8a157aaa283b76\jul-to-slf4j-1.7.25.jar;C:\Users\User\.gradle\caches\modules-2\files-2.1\org.slf4j\log4j-over-slf4j\1.7.25\a87bb47468f47ee7aabbd54f93e133d4215769c3\log4j-over-slf4j-1.7.25.jar;C:\Users\User\.gradle\caches\modules-2\files-2.1\org.apache.tomcat\tomcat-juli\8.5.20\6c0579d329696059f377585d2a51455bf083d9ee\tomcat-juli-8.5.20.jar;C:\Users\User\.gradle\caches\modules-2\files-2.1\net.minidev\accessors-smart\1.1\a527213f2fea112a04c9bdf0ec0264e34104cd08\accessors-smart-1.1.jar;C:\Users\User\.gradle\caches\modules-2\files-2.1\ch.qos.logback\logback-core\1.1.11\88b8df40340eed549fb07e2613879bf6b006704d\logback-core-1.1.11.jar;C:\Users\User\.gradle\caches\modules-2\files-2.1\org.ow2.asm\asm\5.0.3\dcc2193db20e19e1feca8b1240dbbc4e190824fa\asm-5.0.3.jar, user.name=User, java.vm.specification.version=1.8, sun.java.command=jarjar.org.gradle.process.internal.launcher.GradleWorkerMain 'Gradle Test Executor 1', java.home=C:\Program Files\Java\jdk1.8.0_151\jre, sun.arch.data.model=64, user.language=de, java.specification.vendor=Oracle Corporation, awt.toolkit=sun.awt.windows.WToolkit, java.vm.info=mixed mode, java.version=1.8.0_151, java.ext.dirs=C:\Program Files\Java\jdk1.8.0_151\jre\lib\ext;C:\windows\Sun\Java\lib\ext, sun.boot.class.path=C:\Program Files\Java\jdk1.8.0_151\jre\lib\resources.jar;C:\Program Files\Java\jdk1.8.0_151\jre\lib\rt.jar;C:\Program Files\Java\jdk1.8.0_151\jre\lib\sunrsasign.jar;C:\Program Files\Java\jdk1.8.0_151\jre\lib\jsse.jar;C:\Program Files\Java\jdk1.8.0_151\jre\lib\jce.jar;C:\Program Files\Java\jdk1.8.0_151\jre\lib\charsets.jar;C:\Program Files\Java\jdk1.8.0_151\jre\lib\jfr.jar;C:\Program Files\Java\jdk1.8.0_151\jre\classes, java.vendor=Oracle Corporation, org.gradle.test.worker=1, file.separator=\, java.vendor.url.bug=http://bugreport.sun.com/bugreport/, sun.io.unicode.encoding=UnicodeLittle, sun.cpu.endian=little, sun.desktop=windows, sun.cpu.isalist=amd64}}, SystemEnvironmentPropertySource@272126719 {name='systemEnvironment', properties={LOCALAPPDATA=C:\Users\User\AppData\Local, PROCESSOR_LEVEL=6, TSMPATH=C:\Program Files\ThinkPad\UltraNav Utility, FP_NO_HOST_CHECK=NO, USERDOMAIN=User-PC, LOGONSERVER=\\USER-PC, SESSIONNAME=Console, ALLUSERSPROFILE=C:\ProgramData, PROCESSOR_ARCHITECTURE=AMD64, PSModulePath=C:\windows\system32\WindowsPowerShell\v1.0\Modules\, SystemDrive=C:, COMMPath=C:\Program Files\Lenovo\Communications Utility, OneDrive=C:\Users\User\OneDrive, TVT=C:\Program Files (x86)\Lenovo, APPDATA=C:\Users\User\AppData\Roaming, USERNAME=User, ProgramFiles(x86)=C:\Program Files (x86), CommonProgramFiles=C:\Program Files\Common Files, Path=C:/Program Files/Java/jre1.8.0_151/bin/server;C:/Program Files/Java/jre1.8.0_151/bin;C:/Program Files/Java/jre1.8.0_151/lib/amd64;C:\ProgramData\Oracle\Java\javapath;C:\windows\system32;C:\windows;C:\windows\System32\Wbem;C:\windows\System32\WindowsPowerShell\v1.0\;C:\Program Files (x86)\Lenovo\Access Connections\;C:\Program Files (x86)\Intel\OpenCL SDK\2.0\bin\x86;C:\Program Files (x86)\Intel\OpenCL SDK\2.0\bin\x64;C:\Program Files (x86)\Intel\Services\IPT\;C:\Program Files\ThinkPad\Bluetooth Software\;C:\Program Files\ThinkPad\Bluetooth Software\syswow64;C:\Program Files\Intel\WiFi\bin\;C:\Program Files\Common Files\Intel\WirelessCommon\;C:\Program Files\MiKTeX 2.9\miktex\bin\x64\;C:\Program Files\Git\cmd;C:\Program Files\PuTTY\;C:\Program Files\nodejs\;C:\Program Files\Intel\WiFi\bin\;C:\Program Files\Common Files\Intel\WirelessCommon\;C:\Program Files\Java\jre-9.0.1\bin;C:\Users\User\AppData\Roaming\npm;C:\windows\system32;, PATHEXT=.COM;.EXE;.BAT;.CMD;.VBS;.VBE;.JS;.JSE;.WSF;.WSH;.MSC, OS=Windows_NT, COMPUTERNAME=USER-PC, ACPath=C:\Program Files (x86)\Lenovo\Access Connections\, NDI_RUNTIME_DIR_V3=C:\Program Files\NewTek\NewTek NDI Redist\v3, UOIPME_REG_PATH=C:\Program Files\Intel Corporation\USB over IP, NDI_RUNTIME_DIR_V2=C:\Program Files\NewTek\NewTek NDI Redist\v3, PROCESSOR_REVISION=2a07, CommonProgramW6432=C:\Program Files\Common Files, ComSpec=C:\windows\system32\cmd.exe, ProgramData=C:\ProgramData, ProgramW6432=C:\Program Files, HOMEPATH=\Users\User, SystemRoot=C:\windows, TEMP=C:\Users\User\AppData\Local\Temp, HOMEDRIVE=C:, PROCESSOR_IDENTIFIER=Intel64 Family 6 Model 42 Stepping 7, GenuineIntel, USERPROFILE=C:\Users\User, TMP=C:\Users\User\AppData\Local\Temp, CommonProgramFiles(x86)=C:\Program Files (x86)\Common Files, ProgramFiles=C:\Program Files, PUBLIC=C:\Users\Public, NUMBER_OF_PROCESSORS=4, windir=C:\windows, =::=::\}}]
22:05:16.823 [Test worker] DEBUG org.springframework.core.io.support.PathMatchingResourcePatternResolver - Resolved classpath location [se1app/applicationcore/] to resources [URL [file:/C:/Users/User/Documents/Uni/SE/SE/se1praktikum4/build/classes/test/se1app/applicationcore/], URL [file:/C:/Users/User/Documents/Uni/SE/SE/se1praktikum4/build/classes/main/se1app/applicationcore/]]
22:05:16.823 [Test worker] DEBUG org.springframework.core.io.support.PathMatchingResourcePatternResolver - Looking for matching resources in directory tree [C:\Users\User\Documents\Uni\SE\SE\se1praktikum4\build\classes\test\se1app\applicationcore]
22:05:16.823 [Test worker] DEBUG org.springframework.core.io.support.PathMatchingResourcePatternResolver - Searching directory [C:\Users\User\Documents\Uni\SE\SE\se1praktikum4\build\classes\test\se1app\applicationcore] for files matching pattern [C:/Users/User/Documents/Uni/SE/SE/se1praktikum4/build/classes/test/se1app/applicationcore/**/*BranchRepositoryImpl.class]
22:05:16.824 [Test worker] DEBUG org.springframework.core.io.support.PathMatchingResourcePatternResolver - Searching directory [C:\Users\User\Documents\Uni\SE\SE\se1praktikum4\build\classes\test\se1app\applicationcore\accountcomponent] for files matching pattern [C:/Users/User/Documents/Uni/SE/SE/se1praktikum4/build/classes/test/se1app/applicationcore/**/*BranchRepositoryImpl.class]
22:05:16.824 [Test worker] DEBUG org.springframework.core.io.support.PathMatchingResourcePatternResolver - Searching directory [C:\Users\User\Documents\Uni\SE\SE\se1praktikum4\build\classes\test\se1app\applicationcore\branchcomponent] for files matching pattern [C:/Users/User/Documents/Uni/SE/SE/se1praktikum4/build/classes/test/se1app/applicationcore/**/*BranchRepositoryImpl.class]
22:05:16.825 [Test worker] DEBUG org.springframework.core.io.support.PathMatchingResourcePatternResolver - Searching directory [C:\Users\User\Documents\Uni\SE\SE\se1praktikum4\build\classes\test\se1app\applicationcore\facade] for files matching pattern [C:/Users/User/Documents/Uni/SE/SE/se1praktikum4/build/classes/test/se1app/applicationcore/**/*BranchRepositoryImpl.class]
22:05:16.825 [Test worker] DEBUG org.springframework.core.io.support.PathMatchingResourcePatternResolver - Looking for matching resources in directory tree [C:\Users\User\Documents\Uni\SE\SE\se1praktikum4\build\classes\main\se1app\applicationcore]
22:05:16.825 [Test worker] DEBUG org.springframework.core.io.support.PathMatchingResourcePatternResolver - Searching directory [C:\Users\User\Documents\Uni\SE\SE\se1praktikum4\build\classes\main\se1app\applicationcore] for files matching pattern [C:/Users/User/Documents/Uni/SE/SE/se1praktikum4/build/classes/main/se1app/applicationcore/**/*BranchRepositoryImpl.class]
22:05:16.826 [Test worker] DEBUG org.springframework.core.io.support.PathMatchingResourcePatternResolver - Searching directory [C:\Users\User\Documents\Uni\SE\SE\se1praktikum4\build\classes\main\se1app\applicationcore\accountcomponent] for files matching pattern [C:/Users/User/Documents/Uni/SE/SE/se1praktikum4/build/classes/main/se1app/applicationcore/**/*BranchRepositoryImpl.class]
22:05:16.827 [Test worker] DEBUG org.springframework.core.io.support.PathMatchingResourcePatternResolver - Searching directory [C:\Users\User\Documents\Uni\SE\SE\se1praktikum4\build\classes\main\se1app\applicationcore\branchcomponent] for files matching pattern [C:/Users/User/Documents/Uni/SE/SE/se1praktikum4/build/classes/main/se1app/applicationcore/**/*BranchRepositoryImpl.class]
22:05:16.828 [Test worker] DEBUG org.springframework.core.io.support.PathMatchingResourcePatternResolver - Searching directory [C:\Users\User\Documents\Uni\SE\SE\se1praktikum4\build\classes\main\se1app\applicationcore\facadecomponent] for files matching pattern [C:/Users/User/Documents/Uni/SE/SE/se1praktikum4/build/classes/main/se1app/applicationcore/**/*BranchRepositoryImpl.class]
22:05:16.828 [Test worker] DEBUG org.springframework.core.io.support.PathMatchingResourcePatternResolver - Searching directory [C:\Users\User\Documents\Uni\SE\SE\se1praktikum4\build\classes\main\se1app\applicationcore\Usecase] for files matching pattern [C:/Users/User/Documents/Uni/SE/SE/se1praktikum4/build/classes/main/se1app/applicationcore/**/*BranchRepositoryImpl.class]
22:05:16.829 [Test worker] DEBUG org.springframework.core.io.support.PathMatchingResourcePatternResolver - Searching directory [C:\Users\User\Documents\Uni\SE\SE\se1praktikum4\build\classes\main\se1app\applicationcore\util] for files matching pattern [C:/Users/User/Documents/Uni/SE/SE/se1praktikum4/build/classes/main/se1app/applicationcore/**/*BranchRepositoryImpl.class]
22:05:16.829 [Test worker] DEBUG org.springframework.core.io.support.PathMatchingResourcePatternResolver - Resolved location pattern [classpath*:se1app/applicationcore/**/*BranchRepositoryImpl.class] to resources []
22:05:16.834 [Test worker] DEBUG org.springframework.data.repository.config.RepositoryConfigurationDelegate - Spring Data JPA - Registering repository: branchRepository - Interface: se1app.applicationcore.branchcomponent.BranchRepository - Factory: org.springframework.data.jpa.repository.support.JpaRepositoryFactoryBean
22:05:16.841 [Test worker] DEBUG org.springframework.beans.factory.support.DefaultListableBeanFactory - Returning cached instance of singleton bean 'org.springframework.boot.autoconfigure.AutoConfigurationPackages'
22:05:16.842 [Test worker] DEBUG org.springframework.core.env.StandardEnvironment - Adding PropertySource 'systemProperties' with lowest search precedence
22:05:16.842 [Test worker] DEBUG org.springframework.core.env.StandardEnvironment - Adding PropertySource 'systemEnvironment' with lowest search precedence
22:05:16.842 [Test worker] DEBUG org.springframework.core.env.StandardEnvironment - Initialized StandardEnvironment with PropertySources [MapPropertySource@1484314379 {name='systemProperties', properties={java.runtime.name=Java(TM) SE Runtime Environment, sun.boot.library.path=C:\Program Files\Java\jdk1.8.0_151\jre\bin, java.vm.version=25.151-b12, java.vm.vendor=Oracle Corporation, java.vendor.url=http://java.oracle.com/, path.separator=;, java.vm.name=Java HotSpot(TM) 64-Bit Server VM, file.encoding.pkg=sun.io, user.script=, sun.java.launcher=SUN_STANDARD, user.country=DE, sun.os.patch.level=Service Pack 1, java.vm.specification.name=Java Virtual Machine Specification, user.dir=C:\Users\User\Documents\Uni\SE\SE\se1praktikum4, java.runtime.version=1.8.0_151-b12, java.awt.graphicsenv=sun.awt.Win32GraphicsEnvironment, java.endorsed.dirs=C:\Program Files\Java\jdk1.8.0_151\jre\lib\endorsed, os.arch=amd64, java.io.tmpdir=C:\Users\User\AppData\Local\Temp\, line.separator=
, java.vm.specification.vendor=Oracle Corporation, user.variant=, os.name=Windows 7, sun.jnu.encoding=Cp1252, java.library.path=C:\Program Files\Java\jdk1.8.0_151\bin;C:\windows\Sun\Java\bin;C:\windows\system32;C:\windows;C:/Program Files/Java/jre1.8.0_151/bin/server;C:/Program Files/Java/jre1.8.0_151/bin;C:/Program Files/Java/jre1.8.0_151/lib/amd64;C:\ProgramData\Oracle\Java\javapath;C:\windows\system32;C:\windows;C:\windows\System32\Wbem;C:\windows\System32\WindowsPowerShell\v1.0\;C:\Program Files (x86)\Lenovo\Access Connections\;C:\Program Files (x86)\Intel\OpenCL SDK\2.0\bin\x86;C:\Program Files (x86)\Intel\OpenCL SDK\2.0\bin\x64;C:\Program Files (x86)\Intel\Services\IPT\;C:\Program Files\ThinkPad\Bluetooth Software\;C:\Program Files\ThinkPad\Bluetooth Software\syswow64;C:\Program Files\Intel\WiFi\bin\;C:\Program Files\Common Files\Intel\WirelessCommon\;C:\Program Files\MiKTeX 2.9\miktex\bin\x64\;C:\Program Files\Git\cmd;C:\Program Files\PuTTY\;C:\Program Files\nodejs\;C:\Program Files\Intel\WiFi\bin\;C:\Program Files\Common Files\Intel\WirelessCommon\;C:\Program Files\Java\jre-9.0.1\bin;C:\Users\User\AppData\Roaming\npm;C:\windows\system32;;., java.specification.name=Java Platform API Specification, java.class.version=52.0, sun.management.compiler=HotSpot 64-Bit Tiered Compilers, os.version=6.1, user.home=C:\Users\User, user.timezone=Europe/Berlin, java.awt.printerjob=sun.awt.windows.WPrinterJob, file.encoding=windows-1252, java.specification.version=1.8, java.class.path=C:\Users\User\Documents\Uni\SE\SE\se1praktikum4\build\classes\test;C:\Users\User\Documents\Uni\SE\SE\se1praktikum4\build\resources\test;C:\Users\User\Documents\Uni\SE\SE\se1praktikum4\build\classes\main;C:\Users\User\Documents\Uni\SE\SE\se1praktikum4\build\resources\main;C:\Users\User\.gradle\caches\modules-2\files-2.1\org.springframework.boot\spring-boot-starter-data-jpa\1.5.7.RELEASE\ccdf14487724b7c1343e5d2605f7170c026e405\spring-boot-starter-data-jpa-1.5.7.RELEASE.jar;C:\Users\User\.gradle\caches\modules-2\files-2.1\org.springframework.boot\spring-boot-starter-web\1.5.7.RELEASE\a862305be8b7512a41f6768d825ed37251ccbbe0\spring-boot-starter-web-1.5.7.RELEASE.jar;C:\Users\User\.gradle\caches\modules-2\files-2.1\org.springframework.boot\spring-boot-devtools\1.5.7.RELEASE\f433b9ba2fcf598624b5ae930096523f8a22119b\spring-boot-devtools-1.5.7.RELEASE.jar;C:\Users\User\.gradle\caches\modules-2\files-2.1\org.springframework.boot\spring-boot-starter-actuator\1.5.7.RELEASE\c8058080955524edbbacda602f25d1c5fdf2a3a9\spring-boot-starter-actuator-1.5.7.RELEASE.jar;C:\Users\User\.gradle\caches\modules-2\files-2.1\com.h2database\h2\1.4.196\dd0034398d593aa3588c6773faac429bbd9aea0e\h2-1.4.196.jar;C:\Users\User\.gradle\caches\modules-2\files-2.1\org.springframework.boot\spring-boot-starter-test\1.5.7.RELEASE\d23f37a72c2d4e46aba66bc69a649213f9cadeee\spring-boot-starter-test-1.5.7.RELEASE.jar;C:\Users\User\.gradle\caches\modules-2\files-2.1\org.mockito\mockito-core\2.10.0\871efe6f2607d8c93dd25b8c1fa09851d4286dd6\mockito-core-2.10.0.jar;C:\Users\User\.gradle\caches\modules-2\files-2.1\org.assertj\assertj-core\3.8.0\b209d90ff2e279bee3e02547ee7b11349c52d0e3\assertj-core-3.8.0.jar;C:\Users\User\.gradle\caches\modules-2\files-2.1\io.rest-assured\rest-assured\3.0.6\7048c659a0f1b8adca66af281edbf1397dddd63d\rest-assured-3.0.6.jar;C:\Users\User\.gradle\caches\modules-2\files-2.1\org.springframework.boot\spring-boot-starter\1.5.7.RELEASE\b42fe6962dd8b3be4ac8c1d7134d0ca2d0a35c7e\spring-boot-starter-1.5.7.RELEASE.jar;C:\Users\User\.gradle\caches\modules-2\files-2.1\org.springframework.boot\spring-boot-starter-aop\1.5.7.RELEASE\189098a72ccc0cca07ea42d6715c10524b5a93d1\spring-boot-starter-aop-1.5.7.RELEASE.jar;C:\Users\User\.gradle\caches\modules-2\files-2.1\org.springframework.boot\spring-boot-starter-jdbc\1.5.7.RELEASE\98c652a5461ccbec70b55fd0f7815d9c9a37a082\spring-boot-starter-jdbc-1.5.7.RELEASE.jar;C:\Users\User\.gradle\caches\modules-2\files-2.1\org.hibernate\hibernate-core\5.0.12.Final\e58bf1c660e6706d8e2cbb53bae110f574366102\hibernate-core-5.0.12.Final.jar;C:\Users\User\.gradle\caches\modules-2\files-2.1\org.hibernate\hibernate-entitymanager\5.0.12.Final\302a526f5058290e9cbd719a5caf9f248d344719\hibernate-entitymanager-5.0.12.Final.jar;C:\Users\User\.gradle\caches\modules-2\files-2.1\javax.transaction\javax.transaction-api\1.2\d81aff979d603edd90dcd8db2abc1f4ce6479e3e\javax.transaction-api-1.2.jar;C:\Users\User\.gradle\caches\modules-2\files-2.1\org.springframework.data\spring-data-jpa\1.11.7.RELEASE\587051cc7d7a3ddfac6098d623a658abb2f15865\spring-data-jpa-1.11.7.RELEASE.jar;C:\Users\User\.gradle\caches\modules-2\files-2.1\org.springframework\spring-aspects\4.3.11.RELEASE\38ab744d37aef58762a03dbe7ab1479070ebadc6\spring-aspects-4.3.11.RELEASE.jar;C:\Users\User\.gradle\caches\modules-2\files-2.1\org.springframework.boot\spring-boot-starter-tomcat\1.5.7.RELEASE\eae533e2a0111a51d812912acb3d3e2368736d1b\spring-boot-starter-tomcat-1.5.7.RELEASE.jar;C:\Users\User\.gradle\caches\modules-2\files-2.1\org.hibernate\hibernate-validator\5.3.5.Final\622a9bcef2eed6d41b5b8e0662c36212009e375\hibernate-validator-5.3.5.Final.jar;C:\Users\User\.gradle\caches\modules-2\files-2.1\com.fasterxml.jackson.core\jackson-databind\2.8.10\f7b83cb2bc4b88d53961e749e1ad32f49ef017b7\jackson-databind-2.8.10.jar;C:\Users\User\.gradle\caches\modules-2\files-2.1\org.springframework\spring-web\4.3.11.RELEASE\50a3dfce550bdf9459dfb2c6282aa104b040258e\spring-web-4.3.11.RELEASE.jar;C:\Users\User\.gradle\caches\modules-2\files-2.1\org.springframework\spring-webmvc\4.3.11.RELEASE\814f91ec4dc324e724bbe7cbc5045b234604c539\spring-webmvc-4.3.11.RELEASE.jar;C:\Users\User\.gradle\caches\modules-2\files-2.1\org.springframework.boot\spring-boot\1.5.7.RELEASE\1006870df7b3dc203df7ce84463c5dd7049fdaa4\spring-boot-1.5.7.RELEASE.jar;C:\Users\User\.gradle\caches\modules-2\files-2.1\org.springframework.boot\spring-boot-autoconfigure\1.5.7.RELEASE\e83f1407ff991e9e7eb156f49fa19d868bb73289\spring-boot-autoconfigure-1.5.7.RELEASE.jar;C:\Users\User\.gradle\caches\modules-2\files-2.1\org.springframework.boot\spring-boot-actuator\1.5.7.RELEASE\ff3124e2359be5e6c0d9cc501bf214413a329fee\spring-boot-actuator-1.5.7.RELEASE.jar;C:\Users\User\.gradle\caches\modules-2\files-2.1\org.springframework.boot\spring-boot-test\1.5.7.RELEASE\b8d77445d48f4320f404d8f13f4e5cb95bc36b30\spring-boot-test-1.5.7.RELEASE.jar;C:\Users\User\.gradle\caches\modules-2\files-2.1\org.springframework.boot\spring-boot-test-autoconfigure\1.5.7.RELEASE\8bead16b97c9f1b5fe7c47f3e030dd9351a6974d\spring-boot-test-autoconfigure-1.5.7.RELEASE.jar;C:\Users\User\.gradle\caches\modules-2\files-2.1\com.jayway.jsonpath\json-path\2.2.0\22290d17944bd239fabf5ac69005a60a7ecbbbcb\json-path-2.2.0.jar;C:\Users\User\.gradle\caches\modules-2\files-2.1\junit\junit\4.12\2973d150c0dc1fefe998f834810d68f278ea58ec\junit-4.12.jar;C:\Users\User\.gradle\caches\modules-2\files-2.1\org.hamcrest\hamcrest-core\1.3\42a25dc3219429f0e5d060061f71acb49bf010a0\hamcrest-core-1.3.jar;C:\Users\User\.gradle\caches\modules-2\files-2.1\org.hamcrest\hamcrest-library\1.3\4785a3c21320980282f9f33d0d1264a69040538f\hamcrest-library-1.3.jar;C:\Users\User\.gradle\caches\modules-2\files-2.1\org.skyscreamer\jsonassert\1.4.0\9cdbb373a06f6513e51e8c545ee6a5e981463edb\jsonassert-1.4.0.jar;C:\Users\User\.gradle\caches\modules-2\files-2.1\org.springframework\spring-core\4.3.11.RELEASE\eb30ed093f628279d3aead068fd478fa343f1dad\spring-core-4.3.11.RELEASE.jar;C:\Users\User\.gradle\caches\modules-2\files-2.1\org.springframework\spring-test\4.3.11.RELEASE\cf765b5d6d6bdc38c67522ecae3fe9549da43e1\spring-test-4.3.11.RELEASE.jar;C:\Users\User\.gradle\caches\modules-2\files-2.1\net.bytebuddy\byte-buddy\1.7.4\d0e77888485e1683057f8399f916eda6049c4acf\byte-buddy-1.7.4.jar;C:\Users\User\.gradle\caches\modules-2\files-2.1\net.bytebuddy\byte-buddy-agent\1.7.4\66286677db75148b3c2fb94e72f1c61aceb20e33\byte-buddy-agent-1.7.4.jar;C:\Users\User\.gradle\caches\modules-2\files-2.1\org.objenesis\objenesis\2.6\639033469776fd37c08358c6b92a4761feb2af4b\objenesis-2.6.jar;C:\Users\User\.gradle\caches\modules-2\files-2.1\org.codehaus.groovy\groovy\2.4.12\a43be367110c491787219f1c128b5b5fc54f1e70\groovy-2.4.12.jar;C:\Users\User\.gradle\caches\modules-2\files-2.1\org.codehaus.groovy\groovy-xml\2.4.12\b5c023bbbc8a4bbf9c0b38d731fe31d53f00c64a\groovy-xml-2.4.12.jar;C:\Users\User\.gradle\caches\modules-2\files-2.1\org.apache.httpcomponents\httpclient\4.5.3\d1577ae15f01ef5438c5afc62162457c00a34713\httpclient-4.5.3.jar;C:\Users\User\.gradle\caches\modules-2\files-2.1\org.apache.httpcomponents\httpmime\4.5.3\889fd6d061bb63b99dd5c6aba35a555ae863de52\httpmime-4.5.3.jar;C:\Users\User\.gradle\caches\modules-2\files-2.1\org.ccil.cowan.tagsoup\tagsoup\1.2.1\5584627487e984c03456266d3f8802eb85a9ce97\tagsoup-1.2.1.jar;C:\Users\User\.gradle\caches\modules-2\files-2.1\io.rest-assured\json-path\3.0.6\46b9832bdcf3b009ef29dad04e5bf1b951c2966e\json-path-3.0.6.jar;C:\Users\User\.gradle\caches\modules-2\files-2.1\io.rest-assured\xml-path\3.0.6\5ea3318626ac935bfc5088c772ea6d57c43e1bf3\xml-path-3.0.6.jar;C:\Users\User\.gradle\caches\modules-2\files-2.1\org.springframework.boot\spring-boot-starter-logging\1.5.7.RELEASE\c84c4ea09d7f789a0d5e936a961471e5dbd9295e\spring-boot-starter-logging-1.5.7.RELEASE.jar;C:\Users\User\.gradle\caches\modules-2\files-2.1\org.yaml\snakeyaml\1.17\7a27ea250c5130b2922b86dea63cbb1cc10a660c\snakeyaml-1.17.jar;C:\Users\User\.gradle\caches\modules-2\files-2.1\org.springframework\spring-aop\4.3.11.RELEASE\461d0bb58f1de30203d9331adf4b51de9554de5a\spring-aop-4.3.11.RELEASE.jar;C:\Users\User\.gradle\caches\modules-2\files-2.1\org.aspectj\aspectjweaver\1.8.10\e198c5fee28988c355f74e06461614eae36b2032\aspectjweaver-1.8.10.jar;C:\Users\User\.gradle\caches\modules-2\files-2.1\org.apache.tomcat\tomcat-jdbc\8.5.20\10d0d288d837ddfc92096920e4571054a3934160\tomcat-jdbc-8.5.20.jar;C:\Users\User\.gradle\caches\modules-2\files-2.1\org.springframework\spring-jdbc\4.3.11.RELEASE\642ed7497d327f299caccb930af6b65e229864c4\spring-jdbc-4.3.11.RELEASE.jar;C:\Users\User\.gradle\caches\modules-2\files-2.1\org.jboss.logging\jboss-logging\3.3.1.Final\c46217ab74b532568c0ed31dc599db3048bd1b67\jboss-logging-3.3.1.Final.jar;C:\Users\User\.gradle\caches\modules-2\files-2.1\org.hibernate.javax.persistence\hibernate-jpa-2.1-api\1.0.0.Final\5e731d961297e5a07290bfaf3db1fbc8bbbf405a\hibernate-jpa-2.1-api-1.0.0.Final.jar;C:\Users\User\.gradle\caches\modules-2\files-2.1\org.javassist\javassist\3.21.0-GA\598244f595db5c5fb713731eddbb1c91a58d959b\javassist-3.21.0-GA.jar;C:\Users\User\.gradle\caches\modules-2\files-2.1\antlr\antlr\2.7.7\83cd2cd674a217ade95a4bb83a8a14f351f48bd0\antlr-2.7.7.jar;C:\Users\User\.gradle\caches\modules-2\files-2.1\org.jboss\jandex\2.0.0.Final\3e899258936f94649c777193e1be846387ed54b3\jandex-2.0.0.Final.jar;C:\Users\User\.gradle\caches\modules-2\files-2.1\dom4j\dom4j\1.6.1\5d3ccc056b6f056dbf0dddfdf43894b9065a8f94\dom4j-1.6.1.jar;C:\Users\User\.gradle\caches\modules-2\files-2.1\org.hibernate.common\hibernate-commons-annotations\5.0.1.Final\71e1cff3fcb20d3b3af4f3363c3ddb24d33c6879\hibernate-commons-annotations-5.0.1.Final.jar;C:\Users\User\.gradle\caches\modules-2\files-2.1\org.springframework.data\spring-data-commons\1.13.7.RELEASE\cf4538abda1f0a9cf2323d6e4204df0130aeec73\spring-data-commons-1.13.7.RELEASE.jar;C:\Users\User\.gradle\caches\modules-2\files-2.1\org.springframework\spring-orm\4.3.11.RELEASE\7ba1b25ad62b29295aa90ae88f9f35e84861953c\spring-orm-4.3.11.RELEASE.jar;C:\Users\User\.gradle\caches\modules-2\files-2.1\org.springframework\spring-context\4.3.11.RELEASE\3efec2d7c7469d49108a2b21c3f15831f7297569\spring-context-4.3.11.RELEASE.jar;C:\Users\User\.gradle\caches\modules-2\files-2.1\org.springframework\spring-tx\4.3.11.RELEASE\c931ee363d2269f03edfeb83d7d7fe23924ab8a1\spring-tx-4.3.11.RELEASE.jar;C:\Users\User\.gradle\caches\modules-2\files-2.1\org.springframework\spring-beans\4.3.11.RELEASE\591cc35fd39292adae13f01aa13e978d0bb11936\spring-beans-4.3.11.RELEASE.jar;C:\Users\User\.gradle\caches\modules-2\files-2.1\org.slf4j\slf4j-api\1.7.25\da76ca59f6a57ee3102f8f9bd9cee742973efa8a\slf4j-api-1.7.25.jar;C:\Users\User\.gradle\caches\modules-2\files-2.1\org.slf4j\jcl-over-slf4j\1.7.25\f8c32b13ff142a513eeb5b6330b1588dcb2c0461\jcl-over-slf4j-1.7.25.jar;C:\Users\User\.gradle\caches\modules-2\files-2.1\org.apache.tomcat.embed\tomcat-embed-core\8.5.20\b9026ee20f1f6a2b0fc3e51dd806d800901448b0\tomcat-embed-core-8.5.20.jar;C:\Users\User\.gradle\caches\modules-2\files-2.1\org.apache.tomcat.embed\tomcat-embed-el\8.5.20\42960f481a8a80f4ffd3b865c2232820e3565bf1\tomcat-embed-el-8.5.20.jar;C:\Users\User\.gradle\caches\modules-2\files-2.1\org.apache.tomcat.embed\tomcat-embed-websocket\8.5.20\4df9055507926a2651f691cc9964c50493a0ab29\tomcat-embed-websocket-8.5.20.jar;C:\Users\User\.gradle\caches\modules-2\files-2.1\javax.validation\validation-api\1.1.0.Final\8613ae82954779d518631e05daa73a6a954817d5\validation-api-1.1.0.Final.jar;C:\Users\User\.gradle\caches\modules-2\files-2.1\com.fasterxml\classmate\1.3.4\3d5f48f10bbe4eb7bd862f10c0583be2e0053c6\classmate-1.3.4.jar;C:\Users\User\.gradle\caches\modules-2\files-2.1\com.fasterxml.jackson.core\jackson-annotations\2.8.0\45b426f7796b741035581a176744d91090e2e6fb\jackson-annotations-2.8.0.jar;C:\Users\User\.gradle\caches\modules-2\files-2.1\com.fasterxml.jackson.core\jackson-core\2.8.10\eb21a035c66ad307e66ec8fce37f5d50fd62d039\jackson-core-2.8.10.jar;C:\Users\User\.gradle\caches\modules-2\files-2.1\org.springframework\spring-expression\4.3.11.RELEASE\fca662a2fccdad90ec22b2aaecb021047dcbe249\spring-expression-4.3.11.RELEASE.jar;C:\Users\User\.gradle\caches\modules-2\files-2.1\net.minidev\json-smart\2.2.1\5b9e5df7a62d1279b70dc882b041d249c4f0b002\json-smart-2.2.1.jar;C:\Users\User\.gradle\caches\modules-2\files-2.1\com.vaadin.external.google\android-json\0.0.20131108.vaadin1\fa26d351fe62a6a17f5cda1287c1c6110dec413f\android-json-0.0.20131108.vaadin1.jar;C:\Users\User\.gradle\caches\modules-2\files-2.1\org.apache.httpcomponents\httpcore\4.4.6\e3fd8ced1f52c7574af952e2e6da0df8df08eb82\httpcore-4.4.6.jar;C:\Users\User\.gradle\caches\modules-2\files-2.1\commons-codec\commons-codec\1.10\4b95f4897fa13f2cd904aee711aeafc0c5295cd8\commons-codec-1.10.jar;C:\Users\User\.gradle\caches\modules-2\files-2.1\org.codehaus.groovy\groovy-json\2.4.12\810b46f2b359b904c4c7428ad4c03c09094a01ff\groovy-json-2.4.12.jar;C:\Users\User\.gradle\caches\modules-2\files-2.1\io.rest-assured\rest-assured-common\3.0.6\fa0cb69682ed3df571cab6d20894c4ed2970b901\rest-assured-common-3.0.6.jar;C:\Users\User\.gradle\caches\modules-2\files-2.1\org.apache.commons\commons-lang3\3.4\5fe28b9518e58819180a43a850fbc0dd24b7c050\commons-lang3-3.4.jar;C:\Users\User\.gradle\caches\modules-2\files-2.1\javax.xml.bind\jaxb-api\2.2.12\4c83805595b15acf41d71d49e3add7c0e85baaed\jaxb-api-2.2.12.jar;C:\Users\User\.gradle\caches\modules-2\files-2.1\ch.qos.logback\logback-classic\1.1.11\ccedfbacef4a6515d2983e3f89ed753d5d4fb665\logback-classic-1.1.11.jar;C:\Users\User\.gradle\caches\modules-2\files-2.1\org.slf4j\jul-to-slf4j\1.7.25\af5364cd6679bfffb114f0dec8a157aaa283b76\jul-to-slf4j-1.7.25.jar;C:\Users\User\.gradle\caches\modules-2\files-2.1\org.slf4j\log4j-over-slf4j\1.7.25\a87bb47468f47ee7aabbd54f93e133d4215769c3\log4j-over-slf4j-1.7.25.jar;C:\Users\User\.gradle\caches\modules-2\files-2.1\org.apache.tomcat\tomcat-juli\8.5.20\6c0579d329696059f377585d2a51455bf083d9ee\tomcat-juli-8.5.20.jar;C:\Users\User\.gradle\caches\modules-2\files-2.1\net.minidev\accessors-smart\1.1\a527213f2fea112a04c9bdf0ec0264e34104cd08\accessors-smart-1.1.jar;C:\Users\User\.gradle\caches\modules-2\files-2.1\ch.qos.logback\logback-core\1.1.11\88b8df40340eed549fb07e2613879bf6b006704d\logback-core-1.1.11.jar;C:\Users\User\.gradle\caches\modules-2\files-2.1\org.ow2.asm\asm\5.0.3\dcc2193db20e19e1feca8b1240dbbc4e190824fa\asm-5.0.3.jar, user.name=User, java.vm.specification.version=1.8, sun.java.command=jarjar.org.gradle.process.internal.launcher.GradleWorkerMain 'Gradle Test Executor 1', java.home=C:\Program Files\Java\jdk1.8.0_151\jre, sun.arch.data.model=64, user.language=de, java.specification.vendor=Oracle Corporation, awt.toolkit=sun.awt.windows.WToolkit, java.vm.info=mixed mode, java.version=1.8.0_151, java.ext.dirs=C:\Program Files\Java\jdk1.8.0_151\jre\lib\ext;C:\windows\Sun\Java\lib\ext, sun.boot.class.path=C:\Program Files\Java\jdk1.8.0_151\jre\lib\resources.jar;C:\Program Files\Java\jdk1.8.0_151\jre\lib\rt.jar;C:\Program Files\Java\jdk1.8.0_151\jre\lib\sunrsasign.jar;C:\Program Files\Java\jdk1.8.0_151\jre\lib\jsse.jar;C:\Program Files\Java\jdk1.8.0_151\jre\lib\jce.jar;C:\Program Files\Java\jdk1.8.0_151\jre\lib\charsets.jar;C:\Program Files\Java\jdk1.8.0_151\jre\lib\jfr.jar;C:\Program Files\Java\jdk1.8.0_151\jre\classes, java.vendor=Oracle Corporation, org.gradle.test.worker=1, file.separator=\, java.vendor.url.bug=http://bugreport.sun.com/bugreport/, sun.io.unicode.encoding=UnicodeLittle, sun.cpu.endian=little, sun.desktop=windows, sun.cpu.isalist=amd64}}, SystemEnvironmentPropertySource@436520507 {name='systemEnvironment', properties={LOCALAPPDATA=C:\Users\User\AppData\Local, PROCESSOR_LEVEL=6, TSMPATH=C:\Program Files\ThinkPad\UltraNav Utility, FP_NO_HOST_CHECK=NO, USERDOMAIN=User-PC, LOGONSERVER=\\USER-PC, SESSIONNAME=Console, ALLUSERSPROFILE=C:\ProgramData, PROCESSOR_ARCHITECTURE=AMD64, PSModulePath=C:\windows\system32\WindowsPowerShell\v1.0\Modules\, SystemDrive=C:, COMMPath=C:\Program Files\Lenovo\Communications Utility, OneDrive=C:\Users\User\OneDrive, TVT=C:\Program Files (x86)\Lenovo, APPDATA=C:\Users\User\AppData\Roaming, USERNAME=User, ProgramFiles(x86)=C:\Program Files (x86), CommonProgramFiles=C:\Program Files\Common Files, Path=C:/Program Files/Java/jre1.8.0_151/bin/server;C:/Program Files/Java/jre1.8.0_151/bin;C:/Program Files/Java/jre1.8.0_151/lib/amd64;C:\ProgramData\Oracle\Java\javapath;C:\windows\system32;C:\windows;C:\windows\System32\Wbem;C:\windows\System32\WindowsPowerShell\v1.0\;C:\Program Files (x86)\Lenovo\Access Connections\;C:\Program Files (x86)\Intel\OpenCL SDK\2.0\bin\x86;C:\Program Files (x86)\Intel\OpenCL SDK\2.0\bin\x64;C:\Program Files (x86)\Intel\Services\IPT\;C:\Program Files\ThinkPad\Bluetooth Software\;C:\Program Files\ThinkPad\Bluetooth Software\syswow64;C:\Program Files\Intel\WiFi\bin\;C:\Program Files\Common Files\Intel\WirelessCommon\;C:\Program Files\MiKTeX 2.9\miktex\bin\x64\;C:\Program Files\Git\cmd;C:\Program Files\PuTTY\;C:\Program Files\nodejs\;C:\Program Files\Intel\WiFi\bin\;C:\Program Files\Common Files\Intel\WirelessCommon\;C:\Program Files\Java\jre-9.0.1\bin;C:\Users\User\AppData\Roaming\npm;C:\windows\system32;, PATHEXT=.COM;.EXE;.BAT;.CMD;.VBS;.VBE;.JS;.JSE;.WSF;.WSH;.MSC, OS=Windows_NT, COMPUTERNAME=USER-PC, ACPath=C:\Program Files (x86)\Lenovo\Access Connections\, NDI_RUNTIME_DIR_V3=C:\Program Files\NewTek\NewTek NDI Redist\v3, UOIPME_REG_PATH=C:\Program Files\Intel Corporation\USB over IP, NDI_RUNTIME_DIR_V2=C:\Program Files\NewTek\NewTek NDI Redist\v3, PROCESSOR_REVISION=2a07, CommonProgramW6432=C:\Program Files\Common Files, ComSpec=C:\windows\system32\cmd.exe, ProgramData=C:\ProgramData, ProgramW6432=C:\Program Files, HOMEPATH=\Users\User, SystemRoot=C:\windows, TEMP=C:\Users\User\AppData\Local\Temp, HOMEDRIVE=C:, PROCESSOR_IDENTIFIER=Intel64 Family 6 Model 42 Stepping 7, GenuineIntel, USERPROFILE=C:\Users\User, TMP=C:\Users\User\AppData\Local\Temp, CommonProgramFiles(x86)=C:\Program Files (x86)\Common Files, ProgramFiles=C:\Program Files, PUBLIC=C:\Users\Public, NUMBER_OF_PROCESSORS=4, windir=C:\windows, =::=::\}}]
22:05:16.844 [Test worker] DEBUG org.springframework.core.io.support.PathMatchingResourcePatternResolver - Resolved classpath location [se1app/applicationcore/] to resources [URL [file:/C:/Users/User/Documents/Uni/SE/SE/se1praktikum4/build/classes/test/se1app/applicationcore/], URL [file:/C:/Users/User/Documents/Uni/SE/SE/se1praktikum4/build/classes/main/se1app/applicationcore/]]
22:05:16.844 [Test worker] DEBUG org.springframework.core.io.support.PathMatchingResourcePatternResolver - Looking for matching resources in directory tree [C:\Users\User\Documents\Uni\SE\SE\se1praktikum4\build\classes\test\se1app\applicationcore]
22:05:16.844 [Test worker] DEBUG org.springframework.core.io.support.PathMatchingResourcePatternResolver - Searching directory [C:\Users\User\Documents\Uni\SE\SE\se1praktikum4\build\classes\test\se1app\applicationcore] for files matching pattern [C:/Users/User/Documents/Uni/SE/SE/se1praktikum4/build/classes/test/se1app/applicationcore/**/*AccountRepositoryImpl.class]
22:05:16.845 [Test worker] DEBUG org.springframework.core.io.support.PathMatchingResourcePatternResolver - Searching directory [C:\Users\User\Documents\Uni\SE\SE\se1praktikum4\build\classes\test\se1app\applicationcore\accountcomponent] for files matching pattern [C:/Users/User/Documents/Uni/SE/SE/se1praktikum4/build/classes/test/se1app/applicationcore/**/*AccountRepositoryImpl.class]
22:05:16.845 [Test worker] DEBUG org.springframework.core.io.support.PathMatchingResourcePatternResolver - Searching directory [C:\Users\User\Documents\Uni\SE\SE\se1praktikum4\build\classes\test\se1app\applicationcore\branchcomponent] for files matching pattern [C:/Users/User/Documents/Uni/SE/SE/se1praktikum4/build/classes/test/se1app/applicationcore/**/*AccountRepositoryImpl.class]
22:05:16.846 [Test worker] DEBUG org.springframework.core.io.support.PathMatchingResourcePatternResolver - Searching directory [C:\Users\User\Documents\Uni\SE\SE\se1praktikum4\build\classes\test\se1app\applicationcore\facade] for files matching pattern [C:/Users/User/Documents/Uni/SE/SE/se1praktikum4/build/classes/test/se1app/applicationcore/**/*AccountRepositoryImpl.class]
22:05:16.846 [Test worker] DEBUG org.springframework.core.io.support.PathMatchingResourcePatternResolver - Looking for matching resources in directory tree [C:\Users\User\Documents\Uni\SE\SE\se1praktikum4\build\classes\main\se1app\applicationcore]
22:05:16.846 [Test worker] DEBUG org.springframework.core.io.support.PathMatchingResourcePatternResolver - Searching directory [C:\Users\User\Documents\Uni\SE\SE\se1praktikum4\build\classes\main\se1app\applicationcore] for files matching pattern [C:/Users/User/Documents/Uni/SE/SE/se1praktikum4/build/classes/main/se1app/applicationcore/**/*AccountRepositoryImpl.class]
22:05:16.847 [Test worker] DEBUG org.springframework.core.io.support.PathMatchingResourcePatternResolver - Searching directory [C:\Users\User\Documents\Uni\SE\SE\se1praktikum4\build\classes\main\se1app\applicationcore\accountcomponent] for files matching pattern [C:/Users/User/Documents/Uni/SE/SE/se1praktikum4/build/classes/main/se1app/applicationcore/**/*AccountRepositoryImpl.class]
22:05:16.848 [Test worker] DEBUG org.springframework.core.io.support.PathMatchingResourcePatternResolver - Searching directory [C:\Users\User\Documents\Uni\SE\SE\se1praktikum4\build\classes\main\se1app\applicationcore\branchcomponent] for files matching pattern [C:/Users/User/Documents/Uni/SE/SE/se1praktikum4/build/classes/main/se1app/applicationcore/**/*AccountRepositoryImpl.class]
22:05:16.849 [Test worker] DEBUG org.springframework.core.io.support.PathMatchingResourcePatternResolver - Searching directory [C:\Users\User\Documents\Uni\SE\SE\se1praktikum4\build\classes\main\se1app\applicationcore\facadecomponent] for files matching pattern [C:/Users/User/Documents/Uni/SE/SE/se1praktikum4/build/classes/main/se1app/applicationcore/**/*AccountRepositoryImpl.class]
22:05:16.850 [Test worker] DEBUG org.springframework.core.io.support.PathMatchingResourcePatternResolver - Searching directory [C:\Users\User\Documents\Uni\SE\SE\se1praktikum4\build\classes\main\se1app\applicationcore\Usecase] for files matching pattern [C:/Users/User/Documents/Uni/SE/SE/se1praktikum4/build/classes/main/se1app/applicationcore/**/*AccountRepositoryImpl.class]
22:05:16.850 [Test worker] DEBUG org.springframework.core.io.support.PathMatchingResourcePatternResolver - Searching directory [C:\Users\User\Documents\Uni\SE\SE\se1praktikum4\build\classes\main\se1app\applicationcore\util] for files matching pattern [C:/Users/User/Documents/Uni/SE/SE/se1praktikum4/build/classes/main/se1app/applicationcore/**/*AccountRepositoryImpl.class]
22:05:16.850 [Test worker] DEBUG org.springframework.core.io.support.PathMatchingResourcePatternResolver - Resolved location pattern [classpath*:se1app/applicationcore/**/*AccountRepositoryImpl.class] to resources []
22:05:16.851 [Test worker] DEBUG org.springframework.data.repository.config.RepositoryConfigurationDelegate - Spring Data JPA - Registering repository: accountRepository - Interface: se1app.applicationcore.accountcomponent.AccountRepository - Factory: org.springframework.data.jpa.repository.support.JpaRepositoryFactoryBean
22:05:16.851 [Test worker] DEBUG org.springframework.beans.factory.support.DefaultListableBeanFactory - Returning cached instance of singleton bean 'autoConfigurationReport'
22:05:16.851 [Test worker] DEBUG org.springframework.beans.factory.support.DefaultListableBeanFactory - Returning cached instance of singleton bean 'org.springframework.boot.autoconfigure.condition.BeanTypeRegistry'
22:05:16.863 [Test worker] DEBUG org.springframework.beans.factory.support.DefaultListableBeanFactory - Returning cached instance of singleton bean 'autoConfigurationReport'
22:05:16.870 [Test worker] DEBUG org.springframework.context.annotation.ConfigurationClassBeanDefinitionReader - Registered bean definition for imported class 'org.springframework.boot.autoconfigure.jdbc.DataSourceTransactionManagerAutoConfiguration$DataSourceTransactionManagerConfiguration'
22:05:16.870 [Test worker] DEBUG org.springframework.beans.factory.support.DefaultListableBeanFactory - Returning cached instance of singleton bean 'org.springframework.boot.autoconfigure.condition.BeanTypeRegistry'
22:05:16.872 [Test worker] DEBUG org.springframework.beans.factory.support.DefaultListableBeanFactory - Returning cached instance of singleton bean 'autoConfigurationReport'
22:05:16.872 [Test worker] DEBUG org.springframework.context.annotation.ConfigurationClassBeanDefinitionReader - Registered bean definition for imported class 'org.springframework.boot.autoconfigure.jdbc.DataSourceTransactionManagerAutoConfiguration'
22:05:16.873 [Test worker] DEBUG org.springframework.beans.factory.support.DefaultListableBeanFactory - Returning cached instance of singleton bean 'autoConfigurationReport'
22:05:16.873 [Test worker] DEBUG org.springframework.beans.factory.support.DefaultListableBeanFactory - Returning cached instance of singleton bean 'org.springframework.boot.autoconfigure.condition.BeanTypeRegistry'
22:05:16.874 [Test worker] DEBUG org.springframework.beans.factory.support.DefaultListableBeanFactory - Returning cached instance of singleton bean 'autoConfigurationReport'
22:05:16.875 [Test worker] DEBUG org.springframework.context.annotation.ConfigurationClassBeanDefinitionReader - Registered bean definition for imported class 'org.springframework.boot.autoconfigure.jdbc.JdbcTemplateAutoConfiguration'
22:05:16.875 [Test worker] DEBUG org.springframework.beans.factory.support.DefaultListableBeanFactory - Returning cached instance of singleton bean 'org.springframework.boot.autoconfigure.condition.BeanTypeRegistry'
22:05:16.876 [Test worker] DEBUG org.springframework.beans.factory.support.DefaultListableBeanFactory - Returning cached instance of singleton bean 'autoConfigurationReport'
22:05:16.878 [Test worker] DEBUG org.springframework.context.annotation.ConfigurationClassBeanDefinitionReader - Registering bean definition for @Bean method org.springframework.boot.autoconfigure.jdbc.JdbcTemplateAutoConfiguration.jdbcTemplate()
22:05:16.879 [Test worker] DEBUG org.springframework.beans.factory.support.DefaultListableBeanFactory - Returning cached instance of singleton bean 'org.springframework.boot.autoconfigure.condition.BeanTypeRegistry'
22:05:16.882 [Test worker] DEBUG org.springframework.beans.factory.support.DefaultListableBeanFactory - Returning cached instance of singleton bean 'autoConfigurationReport'
22:05:16.883 [Test worker] DEBUG org.springframework.context.annotation.ConfigurationClassBeanDefinitionReader - Registering bean definition for @Bean method org.springframework.boot.autoconfigure.jdbc.JdbcTemplateAutoConfiguration.namedParameterJdbcTemplate()
22:05:16.883 [Test worker] DEBUG org.springframework.beans.factory.support.DefaultListableBeanFactory - Returning cached instance of singleton bean 'autoConfigurationReport'
22:05:16.883 [Test worker] DEBUG org.springframework.beans.factory.support.DefaultListableBeanFactory - Returning cached instance of singleton bean 'org.springframework.boot.autoconfigure.condition.BeanTypeRegistry'
22:05:16.884 [Test worker] DEBUG org.springframework.beans.factory.support.DefaultListableBeanFactory - Returning cached instance of singleton bean 'org.springframework.boot.autoconfigure.condition.BeanTypeRegistry'
22:05:16.884 [Test worker] DEBUG org.springframework.beans.factory.support.DefaultListableBeanFactory - Returning cached instance of singleton bean 'autoConfigurationReport'
22:05:16.884 [Test worker] DEBUG org.springframework.beans.factory.support.DefaultListableBeanFactory - Returning cached instance of singleton bean 'org.springframework.boot.autoconfigure.condition.BeanTypeRegistry'
22:05:16.884 [Test worker] DEBUG org.springframework.beans.factory.support.DefaultListableBeanFactory - Returning cached instance of singleton bean 'org.springframework.boot.autoconfigure.condition.BeanTypeRegistry'
22:05:16.885 [Test worker] DEBUG org.springframework.beans.factory.support.DefaultListableBeanFactory - Returning cached instance of singleton bean 'autoConfigurationReport'
22:05:16.885 [Test worker] DEBUG org.springframework.beans.factory.support.DefaultListableBeanFactory - Returning cached instance of singleton bean 'autoConfigurationReport'
22:05:16.885 [Test worker] DEBUG org.springframework.context.annotation.ConfigurationClassBeanDefinitionReader - Registered bean definition for imported class 'org.springframework.transaction.annotation.ProxyTransactionManagementConfiguration'
22:05:16.885 [Test worker] DEBUG org.springframework.context.annotation.ConfigurationClassBeanDefinitionReader - Registering bean definition for @Bean method org.springframework.transaction.annotation.ProxyTransactionManagementConfiguration.org.springframework.transaction.config.internalTransactionAdvisor()
22:05:16.886 [Test worker] DEBUG org.springframework.context.annotation.ConfigurationClassBeanDefinitionReader - Registering bean definition for @Bean method org.springframework.transaction.annotation.ProxyTransactionManagementConfiguration.transactionAttributeSource()
22:05:16.886 [Test worker] DEBUG org.springframework.context.annotation.ConfigurationClassBeanDefinitionReader - Registering bean definition for @Bean method org.springframework.transaction.annotation.ProxyTransactionManagementConfiguration.transactionInterceptor()
22:05:16.886 [Test worker] DEBUG org.springframework.context.annotation.ConfigurationClassBeanDefinitionReader - Registering bean definition for @Bean method org.springframework.transaction.annotation.ProxyTransactionManagementConfiguration.org.springframework.transaction.config.internalTransactionalEventListenerFactory()
22:05:16.886 [Test worker] DEBUG org.springframework.context.annotation.ConfigurationClassBeanDefinitionReader - Registered bean definition for imported class 'org.springframework.boot.autoconfigure.transaction.TransactionAutoConfiguration$EnableTransactionManagementConfiguration$CglibAutoProxyConfiguration'
22:05:16.886 [Test worker] DEBUG org.springframework.context.annotation.ConfigurationClassBeanDefinitionReader - Registered bean definition for imported class 'org.springframework.boot.autoconfigure.transaction.TransactionAutoConfiguration$EnableTransactionManagementConfiguration'
22:05:16.887 [Test worker] DEBUG org.springframework.beans.factory.support.DefaultListableBeanFactory - Returning cached instance of singleton bean 'org.springframework.boot.autoconfigure.condition.BeanTypeRegistry'
22:05:16.898 [Test worker] DEBUG org.springframework.beans.factory.support.DefaultListableBeanFactory - Returning cached instance of singleton bean 'autoConfigurationReport'
22:05:16.898 [Test worker] DEBUG org.springframework.context.annotation.ConfigurationClassBeanDefinitionReader - Registered bean definition for imported class 'org.springframework.boot.autoconfigure.transaction.TransactionAutoConfiguration$TransactionTemplateConfiguration'
22:05:16.900 [Test worker] DEBUG org.springframework.beans.factory.support.DefaultListableBeanFactory - Returning cached instance of singleton bean 'org.springframework.boot.autoconfigure.condition.BeanTypeRegistry'
22:05:16.901 [Test worker] DEBUG org.springframework.beans.factory.support.DefaultListableBeanFactory - Returning cached instance of singleton bean 'autoConfigurationReport'
22:05:16.901 [Test worker] DEBUG org.springframework.context.annotation.ConfigurationClassBeanDefinitionReader - Registering bean definition for @Bean method org.springframework.boot.autoconfigure.transaction.TransactionAutoConfiguration$TransactionTemplateConfiguration.transactionTemplate()
22:05:16.903 [Test worker] DEBUG org.springframework.context.annotation.ConfigurationClassBeanDefinitionReader - Registered bean definition for imported class 'org.springframework.boot.autoconfigure.transaction.TransactionAutoConfiguration'
22:05:16.904 [Test worker] DEBUG org.springframework.beans.factory.support.DefaultListableBeanFactory - Returning cached instance of singleton bean 'org.springframework.boot.autoconfigure.condition.BeanTypeRegistry'
22:05:16.905 [Test worker] DEBUG org.springframework.beans.factory.support.DefaultListableBeanFactory - Returning cached instance of singleton bean 'autoConfigurationReport'
22:05:16.906 [Test worker] DEBUG org.springframework.context.annotation.ConfigurationClassBeanDefinitionReader - Registering bean definition for @Bean method org.springframework.boot.autoconfigure.transaction.TransactionAutoConfiguration.platformTransactionManagerCustomizers()
22:05:16.906 [Test worker] DEBUG org.springframework.beans.factory.support.DefaultListableBeanFactory - Returning cached instance of singleton bean 'autoConfigurationReport'
22:05:16.907 [Test worker] DEBUG org.springframework.beans.factory.support.DefaultListableBeanFactory - Returning cached instance of singleton bean 'autoConfigurationReport'
22:05:16.907 [Test worker] DEBUG org.springframework.context.annotation.ConfigurationClassBeanDefinitionReader - Registered bean definition for imported class 'org.springframework.boot.autoconfigure.web.MultipartAutoConfiguration'
22:05:16.907 [Test worker] DEBUG org.springframework.beans.factory.support.DefaultListableBeanFactory - Returning cached instance of singleton bean 'org.springframework.boot.autoconfigure.condition.BeanTypeRegistry'
22:05:16.909 [Test worker] DEBUG org.springframework.beans.factory.support.DefaultListableBeanFactory - Returning cached instance of singleton bean 'autoConfigurationReport'
22:05:16.909 [Test worker] DEBUG org.springframework.context.annotation.ConfigurationClassBeanDefinitionReader - Registering bean definition for @Bean method org.springframework.boot.autoconfigure.web.MultipartAutoConfiguration.multipartConfigElement()
22:05:16.909 [Test worker] DEBUG org.springframework.beans.factory.support.DefaultListableBeanFactory - Returning cached instance of singleton bean 'org.springframework.boot.autoconfigure.condition.BeanTypeRegistry'
22:05:16.910 [Test worker] DEBUG org.springframework.beans.factory.support.DefaultListableBeanFactory - Returning cached instance of singleton bean 'autoConfigurationReport'
22:05:16.910 [Test worker] DEBUG org.springframework.context.annotation.ConfigurationClassBeanDefinitionReader - Registering bean definition for @Bean method org.springframework.boot.autoconfigure.web.MultipartAutoConfiguration.multipartResolver()
22:05:16.911 [Test worker] DEBUG org.springframework.beans.factory.support.DefaultListableBeanFactory - Returning cached instance of singleton bean 'autoConfigurationReport'
22:05:16.911 [Test worker] DEBUG org.springframework.context.annotation.ConfigurationClassBeanDefinitionReader - Registered bean definition for imported class 'org.springframework.boot.autoconfigure.web.WebClientAutoConfiguration$RestTemplateConfiguration'
22:05:16.913 [Test worker] DEBUG org.springframework.beans.factory.support.DefaultListableBeanFactory - Returning cached instance of singleton bean 'org.springframework.boot.autoconfigure.condition.BeanTypeRegistry'
22:05:16.915 [Test worker] DEBUG org.springframework.beans.factory.support.DefaultListableBeanFactory - Returning cached instance of singleton bean 'autoConfigurationReport'
22:05:16.915 [Test worker] DEBUG org.springframework.context.annotation.ConfigurationClassBeanDefinitionReader - Registering bean definition for @Bean method org.springframework.boot.autoconfigure.web.WebClientAutoConfiguration$RestTemplateConfiguration.restTemplateBuilder()
22:05:16.916 [Test worker] DEBUG org.springframework.context.annotation.ConfigurationClassBeanDefinitionReader - Registered bean definition for imported class 'org.springframework.boot.autoconfigure.web.WebClientAutoConfiguration'
22:05:16.930 [Test worker] DEBUG org.springframework.beans.factory.support.DefaultListableBeanFactory - Returning cached instance of singleton bean 'autoConfigurationReport'
22:05:16.931 [Test worker] DEBUG org.springframework.beans.factory.support.DefaultListableBeanFactory - Returning cached instance of singleton bean 'autoConfigurationReport'
22:05:16.931 [Test worker] DEBUG org.springframework.beans.factory.support.DefaultListableBeanFactory - Returning cached instance of singleton bean 'org.springframework.boot.autoconfigure.condition.BeanTypeRegistry'
22:05:16.932 [Test worker] DEBUG org.springframework.beans.factory.support.DefaultListableBeanFactory - Returning cached instance of singleton bean 'autoConfigurationReport'
22:05:16.932 [Test worker] DEBUG org.springframework.context.annotation.ConfigurationClassBeanDefinitionReader - Registered bean definition for imported class 'org.springframework.boot.devtools.autoconfigure.DevToolsDataSourceAutoConfiguration$DatabaseShutdownExecutorJpaDependencyConfiguration'
22:05:16.932 [Test worker] DEBUG org.springframework.context.annotation.ConfigurationClassBeanDefinitionReader - Registered bean definition for imported class 'org.springframework.boot.devtools.autoconfigure.DevToolsDataSourceAutoConfiguration'
22:05:16.933 [Test worker] DEBUG org.springframework.context.annotation.ConfigurationClassBeanDefinitionReader - Registering bean definition for @Bean method org.springframework.boot.devtools.autoconfigure.DevToolsDataSourceAutoConfiguration.inMemoryDatabaseShutdownExecutor()
22:05:17.154 [Test worker] DEBUG org.springframework.context.annotation.ConfigurationClassEnhancer - Successfully enhanced se1app.applicationcore.Application; enhanced class name is: se1app.applicationcore.Application$$EnhancerBySpringCGLIB$$a338cd60
22:05:17.154 [Test worker] DEBUG org.springframework.context.annotation.ConfigurationClassPostProcessor - Replacing bean definition 'application' existing class 'se1app.applicationcore.Application' with enhanced class 'se1app.applicationcore.Application$$EnhancerBySpringCGLIB$$a338cd60'
22:05:17.158 [Test worker] DEBUG org.springframework.context.annotation.ConfigurationClassEnhancer - Successfully enhanced org.springframework.boot.autoconfigure.context.PropertyPlaceholderAutoConfiguration; enhanced class name is: org.springframework.boot.autoconfigure.context.PropertyPlaceholderAutoConfiguration$$EnhancerBySpringCGLIB$$5a6f902f
22:05:17.159 [Test worker] DEBUG org.springframework.context.annotation.ConfigurationClassPostProcessor - Replacing bean definition 'org.springframework.boot.autoconfigure.context.PropertyPlaceholderAutoConfiguration' existing class 'org.springframework.boot.autoconfigure.context.PropertyPlaceholderAutoConfiguration' with enhanced class 'org.springframework.boot.autoconfigure.context.PropertyPlaceholderAutoConfiguration$$EnhancerBySpringCGLIB$$5a6f902f'
22:05:17.163 [Test worker] DEBUG org.springframework.context.annotation.ConfigurationClassEnhancer - Successfully enhanced org.springframework.boot.autoconfigure.jackson.JacksonAutoConfiguration$Jackson2ObjectMapperBuilderCustomizerConfiguration; enhanced class name is: org.springframework.boot.autoconfigure.jackson.JacksonAutoConfiguration$Jackson2ObjectMapperBuilderCustomizerConfiguration$$EnhancerBySpringCGLIB$$22b0458f
22:05:17.164 [Test worker] DEBUG org.springframework.context.annotation.ConfigurationClassPostProcessor - Replacing bean definition 'org.springframework.boot.autoconfigure.jackson.JacksonAutoConfiguration$Jackson2ObjectMapperBuilderCustomizerConfiguration' existing class 'org.springframework.boot.autoconfigure.jackson.JacksonAutoConfiguration$Jackson2ObjectMapperBuilderCustomizerConfiguration' with enhanced class 'org.springframework.boot.autoconfigure.jackson.JacksonAutoConfiguration$Jackson2ObjectMapperBuilderCustomizerConfiguration$$EnhancerBySpringCGLIB$$22b0458f'
22:05:17.171 [Test worker] DEBUG org.springframework.context.annotation.ConfigurationClassEnhancer - Successfully enhanced org.springframework.boot.autoconfigure.jackson.JacksonAutoConfiguration$JacksonObjectMapperBuilderConfiguration; enhanced class name is: org.springframework.boot.autoconfigure.jackson.JacksonAutoConfiguration$JacksonObjectMapperBuilderConfiguration$$EnhancerBySpringCGLIB$$67995fa0
22:05:17.171 [Test worker] DEBUG org.springframework.context.annotation.ConfigurationClassPostProcessor - Replacing bean definition 'org.springframework.boot.autoconfigure.jackson.JacksonAutoConfiguration$JacksonObjectMapperBuilderConfiguration' existing class 'org.springframework.boot.autoconfigure.jackson.JacksonAutoConfiguration$JacksonObjectMapperBuilderConfiguration' with enhanced class 'org.springframework.boot.autoconfigure.jackson.JacksonAutoConfiguration$JacksonObjectMapperBuilderConfiguration$$EnhancerBySpringCGLIB$$67995fa0'
22:05:17.176 [Test worker] DEBUG org.springframework.context.annotation.ConfigurationClassEnhancer - Successfully enhanced org.springframework.boot.autoconfigure.jackson.JacksonAutoConfiguration$JacksonObjectMapperConfiguration; enhanced class name is: org.springframework.boot.autoconfigure.jackson.JacksonAutoConfiguration$JacksonObjectMapperConfiguration$$EnhancerBySpringCGLIB$$b54c9d87
22:05:17.177 [Test worker] DEBUG org.springframework.context.annotation.ConfigurationClassPostProcessor - Replacing bean definition 'org.springframework.boot.autoconfigure.jackson.JacksonAutoConfiguration$JacksonObjectMapperConfiguration' existing class 'org.springframework.boot.autoconfigure.jackson.JacksonAutoConfiguration$JacksonObjectMapperConfiguration' with enhanced class 'org.springframework.boot.autoconfigure.jackson.JacksonAutoConfiguration$JacksonObjectMapperConfiguration$$EnhancerBySpringCGLIB$$b54c9d87'
22:05:17.181 [Test worker] DEBUG org.springframework.context.annotation.ConfigurationClassEnhancer - Successfully enhanced org.springframework.boot.autoconfigure.jackson.JacksonAutoConfiguration; enhanced class name is: org.springframework.boot.autoconfigure.jackson.JacksonAutoConfiguration$$EnhancerBySpringCGLIB$$97583b16
22:05:17.181 [Test worker] DEBUG org.springframework.context.annotation.ConfigurationClassPostProcessor - Replacing bean definition 'org.springframework.boot.autoconfigure.jackson.JacksonAutoConfiguration' existing class 'org.springframework.boot.autoconfigure.jackson.JacksonAutoConfiguration' with enhanced class 'org.springframework.boot.autoconfigure.jackson.JacksonAutoConfiguration$$EnhancerBySpringCGLIB$$97583b16'
22:05:17.184 [Test worker] DEBUG org.springframework.context.annotation.ConfigurationClassEnhancer - Successfully enhanced org.springframework.boot.autoconfigure.validation.ValidationAutoConfiguration; enhanced class name is: org.springframework.boot.autoconfigure.validation.ValidationAutoConfiguration$$EnhancerBySpringCGLIB$$cab8ae80
22:05:17.185 [Test worker] DEBUG org.springframework.context.annotation.ConfigurationClassPostProcessor - Replacing bean definition 'org.springframework.boot.autoconfigure.validation.ValidationAutoConfiguration' existing class 'org.springframework.boot.autoconfigure.validation.ValidationAutoConfiguration' with enhanced class 'org.springframework.boot.autoconfigure.validation.ValidationAutoConfiguration$$EnhancerBySpringCGLIB$$cab8ae80'
22:05:17.192 [Test worker] DEBUG org.springframework.context.annotation.ConfigurationClassEnhancer - Successfully enhanced org.springframework.boot.actuate.autoconfigure.AuditAutoConfiguration; enhanced class name is: org.springframework.boot.actuate.autoconfigure.AuditAutoConfiguration$$EnhancerBySpringCGLIB$$fd0413d2
22:05:17.192 [Test worker] DEBUG org.springframework.context.annotation.ConfigurationClassPostProcessor - Replacing bean definition 'org.springframework.boot.actuate.autoconfigure.AuditAutoConfiguration' existing class 'org.springframework.boot.actuate.autoconfigure.AuditAutoConfiguration' with enhanced class 'org.springframework.boot.actuate.autoconfigure.AuditAutoConfiguration$$EnhancerBySpringCGLIB$$fd0413d2'
22:05:17.196 [Test worker] DEBUG org.springframework.context.annotation.ConfigurationClassEnhancer - Successfully enhanced org.springframework.boot.autoconfigure.jdbc.DataSourceAutoConfiguration$PooledDataSourceConfiguration; enhanced class name is: org.springframework.boot.autoconfigure.jdbc.DataSourceAutoConfiguration$PooledDataSourceConfiguration$$EnhancerBySpringCGLIB$$d85d0ee8
22:05:17.196 [Test worker] DEBUG org.springframework.context.annotation.ConfigurationClassPostProcessor - Replacing bean definition 'org.springframework.boot.autoconfigure.jdbc.DataSourceAutoConfiguration$PooledDataSourceConfiguration' existing class 'org.springframework.boot.autoconfigure.jdbc.DataSourceAutoConfiguration$PooledDataSourceConfiguration' with enhanced class 'org.springframework.boot.autoconfigure.jdbc.DataSourceAutoConfiguration$PooledDataSourceConfiguration$$EnhancerBySpringCGLIB$$d85d0ee8'
22:05:17.200 [Test worker] DEBUG org.springframework.context.annotation.ConfigurationClassEnhancer - Successfully enhanced org.springframework.boot.autoconfigure.jdbc.metadata.DataSourcePoolMetadataProvidersConfiguration$TomcatDataSourcePoolMetadataProviderConfiguration; enhanced class name is: org.springframework.boot.autoconfigure.jdbc.metadata.DataSourcePoolMetadataProvidersConfiguration$TomcatDataSourcePoolMetadataProviderConfiguration$$EnhancerBySpringCGLIB$$b91f0c24
22:05:17.200 [Test worker] DEBUG org.springframework.context.annotation.ConfigurationClassPostProcessor - Replacing bean definition 'org.springframework.boot.autoconfigure.jdbc.metadata.DataSourcePoolMetadataProvidersConfiguration$TomcatDataSourcePoolMetadataProviderConfiguration' existing class 'org.springframework.boot.autoconfigure.jdbc.metadata.DataSourcePoolMetadataProvidersConfiguration$TomcatDataSourcePoolMetadataProviderConfiguration' with enhanced class 'org.springframework.boot.autoconfigure.jdbc.metadata.DataSourcePoolMetadataProvidersConfiguration$TomcatDataSourcePoolMetadataProviderConfiguration$$EnhancerBySpringCGLIB$$b91f0c24'
22:05:17.204 [Test worker] DEBUG org.springframework.context.annotation.ConfigurationClassEnhancer - Successfully enhanced org.springframework.boot.autoconfigure.jdbc.metadata.DataSourcePoolMetadataProvidersConfiguration; enhanced class name is: org.springframework.boot.autoconfigure.jdbc.metadata.DataSourcePoolMetadataProvidersConfiguration$$EnhancerBySpringCGLIB$$36aa0637
22:05:17.204 [Test worker] DEBUG org.springframework.context.annotation.ConfigurationClassPostProcessor - Replacing bean definition 'org.springframework.boot.autoconfigure.jdbc.metadata.DataSourcePoolMetadataProvidersConfiguration' existing class 'org.springframework.boot.autoconfigure.jdbc.metadata.DataSourcePoolMetadataProvidersConfiguration' with enhanced class 'org.springframework.boot.autoconfigure.jdbc.metadata.DataSourcePoolMetadataProvidersConfiguration$$EnhancerBySpringCGLIB$$36aa0637'
22:05:17.208 [Test worker] DEBUG org.springframework.context.annotation.ConfigurationClassEnhancer - Successfully enhanced org.springframework.boot.autoconfigure.jdbc.DataSourceAutoConfiguration; enhanced class name is: org.springframework.boot.autoconfigure.jdbc.DataSourceAutoConfiguration$$EnhancerBySpringCGLIB$$3bacc156
22:05:17.208 [Test worker] DEBUG org.springframework.context.annotation.ConfigurationClassPostProcessor - Replacing bean definition 'org.springframework.boot.autoconfigure.jdbc.DataSourceAutoConfiguration' existing class 'org.springframework.boot.autoconfigure.jdbc.DataSourceAutoConfiguration' with enhanced class 'org.springframework.boot.autoconfigure.jdbc.DataSourceAutoConfiguration$$EnhancerBySpringCGLIB$$3bacc156'
22:05:17.215 [Test worker] DEBUG org.springframework.context.annotation.ConfigurationClassEnhancer - Successfully enhanced org.springframework.boot.autoconfigure.orm.jpa.HibernateJpaAutoConfiguration; enhanced class name is: org.springframework.boot.autoconfigure.orm.jpa.HibernateJpaAutoConfiguration$$EnhancerBySpringCGLIB$$c33f8216
22:05:17.215 [Test worker] DEBUG org.springframework.context.annotation.ConfigurationClassPostProcessor - Replacing bean definition 'org.springframework.boot.autoconfigure.orm.jpa.HibernateJpaAutoConfiguration' existing class 'org.springframework.boot.autoconfigure.orm.jpa.HibernateJpaAutoConfiguration' with enhanced class 'org.springframework.boot.autoconfigure.orm.jpa.HibernateJpaAutoConfiguration$$EnhancerBySpringCGLIB$$c33f8216'
22:05:17.223 [Test worker] DEBUG org.springframework.context.annotation.ConfigurationClassEnhancer - Successfully enhanced org.springframework.boot.autoconfigure.info.ProjectInfoAutoConfiguration; enhanced class name is: org.springframework.boot.autoconfigure.info.ProjectInfoAutoConfiguration$$EnhancerBySpringCGLIB$$95b32b0f
22:05:17.223 [Test worker] DEBUG org.springframework.context.annotation.ConfigurationClassPostProcessor - Replacing bean definition 'org.springframework.boot.autoconfigure.info.ProjectInfoAutoConfiguration' existing class 'org.springframework.boot.autoconfigure.info.ProjectInfoAutoConfiguration' with enhanced class 'org.springframework.boot.autoconfigure.info.ProjectInfoAutoConfiguration$$EnhancerBySpringCGLIB$$95b32b0f'
22:05:17.232 [Test worker] DEBUG org.springframework.context.annotation.ConfigurationClassEnhancer - Successfully enhanced org.springframework.boot.actuate.autoconfigure.InfoContributorAutoConfiguration; enhanced class name is: org.springframework.boot.actuate.autoconfigure.InfoContributorAutoConfiguration$$EnhancerBySpringCGLIB$$31fe8a0
22:05:17.232 [Test worker] DEBUG org.springframework.context.annotation.ConfigurationClassPostProcessor - Replacing bean definition 'org.springframework.boot.actuate.autoconfigure.InfoContributorAutoConfiguration' existing class 'org.springframework.boot.actuate.autoconfigure.InfoContributorAutoConfiguration' with enhanced class 'org.springframework.boot.actuate.autoconfigure.InfoContributorAutoConfiguration$$EnhancerBySpringCGLIB$$31fe8a0'
22:05:17.237 [Test worker] DEBUG org.springframework.context.annotation.ConfigurationClassEnhancer - Successfully enhanced org.springframework.boot.actuate.autoconfigure.HealthIndicatorAutoConfiguration$DiskSpaceHealthIndicatorConfiguration; enhanced class name is: org.springframework.boot.actuate.autoconfigure.HealthIndicatorAutoConfiguration$DiskSpaceHealthIndicatorConfiguration$$EnhancerBySpringCGLIB$$fee28982
22:05:17.237 [Test worker] DEBUG org.springframework.context.annotation.ConfigurationClassPostProcessor - Replacing bean definition 'org.springframework.boot.actuate.autoconfigure.HealthIndicatorAutoConfiguration$DiskSpaceHealthIndicatorConfiguration' existing class 'org.springframework.boot.actuate.autoconfigure.HealthIndicatorAutoConfiguration$DiskSpaceHealthIndicatorConfiguration' with enhanced class 'org.springframework.boot.actuate.autoconfigure.HealthIndicatorAutoConfiguration$DiskSpaceHealthIndicatorConfiguration$$EnhancerBySpringCGLIB$$fee28982'
22:05:17.245 [Test worker] DEBUG org.springframework.context.annotation.ConfigurationClassEnhancer - Successfully enhanced org.springframework.boot.actuate.autoconfigure.HealthIndicatorAutoConfiguration$DataSourcesHealthIndicatorConfiguration; enhanced class name is: org.springframework.boot.actuate.autoconfigure.HealthIndicatorAutoConfiguration$DataSourcesHealthIndicatorConfiguration$$EnhancerBySpringCGLIB$$92a57827
22:05:17.245 [Test worker] DEBUG org.springframework.context.annotation.ConfigurationClassPostProcessor - Replacing bean definition 'org.springframework.boot.actuate.autoconfigure.HealthIndicatorAutoConfiguration$DataSourcesHealthIndicatorConfiguration' existing class 'org.springframework.boot.actuate.autoconfigure.HealthIndicatorAutoConfiguration$DataSourcesHealthIndicatorConfiguration' with enhanced class 'org.springframework.boot.actuate.autoconfigure.HealthIndicatorAutoConfiguration$DataSourcesHealthIndicatorConfiguration$$EnhancerBySpringCGLIB$$92a57827'
22:05:17.251 [Test worker] DEBUG org.springframework.context.annotation.ConfigurationClassEnhancer - Successfully enhanced org.springframework.boot.actuate.autoconfigure.HealthIndicatorAutoConfiguration; enhanced class name is: org.springframework.boot.actuate.autoconfigure.HealthIndicatorAutoConfiguration$$EnhancerBySpringCGLIB$$187742da
22:05:17.251 [Test worker] DEBUG org.springframework.context.annotation.ConfigurationClassPostProcessor - Replacing bean definition 'org.springframework.boot.actuate.autoconfigure.HealthIndicatorAutoConfiguration' existing class 'org.springframework.boot.actuate.autoconfigure.HealthIndicatorAutoConfiguration' with enhanced class 'org.springframework.boot.actuate.autoconfigure.HealthIndicatorAutoConfiguration$$EnhancerBySpringCGLIB$$187742da'
22:05:17.261 [Test worker] DEBUG org.springframework.context.annotation.ConfigurationClassEnhancer - Successfully enhanced org.springframework.boot.actuate.autoconfigure.MetricRepositoryAutoConfiguration$FastMetricServicesConfiguration; enhanced class name is: org.springframework.boot.actuate.autoconfigure.MetricRepositoryAutoConfiguration$FastMetricServicesConfiguration$$EnhancerBySpringCGLIB$$411c8245
22:05:17.261 [Test worker] DEBUG org.springframework.context.annotation.ConfigurationClassPostProcessor - Replacing bean definition 'org.springframework.boot.actuate.autoconfigure.MetricRepositoryAutoConfiguration$FastMetricServicesConfiguration' existing class 'org.springframework.boot.actuate.autoconfigure.MetricRepositoryAutoConfiguration$FastMetricServicesConfiguration' with enhanced class 'org.springframework.boot.actuate.autoconfigure.MetricRepositoryAutoConfiguration$FastMetricServicesConfiguration$$EnhancerBySpringCGLIB$$411c8245'
22:05:17.265 [Test worker] DEBUG org.springframework.context.annotation.ConfigurationClassEnhancer - Successfully enhanced org.springframework.boot.actuate.autoconfigure.MetricRepositoryAutoConfiguration; enhanced class name is: org.springframework.boot.actuate.autoconfigure.MetricRepositoryAutoConfiguration$$EnhancerBySpringCGLIB$$69b72e9d
22:05:17.265 [Test worker] DEBUG org.springframework.context.annotation.ConfigurationClassPostProcessor - Replacing bean definition 'org.springframework.boot.actuate.autoconfigure.MetricRepositoryAutoConfiguration' existing class 'org.springframework.boot.actuate.autoconfigure.MetricRepositoryAutoConfiguration' with enhanced class 'org.springframework.boot.actuate.autoconfigure.MetricRepositoryAutoConfiguration$$EnhancerBySpringCGLIB$$69b72e9d'
22:05:17.271 [Test worker] DEBUG org.springframework.context.annotation.ConfigurationClassEnhancer - Successfully enhanced org.springframework.boot.autoconfigure.jmx.JmxAutoConfiguration; enhanced class name is: org.springframework.boot.autoconfigure.jmx.JmxAutoConfiguration$$EnhancerBySpringCGLIB$$d9248d12
22:05:17.271 [Test worker] DEBUG org.springframework.context.annotation.ConfigurationClassPostProcessor - Replacing bean definition 'org.springframework.boot.autoconfigure.jmx.JmxAutoConfiguration' existing class 'org.springframework.boot.autoconfigure.jmx.JmxAutoConfiguration' with enhanced class 'org.springframework.boot.autoconfigure.jmx.JmxAutoConfiguration$$EnhancerBySpringCGLIB$$d9248d12'
22:05:17.277 [Test worker] DEBUG org.springframework.context.annotation.ConfigurationClassEnhancer - Successfully enhanced org.springframework.boot.actuate.autoconfigure.PublicMetricsAutoConfiguration$DataSourceMetricsConfiguration; enhanced class name is: org.springframework.boot.actuate.autoconfigure.PublicMetricsAutoConfiguration$DataSourceMetricsConfiguration$$EnhancerBySpringCGLIB$$94e625df
22:05:17.277 [Test worker] DEBUG org.springframework.context.annotation.ConfigurationClassPostProcessor - Replacing bean definition 'org.springframework.boot.actuate.autoconfigure.PublicMetricsAutoConfiguration$DataSourceMetricsConfiguration' existing class 'org.springframework.boot.actuate.autoconfigure.PublicMetricsAutoConfiguration$DataSourceMetricsConfiguration' with enhanced class 'org.springframework.boot.actuate.autoconfigure.PublicMetricsAutoConfiguration$DataSourceMetricsConfiguration$$EnhancerBySpringCGLIB$$94e625df'
22:05:17.282 [Test worker] DEBUG org.springframework.context.annotation.ConfigurationClassEnhancer - Successfully enhanced org.springframework.boot.actuate.autoconfigure.PublicMetricsAutoConfiguration; enhanced class name is: org.springframework.boot.actuate.autoconfigure.PublicMetricsAutoConfiguration$$EnhancerBySpringCGLIB$$1bb48393
22:05:17.282 [Test worker] DEBUG org.springframework.context.annotation.ConfigurationClassPostProcessor - Replacing bean definition 'org.springframework.boot.actuate.autoconfigure.PublicMetricsAutoConfiguration' existing class 'org.springframework.boot.actuate.autoconfigure.PublicMetricsAutoConfiguration' with enhanced class 'org.springframework.boot.actuate.autoconfigure.PublicMetricsAutoConfiguration$$EnhancerBySpringCGLIB$$1bb48393'
22:05:17.286 [Test worker] DEBUG org.springframework.context.annotation.ConfigurationClassEnhancer - Successfully enhanced org.springframework.boot.actuate.autoconfigure.EndpointAutoConfiguration$RequestMappingEndpointConfiguration; enhanced class name is: org.springframework.boot.actuate.autoconfigure.EndpointAutoConfiguration$RequestMappingEndpointConfiguration$$EnhancerBySpringCGLIB$$22fcf300
22:05:17.286 [Test worker] DEBUG org.springframework.context.annotation.ConfigurationClassPostProcessor - Replacing bean definition 'org.springframework.boot.actuate.autoconfigure.EndpointAutoConfiguration$RequestMappingEndpointConfiguration' existing class 'org.springframework.boot.actuate.autoconfigure.EndpointAutoConfiguration$RequestMappingEndpointConfiguration' with enhanced class 'org.springframework.boot.actuate.autoconfigure.EndpointAutoConfiguration$RequestMappingEndpointConfiguration$$EnhancerBySpringCGLIB$$22fcf300'
22:05:17.294 [Test worker] DEBUG org.springframework.context.annotation.ConfigurationClassEnhancer - Successfully enhanced org.springframework.boot.actuate.autoconfigure.EndpointAutoConfiguration; enhanced class name is: org.springframework.boot.actuate.autoconfigure.EndpointAutoConfiguration$$EnhancerBySpringCGLIB$$67c25822
22:05:17.295 [Test worker] DEBUG org.springframework.context.annotation.ConfigurationClassPostProcessor - Replacing bean definition 'org.springframework.boot.actuate.autoconfigure.EndpointAutoConfiguration' existing class 'org.springframework.boot.actuate.autoconfigure.EndpointAutoConfiguration' with enhanced class 'org.springframework.boot.actuate.autoconfigure.EndpointAutoConfiguration$$EnhancerBySpringCGLIB$$67c25822'
22:05:17.301 [Test worker] DEBUG org.springframework.context.annotation.ConfigurationClassEnhancer - Successfully enhanced org.springframework.boot.actuate.autoconfigure.EndpointMBeanExportAutoConfiguration; enhanced class name is: org.springframework.boot.actuate.autoconfigure.EndpointMBeanExportAutoConfiguration$$EnhancerBySpringCGLIB$$43635071
22:05:17.301 [Test worker] DEBUG org.springframework.context.annotation.ConfigurationClassPostProcessor - Replacing bean definition 'org.springframework.boot.actuate.autoconfigure.EndpointMBeanExportAutoConfiguration' existing class 'org.springframework.boot.actuate.autoconfigure.EndpointMBeanExportAutoConfiguration' with enhanced class 'org.springframework.boot.actuate.autoconfigure.EndpointMBeanExportAutoConfiguration$$EnhancerBySpringCGLIB$$43635071'
22:05:17.306 [Test worker] DEBUG org.springframework.context.annotation.ConfigurationClassEnhancer - Successfully enhanced org.springframework.boot.actuate.autoconfigure.ManagementServerPropertiesAutoConfiguration; enhanced class name is: org.springframework.boot.actuate.autoconfigure.ManagementServerPropertiesAutoConfiguration$$EnhancerBySpringCGLIB$$42736f3e
22:05:17.306 [Test worker] DEBUG org.springframework.context.annotation.ConfigurationClassPostProcessor - Replacing bean definition 'org.springframework.boot.actuate.autoconfigure.ManagementServerPropertiesAutoConfiguration' existing class 'org.springframework.boot.actuate.autoconfigure.ManagementServerPropertiesAutoConfiguration' with enhanced class 'org.springframework.boot.actuate.autoconfigure.ManagementServerPropertiesAutoConfiguration$$EnhancerBySpringCGLIB$$42736f3e'
22:05:17.310 [Test worker] DEBUG org.springframework.context.annotation.ConfigurationClassEnhancer - Successfully enhanced org.springframework.boot.autoconfigure.web.HttpMessageConvertersAutoConfiguration$StringHttpMessageConverterConfiguration; enhanced class name is: org.springframework.boot.autoconfigure.web.HttpMessageConvertersAutoConfiguration$StringHttpMessageConverterConfiguration$$EnhancerBySpringCGLIB$$a6e746f6
22:05:17.310 [Test worker] DEBUG org.springframework.context.annotation.ConfigurationClassPostProcessor - Replacing bean definition 'org.springframework.boot.autoconfigure.web.HttpMessageConvertersAutoConfiguration$StringHttpMessageConverterConfiguration' existing class 'org.springframework.boot.autoconfigure.web.HttpMessageConvertersAutoConfiguration$StringHttpMessageConverterConfiguration' with enhanced class 'org.springframework.boot.autoconfigure.web.HttpMessageConvertersAutoConfiguration$StringHttpMessageConverterConfiguration$$EnhancerBySpringCGLIB$$a6e746f6'
22:05:17.313 [Test worker] DEBUG org.springframework.context.annotation.ConfigurationClassEnhancer - Successfully enhanced org.springframework.boot.autoconfigure.web.JacksonHttpMessageConvertersConfiguration$MappingJackson2HttpMessageConverterConfiguration; enhanced class name is: org.springframework.boot.autoconfigure.web.JacksonHttpMessageConvertersConfiguration$MappingJackson2HttpMessageConverterConfiguration$$EnhancerBySpringCGLIB$$34f570f6
22:05:17.314 [Test worker] DEBUG org.springframework.context.annotation.ConfigurationClassPostProcessor - Replacing bean definition 'org.springframework.boot.autoconfigure.web.JacksonHttpMessageConvertersConfiguration$MappingJackson2HttpMessageConverterConfiguration' existing class 'org.springframework.boot.autoconfigure.web.JacksonHttpMessageConvertersConfiguration$MappingJackson2HttpMessageConverterConfiguration' with enhanced class 'org.springframework.boot.autoconfigure.web.JacksonHttpMessageConvertersConfiguration$MappingJackson2HttpMessageConverterConfiguration$$EnhancerBySpringCGLIB$$34f570f6'
22:05:17.317 [Test worker] DEBUG org.springframework.context.annotation.ConfigurationClassEnhancer - Successfully enhanced org.springframework.boot.autoconfigure.web.JacksonHttpMessageConvertersConfiguration; enhanced class name is: org.springframework.boot.autoconfigure.web.JacksonHttpMessageConvertersConfiguration$$EnhancerBySpringCGLIB$$c7e3096c
22:05:17.317 [Test worker] DEBUG org.springframework.context.annotation.ConfigurationClassPostProcessor - Replacing bean definition 'org.springframework.boot.autoconfigure.web.JacksonHttpMessageConvertersConfiguration' existing class 'org.springframework.boot.autoconfigure.web.JacksonHttpMessageConvertersConfiguration' with enhanced class 'org.springframework.boot.autoconfigure.web.JacksonHttpMessageConvertersConfiguration$$EnhancerBySpringCGLIB$$c7e3096c'
22:05:17.320 [Test worker] DEBUG org.springframework.context.annotation.ConfigurationClassEnhancer - Successfully enhanced org.springframework.boot.autoconfigure.web.HttpMessageConvertersAutoConfiguration; enhanced class name is: org.springframework.boot.autoconfigure.web.HttpMessageConvertersAutoConfiguration$$EnhancerBySpringCGLIB$$ea713c56
22:05:17.320 [Test worker] DEBUG org.springframework.context.annotation.ConfigurationClassPostProcessor - Replacing bean definition 'org.springframework.boot.autoconfigure.web.HttpMessageConvertersAutoConfiguration' existing class 'org.springframework.boot.autoconfigure.web.HttpMessageConvertersAutoConfiguration' with enhanced class 'org.springframework.boot.autoconfigure.web.HttpMessageConvertersAutoConfiguration$$EnhancerBySpringCGLIB$$ea713c56'
22:05:17.324 [Test worker] DEBUG org.springframework.context.annotation.ConfigurationClassEnhancer - Successfully enhanced org.springframework.boot.actuate.autoconfigure.MetricExportAutoConfiguration$MetricExportPropertiesConfiguration; enhanced class name is: org.springframework.boot.actuate.autoconfigure.MetricExportAutoConfiguration$MetricExportPropertiesConfiguration$$EnhancerBySpringCGLIB$$49b340ae
22:05:17.324 [Test worker] DEBUG org.springframework.context.annotation.ConfigurationClassPostProcessor - Replacing bean definition 'org.springframework.boot.actuate.autoconfigure.MetricExportAutoConfiguration$MetricExportPropertiesConfiguration' existing class 'org.springframework.boot.actuate.autoconfigure.MetricExportAutoConfiguration$MetricExportPropertiesConfiguration' with enhanced class 'org.springframework.boot.actuate.autoconfigure.MetricExportAutoConfiguration$MetricExportPropertiesConfiguration$$EnhancerBySpringCGLIB$$49b340ae'
22:05:17.333 [Test worker] DEBUG org.springframework.context.annotation.ConfigurationClassEnhancer - Successfully enhanced org.springframework.boot.actuate.autoconfigure.MetricExportAutoConfiguration$StatsdConfiguration; enhanced class name is: org.springframework.boot.actuate.autoconfigure.MetricExportAutoConfiguration$StatsdConfiguration$$EnhancerBySpringCGLIB$$9f62f1e0
22:05:17.333 [Test worker] DEBUG org.springframework.context.annotation.ConfigurationClassPostProcessor - Replacing bean definition 'org.springframework.boot.actuate.autoconfigure.MetricExportAutoConfiguration$StatsdConfiguration' existing class 'org.springframework.boot.actuate.autoconfigure.MetricExportAutoConfiguration$StatsdConfiguration' with enhanced class 'org.springframework.boot.actuate.autoconfigure.MetricExportAutoConfiguration$StatsdConfiguration$$EnhancerBySpringCGLIB$$9f62f1e0'
22:05:17.337 [Test worker] DEBUG org.springframework.context.annotation.ConfigurationClassEnhancer - Successfully enhanced org.springframework.scheduling.annotation.SchedulingConfiguration; enhanced class name is: org.springframework.scheduling.annotation.SchedulingConfiguration$$EnhancerBySpringCGLIB$$fb07d471
22:05:17.337 [Test worker] DEBUG org.springframework.context.annotation.ConfigurationClassPostProcessor - Replacing bean definition 'org.springframework.scheduling.annotation.SchedulingConfiguration' existing class 'org.springframework.scheduling.annotation.SchedulingConfiguration' with enhanced class 'org.springframework.scheduling.annotation.SchedulingConfiguration$$EnhancerBySpringCGLIB$$fb07d471'
22:05:17.341 [Test worker] DEBUG org.springframework.context.annotation.ConfigurationClassEnhancer - Successfully enhanced org.springframework.boot.actuate.autoconfigure.MetricExportAutoConfiguration; enhanced class name is: org.springframework.boot.actuate.autoconfigure.MetricExportAutoConfiguration$$EnhancerBySpringCGLIB$$a1a25eb3
22:05:17.341 [Test worker] DEBUG org.springframework.context.annotation.ConfigurationClassPostProcessor - Replacing bean definition 'org.springframework.boot.actuate.autoconfigure.MetricExportAutoConfiguration' existing class 'org.springframework.boot.actuate.autoconfigure.MetricExportAutoConfiguration' with enhanced class 'org.springframework.boot.actuate.autoconfigure.MetricExportAutoConfiguration$$EnhancerBySpringCGLIB$$a1a25eb3'
22:05:17.344 [Test worker] DEBUG org.springframework.context.annotation.ConfigurationClassEnhancer - Successfully enhanced org.springframework.boot.actuate.autoconfigure.MetricFilterAutoConfiguration; enhanced class name is: org.springframework.boot.actuate.autoconfigure.MetricFilterAutoConfiguration$$EnhancerBySpringCGLIB$$760972ef
22:05:17.344 [Test worker] DEBUG org.springframework.context.annotation.ConfigurationClassPostProcessor - Replacing bean definition 'org.springframework.boot.actuate.autoconfigure.MetricFilterAutoConfiguration' existing class 'org.springframework.boot.actuate.autoconfigure.MetricFilterAutoConfiguration' with enhanced class 'org.springframework.boot.actuate.autoconfigure.MetricFilterAutoConfiguration$$EnhancerBySpringCGLIB$$760972ef'
22:05:17.348 [Test worker] DEBUG org.springframework.context.annotation.ConfigurationClassEnhancer - Successfully enhanced org.springframework.boot.actuate.autoconfigure.TraceRepositoryAutoConfiguration; enhanced class name is: org.springframework.boot.actuate.autoconfigure.TraceRepositoryAutoConfiguration$$EnhancerBySpringCGLIB$$af06037e
22:05:17.348 [Test worker] DEBUG org.springframework.context.annotation.ConfigurationClassPostProcessor - Replacing bean definition 'org.springframework.boot.actuate.autoconfigure.TraceRepositoryAutoConfiguration' existing class 'org.springframework.boot.actuate.autoconfigure.TraceRepositoryAutoConfiguration' with enhanced class 'org.springframework.boot.actuate.autoconfigure.TraceRepositoryAutoConfiguration$$EnhancerBySpringCGLIB$$af06037e'
22:05:17.351 [Test worker] DEBUG org.springframework.context.annotation.ConfigurationClassEnhancer - Successfully enhanced org.springframework.boot.actuate.autoconfigure.TraceWebFilterAutoConfiguration; enhanced class name is: org.springframework.boot.actuate.autoconfigure.TraceWebFilterAutoConfiguration$$EnhancerBySpringCGLIB$$522147d0
22:05:17.352 [Test worker] DEBUG org.springframework.context.annotation.ConfigurationClassPostProcessor - Replacing bean definition 'org.springframework.boot.actuate.autoconfigure.TraceWebFilterAutoConfiguration' existing class 'org.springframework.boot.actuate.autoconfigure.TraceWebFilterAutoConfiguration' with enhanced class 'org.springframework.boot.actuate.autoconfigure.TraceWebFilterAutoConfiguration$$EnhancerBySpringCGLIB$$522147d0'
22:05:17.354 [Test worker] DEBUG org.springframework.context.annotation.ConfigurationClassEnhancer - Successfully enhanced org.springframework.boot.autoconfigure.aop.AopAutoConfiguration$JdkDynamicAutoProxyConfiguration; enhanced class name is: org.springframework.boot.autoconfigure.aop.AopAutoConfiguration$JdkDynamicAutoProxyConfiguration$$EnhancerBySpringCGLIB$$e92a6567
22:05:17.354 [Test worker] DEBUG org.springframework.context.annotation.ConfigurationClassPostProcessor - Replacing bean definition 'org.springframework.boot.autoconfigure.aop.AopAutoConfiguration$JdkDynamicAutoProxyConfiguration' existing class 'org.springframework.boot.autoconfigure.aop.AopAutoConfiguration$JdkDynamicAutoProxyConfiguration' with enhanced class 'org.springframework.boot.autoconfigure.aop.AopAutoConfiguration$JdkDynamicAutoProxyConfiguration$$EnhancerBySpringCGLIB$$e92a6567'
22:05:17.357 [Test worker] DEBUG org.springframework.context.annotation.ConfigurationClassEnhancer - Successfully enhanced org.springframework.boot.autoconfigure.aop.AopAutoConfiguration; enhanced class name is: org.springframework.boot.autoconfigure.aop.AopAutoConfiguration$$EnhancerBySpringCGLIB$$a50f9cb8
22:05:17.357 [Test worker] DEBUG org.springframework.context.annotation.ConfigurationClassPostProcessor - Replacing bean definition 'org.springframework.boot.autoconfigure.aop.AopAutoConfiguration' existing class 'org.springframework.boot.autoconfigure.aop.AopAutoConfiguration' with enhanced class 'org.springframework.boot.autoconfigure.aop.AopAutoConfiguration$$EnhancerBySpringCGLIB$$a50f9cb8'
22:05:17.360 [Test worker] DEBUG org.springframework.context.annotation.ConfigurationClassEnhancer - Successfully enhanced org.springframework.boot.autoconfigure.context.ConfigurationPropertiesAutoConfiguration; enhanced class name is: org.springframework.boot.autoconfigure.context.ConfigurationPropertiesAutoConfiguration$$EnhancerBySpringCGLIB$$4942a944
22:05:17.360 [Test worker] DEBUG org.springframework.context.annotation.ConfigurationClassPostProcessor - Replacing bean definition 'org.springframework.boot.autoconfigure.context.ConfigurationPropertiesAutoConfiguration' existing class 'org.springframework.boot.autoconfigure.context.ConfigurationPropertiesAutoConfiguration' with enhanced class 'org.springframework.boot.autoconfigure.context.ConfigurationPropertiesAutoConfiguration$$EnhancerBySpringCGLIB$$4942a944'
22:05:17.363 [Test worker] DEBUG org.springframework.context.annotation.ConfigurationClassEnhancer - Successfully enhanced org.springframework.boot.autoconfigure.data.jpa.JpaRepositoriesAutoConfiguration; enhanced class name is: org.springframework.boot.autoconfigure.data.jpa.JpaRepositoriesAutoConfiguration$$EnhancerBySpringCGLIB$$9940baa
22:05:17.363 [Test worker] DEBUG org.springframework.context.annotation.ConfigurationClassPostProcessor - Replacing bean definition 'org.springframework.boot.autoconfigure.data.jpa.JpaRepositoriesAutoConfiguration' existing class 'org.springframework.boot.autoconfigure.data.jpa.JpaRepositoriesAutoConfiguration' with enhanced class 'org.springframework.boot.autoconfigure.data.jpa.JpaRepositoriesAutoConfiguration$$EnhancerBySpringCGLIB$$9940baa'
22:05:17.370 [Test worker] DEBUG org.springframework.context.annotation.ConfigurationClassEnhancer - Successfully enhanced org.springframework.boot.autoconfigure.jdbc.DataSourceTransactionManagerAutoConfiguration$DataSourceTransactionManagerConfiguration; enhanced class name is: org.springframework.boot.autoconfigure.jdbc.DataSourceTransactionManagerAutoConfiguration$DataSourceTransactionManagerConfiguration$$EnhancerBySpringCGLIB$$6b9b665
22:05:17.370 [Test worker] DEBUG org.springframework.context.annotation.ConfigurationClassPostProcessor - Replacing bean definition 'org.springframework.boot.autoconfigure.jdbc.DataSourceTransactionManagerAutoConfiguration$DataSourceTransactionManagerConfiguration' existing class 'org.springframework.boot.autoconfigure.jdbc.DataSourceTransactionManagerAutoConfiguration$DataSourceTransactionManagerConfiguration' with enhanced class 'org.springframework.boot.autoconfigure.jdbc.DataSourceTransactionManagerAutoConfiguration$DataSourceTransactionManagerConfiguration$$EnhancerBySpringCGLIB$$6b9b665'
22:05:17.373 [Test worker] DEBUG org.springframework.context.annotation.ConfigurationClassEnhancer - Successfully enhanced org.springframework.boot.autoconfigure.jdbc.DataSourceTransactionManagerAutoConfiguration; enhanced class name is: org.springframework.boot.autoconfigure.jdbc.DataSourceTransactionManagerAutoConfiguration$$EnhancerBySpringCGLIB$$6a900e47
22:05:17.373 [Test worker] DEBUG org.springframework.context.annotation.ConfigurationClassPostProcessor - Replacing bean definition 'org.springframework.boot.autoconfigure.jdbc.DataSourceTransactionManagerAutoConfiguration' existing class 'org.springframework.boot.autoconfigure.jdbc.DataSourceTransactionManagerAutoConfiguration' with enhanced class 'org.springframework.boot.autoconfigure.jdbc.DataSourceTransactionManagerAutoConfiguration$$EnhancerBySpringCGLIB$$6a900e47'
22:05:17.376 [Test worker] DEBUG org.springframework.context.annotation.ConfigurationClassEnhancer - Successfully enhanced org.springframework.boot.autoconfigure.jdbc.JdbcTemplateAutoConfiguration; enhanced class name is: org.springframework.boot.autoconfigure.jdbc.JdbcTemplateAutoConfiguration$$EnhancerBySpringCGLIB$$799d52e6
22:05:17.376 [Test worker] DEBUG org.springframework.context.annotation.ConfigurationClassPostProcessor - Replacing bean definition 'org.springframework.boot.autoconfigure.jdbc.JdbcTemplateAutoConfiguration' existing class 'org.springframework.boot.autoconfigure.jdbc.JdbcTemplateAutoConfiguration' with enhanced class 'org.springframework.boot.autoconfigure.jdbc.JdbcTemplateAutoConfiguration$$EnhancerBySpringCGLIB$$799d52e6'
22:05:17.380 [Test worker] DEBUG org.springframework.context.annotation.ConfigurationClassEnhancer - Successfully enhanced org.springframework.transaction.annotation.ProxyTransactionManagementConfiguration; enhanced class name is: org.springframework.transaction.annotation.ProxyTransactionManagementConfiguration$$EnhancerBySpringCGLIB$$59b91df6
22:05:17.380 [Test worker] DEBUG org.springframework.context.annotation.ConfigurationClassPostProcessor - Replacing bean definition 'org.springframework.transaction.annotation.ProxyTransactionManagementConfiguration' existing class 'org.springframework.transaction.annotation.ProxyTransactionManagementConfiguration' with enhanced class 'org.springframework.transaction.annotation.ProxyTransactionManagementConfiguration$$EnhancerBySpringCGLIB$$59b91df6'
22:05:17.383 [Test worker] DEBUG org.springframework.context.annotation.ConfigurationClassEnhancer - Successfully enhanced org.springframework.boot.autoconfigure.transaction.TransactionAutoConfiguration$EnableTransactionManagementConfiguration$CglibAutoProxyConfiguration; enhanced class name is: org.springframework.boot.autoconfigure.transaction.TransactionAutoConfiguration$EnableTransactionManagementConfiguration$CglibAutoProxyConfiguration$$EnhancerBySpringCGLIB$$c59e6226
22:05:17.383 [Test worker] DEBUG org.springframework.context.annotation.ConfigurationClassPostProcessor - Replacing bean definition 'org.springframework.boot.autoconfigure.transaction.TransactionAutoConfiguration$EnableTransactionManagementConfiguration$CglibAutoProxyConfiguration' existing class 'org.springframework.boot.autoconfigure.transaction.TransactionAutoConfiguration$EnableTransactionManagementConfiguration$CglibAutoProxyConfiguration' with enhanced class 'org.springframework.boot.autoconfigure.transaction.TransactionAutoConfiguration$EnableTransactionManagementConfiguration$CglibAutoProxyConfiguration$$EnhancerBySpringCGLIB$$c59e6226'
22:05:17.385 [Test worker] DEBUG org.springframework.context.annotation.ConfigurationClassEnhancer - Successfully enhanced org.springframework.boot.autoconfigure.transaction.TransactionAutoConfiguration$EnableTransactionManagementConfiguration; enhanced class name is: org.springframework.boot.autoconfigure.transaction.TransactionAutoConfiguration$EnableTransactionManagementConfiguration$$EnhancerBySpringCGLIB$$e427bcb2
22:05:17.385 [Test worker] DEBUG org.springframework.context.annotation.ConfigurationClassPostProcessor - Replacing bean definition 'org.springframework.boot.autoconfigure.transaction.TransactionAutoConfiguration$EnableTransactionManagementConfiguration' existing class 'org.springframework.boot.autoconfigure.transaction.TransactionAutoConfiguration$EnableTransactionManagementConfiguration' with enhanced class 'org.springframework.boot.autoconfigure.transaction.TransactionAutoConfiguration$EnableTransactionManagementConfiguration$$EnhancerBySpringCGLIB$$e427bcb2'
22:05:17.388 [Test worker] DEBUG org.springframework.context.annotation.ConfigurationClassEnhancer - Successfully enhanced org.springframework.boot.autoconfigure.transaction.TransactionAutoConfiguration$TransactionTemplateConfiguration; enhanced class name is: org.springframework.boot.autoconfigure.transaction.TransactionAutoConfiguration$TransactionTemplateConfiguration$$EnhancerBySpringCGLIB$$58437b38
22:05:17.389 [Test worker] DEBUG org.springframework.context.annotation.ConfigurationClassPostProcessor - Replacing bean definition 'org.springframework.boot.autoconfigure.transaction.TransactionAutoConfiguration$TransactionTemplateConfiguration' existing class 'org.springframework.boot.autoconfigure.transaction.TransactionAutoConfiguration$TransactionTemplateConfiguration' with enhanced class 'org.springframework.boot.autoconfigure.transaction.TransactionAutoConfiguration$TransactionTemplateConfiguration$$EnhancerBySpringCGLIB$$58437b38'
22:05:17.392 [Test worker] DEBUG org.springframework.context.annotation.ConfigurationClassEnhancer - Successfully enhanced org.springframework.boot.autoconfigure.transaction.TransactionAutoConfiguration; enhanced class name is: org.springframework.boot.autoconfigure.transaction.TransactionAutoConfiguration$$EnhancerBySpringCGLIB$$ee2d1900
22:05:17.392 [Test worker] DEBUG org.springframework.context.annotation.ConfigurationClassPostProcessor - Replacing bean definition 'org.springframework.boot.autoconfigure.transaction.TransactionAutoConfiguration' existing class 'org.springframework.boot.autoconfigure.transaction.TransactionAutoConfiguration' with enhanced class 'org.springframework.boot.autoconfigure.transaction.TransactionAutoConfiguration$$EnhancerBySpringCGLIB$$ee2d1900'
22:05:17.396 [Test worker] DEBUG org.springframework.context.annotation.ConfigurationClassEnhancer - Successfully enhanced org.springframework.boot.autoconfigure.web.MultipartAutoConfiguration; enhanced class name is: org.springframework.boot.autoconfigure.web.MultipartAutoConfiguration$$EnhancerBySpringCGLIB$$1466d13c
22:05:17.396 [Test worker] DEBUG org.springframework.context.annotation.ConfigurationClassPostProcessor - Replacing bean definition 'org.springframework.boot.autoconfigure.web.MultipartAutoConfiguration' existing class 'org.springframework.boot.autoconfigure.web.MultipartAutoConfiguration' with enhanced class 'org.springframework.boot.autoconfigure.web.MultipartAutoConfiguration$$EnhancerBySpringCGLIB$$1466d13c'
22:05:17.399 [Test worker] DEBUG org.springframework.context.annotation.ConfigurationClassEnhancer - Successfully enhanced org.springframework.boot.autoconfigure.web.WebClientAutoConfiguration$RestTemplateConfiguration; enhanced class name is: org.springframework.boot.autoconfigure.web.WebClientAutoConfiguration$RestTemplateConfiguration$$EnhancerBySpringCGLIB$$60e8950d
22:05:17.399 [Test worker] DEBUG org.springframework.context.annotation.ConfigurationClassPostProcessor - Replacing bean definition 'org.springframework.boot.autoconfigure.web.WebClientAutoConfiguration$RestTemplateConfiguration' existing class 'org.springframework.boot.autoconfigure.web.WebClientAutoConfiguration$RestTemplateConfiguration' with enhanced class 'org.springframework.boot.autoconfigure.web.WebClientAutoConfiguration$RestTemplateConfiguration$$EnhancerBySpringCGLIB$$60e8950d'
22:05:17.402 [Test worker] DEBUG org.springframework.context.annotation.ConfigurationClassEnhancer - Successfully enhanced org.springframework.boot.autoconfigure.web.WebClientAutoConfiguration; enhanced class name is: org.springframework.boot.autoconfigure.web.WebClientAutoConfiguration$$EnhancerBySpringCGLIB$$6a5842a9
22:05:17.402 [Test worker] DEBUG org.springframework.context.annotation.ConfigurationClassPostProcessor - Replacing bean definition 'org.springframework.boot.autoconfigure.web.WebClientAutoConfiguration' existing class 'org.springframework.boot.autoconfigure.web.WebClientAutoConfiguration' with enhanced class 'org.springframework.boot.autoconfigure.web.WebClientAutoConfiguration$$EnhancerBySpringCGLIB$$6a5842a9'
22:05:17.405 [Test worker] DEBUG org.springframework.context.annotation.ConfigurationClassEnhancer - Successfully enhanced org.springframework.boot.devtools.autoconfigure.DevToolsDataSourceAutoConfiguration$DatabaseShutdownExecutorJpaDependencyConfiguration; enhanced class name is: org.springframework.boot.devtools.autoconfigure.DevToolsDataSourceAutoConfiguration$DatabaseShutdownExecutorJpaDependencyConfiguration$$EnhancerBySpringCGLIB$$f990fba1
22:05:17.405 [Test worker] DEBUG org.springframework.context.annotation.ConfigurationClassPostProcessor - Replacing bean definition 'org.springframework.boot.devtools.autoconfigure.DevToolsDataSourceAutoConfiguration$DatabaseShutdownExecutorJpaDependencyConfiguration' existing class 'org.springframework.boot.devtools.autoconfigure.DevToolsDataSourceAutoConfiguration$DatabaseShutdownExecutorJpaDependencyConfiguration' with enhanced class 'org.springframework.boot.devtools.autoconfigure.DevToolsDataSourceAutoConfiguration$DatabaseShutdownExecutorJpaDependencyConfiguration$$EnhancerBySpringCGLIB$$f990fba1'
22:05:17.409 [Test worker] DEBUG org.springframework.context.annotation.ConfigurationClassEnhancer - Successfully enhanced org.springframework.boot.devtools.autoconfigure.DevToolsDataSourceAutoConfiguration; enhanced class name is: org.springframework.boot.devtools.autoconfigure.DevToolsDataSourceAutoConfiguration$$EnhancerBySpringCGLIB$$347d2d2d
22:05:17.409 [Test worker] DEBUG org.springframework.context.annotation.ConfigurationClassPostProcessor - Replacing bean definition 'org.springframework.boot.devtools.autoconfigure.DevToolsDataSourceAutoConfiguration' existing class 'org.springframework.boot.devtools.autoconfigure.DevToolsDataSourceAutoConfiguration' with enhanced class 'org.springframework.boot.devtools.autoconfigure.DevToolsDataSourceAutoConfiguration$$EnhancerBySpringCGLIB$$347d2d2d'
22:05:17.411 [Test worker] DEBUG org.springframework.beans.factory.support.DefaultListableBeanFactory - Creating shared instance of singleton bean 'propertySourcesPlaceholderConfigurer'
22:05:17.411 [Test worker] DEBUG org.springframework.beans.factory.support.DefaultListableBeanFactory - Creating instance of bean 'propertySourcesPlaceholderConfigurer'
22:05:17.416 [Test worker] DEBUG org.springframework.beans.factory.support.DefaultListableBeanFactory - Eagerly caching bean 'propertySourcesPlaceholderConfigurer' to allow for resolving potential circular references
22:05:17.564 [Test worker] DEBUG org.springframework.beans.factory.support.DefaultListableBeanFactory - Finished creating instance of bean 'propertySourcesPlaceholderConfigurer'
22:05:17.564 [Test worker] DEBUG org.springframework.core.env.MutablePropertySources - Adding PropertySource 'environmentProperties' with lowest search precedence
22:05:17.565 [Test worker] DEBUG org.springframework.core.env.MutablePropertySources - Adding PropertySource 'localProperties' with lowest search precedence
22:05:17.572 [Test worker] DEBUG org.springframework.beans.factory.support.DefaultListableBeanFactory - Creating shared instance of singleton bean 'org.springframework.boot.test.mock.mockito.MockitoPostProcessor'
22:05:17.572 [Test worker] DEBUG org.springframework.beans.factory.support.DefaultListableBeanFactory - Creating instance of bean 'org.springframework.boot.test.mock.mockito.MockitoPostProcessor'
22:05:17.581 [Test worker] DEBUG org.springframework.beans.factory.support.DefaultListableBeanFactory - Eagerly caching bean 'org.springframework.boot.test.mock.mockito.MockitoPostProcessor' to allow for resolving potential circular references
22:05:17.593 [Test worker] DEBUG org.springframework.beans.factory.support.DefaultListableBeanFactory - Finished creating instance of bean 'org.springframework.boot.test.mock.mockito.MockitoPostProcessor'
22:05:17.642 [Test worker] DEBUG org.springframework.beans.factory.support.DefaultListableBeanFactory - Creating shared instance of singleton bean 'org.springframework.boot.context.properties.ConfigurationPropertiesBindingPostProcessor.store'
22:05:17.642 [Test worker] DEBUG org.springframework.beans.factory.support.DefaultListableBeanFactory - Creating instance of bean 'org.springframework.boot.context.properties.ConfigurationPropertiesBindingPostProcessor.store'
22:05:17.642 [Test worker] DEBUG org.springframework.beans.factory.support.DefaultListableBeanFactory - Eagerly caching bean 'org.springframework.boot.context.properties.ConfigurationPropertiesBindingPostProcessor.store' to allow for resolving potential circular references
22:05:17.646 [Test worker] DEBUG org.springframework.beans.factory.support.DefaultListableBeanFactory - Finished creating instance of bean 'org.springframework.boot.context.properties.ConfigurationPropertiesBindingPostProcessor.store'
22:05:17.646 [Test worker] DEBUG org.springframework.beans.factory.support.DefaultListableBeanFactory - Creating shared instance of singleton bean 'emBeanDefinitionRegistrarPostProcessor'
22:05:17.646 [Test worker] DEBUG org.springframework.beans.factory.support.DefaultListableBeanFactory - Creating instance of bean 'emBeanDefinitionRegistrarPostProcessor'
22:05:17.646 [Test worker] DEBUG org.springframework.beans.factory.support.DefaultListableBeanFactory - Eagerly caching bean 'emBeanDefinitionRegistrarPostProcessor' to allow for resolving potential circular references
22:05:17.650 [Test worker] DEBUG org.springframework.beans.factory.support.DefaultListableBeanFactory - Finished creating instance of bean 'emBeanDefinitionRegistrarPostProcessor'
22:05:17.650 [Test worker] DEBUG org.springframework.beans.factory.support.DefaultListableBeanFactory - Creating shared instance of singleton bean 'org.springframework.boot.devtools.autoconfigure.DevToolsDataSourceAutoConfiguration$DatabaseShutdownExecutorJpaDependencyConfiguration'
22:05:17.650 [Test worker] DEBUG org.springframework.beans.factory.support.DefaultListableBeanFactory - Creating instance of bean 'org.springframework.boot.devtools.autoconfigure.DevToolsDataSourceAutoConfiguration$DatabaseShutdownExecutorJpaDependencyConfiguration'
22:05:17.650 [Test worker] DEBUG org.springframework.beans.factory.support.DefaultListableBeanFactory - Eagerly caching bean 'org.springframework.boot.devtools.autoconfigure.DevToolsDataSourceAutoConfiguration$DatabaseShutdownExecutorJpaDependencyConfiguration' to allow for resolving potential circular references
22:05:17.662 [Test worker] DEBUG org.springframework.beans.factory.support.DefaultListableBeanFactory - Finished creating instance of bean 'org.springframework.boot.devtools.autoconfigure.DevToolsDataSourceAutoConfiguration$DatabaseShutdownExecutorJpaDependencyConfiguration'
22:05:17.692 [Test worker] DEBUG org.springframework.beans.factory.support.DefaultListableBeanFactory - Creating shared instance of singleton bean 'org.springframework.context.annotation.internalAutowiredAnnotationProcessor'
22:05:17.692 [Test worker] DEBUG org.springframework.beans.factory.support.DefaultListableBeanFactory - Creating instance of bean 'org.springframework.context.annotation.internalAutowiredAnnotationProcessor'
22:05:17.693 [Test worker] DEBUG org.springframework.beans.factory.support.DefaultListableBeanFactory - Eagerly caching bean 'org.springframework.context.annotation.internalAutowiredAnnotationProcessor' to allow for resolving potential circular references
22:05:17.703 [Test worker] DEBUG org.springframework.beans.factory.support.DefaultListableBeanFactory - Finished creating instance of bean 'org.springframework.context.annotation.internalAutowiredAnnotationProcessor'
22:05:17.703 [Test worker] DEBUG org.springframework.beans.factory.support.DefaultListableBeanFactory - Creating shared instance of singleton bean 'org.springframework.context.annotation.internalRequiredAnnotationProcessor'
22:05:17.703 [Test worker] DEBUG org.springframework.beans.factory.support.DefaultListableBeanFactory - Creating instance of bean 'org.springframework.context.annotation.internalRequiredAnnotationProcessor'
22:05:17.704 [Test worker] DEBUG org.springframework.beans.factory.support.DefaultListableBeanFactory - Eagerly caching bean 'org.springframework.context.annotation.internalRequiredAnnotationProcessor' to allow for resolving potential circular references
22:05:17.711 [Test worker] DEBUG org.springframework.beans.factory.support.DefaultListableBeanFactory - Finished creating instance of bean 'org.springframework.context.annotation.internalRequiredAnnotationProcessor'
22:05:17.712 [Test worker] DEBUG org.springframework.beans.factory.support.DefaultListableBeanFactory - Creating shared instance of singleton bean 'org.springframework.context.annotation.internalCommonAnnotationProcessor'
22:05:17.712 [Test worker] DEBUG org.springframework.beans.factory.support.DefaultListableBeanFactory - Creating instance of bean 'org.springframework.context.annotation.internalCommonAnnotationProcessor'
22:05:17.720 [Test worker] DEBUG org.springframework.beans.factory.support.DefaultListableBeanFactory - Eagerly caching bean 'org.springframework.context.annotation.internalCommonAnnotationProcessor' to allow for resolving potential circular references
22:05:17.733 [Test worker] DEBUG org.springframework.beans.factory.support.DefaultListableBeanFactory - Finished creating instance of bean 'org.springframework.context.annotation.internalCommonAnnotationProcessor'
22:05:17.733 [Test worker] DEBUG org.springframework.beans.factory.support.DefaultListableBeanFactory - Creating shared instance of singleton bean 'org.springframework.context.annotation.internalPersistenceAnnotationProcessor'
22:05:17.733 [Test worker] DEBUG org.springframework.beans.factory.support.DefaultListableBeanFactory - Creating instance of bean 'org.springframework.context.annotation.internalPersistenceAnnotationProcessor'
22:05:17.733 [Test worker] DEBUG org.springframework.beans.factory.support.DefaultListableBeanFactory - Eagerly caching bean 'org.springframework.context.annotation.internalPersistenceAnnotationProcessor' to allow for resolving potential circular references
22:05:17.741 [Test worker] DEBUG org.springframework.beans.factory.support.DefaultListableBeanFactory - Finished creating instance of bean 'org.springframework.context.annotation.internalPersistenceAnnotationProcessor'
22:05:17.741 [Test worker] DEBUG org.springframework.beans.factory.support.DefaultListableBeanFactory - Creating shared instance of singleton bean 'org.springframework.boot.test.mock.mockito.MockitoPostProcessor$SpyPostProcessor'
22:05:17.741 [Test worker] DEBUG org.springframework.beans.factory.support.DefaultListableBeanFactory - Creating instance of bean 'org.springframework.boot.test.mock.mockito.MockitoPostProcessor$SpyPostProcessor'
22:05:17.741 [Test worker] DEBUG org.springframework.beans.factory.support.DefaultListableBeanFactory - Returning cached instance of singleton bean 'org.springframework.boot.test.mock.mockito.MockitoPostProcessor'
22:05:17.742 [Test worker] DEBUG org.springframework.beans.factory.support.DefaultListableBeanFactory - Eagerly caching bean 'org.springframework.boot.test.mock.mockito.MockitoPostProcessor$SpyPostProcessor' to allow for resolving potential circular references
22:05:17.746 [Test worker] DEBUG org.springframework.beans.factory.support.DefaultListableBeanFactory - Finished creating instance of bean 'org.springframework.boot.test.mock.mockito.MockitoPostProcessor$SpyPostProcessor'
22:05:17.746 [Test worker] DEBUG org.springframework.beans.factory.support.DefaultListableBeanFactory - Creating shared instance of singleton bean 'org.springframework.boot.context.properties.ConfigurationPropertiesBindingPostProcessor'
22:05:17.746 [Test worker] DEBUG org.springframework.beans.factory.support.DefaultListableBeanFactory - Creating instance of bean 'org.springframework.boot.context.properties.ConfigurationPropertiesBindingPostProcessor'
22:05:17.747 [Test worker] DEBUG org.springframework.core.env.StandardEnvironment - Adding PropertySource 'systemProperties' with lowest search precedence
22:05:17.747 [Test worker] DEBUG org.springframework.core.env.StandardEnvironment - Adding PropertySource 'systemEnvironment' with lowest search precedence
22:05:17.747 [Test worker] DEBUG org.springframework.core.env.StandardEnvironment - Initialized StandardEnvironment with PropertySources [MapPropertySource@1268299657 {name='systemProperties', properties={java.runtime.name=Java(TM) SE Runtime Environment, sun.boot.library.path=C:\Program Files\Java\jdk1.8.0_151\jre\bin, java.vm.version=25.151-b12, java.vm.vendor=Oracle Corporation, java.vendor.url=http://java.oracle.com/, path.separator=;, java.vm.name=Java HotSpot(TM) 64-Bit Server VM, file.encoding.pkg=sun.io, user.script=, sun.java.launcher=SUN_STANDARD, user.country=DE, sun.os.patch.level=Service Pack 1, java.vm.specification.name=Java Virtual Machine Specification, user.dir=C:\Users\User\Documents\Uni\SE\SE\se1praktikum4, java.runtime.version=1.8.0_151-b12, java.awt.graphicsenv=sun.awt.Win32GraphicsEnvironment, java.endorsed.dirs=C:\Program Files\Java\jdk1.8.0_151\jre\lib\endorsed, os.arch=amd64, java.io.tmpdir=C:\Users\User\AppData\Local\Temp\, line.separator=
, java.vm.specification.vendor=Oracle Corporation, user.variant=, os.name=Windows 7, sun.jnu.encoding=Cp1252, java.library.path=C:\Program Files\Java\jdk1.8.0_151\bin;C:\windows\Sun\Java\bin;C:\windows\system32;C:\windows;C:/Program Files/Java/jre1.8.0_151/bin/server;C:/Program Files/Java/jre1.8.0_151/bin;C:/Program Files/Java/jre1.8.0_151/lib/amd64;C:\ProgramData\Oracle\Java\javapath;C:\windows\system32;C:\windows;C:\windows\System32\Wbem;C:\windows\System32\WindowsPowerShell\v1.0\;C:\Program Files (x86)\Lenovo\Access Connections\;C:\Program Files (x86)\Intel\OpenCL SDK\2.0\bin\x86;C:\Program Files (x86)\Intel\OpenCL SDK\2.0\bin\x64;C:\Program Files (x86)\Intel\Services\IPT\;C:\Program Files\ThinkPad\Bluetooth Software\;C:\Program Files\ThinkPad\Bluetooth Software\syswow64;C:\Program Files\Intel\WiFi\bin\;C:\Program Files\Common Files\Intel\WirelessCommon\;C:\Program Files\MiKTeX 2.9\miktex\bin\x64\;C:\Program Files\Git\cmd;C:\Program Files\PuTTY\;C:\Program Files\nodejs\;C:\Program Files\Intel\WiFi\bin\;C:\Program Files\Common Files\Intel\WirelessCommon\;C:\Program Files\Java\jre-9.0.1\bin;C:\Users\User\AppData\Roaming\npm;C:\windows\system32;;., java.specification.name=Java Platform API Specification, java.class.version=52.0, sun.management.compiler=HotSpot 64-Bit Tiered Compilers, os.version=6.1, user.home=C:\Users\User, user.timezone=Europe/Berlin, java.awt.printerjob=sun.awt.windows.WPrinterJob, file.encoding=windows-1252, java.specification.version=1.8, java.class.path=C:\Users\User\Documents\Uni\SE\SE\se1praktikum4\build\classes\test;C:\Users\User\Documents\Uni\SE\SE\se1praktikum4\build\resources\test;C:\Users\User\Documents\Uni\SE\SE\se1praktikum4\build\classes\main;C:\Users\User\Documents\Uni\SE\SE\se1praktikum4\build\resources\main;C:\Users\User\.gradle\caches\modules-2\files-2.1\org.springframework.boot\spring-boot-starter-data-jpa\1.5.7.RELEASE\ccdf14487724b7c1343e5d2605f7170c026e405\spring-boot-starter-data-jpa-1.5.7.RELEASE.jar;C:\Users\User\.gradle\caches\modules-2\files-2.1\org.springframework.boot\spring-boot-starter-web\1.5.7.RELEASE\a862305be8b7512a41f6768d825ed37251ccbbe0\spring-boot-starter-web-1.5.7.RELEASE.jar;C:\Users\User\.gradle\caches\modules-2\files-2.1\org.springframework.boot\spring-boot-devtools\1.5.7.RELEASE\f433b9ba2fcf598624b5ae930096523f8a22119b\spring-boot-devtools-1.5.7.RELEASE.jar;C:\Users\User\.gradle\caches\modules-2\files-2.1\org.springframework.boot\spring-boot-starter-actuator\1.5.7.RELEASE\c8058080955524edbbacda602f25d1c5fdf2a3a9\spring-boot-starter-actuator-1.5.7.RELEASE.jar;C:\Users\User\.gradle\caches\modules-2\files-2.1\com.h2database\h2\1.4.196\dd0034398d593aa3588c6773faac429bbd9aea0e\h2-1.4.196.jar;C:\Users\User\.gradle\caches\modules-2\files-2.1\org.springframework.boot\spring-boot-starter-test\1.5.7.RELEASE\d23f37a72c2d4e46aba66bc69a649213f9cadeee\spring-boot-starter-test-1.5.7.RELEASE.jar;C:\Users\User\.gradle\caches\modules-2\files-2.1\org.mockito\mockito-core\2.10.0\871efe6f2607d8c93dd25b8c1fa09851d4286dd6\mockito-core-2.10.0.jar;C:\Users\User\.gradle\caches\modules-2\files-2.1\org.assertj\assertj-core\3.8.0\b209d90ff2e279bee3e02547ee7b11349c52d0e3\assertj-core-3.8.0.jar;C:\Users\User\.gradle\caches\modules-2\files-2.1\io.rest-assured\rest-assured\3.0.6\7048c659a0f1b8adca66af281edbf1397dddd63d\rest-assured-3.0.6.jar;C:\Users\User\.gradle\caches\modules-2\files-2.1\org.springframework.boot\spring-boot-starter\1.5.7.RELEASE\b42fe6962dd8b3be4ac8c1d7134d0ca2d0a35c7e\spring-boot-starter-1.5.7.RELEASE.jar;C:\Users\User\.gradle\caches\modules-2\files-2.1\org.springframework.boot\spring-boot-starter-aop\1.5.7.RELEASE\189098a72ccc0cca07ea42d6715c10524b5a93d1\spring-boot-starter-aop-1.5.7.RELEASE.jar;C:\Users\User\.gradle\caches\modules-2\files-2.1\org.springframework.boot\spring-boot-starter-jdbc\1.5.7.RELEASE\98c652a5461ccbec70b55fd0f7815d9c9a37a082\spring-boot-starter-jdbc-1.5.7.RELEASE.jar;C:\Users\User\.gradle\caches\modules-2\files-2.1\org.hibernate\hibernate-core\5.0.12.Final\e58bf1c660e6706d8e2cbb53bae110f574366102\hibernate-core-5.0.12.Final.jar;C:\Users\User\.gradle\caches\modules-2\files-2.1\org.hibernate\hibernate-entitymanager\5.0.12.Final\302a526f5058290e9cbd719a5caf9f248d344719\hibernate-entitymanager-5.0.12.Final.jar;C:\Users\User\.gradle\caches\modules-2\files-2.1\javax.transaction\javax.transaction-api\1.2\d81aff979d603edd90dcd8db2abc1f4ce6479e3e\javax.transaction-api-1.2.jar;C:\Users\User\.gradle\caches\modules-2\files-2.1\org.springframework.data\spring-data-jpa\1.11.7.RELEASE\587051cc7d7a3ddfac6098d623a658abb2f15865\spring-data-jpa-1.11.7.RELEASE.jar;C:\Users\User\.gradle\caches\modules-2\files-2.1\org.springframework\spring-aspects\4.3.11.RELEASE\38ab744d37aef58762a03dbe7ab1479070ebadc6\spring-aspects-4.3.11.RELEASE.jar;C:\Users\User\.gradle\caches\modules-2\files-2.1\org.springframework.boot\spring-boot-starter-tomcat\1.5.7.RELEASE\eae533e2a0111a51d812912acb3d3e2368736d1b\spring-boot-starter-tomcat-1.5.7.RELEASE.jar;C:\Users\User\.gradle\caches\modules-2\files-2.1\org.hibernate\hibernate-validator\5.3.5.Final\622a9bcef2eed6d41b5b8e0662c36212009e375\hibernate-validator-5.3.5.Final.jar;C:\Users\User\.gradle\caches\modules-2\files-2.1\com.fasterxml.jackson.core\jackson-databind\2.8.10\f7b83cb2bc4b88d53961e749e1ad32f49ef017b7\jackson-databind-2.8.10.jar;C:\Users\User\.gradle\caches\modules-2\files-2.1\org.springframework\spring-web\4.3.11.RELEASE\50a3dfce550bdf9459dfb2c6282aa104b040258e\spring-web-4.3.11.RELEASE.jar;C:\Users\User\.gradle\caches\modules-2\files-2.1\org.springframework\spring-webmvc\4.3.11.RELEASE\814f91ec4dc324e724bbe7cbc5045b234604c539\spring-webmvc-4.3.11.RELEASE.jar;C:\Users\User\.gradle\caches\modules-2\files-2.1\org.springframework.boot\spring-boot\1.5.7.RELEASE\1006870df7b3dc203df7ce84463c5dd7049fdaa4\spring-boot-1.5.7.RELEASE.jar;C:\Users\User\.gradle\caches\modules-2\files-2.1\org.springframework.boot\spring-boot-autoconfigure\1.5.7.RELEASE\e83f1407ff991e9e7eb156f49fa19d868bb73289\spring-boot-autoconfigure-1.5.7.RELEASE.jar;C:\Users\User\.gradle\caches\modules-2\files-2.1\org.springframework.boot\spring-boot-actuator\1.5.7.RELEASE\ff3124e2359be5e6c0d9cc501bf214413a329fee\spring-boot-actuator-1.5.7.RELEASE.jar;C:\Users\User\.gradle\caches\modules-2\files-2.1\org.springframework.boot\spring-boot-test\1.5.7.RELEASE\b8d77445d48f4320f404d8f13f4e5cb95bc36b30\spring-boot-test-1.5.7.RELEASE.jar;C:\Users\User\.gradle\caches\modules-2\files-2.1\org.springframework.boot\spring-boot-test-autoconfigure\1.5.7.RELEASE\8bead16b97c9f1b5fe7c47f3e030dd9351a6974d\spring-boot-test-autoconfigure-1.5.7.RELEASE.jar;C:\Users\User\.gradle\caches\modules-2\files-2.1\com.jayway.jsonpath\json-path\2.2.0\22290d17944bd239fabf5ac69005a60a7ecbbbcb\json-path-2.2.0.jar;C:\Users\User\.gradle\caches\modules-2\files-2.1\junit\junit\4.12\2973d150c0dc1fefe998f834810d68f278ea58ec\junit-4.12.jar;C:\Users\User\.gradle\caches\modules-2\files-2.1\org.hamcrest\hamcrest-core\1.3\42a25dc3219429f0e5d060061f71acb49bf010a0\hamcrest-core-1.3.jar;C:\Users\User\.gradle\caches\modules-2\files-2.1\org.hamcrest\hamcrest-library\1.3\4785a3c21320980282f9f33d0d1264a69040538f\hamcrest-library-1.3.jar;C:\Users\User\.gradle\caches\modules-2\files-2.1\org.skyscreamer\jsonassert\1.4.0\9cdbb373a06f6513e51e8c545ee6a5e981463edb\jsonassert-1.4.0.jar;C:\Users\User\.gradle\caches\modules-2\files-2.1\org.springframework\spring-core\4.3.11.RELEASE\eb30ed093f628279d3aead068fd478fa343f1dad\spring-core-4.3.11.RELEASE.jar;C:\Users\User\.gradle\caches\modules-2\files-2.1\org.springframework\spring-test\4.3.11.RELEASE\cf765b5d6d6bdc38c67522ecae3fe9549da43e1\spring-test-4.3.11.RELEASE.jar;C:\Users\User\.gradle\caches\modules-2\files-2.1\net.bytebuddy\byte-buddy\1.7.4\d0e77888485e1683057f8399f916eda6049c4acf\byte-buddy-1.7.4.jar;C:\Users\User\.gradle\caches\modules-2\files-2.1\net.bytebuddy\byte-buddy-agent\1.7.4\66286677db75148b3c2fb94e72f1c61aceb20e33\byte-buddy-agent-1.7.4.jar;C:\Users\User\.gradle\caches\modules-2\files-2.1\org.objenesis\objenesis\2.6\639033469776fd37c08358c6b92a4761feb2af4b\objenesis-2.6.jar;C:\Users\User\.gradle\caches\modules-2\files-2.1\org.codehaus.groovy\groovy\2.4.12\a43be367110c491787219f1c128b5b5fc54f1e70\groovy-2.4.12.jar;C:\Users\User\.gradle\caches\modules-2\files-2.1\org.codehaus.groovy\groovy-xml\2.4.12\b5c023bbbc8a4bbf9c0b38d731fe31d53f00c64a\groovy-xml-2.4.12.jar;C:\Users\User\.gradle\caches\modules-2\files-2.1\org.apache.httpcomponents\httpclient\4.5.3\d1577ae15f01ef5438c5afc62162457c00a34713\httpclient-4.5.3.jar;C:\Users\User\.gradle\caches\modules-2\files-2.1\org.apache.httpcomponents\httpmime\4.5.3\889fd6d061bb63b99dd5c6aba35a555ae863de52\httpmime-4.5.3.jar;C:\Users\User\.gradle\caches\modules-2\files-2.1\org.ccil.cowan.tagsoup\tagsoup\1.2.1\5584627487e984c03456266d3f8802eb85a9ce97\tagsoup-1.2.1.jar;C:\Users\User\.gradle\caches\modules-2\files-2.1\io.rest-assured\json-path\3.0.6\46b9832bdcf3b009ef29dad04e5bf1b951c2966e\json-path-3.0.6.jar;C:\Users\User\.gradle\caches\modules-2\files-2.1\io.rest-assured\xml-path\3.0.6\5ea3318626ac935bfc5088c772ea6d57c43e1bf3\xml-path-3.0.6.jar;C:\Users\User\.gradle\caches\modules-2\files-2.1\org.springframework.boot\spring-boot-starter-logging\1.5.7.RELEASE\c84c4ea09d7f789a0d5e936a961471e5dbd9295e\spring-boot-starter-logging-1.5.7.RELEASE.jar;C:\Users\User\.gradle\caches\modules-2\files-2.1\org.yaml\snakeyaml\1.17\7a27ea250c5130b2922b86dea63cbb1cc10a660c\snakeyaml-1.17.jar;C:\Users\User\.gradle\caches\modules-2\files-2.1\org.springframework\spring-aop\4.3.11.RELEASE\461d0bb58f1de30203d9331adf4b51de9554de5a\spring-aop-4.3.11.RELEASE.jar;C:\Users\User\.gradle\caches\modules-2\files-2.1\org.aspectj\aspectjweaver\1.8.10\e198c5fee28988c355f74e06461614eae36b2032\aspectjweaver-1.8.10.jar;C:\Users\User\.gradle\caches\modules-2\files-2.1\org.apache.tomcat\tomcat-jdbc\8.5.20\10d0d288d837ddfc92096920e4571054a3934160\tomcat-jdbc-8.5.20.jar;C:\Users\User\.gradle\caches\modules-2\files-2.1\org.springframework\spring-jdbc\4.3.11.RELEASE\642ed7497d327f299caccb930af6b65e229864c4\spring-jdbc-4.3.11.RELEASE.jar;C:\Users\User\.gradle\caches\modules-2\files-2.1\org.jboss.logging\jboss-logging\3.3.1.Final\c46217ab74b532568c0ed31dc599db3048bd1b67\jboss-logging-3.3.1.Final.jar;C:\Users\User\.gradle\caches\modules-2\files-2.1\org.hibernate.javax.persistence\hibernate-jpa-2.1-api\1.0.0.Final\5e731d961297e5a07290bfaf3db1fbc8bbbf405a\hibernate-jpa-2.1-api-1.0.0.Final.jar;C:\Users\User\.gradle\caches\modules-2\files-2.1\org.javassist\javassist\3.21.0-GA\598244f595db5c5fb713731eddbb1c91a58d959b\javassist-3.21.0-GA.jar;C:\Users\User\.gradle\caches\modules-2\files-2.1\antlr\antlr\2.7.7\83cd2cd674a217ade95a4bb83a8a14f351f48bd0\antlr-2.7.7.jar;C:\Users\User\.gradle\caches\modules-2\files-2.1\org.jboss\jandex\2.0.0.Final\3e899258936f94649c777193e1be846387ed54b3\jandex-2.0.0.Final.jar;C:\Users\User\.gradle\caches\modules-2\files-2.1\dom4j\dom4j\1.6.1\5d3ccc056b6f056dbf0dddfdf43894b9065a8f94\dom4j-1.6.1.jar;C:\Users\User\.gradle\caches\modules-2\files-2.1\org.hibernate.common\hibernate-commons-annotations\5.0.1.Final\71e1cff3fcb20d3b3af4f3363c3ddb24d33c6879\hibernate-commons-annotations-5.0.1.Final.jar;C:\Users\User\.gradle\caches\modules-2\files-2.1\org.springframework.data\spring-data-commons\1.13.7.RELEASE\cf4538abda1f0a9cf2323d6e4204df0130aeec73\spring-data-commons-1.13.7.RELEASE.jar;C:\Users\User\.gradle\caches\modules-2\files-2.1\org.springframework\spring-orm\4.3.11.RELEASE\7ba1b25ad62b29295aa90ae88f9f35e84861953c\spring-orm-4.3.11.RELEASE.jar;C:\Users\User\.gradle\caches\modules-2\files-2.1\org.springframework\spring-context\4.3.11.RELEASE\3efec2d7c7469d49108a2b21c3f15831f7297569\spring-context-4.3.11.RELEASE.jar;C:\Users\User\.gradle\caches\modules-2\files-2.1\org.springframework\spring-tx\4.3.11.RELEASE\c931ee363d2269f03edfeb83d7d7fe23924ab8a1\spring-tx-4.3.11.RELEASE.jar;C:\Users\User\.gradle\caches\modules-2\files-2.1\org.springframework\spring-beans\4.3.11.RELEASE\591cc35fd39292adae13f01aa13e978d0bb11936\spring-beans-4.3.11.RELEASE.jar;C:\Users\User\.gradle\caches\modules-2\files-2.1\org.slf4j\slf4j-api\1.7.25\da76ca59f6a57ee3102f8f9bd9cee742973efa8a\slf4j-api-1.7.25.jar;C:\Users\User\.gradle\caches\modules-2\files-2.1\org.slf4j\jcl-over-slf4j\1.7.25\f8c32b13ff142a513eeb5b6330b1588dcb2c0461\jcl-over-slf4j-1.7.25.jar;C:\Users\User\.gradle\caches\modules-2\files-2.1\org.apache.tomcat.embed\tomcat-embed-core\8.5.20\b9026ee20f1f6a2b0fc3e51dd806d800901448b0\tomcat-embed-core-8.5.20.jar;C:\Users\User\.gradle\caches\modules-2\files-2.1\org.apache.tomcat.embed\tomcat-embed-el\8.5.20\42960f481a8a80f4ffd3b865c2232820e3565bf1\tomcat-embed-el-8.5.20.jar;C:\Users\User\.gradle\caches\modules-2\files-2.1\org.apache.tomcat.embed\tomcat-embed-websocket\8.5.20\4df9055507926a2651f691cc9964c50493a0ab29\tomcat-embed-websocket-8.5.20.jar;C:\Users\User\.gradle\caches\modules-2\files-2.1\javax.validation\validation-api\1.1.0.Final\8613ae82954779d518631e05daa73a6a954817d5\validation-api-1.1.0.Final.jar;C:\Users\User\.gradle\caches\modules-2\files-2.1\com.fasterxml\classmate\1.3.4\3d5f48f10bbe4eb7bd862f10c0583be2e0053c6\classmate-1.3.4.jar;C:\Users\User\.gradle\caches\modules-2\files-2.1\com.fasterxml.jackson.core\jackson-annotations\2.8.0\45b426f7796b741035581a176744d91090e2e6fb\jackson-annotations-2.8.0.jar;C:\Users\User\.gradle\caches\modules-2\files-2.1\com.fasterxml.jackson.core\jackson-core\2.8.10\eb21a035c66ad307e66ec8fce37f5d50fd62d039\jackson-core-2.8.10.jar;C:\Users\User\.gradle\caches\modules-2\files-2.1\org.springframework\spring-expression\4.3.11.RELEASE\fca662a2fccdad90ec22b2aaecb021047dcbe249\spring-expression-4.3.11.RELEASE.jar;C:\Users\User\.gradle\caches\modules-2\files-2.1\net.minidev\json-smart\2.2.1\5b9e5df7a62d1279b70dc882b041d249c4f0b002\json-smart-2.2.1.jar;C:\Users\User\.gradle\caches\modules-2\files-2.1\com.vaadin.external.google\android-json\0.0.20131108.vaadin1\fa26d351fe62a6a17f5cda1287c1c6110dec413f\android-json-0.0.20131108.vaadin1.jar;C:\Users\User\.gradle\caches\modules-2\files-2.1\org.apache.httpcomponents\httpcore\4.4.6\e3fd8ced1f52c7574af952e2e6da0df8df08eb82\httpcore-4.4.6.jar;C:\Users\User\.gradle\caches\modules-2\files-2.1\commons-codec\commons-codec\1.10\4b95f4897fa13f2cd904aee711aeafc0c5295cd8\commons-codec-1.10.jar;C:\Users\User\.gradle\caches\modules-2\files-2.1\org.codehaus.groovy\groovy-json\2.4.12\810b46f2b359b904c4c7428ad4c03c09094a01ff\groovy-json-2.4.12.jar;C:\Users\User\.gradle\caches\modules-2\files-2.1\io.rest-assured\rest-assured-common\3.0.6\fa0cb69682ed3df571cab6d20894c4ed2970b901\rest-assured-common-3.0.6.jar;C:\Users\User\.gradle\caches\modules-2\files-2.1\org.apache.commons\commons-lang3\3.4\5fe28b9518e58819180a43a850fbc0dd24b7c050\commons-lang3-3.4.jar;C:\Users\User\.gradle\caches\modules-2\files-2.1\javax.xml.bind\jaxb-api\2.2.12\4c83805595b15acf41d71d49e3add7c0e85baaed\jaxb-api-2.2.12.jar;C:\Users\User\.gradle\caches\modules-2\files-2.1\ch.qos.logback\logback-classic\1.1.11\ccedfbacef4a6515d2983e3f89ed753d5d4fb665\logback-classic-1.1.11.jar;C:\Users\User\.gradle\caches\modules-2\files-2.1\org.slf4j\jul-to-slf4j\1.7.25\af5364cd6679bfffb114f0dec8a157aaa283b76\jul-to-slf4j-1.7.25.jar;C:\Users\User\.gradle\caches\modules-2\files-2.1\org.slf4j\log4j-over-slf4j\1.7.25\a87bb47468f47ee7aabbd54f93e133d4215769c3\log4j-over-slf4j-1.7.25.jar;C:\Users\User\.gradle\caches\modules-2\files-2.1\org.apache.tomcat\tomcat-juli\8.5.20\6c0579d329696059f377585d2a51455bf083d9ee\tomcat-juli-8.5.20.jar;C:\Users\User\.gradle\caches\modules-2\files-2.1\net.minidev\accessors-smart\1.1\a527213f2fea112a04c9bdf0ec0264e34104cd08\accessors-smart-1.1.jar;C:\Users\User\.gradle\caches\modules-2\files-2.1\ch.qos.logback\logback-core\1.1.11\88b8df40340eed549fb07e2613879bf6b006704d\logback-core-1.1.11.jar;C:\Users\User\.gradle\caches\modules-2\files-2.1\org.ow2.asm\asm\5.0.3\dcc2193db20e19e1feca8b1240dbbc4e190824fa\asm-5.0.3.jar, user.name=User, java.vm.specification.version=1.8, sun.java.command=jarjar.org.gradle.process.internal.launcher.GradleWorkerMain 'Gradle Test Executor 1', java.home=C:\Program Files\Java\jdk1.8.0_151\jre, sun.arch.data.model=64, user.language=de, java.specification.vendor=Oracle Corporation, awt.toolkit=sun.awt.windows.WToolkit, java.vm.info=mixed mode, java.version=1.8.0_151, java.ext.dirs=C:\Program Files\Java\jdk1.8.0_151\jre\lib\ext;C:\windows\Sun\Java\lib\ext, sun.boot.class.path=C:\Program Files\Java\jdk1.8.0_151\jre\lib\resources.jar;C:\Program Files\Java\jdk1.8.0_151\jre\lib\rt.jar;C:\Program Files\Java\jdk1.8.0_151\jre\lib\sunrsasign.jar;C:\Program Files\Java\jdk1.8.0_151\jre\lib\jsse.jar;C:\Program Files\Java\jdk1.8.0_151\jre\lib\jce.jar;C:\Program Files\Java\jdk1.8.0_151\jre\lib\charsets.jar;C:\Program Files\Java\jdk1.8.0_151\jre\lib\jfr.jar;C:\Program Files\Java\jdk1.8.0_151\jre\classes, java.vendor=Oracle Corporation, org.gradle.test.worker=1, file.separator=\, java.vendor.url.bug=http://bugreport.sun.com/bugreport/, sun.io.unicode.encoding=UnicodeLittle, sun.cpu.endian=little, sun.desktop=windows, sun.cpu.isalist=amd64}}, SystemEnvironmentPropertySource@154109811 {name='systemEnvironment', properties={LOCALAPPDATA=C:\Users\User\AppData\Local, PROCESSOR_LEVEL=6, TSMPATH=C:\Program Files\ThinkPad\UltraNav Utility, FP_NO_HOST_CHECK=NO, USERDOMAIN=User-PC, LOGONSERVER=\\USER-PC, SESSIONNAME=Console, ALLUSERSPROFILE=C:\ProgramData, PROCESSOR_ARCHITECTURE=AMD64, PSModulePath=C:\windows\system32\WindowsPowerShell\v1.0\Modules\, SystemDrive=C:, COMMPath=C:\Program Files\Lenovo\Communications Utility, OneDrive=C:\Users\User\OneDrive, TVT=C:\Program Files (x86)\Lenovo, APPDATA=C:\Users\User\AppData\Roaming, USERNAME=User, ProgramFiles(x86)=C:\Program Files (x86), CommonProgramFiles=C:\Program Files\Common Files, Path=C:/Program Files/Java/jre1.8.0_151/bin/server;C:/Program Files/Java/jre1.8.0_151/bin;C:/Program Files/Java/jre1.8.0_151/lib/amd64;C:\ProgramData\Oracle\Java\javapath;C:\windows\system32;C:\windows;C:\windows\System32\Wbem;C:\windows\System32\WindowsPowerShell\v1.0\;C:\Program Files (x86)\Lenovo\Access Connections\;C:\Program Files (x86)\Intel\OpenCL SDK\2.0\bin\x86;C:\Program Files (x86)\Intel\OpenCL SDK\2.0\bin\x64;C:\Program Files (x86)\Intel\Services\IPT\;C:\Program Files\ThinkPad\Bluetooth Software\;C:\Program Files\ThinkPad\Bluetooth Software\syswow64;C:\Program Files\Intel\WiFi\bin\;C:\Program Files\Common Files\Intel\WirelessCommon\;C:\Program Files\MiKTeX 2.9\miktex\bin\x64\;C:\Program Files\Git\cmd;C:\Program Files\PuTTY\;C:\Program Files\nodejs\;C:\Program Files\Intel\WiFi\bin\;C:\Program Files\Common Files\Intel\WirelessCommon\;C:\Program Files\Java\jre-9.0.1\bin;C:\Users\User\AppData\Roaming\npm;C:\windows\system32;, PATHEXT=.COM;.EXE;.BAT;.CMD;.VBS;.VBE;.JS;.JSE;.WSF;.WSH;.MSC, OS=Windows_NT, COMPUTERNAME=USER-PC, ACPath=C:\Program Files (x86)\Lenovo\Access Connections\, NDI_RUNTIME_DIR_V3=C:\Program Files\NewTek\NewTek NDI Redist\v3, UOIPME_REG_PATH=C:\Program Files\Intel Corporation\USB over IP, NDI_RUNTIME_DIR_V2=C:\Program Files\NewTek\NewTek NDI Redist\v3, PROCESSOR_REVISION=2a07, CommonProgramW6432=C:\Program Files\Common Files, ComSpec=C:\windows\system32\cmd.exe, ProgramData=C:\ProgramData, ProgramW6432=C:\Program Files, HOMEPATH=\Users\User, SystemRoot=C:\windows, TEMP=C:\Users\User\AppData\Local\Temp, HOMEDRIVE=C:, PROCESSOR_IDENTIFIER=Intel64 Family 6 Model 42 Stepping 7, GenuineIntel, USERPROFILE=C:\Users\User, TMP=C:\Users\User\AppData\Local\Temp, CommonProgramFiles(x86)=C:\Program Files (x86)\Common Files, ProgramFiles=C:\Program Files, PUBLIC=C:\Users\Public, NUMBER_OF_PROCESSORS=4, windir=C:\windows, =::=::\}}]
22:05:17.748 [Test worker] DEBUG org.springframework.beans.factory.support.DefaultListableBeanFactory - Eagerly caching bean 'org.springframework.boot.context.properties.ConfigurationPropertiesBindingPostProcessor' to allow for resolving potential circular references
22:05:17.761 [Test worker] DEBUG org.springframework.beans.factory.support.DefaultListableBeanFactory - Returning cached instance of singleton bean 'org.springframework.boot.context.properties.ConfigurationPropertiesBindingPostProcessor.store'
22:05:17.768 [Test worker] DEBUG org.springframework.beans.factory.support.DefaultListableBeanFactory - Invoking afterPropertiesSet() on bean with name 'org.springframework.boot.context.properties.ConfigurationPropertiesBindingPostProcessor'
22:05:17.770 [Test worker] DEBUG org.springframework.beans.factory.support.DefaultListableBeanFactory - Returning cached instance of singleton bean 'propertySourcesPlaceholderConfigurer'
22:05:17.771 [Test worker] DEBUG org.springframework.beans.factory.support.DefaultListableBeanFactory - Finished creating instance of bean 'org.springframework.boot.context.properties.ConfigurationPropertiesBindingPostProcessor'
22:05:17.771 [Test worker] DEBUG org.springframework.beans.factory.support.DefaultListableBeanFactory - Returning cached instance of singleton bean 'org.springframework.boot.test.mock.mockito.MockitoPostProcessor'
22:05:17.772 [Test worker] DEBUG org.springframework.beans.factory.support.DefaultListableBeanFactory - Creating shared instance of singleton bean 'methodValidationPostProcessor'
22:05:17.772 [Test worker] DEBUG org.springframework.beans.factory.support.DefaultListableBeanFactory - Creating instance of bean 'methodValidationPostProcessor'
22:05:17.779 [Test worker] DEBUG org.springframework.beans.factory.support.DefaultListableBeanFactory - Returning cached instance of singleton bean 'environment'
22:05:17.793 [Test worker] DEBUG org.springframework.aop.framework.JdkDynamicAopProxy - Creating JDK dynamic proxy: target source is org.springframework.context.annotation.ContextAnnotationAutowireCandidateResolver$1@7a02128
22:05:17.801 [Test worker] DEBUG org.springframework.beans.factory.support.DefaultListableBeanFactory - Autowiring by type from bean name 'methodValidationPostProcessor' via factory method to bean named 'environment'
22:05:17.817 [Test worker] DEBUG org.springframework.beans.factory.support.DefaultListableBeanFactory - Eagerly caching bean 'methodValidationPostProcessor' to allow for resolving potential circular references
22:05:17.837 [Test worker] DEBUG org.springframework.beans.factory.support.DefaultListableBeanFactory - Invoking afterPropertiesSet() on bean with name 'methodValidationPostProcessor'
22:05:17.849 [Test worker] DEBUG org.springframework.beans.factory.support.DefaultListableBeanFactory - Finished creating instance of bean 'methodValidationPostProcessor'
22:05:17.849 [Test worker] DEBUG org.springframework.beans.factory.support.DefaultListableBeanFactory - Creating shared instance of singleton bean 'dataSourceInitializerPostProcessor'
22:05:17.849 [Test worker] DEBUG org.springframework.beans.factory.support.DefaultListableBeanFactory - Creating instance of bean 'dataSourceInitializerPostProcessor'
22:05:17.858 [Test worker] DEBUG org.springframework.beans.factory.annotation.InjectionMetadata - Registered injected element on class [org.springframework.boot.autoconfigure.jdbc.DataSourceInitializerPostProcessor]: AutowiredFieldElement for private org.springframework.beans.factory.BeanFactory org.springframework.boot.autoconfigure.jdbc.DataSourceInitializerPostProcessor.beanFactory
22:05:17.858 [Test worker] DEBUG org.springframework.beans.factory.support.DefaultListableBeanFactory - Eagerly caching bean 'dataSourceInitializerPostProcessor' to allow for resolving potential circular references
22:05:17.863 [Test worker] DEBUG org.springframework.beans.factory.annotation.InjectionMetadata - Processing injected element of bean 'dataSourceInitializerPostProcessor': AutowiredFieldElement for private org.springframework.beans.factory.BeanFactory org.springframework.boot.autoconfigure.jdbc.DataSourceInitializerPostProcessor.beanFactory
22:05:17.866 [Test worker] DEBUG org.springframework.beans.factory.annotation.AutowiredAnnotationBeanPostProcessor - Autowiring by type from bean name 'dataSourceInitializerPostProcessor' to bean named 'org.springframework.beans.factory.support.DefaultListableBeanFactory@8a20776'
22:05:17.866 [Test worker] DEBUG org.springframework.beans.factory.support.DefaultListableBeanFactory - Finished creating instance of bean 'dataSourceInitializerPostProcessor'
22:05:17.867 [Test worker] DEBUG org.springframework.beans.factory.support.DefaultListableBeanFactory - Creating shared instance of singleton bean 'org.springframework.context.annotation.internalScheduledAnnotationProcessor'
22:05:17.867 [Test worker] DEBUG org.springframework.beans.factory.support.DefaultListableBeanFactory - Creating instance of bean 'org.springframework.context.annotation.internalScheduledAnnotationProcessor'
22:05:17.867 [Test worker] DEBUG org.springframework.beans.factory.support.DefaultListableBeanFactory - Creating shared instance of singleton bean 'org.springframework.scheduling.annotation.SchedulingConfiguration'
22:05:17.867 [Test worker] DEBUG org.springframework.beans.factory.support.DefaultListableBeanFactory - Creating instance of bean 'org.springframework.scheduling.annotation.SchedulingConfiguration'
22:05:17.868 [Test worker] DEBUG org.springframework.beans.factory.support.DefaultListableBeanFactory - Eagerly caching bean 'org.springframework.scheduling.annotation.SchedulingConfiguration' to allow for resolving potential circular references
22:05:17.874 [Test worker] DEBUG org.springframework.beans.factory.support.DefaultListableBeanFactory - Finished creating instance of bean 'org.springframework.scheduling.annotation.SchedulingConfiguration'
22:05:17.907 [Test worker] DEBUG org.springframework.beans.factory.support.DefaultListableBeanFactory - Eagerly caching bean 'org.springframework.context.annotation.internalScheduledAnnotationProcessor' to allow for resolving potential circular references
22:05:17.921 [Test worker] DEBUG org.springframework.beans.factory.support.DefaultListableBeanFactory - Finished creating instance of bean 'org.springframework.context.annotation.internalScheduledAnnotationProcessor'
22:05:17.921 [Test worker] DEBUG org.springframework.beans.factory.support.DefaultListableBeanFactory - Creating shared instance of singleton bean 'org.springframework.aop.config.internalAutoProxyCreator'
22:05:17.921 [Test worker] DEBUG org.springframework.beans.factory.support.DefaultListableBeanFactory - Creating instance of bean 'org.springframework.aop.config.internalAutoProxyCreator'
22:05:17.933 [Test worker] DEBUG org.springframework.beans.factory.support.DefaultListableBeanFactory - Eagerly caching bean 'org.springframework.aop.config.internalAutoProxyCreator' to allow for resolving potential circular references
22:05:17.977 [Test worker] DEBUG org.springframework.beans.factory.support.DefaultListableBeanFactory - Finished creating instance of bean 'org.springframework.aop.config.internalAutoProxyCreator'
22:05:17.977 [Test worker] DEBUG org.springframework.beans.factory.support.DefaultListableBeanFactory - Creating shared instance of singleton bean 'persistenceExceptionTranslationPostProcessor'
22:05:17.977 [Test worker] DEBUG org.springframework.beans.factory.support.DefaultListableBeanFactory - Creating instance of bean 'persistenceExceptionTranslationPostProcessor'
22:05:17.979 [Test worker] DEBUG org.springframework.beans.factory.support.DefaultListableBeanFactory - Returning cached instance of singleton bean 'environment'
22:05:17.979 [Test worker] DEBUG org.springframework.beans.factory.support.DefaultListableBeanFactory - Autowiring by type from bean name 'persistenceExceptionTranslationPostProcessor' via factory method to bean named 'environment'
22:05:17.980 [Test worker] DEBUG org.springframework.beans.factory.support.DefaultListableBeanFactory - Eagerly caching bean 'persistenceExceptionTranslationPostProcessor' to allow for resolving potential circular references
22:05:17.990 [Test worker] DEBUG org.springframework.beans.factory.support.DefaultListableBeanFactory - Finished creating instance of bean 'persistenceExceptionTranslationPostProcessor'
22:05:17.990 [Test worker] DEBUG org.springframework.beans.factory.support.DefaultListableBeanFactory - Creating shared instance of singleton bean 'dataSourceInitializedPublisher'
22:05:17.990 [Test worker] DEBUG org.springframework.beans.factory.support.DefaultListableBeanFactory - Creating instance of bean 'dataSourceInitializedPublisher'
22:05:17.991 [Test worker] DEBUG org.springframework.beans.factory.annotation.InjectionMetadata - Registered injected element on class [org.springframework.boot.autoconfigure.orm.jpa.DataSourceInitializedPublisher]: AutowiredFieldElement for private org.springframework.context.ApplicationContext org.springframework.boot.autoconfigure.orm.jpa.DataSourceInitializedPublisher.applicationContext
22:05:17.991 [Test worker] DEBUG org.springframework.beans.factory.support.DefaultListableBeanFactory - Eagerly caching bean 'dataSourceInitializedPublisher' to allow for resolving potential circular references
22:05:17.994 [Test worker] DEBUG org.springframework.beans.factory.annotation.InjectionMetadata - Processing injected element of bean 'dataSourceInitializedPublisher': AutowiredFieldElement for private org.springframework.context.ApplicationContext org.springframework.boot.autoconfigure.orm.jpa.DataSourceInitializedPublisher.applicationContext
22:05:17.996 [Test worker] DEBUG org.springframework.beans.factory.annotation.AutowiredAnnotationBeanPostProcessor - Autowiring by type from bean name 'dataSourceInitializedPublisher' to bean named 'org.springframework.context.support.GenericApplicationContext@2168fafe'
22:05:17.997 [Test worker] DEBUG org.springframework.beans.factory.support.DefaultListableBeanFactory - Finished creating instance of bean 'dataSourceInitializedPublisher'
22:05:17.997 [Test worker] DEBUG org.springframework.beans.factory.support.DefaultListableBeanFactory - Returning cached instance of singleton bean 'org.springframework.boot.test.autoconfigure.properties.PropertyMappingContextCustomizer$PropertyMappingCheckBeanPostProcessor'
22:05:18.001 [Test worker] DEBUG org.springframework.context.support.GenericApplicationContext - Unable to locate MessageSource with name 'messageSource': using default [org.springframework.context.support.DelegatingMessageSource@2d29265f]
22:05:18.007 [Test worker] DEBUG org.springframework.context.support.GenericApplicationContext - Unable to locate ApplicationEventMulticaster with name 'applicationEventMulticaster': using default [org.springframework.context.event.SimpleApplicationEventMulticaster@1393a835]
22:05:18.012 [Test worker] DEBUG org.springframework.beans.factory.support.DefaultListableBeanFactory - Creating shared instance of singleton bean 'inMemoryDatabaseShutdownExecutor'
22:05:18.012 [Test worker] DEBUG org.springframework.beans.factory.support.DefaultListableBeanFactory - Creating instance of bean 'inMemoryDatabaseShutdownExecutor'
22:05:18.015 [Test worker] DEBUG org.springframework.beans.factory.support.DefaultListableBeanFactory - Creating shared instance of singleton bean 'org.springframework.transaction.config.internalTransactionAdvisor'
22:05:18.015 [Test worker] DEBUG org.springframework.beans.factory.support.DefaultListableBeanFactory - Creating instance of bean 'org.springframework.transaction.config.internalTransactionAdvisor'
22:05:18.015 [Test worker] DEBUG org.springframework.beans.factory.support.DefaultListableBeanFactory - Creating shared instance of singleton bean 'org.springframework.transaction.annotation.ProxyTransactionManagementConfiguration'
22:05:18.015 [Test worker] DEBUG org.springframework.beans.factory.support.DefaultListableBeanFactory - Creating instance of bean 'org.springframework.transaction.annotation.ProxyTransactionManagementConfiguration'
22:05:18.015 [Test worker] DEBUG org.springframework.aop.framework.autoproxy.BeanFactoryAdvisorRetrievalHelper - Skipping currently created advisor 'org.springframework.transaction.config.internalTransactionAdvisor'
22:05:18.033 [Test worker] DEBUG org.springframework.beans.factory.annotation.InjectionMetadata - Registered injected element on class [org.springframework.transaction.annotation.ProxyTransactionManagementConfiguration$$EnhancerBySpringCGLIB$$59b91df6]: AutowiredMethodElement for void org.springframework.transaction.annotation.AbstractTransactionManagementConfiguration.setConfigurers(java.util.Collection)
22:05:18.033 [Test worker] DEBUG org.springframework.beans.factory.support.DefaultListableBeanFactory - Eagerly caching bean 'org.springframework.transaction.annotation.ProxyTransactionManagementConfiguration' to allow for resolving potential circular references
22:05:18.033 [Test worker] DEBUG org.springframework.beans.factory.annotation.InjectionMetadata - Processing injected element of bean 'org.springframework.transaction.annotation.ProxyTransactionManagementConfiguration': AutowiredMethodElement for void org.springframework.transaction.annotation.AbstractTransactionManagementConfiguration.setConfigurers(java.util.Collection)
22:05:18.040 [Test worker] DEBUG org.springframework.beans.factory.support.DefaultListableBeanFactory - Returning cached instance of singleton bean 'org.springframework.context.annotation.ConfigurationClassPostProcessor.importRegistry'
22:05:18.041 [Test worker] DEBUG org.springframework.aop.framework.autoproxy.BeanFactoryAdvisorRetrievalHelper - Skipping currently created advisor 'org.springframework.transaction.config.internalTransactionAdvisor'
22:05:18.041 [Test worker] DEBUG org.springframework.aop.framework.autoproxy.BeanFactoryAdvisorRetrievalHelper - Skipping currently created advisor 'org.springframework.transaction.config.internalTransactionAdvisor'
22:05:18.049 [Test worker] DEBUG org.springframework.beans.factory.support.DefaultListableBeanFactory - Finished creating instance of bean 'org.springframework.transaction.annotation.ProxyTransactionManagementConfiguration'
22:05:18.064 [Test worker] DEBUG org.springframework.beans.factory.support.DefaultListableBeanFactory - Creating shared instance of singleton bean 'transactionAttributeSource'
22:05:18.064 [Test worker] DEBUG org.springframework.beans.factory.support.DefaultListableBeanFactory - Creating instance of bean 'transactionAttributeSource'
22:05:18.064 [Test worker] DEBUG org.springframework.aop.framework.autoproxy.BeanFactoryAdvisorRetrievalHelper - Skipping currently created advisor 'org.springframework.transaction.config.internalTransactionAdvisor'
22:05:18.065 [Test worker] DEBUG org.springframework.beans.factory.support.DefaultListableBeanFactory - Returning cached instance of singleton bean 'org.springframework.transaction.annotation.ProxyTransactionManagementConfiguration'
22:05:18.066 [Test worker] DEBUG org.springframework.beans.factory.support.DefaultListableBeanFactory - Eagerly caching bean 'transactionAttributeSource' to allow for resolving potential circular references
22:05:18.070 [Test worker] DEBUG org.springframework.aop.framework.autoproxy.BeanFactoryAdvisorRetrievalHelper - Skipping currently created advisor 'org.springframework.transaction.config.internalTransactionAdvisor'
22:05:18.070 [Test worker] DEBUG org.springframework.aop.framework.autoproxy.BeanFactoryAdvisorRetrievalHelper - Skipping currently created advisor 'org.springframework.transaction.config.internalTransactionAdvisor'
22:05:18.070 [Test worker] DEBUG org.springframework.beans.factory.support.DefaultListableBeanFactory - Finished creating instance of bean 'transactionAttributeSource'
22:05:18.071 [Test worker] DEBUG org.springframework.beans.factory.support.DefaultListableBeanFactory - Creating shared instance of singleton bean 'transactionInterceptor'
22:05:18.071 [Test worker] DEBUG org.springframework.beans.factory.support.DefaultListableBeanFactory - Creating instance of bean 'transactionInterceptor'
22:05:18.071 [Test worker] DEBUG org.springframework.beans.factory.support.DefaultListableBeanFactory - Returning cached instance of singleton bean 'org.springframework.transaction.annotation.ProxyTransactionManagementConfiguration'
22:05:18.077 [Test worker] DEBUG org.springframework.beans.factory.support.DefaultListableBeanFactory - Returning cached instance of singleton bean 'transactionAttributeSource'
22:05:18.080 [Test worker] DEBUG org.springframework.beans.factory.support.DefaultListableBeanFactory - Eagerly caching bean 'transactionInterceptor' to allow for resolving potential circular references
22:05:18.088 [Test worker] DEBUG org.springframework.beans.factory.support.DefaultListableBeanFactory - Invoking afterPropertiesSet() on bean with name 'transactionInterceptor'
22:05:18.089 [Test worker] DEBUG org.springframework.beans.factory.support.DefaultListableBeanFactory - Finished creating instance of bean 'transactionInterceptor'
22:05:18.090 [Test worker] DEBUG org.springframework.beans.factory.support.DefaultListableBeanFactory - Eagerly caching bean 'org.springframework.transaction.config.internalTransactionAdvisor' to allow for resolving potential circular references
22:05:18.099 [Test worker] DEBUG org.springframework.beans.factory.support.DefaultListableBeanFactory - Finished creating instance of bean 'org.springframework.transaction.config.internalTransactionAdvisor'
22:05:18.100 [Test worker] DEBUG org.springframework.beans.factory.support.DefaultListableBeanFactory - Creating shared instance of singleton bean 'org.springframework.boot.devtools.autoconfigure.DevToolsDataSourceAutoConfiguration'
22:05:18.100 [Test worker] DEBUG org.springframework.beans.factory.support.DefaultListableBeanFactory - Creating instance of bean 'org.springframework.boot.devtools.autoconfigure.DevToolsDataSourceAutoConfiguration'
22:05:18.100 [Test worker] DEBUG org.springframework.beans.factory.support.DefaultListableBeanFactory - Returning cached instance of singleton bean 'org.springframework.transaction.config.internalTransactionAdvisor'
22:05:18.101 [Test worker] DEBUG org.springframework.beans.factory.support.DefaultListableBeanFactory - Eagerly caching bean 'org.springframework.boot.devtools.autoconfigure.DevToolsDataSourceAutoConfiguration' to allow for resolving potential circular references
22:05:18.104 [Test worker] DEBUG org.springframework.beans.factory.support.DefaultListableBeanFactory - Returning cached instance of singleton bean 'org.springframework.transaction.config.internalTransactionAdvisor'
22:05:18.104 [Test worker] DEBUG org.springframework.beans.factory.support.DefaultListableBeanFactory - Returning cached instance of singleton bean 'org.springframework.transaction.config.internalTransactionAdvisor'
22:05:18.107 [Test worker] DEBUG org.springframework.beans.factory.support.DefaultListableBeanFactory - Finished creating instance of bean 'org.springframework.boot.devtools.autoconfigure.DevToolsDataSourceAutoConfiguration'
22:05:18.110 [Test worker] DEBUG org.springframework.beans.factory.support.DefaultListableBeanFactory - Creating shared instance of singleton bean 'dataSource'
22:05:18.110 [Test worker] DEBUG org.springframework.beans.factory.support.DefaultListableBeanFactory - Creating instance of bean 'dataSource'
22:05:18.110 [Test worker] DEBUG org.springframework.beans.factory.support.DefaultListableBeanFactory - Returning cached instance of singleton bean 'org.springframework.transaction.config.internalTransactionAdvisor'
22:05:18.110 [Test worker] DEBUG org.springframework.beans.factory.support.DefaultListableBeanFactory - Creating shared instance of singleton bean 'org.springframework.boot.autoconfigure.jdbc.DataSourceConfiguration$Tomcat'
22:05:18.110 [Test worker] DEBUG org.springframework.beans.factory.support.DefaultListableBeanFactory - Creating instance of bean 'org.springframework.boot.autoconfigure.jdbc.DataSourceConfiguration$Tomcat'
22:05:18.110 [Test worker] DEBUG org.springframework.beans.factory.support.DefaultListableBeanFactory - Returning cached instance of singleton bean 'org.springframework.transaction.config.internalTransactionAdvisor'
22:05:18.111 [Test worker] DEBUG org.springframework.beans.factory.support.DefaultListableBeanFactory - Eagerly caching bean 'org.springframework.boot.autoconfigure.jdbc.DataSourceConfiguration$Tomcat' to allow for resolving potential circular references
22:05:18.115 [Test worker] DEBUG org.springframework.beans.factory.support.DefaultListableBeanFactory - Returning cached instance of singleton bean 'org.springframework.transaction.config.internalTransactionAdvisor'
22:05:18.115 [Test worker] DEBUG org.springframework.beans.factory.support.DefaultListableBeanFactory - Returning cached instance of singleton bean 'org.springframework.transaction.config.internalTransactionAdvisor'
22:05:18.116 [Test worker] DEBUG org.springframework.beans.factory.support.DefaultListableBeanFactory - Finished creating instance of bean 'org.springframework.boot.autoconfigure.jdbc.DataSourceConfiguration$Tomcat'
22:05:18.120 [Test worker] DEBUG org.springframework.beans.factory.support.DefaultListableBeanFactory - Creating shared instance of singleton bean 'spring.datasource-org.springframework.boot.autoconfigure.jdbc.DataSourceProperties'
22:05:18.120 [Test worker] DEBUG org.springframework.beans.factory.support.DefaultListableBeanFactory - Creating instance of bean 'spring.datasource-org.springframework.boot.autoconfigure.jdbc.DataSourceProperties'
22:05:18.120 [Test worker] DEBUG org.springframework.beans.factory.support.DefaultListableBeanFactory - Returning cached instance of singleton bean 'org.springframework.transaction.config.internalTransactionAdvisor'
22:05:18.126 [Test worker] DEBUG org.springframework.beans.factory.support.DefaultListableBeanFactory - Eagerly caching bean 'spring.datasource-org.springframework.boot.autoconfigure.jdbc.DataSourceProperties' to allow for resolving potential circular references
22:05:18.225 [Test worker] DEBUG org.jboss.logging - Logging Provider: org.jboss.logging.Slf4jLoggerProvider
22:05:18.226 [Test worker] INFO org.hibernate.validator.internal.util.Version - HV000001: Hibernate Validator 5.3.5.Final
22:05:18.285 [Test worker] DEBUG org.hibernate.validator.internal.engine.resolver.DefaultTraversableResolver - Found javax.persistence.Persistence on classpath containing 'getPersistenceUtil'. Assuming JPA 2 environment. Trying to instantiate JPA aware TraversableResolver
22:05:18.288 [Test worker] DEBUG org.hibernate.validator.internal.engine.resolver.DefaultTraversableResolver - Instantiated JPA aware TraversableResolver of type org.hibernate.validator.internal.engine.resolver.JPATraversableResolver.
22:05:18.318 [Test worker] DEBUG org.hibernate.validator.internal.engine.resolver.DefaultTraversableResolver - Found javax.persistence.Persistence on classpath containing 'getPersistenceUtil'. Assuming JPA 2 environment. Trying to instantiate JPA aware TraversableResolver
22:05:18.319 [Test worker] DEBUG org.hibernate.validator.internal.engine.resolver.DefaultTraversableResolver - Instantiated JPA aware TraversableResolver of type org.hibernate.validator.internal.engine.resolver.JPATraversableResolver.
22:05:18.327 [Test worker] DEBUG org.hibernate.validator.internal.engine.ConfigurationImpl - Setting custom MessageInterpolator of type org.springframework.validation.beanvalidation.LocaleContextMessageInterpolator
22:05:18.328 [Test worker] DEBUG org.hibernate.validator.internal.engine.ConfigurationImpl - Setting custom ConstraintValidatorFactory of type org.springframework.validation.beanvalidation.SpringConstraintValidatorFactory
22:05:18.330 [Test worker] DEBUG org.hibernate.validator.internal.engine.ConfigurationImpl - Setting custom ParameterNameProvider of type com.sun.proxy.$Proxy73
22:05:18.332 [Test worker] DEBUG org.hibernate.validator.internal.xml.ValidationXmlParser - Trying to load META-INF/validation.xml for XML based Validator configuration.
22:05:18.334 [Test worker] DEBUG org.hibernate.validator.internal.xml.ResourceLoaderHelper - Trying to load META-INF/validation.xml via user class loader
22:05:18.336 [Test worker] DEBUG org.hibernate.validator.internal.xml.ResourceLoaderHelper - Trying to load META-INF/validation.xml via TCCL
22:05:18.336 [Test worker] DEBUG org.hibernate.validator.internal.xml.ResourceLoaderHelper - Trying to load META-INF/validation.xml via Hibernate Validator's class loader
22:05:18.336 [Test worker] DEBUG org.hibernate.validator.internal.xml.ValidationXmlParser - No META-INF/validation.xml found. Using annotation based configuration only.
22:05:18.503 [Test worker] DEBUG org.springframework.beans.factory.annotation.InjectionMetadata - Processing injected element of bean 'org.springframework.boot.context.properties.ConfigurationPropertiesBindingPostProcessor': AutowiredMethodElement for public void org.springframework.boot.context.properties.ConfigurationPropertiesBindingPostProcessor.setGenericConverters(java.util.List)
22:05:18.507 [Test worker] DEBUG org.springframework.beans.factory.annotation.InjectionMetadata - Processing injected element of bean 'org.springframework.boot.context.properties.ConfigurationPropertiesBindingPostProcessor': AutowiredMethodElement for public void org.springframework.boot.context.properties.ConfigurationPropertiesBindingPostProcessor.setConverters(java.util.List)
22:05:18.527 [Test worker] DEBUG org.springframework.core.env.MutablePropertySources - Adding PropertySource 'systemProperties' with lowest search precedence
22:05:18.527 [Test worker] DEBUG org.springframework.core.env.MutablePropertySources - Adding PropertySource 'systemEnvironment' with lowest search precedence
22:05:18.527 [Test worker] DEBUG org.springframework.core.env.MutablePropertySources - Adding PropertySource 'localProperties' with lowest search precedence
22:05:18.559 [Test worker] DEBUG org.springframework.beans.factory.support.DefaultListableBeanFactory - Invoking afterPropertiesSet() on bean with name 'spring.datasource-org.springframework.boot.autoconfigure.jdbc.DataSourceProperties'
22:05:18.561 [Test worker] DEBUG org.springframework.beans.factory.support.DefaultListableBeanFactory - Returning cached instance of singleton bean 'org.springframework.transaction.config.internalTransactionAdvisor'
22:05:18.561 [Test worker] DEBUG org.springframework.beans.factory.support.DefaultListableBeanFactory - Returning cached instance of singleton bean 'org.springframework.transaction.config.internalTransactionAdvisor'
22:05:18.566 [Test worker] DEBUG org.springframework.beans.factory.support.DefaultListableBeanFactory - Finished creating instance of bean 'spring.datasource-org.springframework.boot.autoconfigure.jdbc.DataSourceProperties'
22:05:18.566 [Test worker] DEBUG org.springframework.beans.factory.support.DefaultListableBeanFactory - Autowiring by type from bean name 'dataSource' via factory method to bean named 'spring.datasource-org.springframework.boot.autoconfigure.jdbc.DataSourceProperties'
22:05:18.627 [Test worker] DEBUG org.springframework.beans.factory.support.DefaultListableBeanFactory - Eagerly caching bean 'dataSource' to allow for resolving potential circular references
22:05:18.855 [Test worker] DEBUG org.springframework.core.env.MutablePropertySources - Adding PropertySource 'systemProperties' with lowest search precedence
22:05:18.855 [Test worker] DEBUG org.springframework.core.env.MutablePropertySources - Adding PropertySource 'systemEnvironment' with lowest search precedence
22:05:18.855 [Test worker] DEBUG org.springframework.core.env.MutablePropertySources - Adding PropertySource 'localProperties' with lowest search precedence
22:05:18.886 [Test worker] DEBUG org.springframework.beans.factory.support.DefaultListableBeanFactory - Creating shared instance of singleton bean 'dataSourceInitializer'
22:05:18.886 [Test worker] DEBUG org.springframework.beans.factory.support.DefaultListableBeanFactory - Creating instance of bean 'dataSourceInitializer'
22:05:18.886 [Test worker] DEBUG org.springframework.beans.factory.support.DefaultListableBeanFactory - Returning cached instance of singleton bean 'org.springframework.transaction.config.internalTransactionAdvisor'
22:05:18.886 [Test worker] DEBUG org.springframework.beans.factory.support.DefaultListableBeanFactory - Creating shared instance of singleton bean 'org.springframework.boot.autoconfigure.jdbc.DataSourceAutoConfiguration'
22:05:18.886 [Test worker] DEBUG org.springframework.beans.factory.support.DefaultListableBeanFactory - Creating instance of bean 'org.springframework.boot.autoconfigure.jdbc.DataSourceAutoConfiguration'
22:05:18.887 [Test worker] DEBUG org.springframework.beans.factory.support.DefaultListableBeanFactory - Returning cached instance of singleton bean 'org.springframework.transaction.config.internalTransactionAdvisor'
22:05:18.887 [Test worker] DEBUG org.springframework.beans.factory.support.DefaultListableBeanFactory - Eagerly caching bean 'org.springframework.boot.autoconfigure.jdbc.DataSourceAutoConfiguration' to allow for resolving potential circular references
22:05:18.892 [Test worker] DEBUG org.springframework.beans.factory.support.DefaultListableBeanFactory - Returning cached instance of singleton bean 'org.springframework.transaction.config.internalTransactionAdvisor'
22:05:18.893 [Test worker] DEBUG org.springframework.beans.factory.support.DefaultListableBeanFactory - Returning cached instance of singleton bean 'org.springframework.transaction.config.internalTransactionAdvisor'
22:05:18.895 [Test worker] DEBUG org.springframework.beans.factory.support.DefaultListableBeanFactory - Finished creating instance of bean 'org.springframework.boot.autoconfigure.jdbc.DataSourceAutoConfiguration'
22:05:18.897 [Test worker] DEBUG org.springframework.beans.factory.support.DefaultListableBeanFactory - Returning cached instance of singleton bean 'spring.datasource-org.springframework.boot.autoconfigure.jdbc.DataSourceProperties'
22:05:18.899 [Test worker] DEBUG org.springframework.beans.factory.support.DefaultListableBeanFactory - Autowiring by type from bean name 'dataSourceInitializer' via factory method to bean named 'spring.datasource-org.springframework.boot.autoconfigure.jdbc.DataSourceProperties'
22:05:18.899 [Test worker] DEBUG org.springframework.beans.factory.support.DefaultListableBeanFactory - Autowiring by type from bean name 'dataSourceInitializer' via factory method to bean named 'org.springframework.context.support.GenericApplicationContext@2168fafe'
22:05:18.909 [Test worker] DEBUG org.springframework.context.annotation.CommonAnnotationBeanPostProcessor - Found init method on class [org.springframework.boot.autoconfigure.jdbc.DataSourceInitializer]: public void org.springframework.boot.autoconfigure.jdbc.DataSourceInitializer.init()
22:05:18.909 [Test worker] DEBUG org.springframework.context.annotation.CommonAnnotationBeanPostProcessor - Registered init method on class [org.springframework.boot.autoconfigure.jdbc.DataSourceInitializer]: org.springframework.beans.factory.annotation.InitDestroyAnnotationBeanPostProcessor$LifecycleElement@316510
22:05:18.910 [Test worker] DEBUG org.springframework.beans.factory.support.DefaultListableBeanFactory - Eagerly caching bean 'dataSourceInitializer' to allow for resolving potential circular references
22:05:18.913 [Test worker] DEBUG org.springframework.context.annotation.CommonAnnotationBeanPostProcessor - Invoking init method on bean 'dataSourceInitializer': public void org.springframework.boot.autoconfigure.jdbc.DataSourceInitializer.init()
22:05:18.916 [Test worker] DEBUG org.springframework.beans.factory.support.DefaultListableBeanFactory - Returning cached instance of singleton bean 'org.springframework.transaction.config.internalTransactionAdvisor'
22:05:18.916 [Test worker] DEBUG org.springframework.beans.factory.support.DefaultListableBeanFactory - Returning cached instance of singleton bean 'org.springframework.transaction.config.internalTransactionAdvisor'
22:05:18.926 [Test worker] DEBUG org.springframework.beans.factory.support.DefaultListableBeanFactory - Returning eagerly cached instance of singleton bean 'dataSource' that is not fully initialized yet - a consequence of a circular reference
22:05:18.928 [Test worker] DEBUG org.springframework.core.io.support.PathMatchingResourcePatternResolver - Resolved classpath location [schema-all.sql] to resources []
22:05:18.929 [Test worker] DEBUG org.springframework.core.io.support.PathMatchingResourcePatternResolver - Resolved classpath location [schema.sql] to resources []
22:05:18.930 [Test worker] DEBUG org.springframework.beans.factory.support.DefaultListableBeanFactory - Returning cached instance of singleton bean 'org.springframework.transaction.config.internalTransactionAdvisor'
22:05:18.930 [Test worker] DEBUG org.springframework.beans.factory.support.DefaultListableBeanFactory - Returning cached instance of singleton bean 'org.springframework.transaction.config.internalTransactionAdvisor'
22:05:18.931 [Test worker] DEBUG org.springframework.beans.factory.support.DefaultListableBeanFactory - Finished creating instance of bean 'dataSourceInitializer'
22:05:18.935 [Test worker] DEBUG org.springframework.beans.factory.support.DefaultListableBeanFactory - Finished creating instance of bean 'dataSource'
22:05:18.936 [Test worker] DEBUG org.springframework.beans.factory.support.DefaultListableBeanFactory - Returning cached instance of singleton bean 'spring.datasource-org.springframework.boot.autoconfigure.jdbc.DataSourceProperties'
22:05:18.936 [Test worker] DEBUG org.springframework.beans.factory.support.DefaultListableBeanFactory - Autowiring by type from bean name 'inMemoryDatabaseShutdownExecutor' via factory method to bean named 'dataSource'
22:05:18.936 [Test worker] DEBUG org.springframework.beans.factory.support.DefaultListableBeanFactory - Autowiring by type from bean name 'inMemoryDatabaseShutdownExecutor' via factory method to bean named 'spring.datasource-org.springframework.boot.autoconfigure.jdbc.DataSourceProperties'
22:05:18.943 [Test worker] DEBUG org.springframework.beans.factory.support.DefaultListableBeanFactory - Eagerly caching bean 'inMemoryDatabaseShutdownExecutor' to allow for resolving potential circular references
22:05:18.946 [Test worker] DEBUG org.springframework.beans.factory.support.DefaultListableBeanFactory - Returning cached instance of singleton bean 'org.springframework.transaction.config.internalTransactionAdvisor'
22:05:18.946 [Test worker] DEBUG org.springframework.beans.factory.support.DefaultListableBeanFactory - Returning cached instance of singleton bean 'org.springframework.transaction.config.internalTransactionAdvisor'
22:05:18.946 [Test worker] DEBUG org.springframework.beans.factory.support.DefaultListableBeanFactory - Finished creating instance of bean 'inMemoryDatabaseShutdownExecutor'
22:05:18.947 [Test worker] DEBUG org.springframework.beans.factory.support.DefaultListableBeanFactory - Creating shared instance of singleton bean 'entityManagerFactory'
22:05:18.947 [Test worker] DEBUG org.springframework.beans.factory.support.DefaultListableBeanFactory - Creating instance of bean 'entityManagerFactory'
22:05:18.947 [Test worker] DEBUG org.springframework.beans.factory.support.DefaultListableBeanFactory - Returning cached instance of singleton bean 'org.springframework.transaction.config.internalTransactionAdvisor'
22:05:18.947 [Test worker] DEBUG org.springframework.beans.factory.support.DefaultListableBeanFactory - Creating shared instance of singleton bean 'org.springframework.boot.autoconfigure.orm.jpa.HibernateJpaAutoConfiguration'
22:05:18.947 [Test worker] DEBUG org.springframework.beans.factory.support.DefaultListableBeanFactory - Creating instance of bean 'org.springframework.boot.autoconfigure.orm.jpa.HibernateJpaAutoConfiguration'
22:05:18.947 [Test worker] DEBUG org.springframework.beans.factory.support.DefaultListableBeanFactory - Returning cached instance of singleton bean 'org.springframework.transaction.config.internalTransactionAdvisor'
22:05:18.948 [Test worker] DEBUG org.springframework.core.LocalVariableTableParameterNameDiscoverer - Cannot find '.class' file for class [class org.springframework.boot.autoconfigure.orm.jpa.HibernateJpaAutoConfiguration$$EnhancerBySpringCGLIB$$c33f8216] - unable to determine constructor/method parameter names
22:05:18.950 [Test worker] DEBUG org.springframework.beans.factory.support.DefaultListableBeanFactory - Returning cached instance of singleton bean 'dataSource'
22:05:18.952 [Test worker] DEBUG org.springframework.beans.factory.support.DefaultListableBeanFactory - Creating shared instance of singleton bean 'spring.jpa-org.springframework.boot.autoconfigure.orm.jpa.JpaProperties'
22:05:18.952 [Test worker] DEBUG org.springframework.beans.factory.support.DefaultListableBeanFactory - Creating instance of bean 'spring.jpa-org.springframework.boot.autoconfigure.orm.jpa.JpaProperties'
22:05:18.952 [Test worker] DEBUG org.springframework.beans.factory.support.DefaultListableBeanFactory - Returning cached instance of singleton bean 'org.springframework.transaction.config.internalTransactionAdvisor'
22:05:18.955 [Test worker] DEBUG org.springframework.beans.factory.support.DefaultListableBeanFactory - Eagerly caching bean 'spring.jpa-org.springframework.boot.autoconfigure.orm.jpa.JpaProperties' to allow for resolving potential circular references
22:05:18.959 [Test worker] DEBUG org.springframework.core.env.MutablePropertySources - Adding PropertySource 'systemProperties' with lowest search precedence
22:05:18.959 [Test worker] DEBUG org.springframework.core.env.MutablePropertySources - Adding PropertySource 'systemEnvironment' with lowest search precedence
22:05:18.959 [Test worker] DEBUG org.springframework.core.env.MutablePropertySources - Adding PropertySource 'localProperties' with lowest search precedence
22:05:18.964 [Test worker] DEBUG org.springframework.beans.factory.support.DefaultListableBeanFactory - Returning cached instance of singleton bean 'org.springframework.transaction.config.internalTransactionAdvisor'
22:05:18.964 [Test worker] DEBUG org.springframework.beans.factory.support.DefaultListableBeanFactory - Returning cached instance of singleton bean 'org.springframework.transaction.config.internalTransactionAdvisor'
22:05:18.966 [Test worker] DEBUG org.springframework.beans.factory.support.DefaultListableBeanFactory - Finished creating instance of bean 'spring.jpa-org.springframework.boot.autoconfigure.orm.jpa.JpaProperties'
22:05:18.970 [Test worker] DEBUG org.springframework.beans.factory.support.DefaultListableBeanFactory - Autowiring by type from bean name 'org.springframework.boot.autoconfigure.orm.jpa.HibernateJpaAutoConfiguration' via constructor to bean named 'dataSource'
22:05:18.970 [Test worker] DEBUG org.springframework.beans.factory.support.DefaultListableBeanFactory - Autowiring by type from bean name 'org.springframework.boot.autoconfigure.orm.jpa.HibernateJpaAutoConfiguration' via constructor to bean named 'spring.jpa-org.springframework.boot.autoconfigure.orm.jpa.JpaProperties'
22:05:18.974 [Test worker] DEBUG org.springframework.beans.factory.support.DefaultListableBeanFactory - Creating shared instance of singleton bean 'platformTransactionManagerCustomizers'
22:05:18.974 [Test worker] DEBUG org.springframework.beans.factory.support.DefaultListableBeanFactory - Creating instance of bean 'platformTransactionManagerCustomizers'
22:05:18.974 [Test worker] DEBUG org.springframework.beans.factory.support.DefaultListableBeanFactory - Returning cached instance of singleton bean 'org.springframework.transaction.config.internalTransactionAdvisor'
22:05:18.974 [Test worker] DEBUG org.springframework.beans.factory.support.DefaultListableBeanFactory - Creating shared instance of singleton bean 'org.springframework.boot.autoconfigure.transaction.TransactionAutoConfiguration'
22:05:18.974 [Test worker] DEBUG org.springframework.beans.factory.support.DefaultListableBeanFactory - Creating instance of bean 'org.springframework.boot.autoconfigure.transaction.TransactionAutoConfiguration'
22:05:18.975 [Test worker] DEBUG org.springframework.beans.factory.support.DefaultListableBeanFactory - Returning cached instance of singleton bean 'org.springframework.transaction.config.internalTransactionAdvisor'
22:05:18.975 [Test worker] DEBUG org.springframework.beans.factory.support.DefaultListableBeanFactory - Eagerly caching bean 'org.springframework.boot.autoconfigure.transaction.TransactionAutoConfiguration' to allow for resolving potential circular references
22:05:18.981 [Test worker] DEBUG org.springframework.beans.factory.support.DefaultListableBeanFactory - Returning cached instance of singleton bean 'org.springframework.transaction.config.internalTransactionAdvisor'
22:05:18.981 [Test worker] DEBUG org.springframework.beans.factory.support.DefaultListableBeanFactory - Returning cached instance of singleton bean 'org.springframework.transaction.config.internalTransactionAdvisor'
22:05:18.983 [Test worker] DEBUG org.springframework.beans.factory.support.DefaultListableBeanFactory - Finished creating instance of bean 'org.springframework.boot.autoconfigure.transaction.TransactionAutoConfiguration'
22:05:18.996 [Test worker] DEBUG org.springframework.beans.factory.support.DefaultListableBeanFactory - Creating shared instance of singleton bean 'spring.transaction-org.springframework.boot.autoconfigure.transaction.TransactionProperties'
22:05:18.996 [Test worker] DEBUG org.springframework.beans.factory.support.DefaultListableBeanFactory - Creating instance of bean 'spring.transaction-org.springframework.boot.autoconfigure.transaction.TransactionProperties'
22:05:18.996 [Test worker] DEBUG org.springframework.beans.factory.support.DefaultListableBeanFactory - Returning cached instance of singleton bean 'org.springframework.transaction.config.internalTransactionAdvisor'
22:05:18.997 [Test worker] DEBUG org.springframework.beans.factory.support.DefaultListableBeanFactory - Eagerly caching bean 'spring.transaction-org.springframework.boot.autoconfigure.transaction.TransactionProperties' to allow for resolving potential circular references
22:05:19.001 [Test worker] DEBUG org.springframework.core.env.MutablePropertySources - Adding PropertySource 'systemProperties' with lowest search precedence
22:05:19.001 [Test worker] DEBUG org.springframework.core.env.MutablePropertySources - Adding PropertySource 'systemEnvironment' with lowest search precedence
22:05:19.001 [Test worker] DEBUG org.springframework.core.env.MutablePropertySources - Adding PropertySource 'localProperties' with lowest search precedence
22:05:19.002 [Test worker] DEBUG org.springframework.beans.factory.support.DefaultListableBeanFactory - Returning cached instance of singleton bean 'org.springframework.transaction.config.internalTransactionAdvisor'
22:05:19.002 [Test worker] DEBUG org.springframework.beans.factory.support.DefaultListableBeanFactory - Returning cached instance of singleton bean 'org.springframework.transaction.config.internalTransactionAdvisor'
22:05:19.003 [Test worker] DEBUG org.springframework.beans.factory.support.DefaultListableBeanFactory - Finished creating instance of bean 'spring.transaction-org.springframework.boot.autoconfigure.transaction.TransactionProperties'
22:05:19.028 [Test worker] DEBUG org.springframework.beans.factory.support.DefaultListableBeanFactory - Eagerly caching bean 'platformTransactionManagerCustomizers' to allow for resolving potential circular references
22:05:19.030 [Test worker] DEBUG org.springframework.beans.factory.support.DefaultListableBeanFactory - Returning cached instance of singleton bean 'org.springframework.transaction.config.internalTransactionAdvisor'
22:05:19.030 [Test worker] DEBUG org.springframework.beans.factory.support.DefaultListableBeanFactory - Returning cached instance of singleton bean 'org.springframework.transaction.config.internalTransactionAdvisor'
22:05:19.031 [Test worker] DEBUG org.springframework.beans.factory.support.DefaultListableBeanFactory - Finished creating instance of bean 'platformTransactionManagerCustomizers'
22:05:19.032 [Test worker] DEBUG org.springframework.beans.factory.support.DefaultListableBeanFactory - Eagerly caching bean 'org.springframework.boot.autoconfigure.orm.jpa.HibernateJpaAutoConfiguration' to allow for resolving potential circular references
22:05:19.054 [Test worker] DEBUG org.springframework.beans.factory.support.DefaultListableBeanFactory - Returning cached instance of singleton bean 'org.springframework.transaction.config.internalTransactionAdvisor'
22:05:19.054 [Test worker] DEBUG org.springframework.beans.factory.support.DefaultListableBeanFactory - Returning cached instance of singleton bean 'org.springframework.transaction.config.internalTransactionAdvisor'
22:05:19.059 [Test worker] DEBUG org.springframework.beans.factory.support.DefaultListableBeanFactory - Finished creating instance of bean 'org.springframework.boot.autoconfigure.orm.jpa.HibernateJpaAutoConfiguration'
22:05:19.062 [Test worker] DEBUG org.springframework.beans.factory.support.DefaultListableBeanFactory - Creating shared instance of singleton bean 'entityManagerFactoryBuilder'
22:05:19.062 [Test worker] DEBUG org.springframework.beans.factory.support.DefaultListableBeanFactory - Creating instance of bean 'entityManagerFactoryBuilder'
22:05:19.062 [Test worker] DEBUG org.springframework.beans.factory.support.DefaultListableBeanFactory - Returning cached instance of singleton bean 'org.springframework.transaction.config.internalTransactionAdvisor'
22:05:19.063 [Test worker] DEBUG org.springframework.beans.factory.support.DefaultListableBeanFactory - Returning cached instance of singleton bean 'org.springframework.boot.autoconfigure.orm.jpa.HibernateJpaAutoConfiguration'
22:05:19.065 [Test worker] DEBUG org.springframework.beans.factory.support.DefaultListableBeanFactory - Creating shared instance of singleton bean 'jpaVendorAdapter'
22:05:19.065 [Test worker] DEBUG org.springframework.beans.factory.support.DefaultListableBeanFactory - Creating instance of bean 'jpaVendorAdapter'
22:05:19.065 [Test worker] DEBUG org.springframework.beans.factory.support.DefaultListableBeanFactory - Returning cached instance of singleton bean 'org.springframework.transaction.config.internalTransactionAdvisor'
22:05:19.066 [Test worker] DEBUG org.springframework.beans.factory.support.DefaultListableBeanFactory - Returning cached instance of singleton bean 'org.springframework.boot.autoconfigure.orm.jpa.HibernateJpaAutoConfiguration'
22:05:19.142 [Test worker] DEBUG org.springframework.jdbc.datasource.DataSourceUtils - Fetching JDBC Connection from DataSource
22:05:19.620 [Test worker] DEBUG org.springframework.jdbc.datasource.DataSourceUtils - Returning JDBC Connection to DataSource
22:05:19.622 [Test worker] DEBUG org.springframework.beans.factory.support.DefaultListableBeanFactory - Eagerly caching bean 'jpaVendorAdapter' to allow for resolving potential circular references
22:05:19.630 [Test worker] DEBUG org.springframework.beans.factory.support.DefaultListableBeanFactory - Returning cached instance of singleton bean 'org.springframework.transaction.config.internalTransactionAdvisor'
22:05:19.630 [Test worker] DEBUG org.springframework.beans.factory.support.DefaultListableBeanFactory - Returning cached instance of singleton bean 'org.springframework.transaction.config.internalTransactionAdvisor'
22:05:19.631 [Test worker] DEBUG org.springframework.beans.factory.support.DefaultListableBeanFactory - Finished creating instance of bean 'jpaVendorAdapter'
22:05:19.632 [Test worker] DEBUG org.springframework.beans.factory.support.DefaultListableBeanFactory - Autowiring by type from bean name 'entityManagerFactoryBuilder' via factory method to bean named 'jpaVendorAdapter'
22:05:19.635 [Test worker] DEBUG org.springframework.beans.factory.support.DefaultListableBeanFactory - Eagerly caching bean 'entityManagerFactoryBuilder' to allow for resolving potential circular references
22:05:19.638 [Test worker] DEBUG org.springframework.beans.factory.support.DefaultListableBeanFactory - Returning cached instance of singleton bean 'org.springframework.transaction.config.internalTransactionAdvisor'
22:05:19.638 [Test worker] DEBUG org.springframework.beans.factory.support.DefaultListableBeanFactory - Returning cached instance of singleton bean 'org.springframework.transaction.config.internalTransactionAdvisor'
22:05:19.639 [Test worker] DEBUG org.springframework.beans.factory.support.DefaultListableBeanFactory - Finished creating instance of bean 'entityManagerFactoryBuilder'
22:05:19.639 [Test worker] DEBUG org.springframework.beans.factory.support.DefaultListableBeanFactory - Autowiring by type from bean name 'entityManagerFactory' via factory method to bean named 'entityManagerFactoryBuilder'
22:05:19.654 [Test worker] DEBUG org.springframework.jdbc.datasource.DataSourceUtils - Fetching JDBC Connection from DataSource
22:05:19.660 [Test worker] DEBUG org.springframework.jdbc.datasource.DataSourceUtils - Returning JDBC Connection to DataSource
22:05:19.663 [Test worker] DEBUG org.springframework.beans.factory.support.DefaultListableBeanFactory - Returning cached instance of singleton bean 'org.springframework.boot.autoconfigure.AutoConfigurationPackages'
22:05:19.663 [Test worker] DEBUG org.springframework.beans.factory.support.DefaultListableBeanFactory - Returning cached instance of singleton bean 'org.springframework.boot.autoconfigure.AutoConfigurationPackages'
22:05:19.676 [Test worker] DEBUG org.springframework.beans.factory.support.DefaultListableBeanFactory - Eagerly caching bean 'entityManagerFactory' to allow for resolving potential circular references
22:05:19.693 [Test worker] DEBUG org.springframework.beans.factory.support.DefaultListableBeanFactory - Invoking afterPropertiesSet() on bean with name 'entityManagerFactory'
22:05:19.714 [Test worker] DEBUG org.springframework.core.io.support.PathMatchingResourcePatternResolver - Resolved classpath location [META-INF/persistence.xml] to resources []
22:05:19.716 [Test worker] DEBUG org.springframework.core.io.support.PathMatchingResourcePatternResolver - Resolved classpath location [se1app/applicationcore/] to resources [URL [file:/C:/Users/User/Documents/Uni/SE/SE/se1praktikum4/build/classes/test/se1app/applicationcore/], URL [file:/C:/Users/User/Documents/Uni/SE/SE/se1praktikum4/build/classes/main/se1app/applicationcore/]]
22:05:19.716 [Test worker] DEBUG org.springframework.core.io.support.PathMatchingResourcePatternResolver - Looking for matching resources in directory tree [C:\Users\User\Documents\Uni\SE\SE\se1praktikum4\build\classes\test\se1app\applicationcore]
22:05:19.717 [Test worker] DEBUG org.springframework.core.io.support.PathMatchingResourcePatternResolver - Searching directory [C:\Users\User\Documents\Uni\SE\SE\se1praktikum4\build\classes\test\se1app\applicationcore] for files matching pattern [C:/Users/User/Documents/Uni/SE/SE/se1praktikum4/build/classes/test/se1app/applicationcore/**/*.class]
22:05:19.717 [Test worker] DEBUG org.springframework.core.io.support.PathMatchingResourcePatternResolver - Searching directory [C:\Users\User\Documents\Uni\SE\SE\se1praktikum4\build\classes\test\se1app\applicationcore\accountcomponent] for files matching pattern [C:/Users/User/Documents/Uni/SE/SE/se1praktikum4/build/classes/test/se1app/applicationcore/**/*.class]
22:05:19.717 [Test worker] DEBUG org.springframework.core.io.support.PathMatchingResourcePatternResolver - Searching directory [C:\Users\User\Documents\Uni\SE\SE\se1praktikum4\build\classes\test\se1app\applicationcore\branchcomponent] for files matching pattern [C:/Users/User/Documents/Uni/SE/SE/se1praktikum4/build/classes/test/se1app/applicationcore/**/*.class]
22:05:19.718 [Test worker] DEBUG org.springframework.core.io.support.PathMatchingResourcePatternResolver - Searching directory [C:\Users\User\Documents\Uni\SE\SE\se1praktikum4\build\classes\test\se1app\applicationcore\facade] for files matching pattern [C:/Users/User/Documents/Uni/SE/SE/se1praktikum4/build/classes/test/se1app/applicationcore/**/*.class]
22:05:19.718 [Test worker] DEBUG org.springframework.core.io.support.PathMatchingResourcePatternResolver - Looking for matching resources in directory tree [C:\Users\User\Documents\Uni\SE\SE\se1praktikum4\build\classes\main\se1app\applicationcore]
22:05:19.718 [Test worker] DEBUG org.springframework.core.io.support.PathMatchingResourcePatternResolver - Searching directory [C:\Users\User\Documents\Uni\SE\SE\se1praktikum4\build\classes\main\se1app\applicationcore] for files matching pattern [C:/Users/User/Documents/Uni/SE/SE/se1praktikum4/build/classes/main/se1app/applicationcore/**/*.class]
22:05:19.719 [Test worker] DEBUG org.springframework.core.io.support.PathMatchingResourcePatternResolver - Searching directory [C:\Users\User\Documents\Uni\SE\SE\se1praktikum4\build\classes\main\se1app\applicationcore\accountcomponent] for files matching pattern [C:/Users/User/Documents/Uni/SE/SE/se1praktikum4/build/classes/main/se1app/applicationcore/**/*.class]
22:05:19.720 [Test worker] DEBUG org.springframework.core.io.support.PathMatchingResourcePatternResolver - Searching directory [C:\Users\User\Documents\Uni\SE\SE\se1praktikum4\build\classes\main\se1app\applicationcore\branchcomponent] for files matching pattern [C:/Users/User/Documents/Uni/SE/SE/se1praktikum4/build/classes/main/se1app/applicationcore/**/*.class]
22:05:19.721 [Test worker] DEBUG org.springframework.core.io.support.PathMatchingResourcePatternResolver - Searching directory [C:\Users\User\Documents\Uni\SE\SE\se1praktikum4\build\classes\main\se1app\applicationcore\facadecomponent] for files matching pattern [C:/Users/User/Documents/Uni/SE/SE/se1praktikum4/build/classes/main/se1app/applicationcore/**/*.class]
22:05:19.722 [Test worker] DEBUG org.springframework.core.io.support.PathMatchingResourcePatternResolver - Searching directory [C:\Users\User\Documents\Uni\SE\SE\se1praktikum4\build\classes\main\se1app\applicationcore\Usecase] for files matching pattern [C:/Users/User/Documents/Uni/SE/SE/se1praktikum4/build/classes/main/se1app/applicationcore/**/*.class]
22:05:19.722 [Test worker] DEBUG org.springframework.core.io.support.PathMatchingResourcePatternResolver - Searching directory [C:\Users\User\Documents\Uni\SE\SE\se1praktikum4\build\classes\main\se1app\applicationcore\util] for files matching pattern [C:/Users/User/Documents/Uni/SE/SE/se1praktikum4/build/classes/main/se1app/applicationcore/**/*.class]
22:05:19.723 [Test worker] DEBUG org.springframework.core.io.support.PathMatchingResourcePatternResolver - Resolved location pattern [classpath*:se1app/applicationcore/**/*.class] to resources [file [C:\Users\User\Documents\Uni\SE\SE\se1praktikum4\build\classes\test\se1app\applicationcore\accountcomponent\AccountTest.class], file [C:\Users\User\Documents\Uni\SE\SE\se1praktikum4\build\classes\test\se1app\applicationcore\branchcomponent\BranchRepositoryTest.class], file [C:\Users\User\Documents\Uni\SE\SE\se1praktikum4\build\classes\test\se1app\applicationcore\branchcomponent\BranchTest.class], file [C:\Users\User\Documents\Uni\SE\SE\se1praktikum4\build\classes\main\se1app\applicationcore\accountcomponent\Account.class], file [C:\Users\User\Documents\Uni\SE\SE\se1praktikum4\build\classes\main\se1app\applicationcore\accountcomponent\AccountComponentImpl.class], file [C:\Users\User\Documents\Uni\SE\SE\se1praktikum4\build\classes\main\se1app\applicationcore\accountcomponent\AccountComponentInterface.class], file [C:\Users\User\Documents\Uni\SE\SE\se1praktikum4\build\classes\main\se1app\applicationcore\accountcomponent\AccountNotCoveredException.class], file [C:\Users\User\Documents\Uni\SE\SE\se1praktikum4\build\classes\main\se1app\applicationcore\accountcomponent\AccountNotExistException.class], file [C:\Users\User\Documents\Uni\SE\SE\se1praktikum4\build\classes\main\se1app\applicationcore\accountcomponent\AccountNumberType.class], file [C:\Users\User\Documents\Uni\SE\SE\se1praktikum4\build\classes\main\se1app\applicationcore\accountcomponent\AccountNumberTypeConverter.class], file [C:\Users\User\Documents\Uni\SE\SE\se1praktikum4\build\classes\main\se1app\applicationcore\accountcomponent\AccountRepository.class], file [C:\Users\User\Documents\Uni\SE\SE\se1praktikum4\build\classes\main\se1app\applicationcore\accountcomponent\BookingPosition.class], file [C:\Users\User\Documents\Uni\SE\SE\se1praktikum4\build\classes\main\se1app\applicationcore\Application$1.class], file [C:\Users\User\Documents\Uni\SE\SE\se1praktikum4\build\classes\main\se1app\applicationcore\Application.class], file [C:\Users\User\Documents\Uni\SE\SE\se1praktikum4\build\classes\main\se1app\applicationcore\branchcomponent\Branch.class], file [C:\Users\User\Documents\Uni\SE\SE\se1praktikum4\build\classes\main\se1app\applicationcore\branchcomponent\BranchComponentImpl.class], file [C:\Users\User\Documents\Uni\SE\SE\se1praktikum4\build\classes\main\se1app\applicationcore\branchcomponent\BranchComponentInterface.class], file [C:\Users\User\Documents\Uni\SE\SE\se1praktikum4\build\classes\main\se1app\applicationcore\branchcomponent\BranchNotExistException.class], file [C:\Users\User\Documents\Uni\SE\SE\se1praktikum4\build\classes\main\se1app\applicationcore\branchcomponent\BranchNumberType.class], file [C:\Users\User\Documents\Uni\SE\SE\se1praktikum4\build\classes\main\se1app\applicationcore\branchcomponent\BranchRepository.class], file [C:\Users\User\Documents\Uni\SE\SE\se1praktikum4\build\classes\main\se1app\applicationcore\facadecomponent\ApplicationFacadeController.class], file [C:\Users\User\Documents\Uni\SE\SE\se1praktikum4\build\classes\main\se1app\applicationcore\Usecase\UsecaseBooking.class], file [C:\Users\User\Documents\Uni\SE\SE\se1praktikum4\build\classes\main\se1app\applicationcore\util\EmailType.class]]
22:05:19.736 [Test worker] INFO org.springframework.orm.jpa.LocalContainerEntityManagerFactoryBean - Building JPA container EntityManagerFactory for persistence unit 'default'
22:05:19.812 [Test worker] DEBUG org.hibernate.jpa.internal.util.LogHelper - PersistenceUnitInfo [
	name: default
	persistence provider classname: null
	classloader: sun.misc.Launcher$AppClassLoader@4e25154f
	excludeUnlistedClasses: true
	JTA datasource: null
	Non JTA datasource: org.apache.tomcat.jdbc.pool.DataSource@679b56f9{ConnectionPool[defaultAutoCommit=null; defaultReadOnly=null; defaultTransactionIsolation=-1; defaultCatalog=null; driverClassName=org.h2.Driver; maxActive=100; maxIdle=100; minIdle=10; initialSize=10; maxWait=30000; testOnBorrow=true; testOnReturn=false; timeBetweenEvictionRunsMillis=5000; numTestsPerEvictionRun=0; minEvictableIdleTimeMillis=60000; testWhileIdle=false; testOnConnect=false; password=********; url=jdbc:h2:mem:testdb;DB_CLOSE_DELAY=-1;DB_CLOSE_ON_EXIT=FALSE; username=sa; validationQuery=SELECT 1; validationQueryTimeout=-1; validatorClassName=null; validationInterval=3000; accessToUnderlyingConnectionAllowed=true; removeAbandoned=false; removeAbandonedTimeout=60; logAbandoned=false; connectionProperties=null; initSQL=null; jdbcInterceptors=null; jmxEnabled=true; fairQueue=true; useEquals=true; abandonWhenPercentageFull=0; maxAge=0; useLock=false; dataSource=null; dataSourceJNDI=null; suspectTimeout=0; alternateUsernameAllowed=false; commitOnReturn=false; rollbackOnReturn=false; useDisposableConnectionFacade=true; logValidationErrors=false; propagateInterruptState=false; ignoreExceptionOnPreLoad=false; useStatementFacade=true; }
	Transaction type: RESOURCE_LOCAL
	PU root URL: file:/C:/Users/User/Documents/Uni/SE/SE/se1praktikum4/build/classes/test/
	Shared Cache Mode: UNSPECIFIED
	Validation Mode: AUTO
	Jar files URLs []
	Managed classes names [
		se1app.applicationcore.accountcomponent.Account
		se1app.applicationcore.accountcomponent.AccountNumberTypeConverter
		se1app.applicationcore.accountcomponent.BookingPosition
		se1app.applicationcore.branchcomponent.Branch]
	Mapping files names []
	Properties []
22:05:19.847 [Test worker] DEBUG org.hibernate.integrator.internal.IntegratorServiceImpl - Adding Integrator [org.hibernate.cfg.beanvalidation.BeanValidationIntegrator].
22:05:19.849 [Test worker] DEBUG org.hibernate.integrator.internal.IntegratorServiceImpl - Adding Integrator [org.hibernate.secure.spi.JaccIntegrator].
22:05:19.852 [Test worker] DEBUG org.hibernate.integrator.internal.IntegratorServiceImpl - Adding Integrator [org.hibernate.cache.internal.CollectionCacheInvalidator].
22:05:19.853 [Test worker] DEBUG org.hibernate.integrator.internal.IntegratorServiceImpl - Adding Integrator [org.hibernate.jpa.event.spi.JpaIntegrator].
22:05:19.962 [Test worker] INFO org.hibernate.Version - HHH000412: Hibernate Core {5.0.12.Final}
22:05:19.965 [Test worker] INFO org.hibernate.cfg.Environment - HHH000206: hibernate.properties not found
22:05:19.968 [Test worker] INFO org.hibernate.cfg.Environment - HHH000021: Bytecode provider name : javassist
22:05:19.997 [Test worker] DEBUG org.hibernate.service.spi.ServiceBinding - Overriding existing service binding [org.hibernate.secure.spi.JaccService]
22:05:20.048 [Test worker] DEBUG org.hibernate.cache.internal.RegionFactoryInitiator - Cache region factory : org.hibernate.cache.internal.NoCachingRegionFactory
22:05:20.066 [Test worker] INFO org.hibernate.annotations.common.Version - HCANN000001: Hibernate Commons Annotations {5.0.1.Final}
22:05:20.198 [Test worker] DEBUG org.hibernate.type.BasicTypeRegistry - Adding type registration boolean -> org.hibernate.type.BooleanType@1e38a691
22:05:20.199 [Test worker] DEBUG org.hibernate.type.BasicTypeRegistry - Adding type registration boolean -> org.hibernate.type.BooleanType@1e38a691
22:05:20.199 [Test worker] DEBUG org.hibernate.type.BasicTypeRegistry - Adding type registration java.lang.Boolean -> org.hibernate.type.BooleanType@1e38a691
22:05:20.201 [Test worker] DEBUG org.hibernate.type.BasicTypeRegistry - Adding type registration numeric_boolean -> org.hibernate.type.NumericBooleanType@28376d0e
22:05:20.204 [Test worker] DEBUG org.hibernate.type.BasicTypeRegistry - Adding type registration true_false -> org.hibernate.type.TrueFalseType@78dbff2e
22:05:20.205 [Test worker] DEBUG org.hibernate.type.BasicTypeRegistry - Adding type registration yes_no -> org.hibernate.type.YesNoType@5827aa38
22:05:20.208 [Test worker] DEBUG org.hibernate.type.BasicTypeRegistry - Adding type registration byte -> org.hibernate.type.ByteType@4d5000b3
22:05:20.208 [Test worker] DEBUG org.hibernate.type.BasicTypeRegistry - Adding type registration byte -> org.hibernate.type.ByteType@4d5000b3
22:05:20.208 [Test worker] DEBUG org.hibernate.type.BasicTypeRegistry - Adding type registration java.lang.Byte -> org.hibernate.type.ByteType@4d5000b3
22:05:20.211 [Test worker] DEBUG org.hibernate.type.BasicTypeRegistry - Adding type registration character -> org.hibernate.type.CharacterType@6021c02e
22:05:20.211 [Test worker] DEBUG org.hibernate.type.BasicTypeRegistry - Adding type registration char -> org.hibernate.type.CharacterType@6021c02e
22:05:20.211 [Test worker] DEBUG org.hibernate.type.BasicTypeRegistry - Adding type registration java.lang.Character -> org.hibernate.type.CharacterType@6021c02e
22:05:20.214 [Test worker] DEBUG org.hibernate.type.BasicTypeRegistry - Adding type registration short -> org.hibernate.type.ShortType@14da17b4
22:05:20.214 [Test worker] DEBUG org.hibernate.type.BasicTypeRegistry - Adding type registration short -> org.hibernate.type.ShortType@14da17b4
22:05:20.214 [Test worker] DEBUG org.hibernate.type.BasicTypeRegistry - Adding type registration java.lang.Short -> org.hibernate.type.ShortType@14da17b4
22:05:20.217 [Test worker] DEBUG org.hibernate.type.BasicTypeRegistry - Adding type registration integer -> org.hibernate.type.IntegerType@4892fc3c
22:05:20.218 [Test worker] DEBUG org.hibernate.type.BasicTypeRegistry - Adding type registration int -> org.hibernate.type.IntegerType@4892fc3c
22:05:20.218 [Test worker] DEBUG org.hibernate.type.BasicTypeRegistry - Adding type registration java.lang.Integer -> org.hibernate.type.IntegerType@4892fc3c
22:05:20.221 [Test worker] DEBUG org.hibernate.type.BasicTypeRegistry - Adding type registration long -> org.hibernate.type.LongType@78981bab
22:05:20.222 [Test worker] DEBUG org.hibernate.type.BasicTypeRegistry - Adding type registration long -> org.hibernate.type.LongType@78981bab
22:05:20.222 [Test worker] DEBUG org.hibernate.type.BasicTypeRegistry - Adding type registration java.lang.Long -> org.hibernate.type.LongType@78981bab
22:05:20.229 [Test worker] DEBUG org.hibernate.type.BasicTypeRegistry - Adding type registration float -> org.hibernate.type.FloatType@59ab9928
22:05:20.229 [Test worker] DEBUG org.hibernate.type.BasicTypeRegistry - Adding type registration float -> org.hibernate.type.FloatType@59ab9928
22:05:20.229 [Test worker] DEBUG org.hibernate.type.BasicTypeRegistry - Adding type registration java.lang.Float -> org.hibernate.type.FloatType@59ab9928
22:05:20.232 [Test worker] DEBUG org.hibernate.type.BasicTypeRegistry - Adding type registration double -> org.hibernate.type.DoubleType@5c74fdda
22:05:20.232 [Test worker] DEBUG org.hibernate.type.BasicTypeRegistry - Adding type registration double -> org.hibernate.type.DoubleType@5c74fdda
22:05:20.233 [Test worker] DEBUG org.hibernate.type.BasicTypeRegistry - Adding type registration java.lang.Double -> org.hibernate.type.DoubleType@5c74fdda
22:05:20.236 [Test worker] DEBUG org.hibernate.type.BasicTypeRegistry - Adding type registration big_decimal -> org.hibernate.type.BigDecimalType@7f26e0db
22:05:20.236 [Test worker] DEBUG org.hibernate.type.BasicTypeRegistry - Adding type registration java.math.BigDecimal -> org.hibernate.type.BigDecimalType@7f26e0db
22:05:20.238 [Test worker] DEBUG org.hibernate.type.BasicTypeRegistry - Adding type registration big_integer -> org.hibernate.type.BigIntegerType@6b56e008
22:05:20.239 [Test worker] DEBUG org.hibernate.type.BasicTypeRegistry - Adding type registration java.math.BigInteger -> org.hibernate.type.BigIntegerType@6b56e008
22:05:20.241 [Test worker] DEBUG org.hibernate.type.BasicTypeRegistry - Adding type registration string -> org.hibernate.type.StringType@6ff8d926
22:05:20.241 [Test worker] DEBUG org.hibernate.type.BasicTypeRegistry - Adding type registration java.lang.String -> org.hibernate.type.StringType@6ff8d926
22:05:20.243 [Test worker] DEBUG org.hibernate.type.BasicTypeRegistry - Adding type registration nstring -> org.hibernate.type.StringNVarcharType@351844b0
22:05:20.245 [Test worker] DEBUG org.hibernate.type.BasicTypeRegistry - Adding type registration ncharacter -> org.hibernate.type.CharacterNCharType@8b56ac4
22:05:20.247 [Test worker] DEBUG org.hibernate.type.BasicTypeRegistry - Adding type registration url -> org.hibernate.type.UrlType@4d06a36c
22:05:20.247 [Test worker] DEBUG org.hibernate.type.BasicTypeRegistry - Adding type registration java.net.URL -> org.hibernate.type.UrlType@4d06a36c
22:05:20.251 [Test worker] DEBUG org.hibernate.type.BasicTypeRegistry - Adding type registration date -> org.hibernate.type.DateType@70332762
22:05:20.252 [Test worker] DEBUG org.hibernate.type.BasicTypeRegistry - Adding type registration java.sql.Date -> org.hibernate.type.DateType@70332762
22:05:20.255 [Test worker] DEBUG org.hibernate.type.BasicTypeRegistry - Adding type registration time -> org.hibernate.type.TimeType@78432dd1
22:05:20.255 [Test worker] DEBUG org.hibernate.type.BasicTypeRegistry - Adding type registration java.sql.Time -> org.hibernate.type.TimeType@78432dd1
22:05:20.258 [Test worker] DEBUG org.hibernate.type.BasicTypeRegistry - Adding type registration timestamp -> org.hibernate.type.TimestampType@4881acb6
22:05:20.258 [Test worker] DEBUG org.hibernate.type.BasicTypeRegistry - Adding type registration java.sql.Timestamp -> org.hibernate.type.TimestampType@4881acb6
22:05:20.258 [Test worker] DEBUG org.hibernate.type.BasicTypeRegistry - Adding type registration java.util.Date -> org.hibernate.type.TimestampType@4881acb6
22:05:20.260 [Test worker] DEBUG org.hibernate.type.BasicTypeRegistry - Adding type registration dbtimestamp -> org.hibernate.type.DbTimestampType@5b3d9f4c
22:05:20.262 [Test worker] DEBUG org.hibernate.type.BasicTypeRegistry - Adding type registration calendar -> org.hibernate.type.CalendarType@747b2775
22:05:20.262 [Test worker] DEBUG org.hibernate.type.BasicTypeRegistry - Adding type registration java.util.Calendar -> org.hibernate.type.CalendarType@747b2775
22:05:20.262 [Test worker] DEBUG org.hibernate.type.BasicTypeRegistry - Adding type registration java.util.GregorianCalendar -> org.hibernate.type.CalendarType@747b2775
22:05:20.263 [Test worker] DEBUG org.hibernate.type.BasicTypeRegistry - Adding type registration calendar_date -> org.hibernate.type.CalendarDateType@23a6c6ce
22:05:20.264 [Test worker] DEBUG org.hibernate.type.BasicTypeRegistry - Adding type registration locale -> org.hibernate.type.LocaleType@3568c04a
22:05:20.264 [Test worker] DEBUG org.hibernate.type.BasicTypeRegistry - Adding type registration java.util.Locale -> org.hibernate.type.LocaleType@3568c04a
22:05:20.266 [Test worker] DEBUG org.hibernate.type.BasicTypeRegistry - Adding type registration currency -> org.hibernate.type.CurrencyType@26a36963
22:05:20.266 [Test worker] DEBUG org.hibernate.type.BasicTypeRegistry - Adding type registration java.util.Currency -> org.hibernate.type.CurrencyType@26a36963
22:05:20.268 [Test worker] DEBUG org.hibernate.type.BasicTypeRegistry - Adding type registration timezone -> org.hibernate.type.TimeZoneType@52267b7a
22:05:20.268 [Test worker] DEBUG org.hibernate.type.BasicTypeRegistry - Adding type registration java.util.TimeZone -> org.hibernate.type.TimeZoneType@52267b7a
22:05:20.270 [Test worker] DEBUG org.hibernate.type.BasicTypeRegistry - Adding type registration class -> org.hibernate.type.ClassType@47cf80cc
22:05:20.270 [Test worker] DEBUG org.hibernate.type.BasicTypeRegistry - Adding type registration java.lang.Class -> org.hibernate.type.ClassType@47cf80cc
22:05:20.272 [Test worker] DEBUG org.hibernate.type.BasicTypeRegistry - Adding type registration uuid-binary -> org.hibernate.type.UUIDBinaryType@579362ba
22:05:20.272 [Test worker] DEBUG org.hibernate.type.BasicTypeRegistry - Adding type registration java.util.UUID -> org.hibernate.type.UUIDBinaryType@579362ba
22:05:20.273 [Test worker] DEBUG org.hibernate.type.BasicTypeRegistry - Adding type registration uuid-char -> org.hibernate.type.UUIDCharType@9aa4510
22:05:20.275 [Test worker] DEBUG org.hibernate.type.BasicTypeRegistry - Adding type registration binary -> org.hibernate.type.BinaryType@5d8fb7ab
22:05:20.275 [Test worker] DEBUG org.hibernate.type.BasicTypeRegistry - Adding type registration byte[] -> org.hibernate.type.BinaryType@5d8fb7ab
22:05:20.275 [Test worker] DEBUG org.hibernate.type.BasicTypeRegistry - Adding type registration [B -> org.hibernate.type.BinaryType@5d8fb7ab
22:05:20.276 [Test worker] DEBUG org.hibernate.type.BasicTypeRegistry - Adding type registration wrapper-binary -> org.hibernate.type.WrapperBinaryType@32bc4b9d
22:05:20.276 [Test worker] DEBUG org.hibernate.type.BasicTypeRegistry - Adding type registration Byte[] -> org.hibernate.type.WrapperBinaryType@32bc4b9d
22:05:20.276 [Test worker] DEBUG org.hibernate.type.BasicTypeRegistry - Adding type registration [Ljava.lang.Byte; -> org.hibernate.type.WrapperBinaryType@32bc4b9d
22:05:20.278 [Test worker] DEBUG org.hibernate.type.BasicTypeRegistry - Adding type registration row_version -> org.hibernate.type.RowVersionType@22b8aaba
22:05:20.279 [Test worker] DEBUG org.hibernate.type.BasicTypeRegistry - Adding type registration image -> org.hibernate.type.ImageType@33e69ee0
22:05:20.280 [Test worker] DEBUG org.hibernate.type.BasicTypeRegistry - Adding type registration characters -> org.hibernate.type.CharArrayType@2793f81
22:05:20.280 [Test worker] DEBUG org.hibernate.type.BasicTypeRegistry - Adding type registration char[] -> org.hibernate.type.CharArrayType@2793f81
22:05:20.280 [Test worker] DEBUG org.hibernate.type.BasicTypeRegistry - Adding type registration [C -> org.hibernate.type.CharArrayType@2793f81
22:05:20.282 [Test worker] DEBUG org.hibernate.type.BasicTypeRegistry - Adding type registration wrapper-characters -> org.hibernate.type.CharacterArrayType@97c7217
22:05:20.282 [Test worker] DEBUG org.hibernate.type.BasicTypeRegistry - Adding type registration [Ljava.lang.Character; -> org.hibernate.type.CharacterArrayType@97c7217
22:05:20.282 [Test worker] DEBUG org.hibernate.type.BasicTypeRegistry - Adding type registration Character[] -> org.hibernate.type.CharacterArrayType@97c7217
22:05:20.283 [Test worker] DEBUG org.hibernate.type.BasicTypeRegistry - Adding type registration text -> org.hibernate.type.TextType@301e9000
22:05:20.284 [Test worker] DEBUG org.hibernate.type.BasicTypeRegistry - Adding type registration ntext -> org.hibernate.type.NTextType@2f6fecfa
22:05:20.291 [Test worker] DEBUG org.hibernate.type.BasicTypeRegistry - Adding type registration blob -> org.hibernate.type.BlobType@49dcc842
22:05:20.291 [Test worker] DEBUG org.hibernate.type.BasicTypeRegistry - Adding type registration java.sql.Blob -> org.hibernate.type.BlobType@49dcc842
22:05:20.292 [Test worker] DEBUG org.hibernate.type.BasicTypeRegistry - Adding type registration materialized_blob -> org.hibernate.type.MaterializedBlobType@5c804d66
22:05:20.299 [Test worker] DEBUG org.hibernate.type.BasicTypeRegistry - Adding type registration clob -> org.hibernate.type.ClobType@381cf2a8
22:05:20.299 [Test worker] DEBUG org.hibernate.type.BasicTypeRegistry - Adding type registration java.sql.Clob -> org.hibernate.type.ClobType@381cf2a8
22:05:20.304 [Test worker] DEBUG org.hibernate.type.BasicTypeRegistry - Adding type registration nclob -> org.hibernate.type.NClobType@17135786
22:05:20.305 [Test worker] DEBUG org.hibernate.type.BasicTypeRegistry - Adding type registration java.sql.NClob -> org.hibernate.type.NClobType@17135786
22:05:20.306 [Test worker] DEBUG org.hibernate.type.BasicTypeRegistry - Adding type registration materialized_clob -> org.hibernate.type.MaterializedClobType@6f309c29
22:05:20.306 [Test worker] DEBUG org.hibernate.type.BasicTypeRegistry - Adding type registration materialized_nclob -> org.hibernate.type.MaterializedNClobType@34cd2fd5
22:05:20.308 [Test worker] DEBUG org.hibernate.type.BasicTypeRegistry - Adding type registration serializable -> org.hibernate.type.SerializableType@7173d89f
22:05:20.313 [Test worker] DEBUG org.hibernate.type.BasicTypeRegistry - Adding type registration object -> org.hibernate.type.ObjectType@3789481d
22:05:20.314 [Test worker] DEBUG org.hibernate.type.BasicTypeRegistry - Adding type registration java.lang.Object -> org.hibernate.type.ObjectType@3789481d
22:05:20.314 [Test worker] DEBUG org.hibernate.type.BasicTypeRegistry - Adding type registration imm_date -> org.hibernate.type.AdaptedImmutableType@6ad2bab6
22:05:20.315 [Test worker] DEBUG org.hibernate.type.BasicTypeRegistry - Adding type registration imm_time -> org.hibernate.type.AdaptedImmutableType@69f08d94
22:05:20.315 [Test worker] DEBUG org.hibernate.type.BasicTypeRegistry - Adding type registration imm_timestamp -> org.hibernate.type.AdaptedImmutableType@3b721ae0
22:05:20.315 [Test worker] DEBUG org.hibernate.type.BasicTypeRegistry - Adding type registration imm_dbtimestamp -> org.hibernate.type.AdaptedImmutableType@1aba0d80
22:05:20.315 [Test worker] DEBUG org.hibernate.type.BasicTypeRegistry - Adding type registration imm_calendar -> org.hibernate.type.AdaptedImmutableType@6542136b
22:05:20.315 [Test worker] DEBUG org.hibernate.type.BasicTypeRegistry - Adding type registration imm_calendar_date -> org.hibernate.type.AdaptedImmutableType@833ae7a
22:05:20.315 [Test worker] DEBUG org.hibernate.type.BasicTypeRegistry - Adding type registration imm_binary -> org.hibernate.type.AdaptedImmutableType@23bd0086
22:05:20.315 [Test worker] DEBUG org.hibernate.type.BasicTypeRegistry - Adding type registration imm_serializable -> org.hibernate.type.AdaptedImmutableType@6921cf7c
22:05:20.340 [Test worker] DEBUG org.hibernate.engine.jdbc.env.internal.JdbcEnvironmentInitiator - Database ->
       name : H2
    version : 1.4.196 (2017-06-10)
      major : 1
      minor : 4
22:05:20.341 [Test worker] DEBUG org.hibernate.engine.jdbc.env.internal.JdbcEnvironmentInitiator - Driver ->
       name : H2 JDBC Driver
    version : 1.4.196 (2017-06-10)
      major : 1
      minor : 4
22:05:20.341 [Test worker] DEBUG org.hibernate.engine.jdbc.env.internal.JdbcEnvironmentInitiator - JDBC version : 4.0
22:05:20.366 [Test worker] INFO org.hibernate.dialect.Dialect - HHH000400: Using dialect: org.hibernate.dialect.H2Dialect
22:05:20.579 [Test worker] DEBUG org.hibernate.id.factory.internal.DefaultIdentifierGeneratorFactory - Registering IdentifierGenerator strategy [uuid2] -> [org.hibernate.id.UUIDGenerator]
22:05:20.580 [Test worker] DEBUG org.hibernate.id.factory.internal.DefaultIdentifierGeneratorFactory - Registering IdentifierGenerator strategy [guid] -> [org.hibernate.id.GUIDGenerator]
22:05:20.582 [Test worker] DEBUG org.hibernate.id.factory.internal.DefaultIdentifierGeneratorFactory - Registering IdentifierGenerator strategy [uuid] -> [org.hibernate.id.UUIDHexGenerator]
22:05:20.582 [Test worker] DEBUG org.hibernate.id.factory.internal.DefaultIdentifierGeneratorFactory - Registering IdentifierGenerator strategy [uuid.hex] -> [org.hibernate.id.UUIDHexGenerator]
22:05:20.583 [Test worker] DEBUG org.hibernate.id.factory.internal.DefaultIdentifierGeneratorFactory - Registering IdentifierGenerator strategy [assigned] -> [org.hibernate.id.Assigned]
22:05:20.585 [Test worker] DEBUG org.hibernate.id.factory.internal.DefaultIdentifierGeneratorFactory - Registering IdentifierGenerator strategy [identity] -> [org.hibernate.id.IdentityGenerator]
22:05:20.586 [Test worker] DEBUG org.hibernate.id.factory.internal.DefaultIdentifierGeneratorFactory - Registering IdentifierGenerator strategy [select] -> [org.hibernate.id.SelectGenerator]
22:05:20.589 [Test worker] DEBUG org.hibernate.id.factory.internal.DefaultIdentifierGeneratorFactory - Registering IdentifierGenerator strategy [sequence] -> [org.hibernate.id.enhanced.SequenceStyleGenerator]
22:05:20.591 [Test worker] DEBUG org.hibernate.id.factory.internal.DefaultIdentifierGeneratorFactory - Registering IdentifierGenerator strategy [seqhilo] -> [org.hibernate.id.SequenceHiLoGenerator]
22:05:20.592 [Test worker] DEBUG org.hibernate.id.factory.internal.DefaultIdentifierGeneratorFactory - Registering IdentifierGenerator strategy [increment] -> [org.hibernate.id.IncrementGenerator]
22:05:20.593 [Test worker] DEBUG org.hibernate.id.factory.internal.DefaultIdentifierGeneratorFactory - Registering IdentifierGenerator strategy [foreign] -> [org.hibernate.id.ForeignGenerator]
22:05:20.595 [Test worker] DEBUG org.hibernate.id.factory.internal.DefaultIdentifierGeneratorFactory - Registering IdentifierGenerator strategy [sequence-identity] -> [org.hibernate.id.SequenceIdentityGenerator]
22:05:20.595 [Test worker] DEBUG org.hibernate.id.factory.internal.DefaultIdentifierGeneratorFactory - Registering IdentifierGenerator strategy [enhanced-sequence] -> [org.hibernate.id.enhanced.SequenceStyleGenerator]
22:05:20.597 [Test worker] DEBUG org.hibernate.id.factory.internal.DefaultIdentifierGeneratorFactory - Registering IdentifierGenerator strategy [enhanced-table] -> [org.hibernate.id.enhanced.TableGenerator]
22:05:20.597 [Test worker] DEBUG org.hibernate.id.factory.internal.DefaultIdentifierGeneratorFactory - Registering IdentifierGenerator strategy [sequence] -> [org.hibernate.id.SequenceGenerator]
22:05:20.597 [Test worker] DEBUG org.hibernate.id.factory.internal.DefaultIdentifierGeneratorFactory -     - overriding [org.hibernate.id.enhanced.SequenceStyleGenerator]
22:05:20.665 [Test worker] DEBUG org.hibernate.boot.model.relational.Namespace - Created database namespace [logicalName=Name{catalog=null, schema=null}, physicalName=Name{catalog=null, schema=null}]
22:05:20.713 [Test worker] DEBUG org.hibernate.cfg.AnnotationBinder - Binding entity from annotated class: se1app.applicationcore.accountcomponent.Account
22:05:20.747 [Test worker] DEBUG org.hibernate.cfg.Ejb3Column - Binding column: Ejb3DiscriminatorColumn{logicalColumnName'DTYPE', discriminatorTypeName='string'}
22:05:20.755 [Test worker] DEBUG org.hibernate.cfg.annotations.EntityBinder - Import with entity name Account
22:05:20.764 [Test worker] DEBUG org.hibernate.cfg.annotations.EntityBinder - Bind entity se1app.applicationcore.accountcomponent.Account on table account
22:05:20.883 [Test worker] DEBUG org.hibernate.cfg.Ejb3Column - Binding column: Ejb3Column{table=org.hibernate.mapping.Table(account), mappingColumn=id, insertable=true, updatable=true, unique=false}
22:05:20.887 [Test worker] DEBUG org.hibernate.cfg.annotations.PropertyBinder - MetadataSourceProcessor property id with lazy=false
22:05:20.890 [Test worker] DEBUG org.hibernate.cfg.AbstractPropertyHolder - Attempting to locate auto-apply AttributeConverter for property [se1app.applicationcore.accountcomponent.Account:id]
22:05:20.890 [Test worker] DEBUG org.hibernate.cfg.AbstractPropertyHolder - Checking auto-apply AttributeConverter [org.hibernate.cfg.AttributeConverterDefinition[converterClass=se1app.applicationcore.accountcomponent.AccountNumberTypeConverter, domainType=se1app.applicationcore.accountcomponent.AccountNumberType, jdbcType=java.lang.String]] type [AccountNumberType] for match [int]
22:05:20.893 [Test worker] DEBUG org.hibernate.cfg.annotations.SimpleValueBinder - building SimpleValue for id
22:05:20.896 [Test worker] DEBUG org.hibernate.cfg.annotations.PropertyBinder - Building property id
22:05:20.901 [Test worker] DEBUG org.hibernate.cfg.Ejb3Column - Binding column: Ejb3Column{table=org.hibernate.mapping.Table(account), mappingColumn=account_number, insertable=true, updatable=true, unique=true}
22:05:20.901 [Test worker] DEBUG org.hibernate.cfg.annotations.PropertyBinder - MetadataSourceProcessor property accountNumber with lazy=false
22:05:20.901 [Test worker] DEBUG org.hibernate.cfg.AbstractPropertyHolder - Attempting to locate auto-apply AttributeConverter for property [se1app.applicationcore.accountcomponent.Account:accountNumber]
22:05:20.901 [Test worker] DEBUG org.hibernate.cfg.AbstractPropertyHolder - Checking auto-apply AttributeConverter [org.hibernate.cfg.AttributeConverterDefinition[converterClass=se1app.applicationcore.accountcomponent.AccountNumberTypeConverter, domainType=se1app.applicationcore.accountcomponent.AccountNumberType, jdbcType=java.lang.String]] type [AccountNumberType] for match [AccountNumberType]
22:05:20.901 [Test worker] DEBUG org.hibernate.cfg.annotations.SimpleValueBinder - Starting applyAttributeConverter [se1app.applicationcore.accountcomponent.Account:accountNumber]
22:05:20.902 [Test worker] DEBUG org.hibernate.cfg.annotations.SimpleValueBinder - building SimpleValue for accountNumber
22:05:20.902 [Test worker] DEBUG org.hibernate.cfg.annotations.PropertyBinder - Building property accountNumber
22:05:20.902 [Test worker] DEBUG org.hibernate.cfg.Ejb3Column - Binding column: Ejb3Column{table=org.hibernate.mapping.Table(account), mappingColumn=balance, insertable=true, updatable=true, unique=false}
22:05:20.902 [Test worker] DEBUG org.hibernate.cfg.annotations.PropertyBinder - MetadataSourceProcessor property balance with lazy=false
22:05:20.902 [Test worker] DEBUG org.hibernate.cfg.AbstractPropertyHolder - Attempting to locate auto-apply AttributeConverter for property [se1app.applicationcore.accountcomponent.Account:balance]
22:05:20.902 [Test worker] DEBUG org.hibernate.cfg.AbstractPropertyHolder - Checking auto-apply AttributeConverter [org.hibernate.cfg.AttributeConverterDefinition[converterClass=se1app.applicationcore.accountcomponent.AccountNumberTypeConverter, domainType=se1app.applicationcore.accountcomponent.AccountNumberType, jdbcType=java.lang.String]] type [AccountNumberType] for match [int]
22:05:20.903 [Test worker] DEBUG org.hibernate.cfg.annotations.SimpleValueBinder - building SimpleValue for balance
22:05:20.903 [Test worker] DEBUG org.hibernate.cfg.annotations.PropertyBinder - Building property balance
22:05:20.905 [Test worker] DEBUG org.hibernate.cfg.Ejb3Column - Binding column: Ejb3JoinColumn{logicalColumnName='accountNumber', referencedColumn='', mappedBy=''}
22:05:20.906 [Test worker] DEBUG org.hibernate.cfg.Ejb3Column - Binding column: Ejb3Column{table=org.hibernate.mapping.Table(account), mappingColumn=booking, insertable=true, updatable=true, unique=false}
22:05:20.908 [Test worker] DEBUG org.hibernate.cfg.Ejb3Column - Binding column: Ejb3Column{table=org.hibernate.mapping.Table(account), mappingColumn=null, insertable=true, updatable=true, unique=false}
22:05:20.930 [Test worker] DEBUG org.hibernate.cfg.Ejb3Column - Binding column: Ejb3Column{table=org.hibernate.mapping.Table(account), mappingColumn=element, insertable=true, updatable=true, unique=false}
22:05:20.931 [Test worker] DEBUG org.hibernate.cfg.Ejb3Column - Binding column: Ejb3Column{table=org.hibernate.mapping.Table(account), mappingColumn=booking_key, insertable=true, updatable=true, unique=false}
22:05:20.932 [Test worker] DEBUG org.hibernate.cfg.Ejb3Column - Binding column: Ejb3JoinColumn{logicalColumnName='booking_KEY', referencedColumn='null', mappedBy='null'}
22:05:20.934 [Test worker] DEBUG org.hibernate.cfg.Ejb3Column - Binding column: Ejb3JoinColumn{logicalColumnName='null', referencedColumn='null', mappedBy=''}
22:05:20.934 [Test worker] DEBUG org.hibernate.cfg.Ejb3Column - Binding column: Ejb3JoinColumn{logicalColumnName='null', referencedColumn='null', mappedBy=''}
22:05:20.935 [Test worker] DEBUG org.hibernate.cfg.annotations.CollectionBinder - Collection role: se1app.applicationcore.accountcomponent.Account.booking
22:05:20.940 [Test worker] DEBUG org.hibernate.cfg.annotations.PropertyBinder - Building property booking
22:05:20.941 [Test worker] DEBUG org.hibernate.cfg.Ejb3Column - Binding column: Ejb3JoinColumn{logicalColumnName='null', referencedColumn='null', mappedBy='null'}
22:05:20.941 [Test worker] DEBUG org.hibernate.cfg.Ejb3Column - Binding column: Ejb3Column{table=org.hibernate.mapping.Table(account), mappingColumn=branch, insertable=true, updatable=true, unique=false}
22:05:20.944 [Test worker] DEBUG org.hibernate.cfg.annotations.PropertyBinder - Building property branch
22:05:20.946 [Test worker] DEBUG org.hibernate.cfg.AnnotationBinder - Binding entity from annotated class: se1app.applicationcore.accountcomponent.BookingPosition
22:05:20.946 [Test worker] DEBUG org.hibernate.cfg.Ejb3Column - Binding column: Ejb3DiscriminatorColumn{logicalColumnName'DTYPE', discriminatorTypeName='string'}
22:05:20.947 [Test worker] DEBUG org.hibernate.cfg.annotations.EntityBinder - Import with entity name BookingPosition
22:05:20.947 [Test worker] DEBUG org.hibernate.cfg.annotations.EntityBinder - Bind entity se1app.applicationcore.accountcomponent.BookingPosition on table booking_position
22:05:20.950 [Test worker] DEBUG org.hibernate.cfg.Ejb3Column - Binding column: Ejb3Column{table=org.hibernate.mapping.Table(booking_position), mappingColumn=id, insertable=true, updatable=true, unique=false}
22:05:20.951 [Test worker] DEBUG org.hibernate.cfg.annotations.PropertyBinder - MetadataSourceProcessor property id with lazy=false
22:05:20.951 [Test worker] DEBUG org.hibernate.cfg.AbstractPropertyHolder - Attempting to locate auto-apply AttributeConverter for property [se1app.applicationcore.accountcomponent.BookingPosition:id]
22:05:20.951 [Test worker] DEBUG org.hibernate.cfg.AbstractPropertyHolder - Checking auto-apply AttributeConverter [org.hibernate.cfg.AttributeConverterDefinition[converterClass=se1app.applicationcore.accountcomponent.AccountNumberTypeConverter, domainType=se1app.applicationcore.accountcomponent.AccountNumberType, jdbcType=java.lang.String]] type [AccountNumberType] for match [Integer]
22:05:20.951 [Test worker] DEBUG org.hibernate.cfg.annotations.SimpleValueBinder - building SimpleValue for id
22:05:20.951 [Test worker] DEBUG org.hibernate.cfg.annotations.PropertyBinder - Building property id
22:05:20.951 [Test worker] DEBUG org.hibernate.cfg.Ejb3Column - Binding column: Ejb3JoinColumn{logicalColumnName='null', referencedColumn='null', mappedBy='null'}
22:05:20.951 [Test worker] DEBUG org.hibernate.cfg.Ejb3Column - Binding column: Ejb3Column{table=org.hibernate.mapping.Table(booking_position), mappingColumn=account, insertable=true, updatable=true, unique=false}
22:05:20.952 [Test worker] DEBUG org.hibernate.cfg.annotations.PropertyBinder - Building property account
22:05:20.953 [Test worker] DEBUG org.hibernate.cfg.Ejb3Column - Binding column: Ejb3Column{table=org.hibernate.mapping.Table(booking_position), mappingColumn=betrag, insertable=true, updatable=true, unique=false}
22:05:20.953 [Test worker] DEBUG org.hibernate.cfg.annotations.PropertyBinder - MetadataSourceProcessor property betrag with lazy=false
22:05:20.953 [Test worker] DEBUG org.hibernate.cfg.AbstractPropertyHolder - Attempting to locate auto-apply AttributeConverter for property [se1app.applicationcore.accountcomponent.BookingPosition:betrag]
22:05:20.953 [Test worker] DEBUG org.hibernate.cfg.AbstractPropertyHolder - Checking auto-apply AttributeConverter [org.hibernate.cfg.AttributeConverterDefinition[converterClass=se1app.applicationcore.accountcomponent.AccountNumberTypeConverter, domainType=se1app.applicationcore.accountcomponent.AccountNumberType, jdbcType=java.lang.String]] type [AccountNumberType] for match [int]
22:05:20.953 [Test worker] DEBUG org.hibernate.cfg.annotations.SimpleValueBinder - building SimpleValue for betrag
22:05:20.953 [Test worker] DEBUG org.hibernate.cfg.annotations.PropertyBinder - Building property betrag
22:05:20.954 [Test worker] DEBUG org.hibernate.cfg.Ejb3Column - Binding column: Ejb3Column{table=org.hibernate.mapping.Table(booking_position), mappingColumn=identification_number, insertable=true, updatable=true, unique=false}
22:05:20.954 [Test worker] DEBUG org.hibernate.cfg.annotations.PropertyBinder - MetadataSourceProcessor property identificationNumber with lazy=false
22:05:20.954 [Test worker] DEBUG org.hibernate.cfg.AbstractPropertyHolder - Attempting to locate auto-apply AttributeConverter for property [se1app.applicationcore.accountcomponent.BookingPosition:identificationNumber]
22:05:20.954 [Test worker] DEBUG org.hibernate.cfg.AbstractPropertyHolder - Checking auto-apply AttributeConverter [org.hibernate.cfg.AttributeConverterDefinition[converterClass=se1app.applicationcore.accountcomponent.AccountNumberTypeConverter, domainType=se1app.applicationcore.accountcomponent.AccountNumberType, jdbcType=java.lang.String]] type [AccountNumberType] for match [int]
22:05:20.954 [Test worker] DEBUG org.hibernate.cfg.annotations.SimpleValueBinder - building SimpleValue for identificationNumber
22:05:20.954 [Test worker] DEBUG org.hibernate.cfg.annotations.PropertyBinder - Building property identificationNumber
22:05:20.954 [Test worker] DEBUG org.hibernate.cfg.AnnotationBinder - Binding entity from annotated class: se1app.applicationcore.branchcomponent.Branch
22:05:20.955 [Test worker] DEBUG org.hibernate.cfg.Ejb3Column - Binding column: Ejb3DiscriminatorColumn{logicalColumnName'DTYPE', discriminatorTypeName='string'}
22:05:20.956 [Test worker] DEBUG org.hibernate.cfg.annotations.EntityBinder - Import with entity name Branch
22:05:20.956 [Test worker] DEBUG org.hibernate.cfg.annotations.EntityBinder - Bind entity se1app.applicationcore.branchcomponent.Branch on table branch
22:05:20.959 [Test worker] DEBUG org.hibernate.cfg.Ejb3Column - Binding column: Ejb3Column{table=org.hibernate.mapping.Table(branch), mappingColumn=id, insertable=true, updatable=true, unique=false}
22:05:20.959 [Test worker] DEBUG org.hibernate.cfg.annotations.PropertyBinder - MetadataSourceProcessor property id with lazy=false
22:05:20.959 [Test worker] DEBUG org.hibernate.cfg.AbstractPropertyHolder - Attempting to locate auto-apply AttributeConverter for property [se1app.applicationcore.branchcomponent.Branch:id]
22:05:20.959 [Test worker] DEBUG org.hibernate.cfg.AbstractPropertyHolder - Checking auto-apply AttributeConverter [org.hibernate.cfg.AttributeConverterDefinition[converterClass=se1app.applicationcore.accountcomponent.AccountNumberTypeConverter, domainType=se1app.applicationcore.accountcomponent.AccountNumberType, jdbcType=java.lang.String]] type [AccountNumberType] for match [int]
22:05:20.959 [Test worker] DEBUG org.hibernate.cfg.annotations.SimpleValueBinder - building SimpleValue for id
22:05:20.959 [Test worker] DEBUG org.hibernate.cfg.annotations.PropertyBinder - Building property id
22:05:20.960 [Test worker] DEBUG org.hibernate.cfg.Ejb3Column - Binding column: Ejb3Column{table=org.hibernate.mapping.Table(branch), mappingColumn=bookings_quantity, insertable=true, updatable=true, unique=false}
22:05:20.960 [Test worker] DEBUG org.hibernate.cfg.annotations.PropertyBinder - MetadataSourceProcessor property bookingsQuantity with lazy=false
22:05:20.960 [Test worker] DEBUG org.hibernate.cfg.AbstractPropertyHolder - Attempting to locate auto-apply AttributeConverter for property [se1app.applicationcore.branchcomponent.Branch:bookingsQuantity]
22:05:20.960 [Test worker] DEBUG org.hibernate.cfg.AbstractPropertyHolder - Checking auto-apply AttributeConverter [org.hibernate.cfg.AttributeConverterDefinition[converterClass=se1app.applicationcore.accountcomponent.AccountNumberTypeConverter, domainType=se1app.applicationcore.accountcomponent.AccountNumberType, jdbcType=java.lang.String]] type [AccountNumberType] for match [int]
22:05:20.960 [Test worker] DEBUG org.hibernate.cfg.annotations.SimpleValueBinder - building SimpleValue for bookingsQuantity
22:05:20.960 [Test worker] DEBUG org.hibernate.cfg.annotations.PropertyBinder - Building property bookingsQuantity
22:05:20.960 [Test worker] DEBUG org.hibernate.cfg.Ejb3Column - Binding column: Ejb3Column{table=org.hibernate.mapping.Table(branch), mappingColumn=branch_number, insertable=true, updatable=true, unique=true}
22:05:20.961 [Test worker] DEBUG org.hibernate.cfg.annotations.PropertyBinder - MetadataSourceProcessor property branchNumber with lazy=false
22:05:20.961 [Test worker] DEBUG org.hibernate.cfg.AbstractPropertyHolder - Attempting to locate auto-apply AttributeConverter for property [se1app.applicationcore.branchcomponent.Branch:branchNumber]
22:05:20.961 [Test worker] DEBUG org.hibernate.cfg.AbstractPropertyHolder - Checking auto-apply AttributeConverter [org.hibernate.cfg.AttributeConverterDefinition[converterClass=se1app.applicationcore.accountcomponent.AccountNumberTypeConverter, domainType=se1app.applicationcore.accountcomponent.AccountNumberType, jdbcType=java.lang.String]] type [AccountNumberType] for match [BranchNumberType]
22:05:20.961 [Test worker] DEBUG org.hibernate.cfg.annotations.SimpleValueBinder - building SimpleValue for branchNumber
22:05:20.961 [Test worker] DEBUG org.hibernate.cfg.annotations.PropertyBinder - Building property branchNumber
22:05:20.962 [Test worker] DEBUG org.hibernate.cfg.annotations.SimpleValueBinder - Starting fillSimpleValue for id
22:05:20.962 [Test worker] DEBUG org.hibernate.cfg.annotations.SimpleValueBinder - Starting fillSimpleValue for accountNumber
22:05:20.962 [Test worker] DEBUG org.hibernate.cfg.annotations.SimpleValueBinder - Applying JPA AttributeConverter [org.hibernate.cfg.AttributeConverterDefinition[converterClass=se1app.applicationcore.accountcomponent.AccountNumberTypeConverter, domainType=se1app.applicationcore.accountcomponent.AccountNumberType, jdbcType=java.lang.String]] to [se1app.applicationcore.accountcomponent.Account:accountNumber]
22:05:20.974 [Test worker] DEBUG org.hibernate.type.descriptor.converter.AttributeConverterTypeAdapter - Created AttributeConverterTypeAdapter -> converted::se1app.applicationcore.accountcomponent.AccountNumberTypeConverter
22:05:20.975 [Test worker] DEBUG org.hibernate.cfg.annotations.SimpleValueBinder - Starting fillSimpleValue for balance
22:05:20.975 [Test worker] DEBUG org.hibernate.cfg.annotations.SimpleValueBinder - Starting fillSimpleValue for id
22:05:20.975 [Test worker] DEBUG org.hibernate.cfg.annotations.SimpleValueBinder - Starting fillSimpleValue for betrag
22:05:20.975 [Test worker] DEBUG org.hibernate.cfg.annotations.SimpleValueBinder - Starting fillSimpleValue for identificationNumber
22:05:20.975 [Test worker] DEBUG org.hibernate.cfg.annotations.SimpleValueBinder - Starting fillSimpleValue for id
22:05:20.975 [Test worker] DEBUG org.hibernate.cfg.annotations.SimpleValueBinder - Starting fillSimpleValue for bookingsQuantity
22:05:20.975 [Test worker] DEBUG org.hibernate.cfg.annotations.SimpleValueBinder - Starting fillSimpleValue for branchNumber
22:05:20.975 [Test worker] DEBUG org.hibernate.boot.internal.ClassLoaderAccessImpl - Not known whether passed class name [se1app.applicationcore.branchcomponent.BranchNumberType] is safe
22:05:20.975 [Test worker] DEBUG org.hibernate.boot.internal.ClassLoaderAccessImpl - No temp ClassLoader provided; using live ClassLoader for loading potentially unsafe class : se1app.applicationcore.branchcomponent.BranchNumberType
22:05:20.990 [Test worker] DEBUG org.hibernate.mapping.PrimaryKey - Forcing column [id] to be non-null as it is part of the primary key for table [account]
22:05:20.990 [Test worker] DEBUG org.hibernate.mapping.PrimaryKey - Forcing column [id] to be non-null as it is part of the primary key for table [booking_position]
22:05:20.990 [Test worker] DEBUG org.hibernate.mapping.PrimaryKey - Forcing column [id] to be non-null as it is part of the primary key for table [branch]
22:05:20.990 [Test worker] DEBUG org.hibernate.cfg.CollectionSecondPass - Second pass for collection: se1app.applicationcore.accountcomponent.Account.booking
22:05:20.991 [Test worker] DEBUG org.hibernate.cfg.annotations.CollectionBinder - Binding a OneToMany: se1app.applicationcore.accountcomponent.Account.booking through a foreign key
22:05:20.992 [Test worker] DEBUG org.hibernate.cfg.annotations.CollectionBinder - Mapping collection: se1app.applicationcore.accountcomponent.Account.booking -> booking_position
22:05:20.995 [Test worker] DEBUG org.hibernate.cfg.CollectionSecondPass - Mapped collection key: account_number, one-to-many: se1app.applicationcore.accountcomponent.BookingPosition
22:05:20.995 [Test worker] DEBUG org.hibernate.boot.internal.InFlightMetadataCollectorImpl - Resolving reference to class: se1app.applicationcore.branchcomponent.Branch
22:05:21.000 [Test worker] DEBUG org.hibernate.boot.internal.InFlightMetadataCollectorImpl - Resolving reference to class: se1app.applicationcore.accountcomponent.Account
22:05:21.000 [Test worker] DEBUG org.hibernate.boot.internal.InFlightMetadataCollectorImpl - Resolving reference to class: se1app.applicationcore.accountcomponent.Account
22:05:21.002 [Test worker] DEBUG org.hibernate.boot.internal.InFlightMetadataCollectorImpl - Resolving reference to class: se1app.applicationcore.branchcomponent.Branch
22:05:21.002 [Test worker] DEBUG org.hibernate.boot.internal.InFlightMetadataCollectorImpl - Resolving reference to class: se1app.applicationcore.accountcomponent.Account
22:05:21.002 [Test worker] DEBUG org.hibernate.boot.internal.InFlightMetadataCollectorImpl - Resolving reference to class: se1app.applicationcore.accountcomponent.Account
22:05:21.061 [Test worker] DEBUG org.hibernate.internal.SessionFactoryImpl - Building session factory
22:05:21.063 [Test worker] DEBUG org.hibernate.cfg.Settings - SessionFactory name : null
22:05:21.063 [Test worker] DEBUG org.hibernate.cfg.Settings - Automatic flush during beforeCompletion(): disabled
22:05:21.063 [Test worker] DEBUG org.hibernate.cfg.Settings - Automatic session close at end of transaction: disabled
22:05:21.063 [Test worker] DEBUG org.hibernate.cfg.Settings - Statistics: disabled
22:05:21.063 [Test worker] DEBUG org.hibernate.cfg.Settings - Deleted entity synthetic identifier rollback: disabled
22:05:21.063 [Test worker] DEBUG org.hibernate.cfg.Settings - Default entity-mode: pojo
22:05:21.063 [Test worker] DEBUG org.hibernate.cfg.Settings - Check Nullability in Core (should be disabled when Bean Validation is on): enabled
22:05:21.063 [Test worker] DEBUG org.hibernate.cfg.Settings - Allow initialization of lazy state outside session : disabled
22:05:21.064 [Test worker] DEBUG org.hibernate.cfg.Settings - Using BatchFetchStyle : LEGACY
22:05:21.064 [Test worker] DEBUG org.hibernate.cfg.Settings - Default batch fetch size: -1
22:05:21.064 [Test worker] DEBUG org.hibernate.cfg.Settings - Maximum outer join fetch depth: null
22:05:21.064 [Test worker] DEBUG org.hibernate.cfg.Settings - Default null ordering: NONE
22:05:21.064 [Test worker] DEBUG org.hibernate.cfg.Settings - Order SQL updates by primary key: disabled
22:05:21.064 [Test worker] DEBUG org.hibernate.cfg.Settings - Order SQL inserts for batching: disabled
22:05:21.064 [Test worker] DEBUG org.hibernate.cfg.Settings - multi-tenancy strategy : NONE
22:05:21.064 [Test worker] DEBUG org.hibernate.cfg.Settings - JTA Track by Thread: enabled
22:05:21.064 [Test worker] DEBUG org.hibernate.cfg.Settings - Query language substitutions: {}
22:05:21.064 [Test worker] DEBUG org.hibernate.cfg.Settings - JPA query language strict compliance: disabled
22:05:21.064 [Test worker] DEBUG org.hibernate.cfg.Settings - Named query checking : enabled
22:05:21.064 [Test worker] DEBUG org.hibernate.cfg.Settings - Second-level cache: enabled
22:05:21.064 [Test worker] DEBUG org.hibernate.cfg.Settings - Second-level query cache: disabled
22:05:21.065 [Test worker] DEBUG org.hibernate.cfg.Settings - Second-level query cache factory: org.hibernate.cache.internal.StandardQueryCacheFactory@80865a2
22:05:21.065 [Test worker] DEBUG org.hibernate.cfg.Settings - Second-level cache region prefix: null
22:05:21.065 [Test worker] DEBUG org.hibernate.cfg.Settings - Optimize second-level cache for minimal puts: disabled
22:05:21.065 [Test worker] DEBUG org.hibernate.cfg.Settings - Structured second-level cache entries: disabled
22:05:21.065 [Test worker] DEBUG org.hibernate.cfg.Settings - Second-level cache direct-reference entries: disabled
22:05:21.065 [Test worker] DEBUG org.hibernate.cfg.Settings - Automatic eviction of collection cache: disabled
22:05:21.065 [Test worker] DEBUG org.hibernate.cfg.Settings - JDBC batch size: 15
22:05:21.065 [Test worker] DEBUG org.hibernate.cfg.Settings - JDBC batch updates for versioned data: enabled
22:05:21.065 [Test worker] DEBUG org.hibernate.cfg.Settings - Scrollable result sets: enabled
22:05:21.065 [Test worker] DEBUG org.hibernate.cfg.Settings - Wrap result sets: disabled
22:05:21.065 [Test worker] DEBUG org.hibernate.cfg.Settings - JDBC3 getGeneratedKeys(): enabled
22:05:21.065 [Test worker] DEBUG org.hibernate.cfg.Settings - JDBC result set fetch size: null
22:05:21.065 [Test worker] DEBUG org.hibernate.cfg.Settings - Connection release mode: ON_CLOSE
22:05:21.066 [Test worker] DEBUG org.hibernate.cfg.Settings - Generate SQL with comments: disabled
22:05:21.140 [Test worker] DEBUG org.hibernate.internal.SessionFactoryImpl - Returning a Reference to the SessionFactory
22:05:21.142 [Test worker] DEBUG org.hibernate.internal.SessionFactoryImpl - Session factory constructed with filter configurations : {}
22:05:21.143 [Test worker] DEBUG org.hibernate.internal.SessionFactoryImpl - Instantiating session factory with properties: {hibernate.id.new_generator_mappings=false, java.runtime.name=Java(TM) SE Runtime Environment, java.vm.version=25.151-b12, sun.boot.library.path=C:\Program Files\Java\jdk1.8.0_151\jre\bin, hibernate.boot.CfgXmlAccessService.key=org.hibernate.boot.cfgxml.spi.LoadedConfig@18a687c6, java.vm.vendor=Oracle Corporation, java.vendor.url=http://java.oracle.com/, path.separator=;, java.vm.name=Java HotSpot(TM) 64-Bit Server VM, file.encoding.pkg=sun.io, sun.os.patch.level=Service Pack 1, user.script=, user.country=DE, sun.java.launcher=SUN_STANDARD, java.vm.specification.name=Java Virtual Machine Specification, user.dir=C:\Users\User\Documents\Uni\SE\SE\se1praktikum4, java.runtime.version=1.8.0_151-b12, javax.persistence.sharedCache.mode=UNSPECIFIED, java.awt.graphicsenv=sun.awt.Win32GraphicsEnvironment, os.arch=amd64, java.endorsed.dirs=C:\Program Files\Java\jdk1.8.0_151\jre\lib\endorsed, java.io.tmpdir=C:\Users\User\AppData\Local\Temp\, line.separator=
, java.vm.specification.vendor=Oracle Corporation, user.variant=, os.name=Windows 7, hibernate.transaction.coordinator_class=class org.hibernate.resource.transaction.backend.jdbc.internal.JdbcResourceLocalTransactionCoordinatorBuilderImpl, sun.jnu.encoding=Cp1252, hibernate.connection.datasource=org.apache.tomcat.jdbc.pool.DataSource@679b56f9{ConnectionPool[defaultAutoCommit=null; defaultReadOnly=null; defaultTransactionIsolation=-1; defaultCatalog=null; driverClassName=org.h2.Driver; maxActive=100; maxIdle=100; minIdle=10; initialSize=10; maxWait=30000; testOnBorrow=true; testOnReturn=false; timeBetweenEvictionRunsMillis=5000; numTestsPerEvictionRun=0; minEvictableIdleTimeMillis=60000; testWhileIdle=false; testOnConnect=false; password=********; url=jdbc:h2:mem:testdb;DB_CLOSE_DELAY=-1;DB_CLOSE_ON_EXIT=FALSE; username=sa; validationQuery=SELECT 1; validationQueryTimeout=-1; validatorClassName=null; validationInterval=3000; accessToUnderlyingConnectionAllowed=true; removeAbandoned=false; removeAbandonedTimeout=60; logAbandoned=false; connectionProperties=null; initSQL=null; jdbcInterceptors=null; jmxEnabled=true; fairQueue=true; useEquals=true; abandonWhenPercentageFull=0; maxAge=0; useLock=false; dataSource=null; dataSourceJNDI=null; suspectTimeout=0; alternateUsernameAllowed=false; commitOnReturn=false; rollbackOnReturn=false; useDisposableConnectionFacade=true; logValidationErrors=false; propagateInterruptState=false; ignoreExceptionOnPreLoad=false; useStatementFacade=true; }, java.library.path=C:\Program Files\Java\jdk1.8.0_151\bin;C:\windows\Sun\Java\bin;C:\windows\system32;C:\windows;C:/Program Files/Java/jre1.8.0_151/bin/server;C:/Program Files/Java/jre1.8.0_151/bin;C:/Program Files/Java/jre1.8.0_151/lib/amd64;C:\ProgramData\Oracle\Java\javapath;C:\windows\system32;C:\windows;C:\windows\System32\Wbem;C:\windows\System32\WindowsPowerShell\v1.0\;C:\Program Files (x86)\Lenovo\Access Connections\;C:\Program Files (x86)\Intel\OpenCL SDK\2.0\bin\x86;C:\Program Files (x86)\Intel\OpenCL SDK\2.0\bin\x64;C:\Program Files (x86)\Intel\Services\IPT\;C:\Program Files\ThinkPad\Bluetooth Software\;C:\Program Files\ThinkPad\Bluetooth Software\syswow64;C:\Program Files\Intel\WiFi\bin\;C:\Program Files\Common Files\Intel\WirelessCommon\;C:\Program Files\MiKTeX 2.9\miktex\bin\x64\;C:\Program Files\Git\cmd;C:\Program Files\PuTTY\;C:\Program Files\nodejs\;C:\Program Files\Intel\WiFi\bin\;C:\Program Files\Common Files\Intel\WirelessCommon\;C:\Program Files\Java\jre-9.0.1\bin;C:\Users\User\AppData\Roaming\npm;C:\windows\system32;;., java.class.version=52.0, hibernate.ejb.persistenceUnitName=default, java.specification.name=Java Platform API Specification, sun.management.compiler=HotSpot 64-Bit Tiered Compilers, hibernate.transaction.jta.platform=org.hibernate.engine.transaction.jta.platform.internal.NoJtaPlatform@3bccc7bd, os.version=6.1, user.home=C:\Users\User, user.timezone=Europe/Berlin, java.awt.printerjob=sun.awt.windows.WPrinterJob, file.encoding=windows-1252, java.specification.version=1.8, hibernate.implicit_naming_strategy=org.springframework.boot.orm.jpa.hibernate.SpringImplicitNamingStrategy, user.name=User, java.class.path=C:\Users\User\Documents\Uni\SE\SE\se1praktikum4\build\classes\test;C:\Users\User\Documents\Uni\SE\SE\se1praktikum4\build\resources\test;C:\Users\User\Documents\Uni\SE\SE\se1praktikum4\build\classes\main;C:\Users\User\Documents\Uni\SE\SE\se1praktikum4\build\resources\main;C:\Users\User\.gradle\caches\modules-2\files-2.1\org.springframework.boot\spring-boot-starter-data-jpa\1.5.7.RELEASE\ccdf14487724b7c1343e5d2605f7170c026e405\spring-boot-starter-data-jpa-1.5.7.RELEASE.jar;C:\Users\User\.gradle\caches\modules-2\files-2.1\org.springframework.boot\spring-boot-starter-web\1.5.7.RELEASE\a862305be8b7512a41f6768d825ed37251ccbbe0\spring-boot-starter-web-1.5.7.RELEASE.jar;C:\Users\User\.gradle\caches\modules-2\files-2.1\org.springframework.boot\spring-boot-devtools\1.5.7.RELEASE\f433b9ba2fcf598624b5ae930096523f8a22119b\spring-boot-devtools-1.5.7.RELEASE.jar;C:\Users\User\.gradle\caches\modules-2\files-2.1\org.springframework.boot\spring-boot-starter-actuator\1.5.7.RELEASE\c8058080955524edbbacda602f25d1c5fdf2a3a9\spring-boot-starter-actuator-1.5.7.RELEASE.jar;C:\Users\User\.gradle\caches\modules-2\files-2.1\com.h2database\h2\1.4.196\dd0034398d593aa3588c6773faac429bbd9aea0e\h2-1.4.196.jar;C:\Users\User\.gradle\caches\modules-2\files-2.1\org.springframework.boot\spring-boot-starter-test\1.5.7.RELEASE\d23f37a72c2d4e46aba66bc69a649213f9cadeee\spring-boot-starter-test-1.5.7.RELEASE.jar;C:\Users\User\.gradle\caches\modules-2\files-2.1\org.mockito\mockito-core\2.10.0\871efe6f2607d8c93dd25b8c1fa09851d4286dd6\mockito-core-2.10.0.jar;C:\Users\User\.gradle\caches\modules-2\files-2.1\org.assertj\assertj-core\3.8.0\b209d90ff2e279bee3e02547ee7b11349c52d0e3\assertj-core-3.8.0.jar;C:\Users\User\.gradle\caches\modules-2\files-2.1\io.rest-assured\rest-assured\3.0.6\7048c659a0f1b8adca66af281edbf1397dddd63d\rest-assured-3.0.6.jar;C:\Users\User\.gradle\caches\modules-2\files-2.1\org.springframework.boot\spring-boot-starter\1.5.7.RELEASE\b42fe6962dd8b3be4ac8c1d7134d0ca2d0a35c7e\spring-boot-starter-1.5.7.RELEASE.jar;C:\Users\User\.gradle\caches\modules-2\files-2.1\org.springframework.boot\spring-boot-starter-aop\1.5.7.RELEASE\189098a72ccc0cca07ea42d6715c10524b5a93d1\spring-boot-starter-aop-1.5.7.RELEASE.jar;C:\Users\User\.gradle\caches\modules-2\files-2.1\org.springframework.boot\spring-boot-starter-jdbc\1.5.7.RELEASE\98c652a5461ccbec70b55fd0f7815d9c9a37a082\spring-boot-starter-jdbc-1.5.7.RELEASE.jar;C:\Users\User\.gradle\caches\modules-2\files-2.1\org.hibernate\hibernate-core\5.0.12.Final\e58bf1c660e6706d8e2cbb53bae110f574366102\hibernate-core-5.0.12.Final.jar;C:\Users\User\.gradle\caches\modules-2\files-2.1\org.hibernate\hibernate-entitymanager\5.0.12.Final\302a526f5058290e9cbd719a5caf9f248d344719\hibernate-entitymanager-5.0.12.Final.jar;C:\Users\User\.gradle\caches\modules-2\files-2.1\javax.transaction\javax.transaction-api\1.2\d81aff979d603edd90dcd8db2abc1f4ce6479e3e\javax.transaction-api-1.2.jar;C:\Users\User\.gradle\caches\modules-2\files-2.1\org.springframework.data\spring-data-jpa\1.11.7.RELEASE\587051cc7d7a3ddfac6098d623a658abb2f15865\spring-data-jpa-1.11.7.RELEASE.jar;C:\Users\User\.gradle\caches\modules-2\files-2.1\org.springframework\spring-aspects\4.3.11.RELEASE\38ab744d37aef58762a03dbe7ab1479070ebadc6\spring-aspects-4.3.11.RELEASE.jar;C:\Users\User\.gradle\caches\modules-2\files-2.1\org.springframework.boot\spring-boot-starter-tomcat\1.5.7.RELEASE\eae533e2a0111a51d812912acb3d3e2368736d1b\spring-boot-starter-tomcat-1.5.7.RELEASE.jar;C:\Users\User\.gradle\caches\modules-2\files-2.1\org.hibernate\hibernate-validator\5.3.5.Final\622a9bcef2eed6d41b5b8e0662c36212009e375\hibernate-validator-5.3.5.Final.jar;C:\Users\User\.gradle\caches\modules-2\files-2.1\com.fasterxml.jackson.core\jackson-databind\2.8.10\f7b83cb2bc4b88d53961e749e1ad32f49ef017b7\jackson-databind-2.8.10.jar;C:\Users\User\.gradle\caches\modules-2\files-2.1\org.springframework\spring-web\4.3.11.RELEASE\50a3dfce550bdf9459dfb2c6282aa104b040258e\spring-web-4.3.11.RELEASE.jar;C:\Users\User\.gradle\caches\modules-2\files-2.1\org.springframework\spring-webmvc\4.3.11.RELEASE\814f91ec4dc324e724bbe7cbc5045b234604c539\spring-webmvc-4.3.11.RELEASE.jar;C:\Users\User\.gradle\caches\modules-2\files-2.1\org.springframework.boot\spring-boot\1.5.7.RELEASE\1006870df7b3dc203df7ce84463c5dd7049fdaa4\spring-boot-1.5.7.RELEASE.jar;C:\Users\User\.gradle\caches\modules-2\files-2.1\org.springframework.boot\spring-boot-autoconfigure\1.5.7.RELEASE\e83f1407ff991e9e7eb156f49fa19d868bb73289\spring-boot-autoconfigure-1.5.7.RELEASE.jar;C:\Users\User\.gradle\caches\modules-2\files-2.1\org.springframework.boot\spring-boot-actuator\1.5.7.RELEASE\ff3124e2359be5e6c0d9cc501bf214413a329fee\spring-boot-actuator-1.5.7.RELEASE.jar;C:\Users\User\.gradle\caches\modules-2\files-2.1\org.springframework.boot\spring-boot-test\1.5.7.RELEASE\b8d77445d48f4320f404d8f13f4e5cb95bc36b30\spring-boot-test-1.5.7.RELEASE.jar;C:\Users\User\.gradle\caches\modules-2\files-2.1\org.springframework.boot\spring-boot-test-autoconfigure\1.5.7.RELEASE\8bead16b97c9f1b5fe7c47f3e030dd9351a6974d\spring-boot-test-autoconfigure-1.5.7.RELEASE.jar;C:\Users\User\.gradle\caches\modules-2\files-2.1\com.jayway.jsonpath\json-path\2.2.0\22290d17944bd239fabf5ac69005a60a7ecbbbcb\json-path-2.2.0.jar;C:\Users\User\.gradle\caches\modules-2\files-2.1\junit\junit\4.12\2973d150c0dc1fefe998f834810d68f278ea58ec\junit-4.12.jar;C:\Users\User\.gradle\caches\modules-2\files-2.1\org.hamcrest\hamcrest-core\1.3\42a25dc3219429f0e5d060061f71acb49bf010a0\hamcrest-core-1.3.jar;C:\Users\User\.gradle\caches\modules-2\files-2.1\org.hamcrest\hamcrest-library\1.3\4785a3c21320980282f9f33d0d1264a69040538f\hamcrest-library-1.3.jar;C:\Users\User\.gradle\caches\modules-2\files-2.1\org.skyscreamer\jsonassert\1.4.0\9cdbb373a06f6513e51e8c545ee6a5e981463edb\jsonassert-1.4.0.jar;C:\Users\User\.gradle\caches\modules-2\files-2.1\org.springframework\spring-core\4.3.11.RELEASE\eb30ed093f628279d3aead068fd478fa343f1dad\spring-core-4.3.11.RELEASE.jar;C:\Users\User\.gradle\caches\modules-2\files-2.1\org.springframework\spring-test\4.3.11.RELEASE\cf765b5d6d6bdc38c67522ecae3fe9549da43e1\spring-test-4.3.11.RELEASE.jar;C:\Users\User\.gradle\caches\modules-2\files-2.1\net.bytebuddy\byte-buddy\1.7.4\d0e77888485e1683057f8399f916eda6049c4acf\byte-buddy-1.7.4.jar;C:\Users\User\.gradle\caches\modules-2\files-2.1\net.bytebuddy\byte-buddy-agent\1.7.4\66286677db75148b3c2fb94e72f1c61aceb20e33\byte-buddy-agent-1.7.4.jar;C:\Users\User\.gradle\caches\modules-2\files-2.1\org.objenesis\objenesis\2.6\639033469776fd37c08358c6b92a4761feb2af4b\objenesis-2.6.jar;C:\Users\User\.gradle\caches\modules-2\files-2.1\org.codehaus.groovy\groovy\2.4.12\a43be367110c491787219f1c128b5b5fc54f1e70\groovy-2.4.12.jar;C:\Users\User\.gradle\caches\modules-2\files-2.1\org.codehaus.groovy\groovy-xml\2.4.12\b5c023bbbc8a4bbf9c0b38d731fe31d53f00c64a\groovy-xml-2.4.12.jar;C:\Users\User\.gradle\caches\modules-2\files-2.1\org.apache.httpcomponents\httpclient\4.5.3\d1577ae15f01ef5438c5afc62162457c00a34713\httpclient-4.5.3.jar;C:\Users\User\.gradle\caches\modules-2\files-2.1\org.apache.httpcomponents\httpmime\4.5.3\889fd6d061bb63b99dd5c6aba35a555ae863de52\httpmime-4.5.3.jar;C:\Users\User\.gradle\caches\modules-2\files-2.1\org.ccil.cowan.tagsoup\tagsoup\1.2.1\5584627487e984c03456266d3f8802eb85a9ce97\tagsoup-1.2.1.jar;C:\Users\User\.gradle\caches\modules-2\files-2.1\io.rest-assured\json-path\3.0.6\46b9832bdcf3b009ef29dad04e5bf1b951c2966e\json-path-3.0.6.jar;C:\Users\User\.gradle\caches\modules-2\files-2.1\io.rest-assured\xml-path\3.0.6\5ea3318626ac935bfc5088c772ea6d57c43e1bf3\xml-path-3.0.6.jar;C:\Users\User\.gradle\caches\modules-2\files-2.1\org.springframework.boot\spring-boot-starter-logging\1.5.7.RELEASE\c84c4ea09d7f789a0d5e936a961471e5dbd9295e\spring-boot-starter-logging-1.5.7.RELEASE.jar;C:\Users\User\.gradle\caches\modules-2\files-2.1\org.yaml\snakeyaml\1.17\7a27ea250c5130b2922b86dea63cbb1cc10a660c\snakeyaml-1.17.jar;C:\Users\User\.gradle\caches\modules-2\files-2.1\org.springframework\spring-aop\4.3.11.RELEASE\461d0bb58f1de30203d9331adf4b51de9554de5a\spring-aop-4.3.11.RELEASE.jar;C:\Users\User\.gradle\caches\modules-2\files-2.1\org.aspectj\aspectjweaver\1.8.10\e198c5fee28988c355f74e06461614eae36b2032\aspectjweaver-1.8.10.jar;C:\Users\User\.gradle\caches\modules-2\files-2.1\org.apache.tomcat\tomcat-jdbc\8.5.20\10d0d288d837ddfc92096920e4571054a3934160\tomcat-jdbc-8.5.20.jar;C:\Users\User\.gradle\caches\modules-2\files-2.1\org.springframework\spring-jdbc\4.3.11.RELEASE\642ed7497d327f299caccb930af6b65e229864c4\spring-jdbc-4.3.11.RELEASE.jar;C:\Users\User\.gradle\caches\modules-2\files-2.1\org.jboss.logging\jboss-logging\3.3.1.Final\c46217ab74b532568c0ed31dc599db3048bd1b67\jboss-logging-3.3.1.Final.jar;C:\Users\User\.gradle\caches\modules-2\files-2.1\org.hibernate.javax.persistence\hibernate-jpa-2.1-api\1.0.0.Final\5e731d961297e5a07290bfaf3db1fbc8bbbf405a\hibernate-jpa-2.1-api-1.0.0.Final.jar;C:\Users\User\.gradle\caches\modules-2\files-2.1\org.javassist\javassist\3.21.0-GA\598244f595db5c5fb713731eddbb1c91a58d959b\javassist-3.21.0-GA.jar;C:\Users\User\.gradle\caches\modules-2\files-2.1\antlr\antlr\2.7.7\83cd2cd674a217ade95a4bb83a8a14f351f48bd0\antlr-2.7.7.jar;C:\Users\User\.gradle\caches\modules-2\files-2.1\org.jboss\jandex\2.0.0.Final\3e899258936f94649c777193e1be846387ed54b3\jandex-2.0.0.Final.jar;C:\Users\User\.gradle\caches\modules-2\files-2.1\dom4j\dom4j\1.6.1\5d3ccc056b6f056dbf0dddfdf43894b9065a8f94\dom4j-1.6.1.jar;C:\Users\User\.gradle\caches\modules-2\files-2.1\org.hibernate.common\hibernate-commons-annotations\5.0.1.Final\71e1cff3fcb20d3b3af4f3363c3ddb24d33c6879\hibernate-commons-annotations-5.0.1.Final.jar;C:\Users\User\.gradle\caches\modules-2\files-2.1\org.springframework.data\spring-data-commons\1.13.7.RELEASE\cf4538abda1f0a9cf2323d6e4204df0130aeec73\spring-data-commons-1.13.7.RELEASE.jar;C:\Users\User\.gradle\caches\modules-2\files-2.1\org.springframework\spring-orm\4.3.11.RELEASE\7ba1b25ad62b29295aa90ae88f9f35e84861953c\spring-orm-4.3.11.RELEASE.jar;C:\Users\User\.gradle\caches\modules-2\files-2.1\org.springframework\spring-context\4.3.11.RELEASE\3efec2d7c7469d49108a2b21c3f15831f7297569\spring-context-4.3.11.RELEASE.jar;C:\Users\User\.gradle\caches\modules-2\files-2.1\org.springframework\spring-tx\4.3.11.RELEASE\c931ee363d2269f03edfeb83d7d7fe23924ab8a1\spring-tx-4.3.11.RELEASE.jar;C:\Users\User\.gradle\caches\modules-2\files-2.1\org.springframework\spring-beans\4.3.11.RELEASE\591cc35fd39292adae13f01aa13e978d0bb11936\spring-beans-4.3.11.RELEASE.jar;C:\Users\User\.gradle\caches\modules-2\files-2.1\org.slf4j\slf4j-api\1.7.25\da76ca59f6a57ee3102f8f9bd9cee742973efa8a\slf4j-api-1.7.25.jar;C:\Users\User\.gradle\caches\modules-2\files-2.1\org.slf4j\jcl-over-slf4j\1.7.25\f8c32b13ff142a513eeb5b6330b1588dcb2c0461\jcl-over-slf4j-1.7.25.jar;C:\Users\User\.gradle\caches\modules-2\files-2.1\org.apache.tomcat.embed\tomcat-embed-core\8.5.20\b9026ee20f1f6a2b0fc3e51dd806d800901448b0\tomcat-embed-core-8.5.20.jar;C:\Users\User\.gradle\caches\modules-2\files-2.1\org.apache.tomcat.embed\tomcat-embed-el\8.5.20\42960f481a8a80f4ffd3b865c2232820e3565bf1\tomcat-embed-el-8.5.20.jar;C:\Users\User\.gradle\caches\modules-2\files-2.1\org.apache.tomcat.embed\tomcat-embed-websocket\8.5.20\4df9055507926a2651f691cc9964c50493a0ab29\tomcat-embed-websocket-8.5.20.jar;C:\Users\User\.gradle\caches\modules-2\files-2.1\javax.validation\validation-api\1.1.0.Final\8613ae82954779d518631e05daa73a6a954817d5\validation-api-1.1.0.Final.jar;C:\Users\User\.gradle\caches\modules-2\files-2.1\com.fasterxml\classmate\1.3.4\3d5f48f10bbe4eb7bd862f10c0583be2e0053c6\classmate-1.3.4.jar;C:\Users\User\.gradle\caches\modules-2\files-2.1\com.fasterxml.jackson.core\jackson-annotations\2.8.0\45b426f7796b741035581a176744d91090e2e6fb\jackson-annotations-2.8.0.jar;C:\Users\User\.gradle\caches\modules-2\files-2.1\com.fasterxml.jackson.core\jackson-core\2.8.10\eb21a035c66ad307e66ec8fce37f5d50fd62d039\jackson-core-2.8.10.jar;C:\Users\User\.gradle\caches\modules-2\files-2.1\org.springframework\spring-expression\4.3.11.RELEASE\fca662a2fccdad90ec22b2aaecb021047dcbe249\spring-expression-4.3.11.RELEASE.jar;C:\Users\User\.gradle\caches\modules-2\files-2.1\net.minidev\json-smart\2.2.1\5b9e5df7a62d1279b70dc882b041d249c4f0b002\json-smart-2.2.1.jar;C:\Users\User\.gradle\caches\modules-2\files-2.1\com.vaadin.external.google\android-json\0.0.20131108.vaadin1\fa26d351fe62a6a17f5cda1287c1c6110dec413f\android-json-0.0.20131108.vaadin1.jar;C:\Users\User\.gradle\caches\modules-2\files-2.1\org.apache.httpcomponents\httpcore\4.4.6\e3fd8ced1f52c7574af952e2e6da0df8df08eb82\httpcore-4.4.6.jar;C:\Users\User\.gradle\caches\modules-2\files-2.1\commons-codec\commons-codec\1.10\4b95f4897fa13f2cd904aee711aeafc0c5295cd8\commons-codec-1.10.jar;C:\Users\User\.gradle\caches\modules-2\files-2.1\org.codehaus.groovy\groovy-json\2.4.12\810b46f2b359b904c4c7428ad4c03c09094a01ff\groovy-json-2.4.12.jar;C:\Users\User\.gradle\caches\modules-2\files-2.1\io.rest-assured\rest-assured-common\3.0.6\fa0cb69682ed3df571cab6d20894c4ed2970b901\rest-assured-common-3.0.6.jar;C:\Users\User\.gradle\caches\modules-2\files-2.1\org.apache.commons\commons-lang3\3.4\5fe28b9518e58819180a43a850fbc0dd24b7c050\commons-lang3-3.4.jar;C:\Users\User\.gradle\caches\modules-2\files-2.1\javax.xml.bind\jaxb-api\2.2.12\4c83805595b15acf41d71d49e3add7c0e85baaed\jaxb-api-2.2.12.jar;C:\Users\User\.gradle\caches\modules-2\files-2.1\ch.qos.logback\logback-classic\1.1.11\ccedfbacef4a6515d2983e3f89ed753d5d4fb665\logback-classic-1.1.11.jar;C:\Users\User\.gradle\caches\modules-2\files-2.1\org.slf4j\jul-to-slf4j\1.7.25\af5364cd6679bfffb114f0dec8a157aaa283b76\jul-to-slf4j-1.7.25.jar;C:\Users\User\.gradle\caches\modules-2\files-2.1\org.slf4j\log4j-over-slf4j\1.7.25\a87bb47468f47ee7aabbd54f93e133d4215769c3\log4j-over-slf4j-1.7.25.jar;C:\Users\User\.gradle\caches\modules-2\files-2.1\org.apache.tomcat\tomcat-juli\8.5.20\6c0579d329696059f377585d2a51455bf083d9ee\tomcat-juli-8.5.20.jar;C:\Users\User\.gradle\caches\modules-2\files-2.1\net.minidev\accessors-smart\1.1\a527213f2fea112a04c9bdf0ec0264e34104cd08\accessors-smart-1.1.jar;C:\Users\User\.gradle\caches\modules-2\files-2.1\ch.qos.logback\logback-core\1.1.11\88b8df40340eed549fb07e2613879bf6b006704d\logback-core-1.1.11.jar;C:\Users\User\.gradle\caches\modules-2\files-2.1\org.ow2.asm\asm\5.0.3\dcc2193db20e19e1feca8b1240dbbc4e190824fa\asm-5.0.3.jar, hibernate.bytecode.use_reflection_optimizer=false, javax.persistence.validation.mode=AUTO, java.vm.specification.version=1.8, sun.arch.data.model=64, sun.java.command=jarjar.org.gradle.process.internal.launcher.GradleWorkerMain 'Gradle Test Executor 1', java.home=C:\Program Files\Java\jdk1.8.0_151\jre, hibernate.dialect=org.hibernate.dialect.H2Dialect, user.language=de, java.specification.vendor=Oracle Corporation, awt.toolkit=sun.awt.windows.WToolkit, java.vm.info=mixed mode, java.version=1.8.0_151, java.ext.dirs=C:\Program Files\Java\jdk1.8.0_151\jre\lib\ext;C:\windows\Sun\Java\lib\ext, sun.boot.class.path=C:\Program Files\Java\jdk1.8.0_151\jre\lib\resources.jar;C:\Program Files\Java\jdk1.8.0_151\jre\lib\rt.jar;C:\Program Files\Java\jdk1.8.0_151\jre\lib\sunrsasign.jar;C:\Program Files\Java\jdk1.8.0_151\jre\lib\jsse.jar;C:\Program Files\Java\jdk1.8.0_151\jre\lib\jce.jar;C:\Program Files\Java\jdk1.8.0_151\jre\lib\charsets.jar;C:\Program Files\Java\jdk1.8.0_151\jre\lib\jfr.jar;C:\Program Files\Java\jdk1.8.0_151\jre\classes, java.vendor=Oracle Corporation, org.gradle.test.worker=1, file.separator=\, java.vendor.url.bug=http://bugreport.sun.com/bugreport/, hibernate.hbm2ddl.auto=create-drop, hibernate.physical_naming_strategy=org.springframework.boot.orm.jpa.hibernate.SpringPhysicalNamingStrategy, sun.io.unicode.encoding=UnicodeLittle, sun.cpu.endian=little, sun.desktop=windows, sun.cpu.isalist=amd64}
22:05:21.173 [Test worker] DEBUG org.hibernate.validator.internal.engine.resolver.DefaultTraversableResolver - Found javax.persistence.Persistence on classpath containing 'getPersistenceUtil'. Assuming JPA 2 environment. Trying to instantiate JPA aware TraversableResolver
22:05:21.173 [Test worker] DEBUG org.hibernate.validator.internal.engine.resolver.DefaultTraversableResolver - Instantiated JPA aware TraversableResolver of type org.hibernate.validator.internal.engine.resolver.JPATraversableResolver.
22:05:21.173 [Test worker] DEBUG org.hibernate.validator.internal.xml.ValidationXmlParser - Trying to load META-INF/validation.xml for XML based Validator configuration.
22:05:21.173 [Test worker] DEBUG org.hibernate.validator.internal.xml.ResourceLoaderHelper - Trying to load META-INF/validation.xml via TCCL
22:05:21.174 [Test worker] DEBUG org.hibernate.validator.internal.xml.ResourceLoaderHelper - Trying to load META-INF/validation.xml via Hibernate Validator's class loader
22:05:21.174 [Test worker] DEBUG org.hibernate.validator.internal.xml.ValidationXmlParser - No META-INF/validation.xml found. Using annotation based configuration only.
22:05:21.180 [Test worker] DEBUG org.hibernate.boot.internal.ClassLoaderAccessImpl - Not known whether passed class name [se1app.applicationcore.accountcomponent.Account] is safe
22:05:21.181 [Test worker] DEBUG org.hibernate.boot.internal.ClassLoaderAccessImpl - No temp ClassLoader provided; using live ClassLoader for loading potentially unsafe class : se1app.applicationcore.accountcomponent.Account
22:05:21.187 [Test worker] DEBUG org.hibernate.boot.internal.ClassLoaderAccessImpl - Not known whether passed class name [se1app.applicationcore.branchcomponent.Branch] is safe
22:05:21.187 [Test worker] DEBUG org.hibernate.boot.internal.ClassLoaderAccessImpl - No temp ClassLoader provided; using live ClassLoader for loading potentially unsafe class : se1app.applicationcore.branchcomponent.Branch
22:05:21.190 [Test worker] DEBUG org.hibernate.boot.internal.ClassLoaderAccessImpl - Not known whether passed class name [se1app.applicationcore.accountcomponent.BookingPosition] is safe
22:05:21.190 [Test worker] DEBUG org.hibernate.boot.internal.ClassLoaderAccessImpl - No temp ClassLoader provided; using live ClassLoader for loading potentially unsafe class : se1app.applicationcore.accountcomponent.BookingPosition
22:05:21.198 [Test worker] DEBUG org.hibernate.secure.spi.JaccIntegrator - Skipping JACC integration as it was not enabled
22:05:21.209 [Test worker] DEBUG org.hibernate.engine.spi.CascadeStyles - External cascade style regsitration [persist : STYLE_PERSIST_SKIPLAZY] overrode base registration [STYLE_PERSIST]
22:05:21.309 [Test worker] DEBUG org.hibernate.boot.internal.ClassLoaderAccessImpl - Not known whether passed class name [se1app.applicationcore.accountcomponent.Account] is safe
22:05:21.309 [Test worker] DEBUG org.hibernate.boot.internal.ClassLoaderAccessImpl - No temp ClassLoader provided; using live ClassLoader for loading potentially unsafe class : se1app.applicationcore.accountcomponent.Account
22:05:21.340 [Test worker] DEBUG org.hibernate.boot.internal.ClassLoaderAccessImpl - Not known whether passed class name [se1app.applicationcore.accountcomponent.Account] is safe
22:05:21.340 [Test worker] DEBUG org.hibernate.boot.internal.ClassLoaderAccessImpl - No temp ClassLoader provided; using live ClassLoader for loading potentially unsafe class : se1app.applicationcore.accountcomponent.Account
22:05:21.418 [Test worker] DEBUG org.hibernate.boot.internal.ClassLoaderAccessImpl - Not known whether passed class name [se1app.applicationcore.branchcomponent.Branch] is safe
22:05:21.418 [Test worker] DEBUG org.hibernate.boot.internal.ClassLoaderAccessImpl - No temp ClassLoader provided; using live ClassLoader for loading potentially unsafe class : se1app.applicationcore.branchcomponent.Branch
22:05:21.419 [Test worker] DEBUG org.hibernate.boot.internal.ClassLoaderAccessImpl - Not known whether passed class name [se1app.applicationcore.branchcomponent.Branch] is safe
22:05:21.419 [Test worker] DEBUG org.hibernate.boot.internal.ClassLoaderAccessImpl - No temp ClassLoader provided; using live ClassLoader for loading potentially unsafe class : se1app.applicationcore.branchcomponent.Branch
22:05:21.425 [Test worker] DEBUG org.hibernate.boot.internal.ClassLoaderAccessImpl - Not known whether passed class name [se1app.applicationcore.accountcomponent.BookingPosition] is safe
22:05:21.426 [Test worker] DEBUG org.hibernate.boot.internal.ClassLoaderAccessImpl - No temp ClassLoader provided; using live ClassLoader for loading potentially unsafe class : se1app.applicationcore.accountcomponent.BookingPosition
22:05:21.426 [Test worker] DEBUG org.hibernate.boot.internal.ClassLoaderAccessImpl - Not known whether passed class name [se1app.applicationcore.accountcomponent.BookingPosition] is safe
22:05:21.426 [Test worker] DEBUG org.hibernate.boot.internal.ClassLoaderAccessImpl - No temp ClassLoader provided; using live ClassLoader for loading potentially unsafe class : se1app.applicationcore.accountcomponent.BookingPosition
22:05:21.452 [Test worker] DEBUG org.hibernate.persister.collection.AbstractCollectionPersister - Static SQL for collection: se1app.applicationcore.accountcomponent.Account.booking
22:05:21.452 [Test worker] DEBUG org.hibernate.persister.collection.AbstractCollectionPersister -  Row insert: update booking_position set account_number=? where id=?
22:05:21.452 [Test worker] DEBUG org.hibernate.persister.collection.AbstractCollectionPersister -  Row update: update booking_position set  where id=?
22:05:21.452 [Test worker] DEBUG org.hibernate.persister.collection.AbstractCollectionPersister -  Row delete: update booking_position set account_number=null where account_number=? and id=?
22:05:21.452 [Test worker] DEBUG org.hibernate.persister.collection.AbstractCollectionPersister -  One-shot delete: update booking_position set account_number=null where account_number=?
22:05:21.462 [Test worker] DEBUG org.hibernate.persister.entity.AbstractEntityPersister - Static SQL for entity: se1app.applicationcore.accountcomponent.Account
22:05:21.462 [Test worker] DEBUG org.hibernate.persister.entity.AbstractEntityPersister -  Version select: select id from account where id =?
22:05:21.462 [Test worker] DEBUG org.hibernate.persister.entity.AbstractEntityPersister -  Snapshot select: select account_.id, account_.account_number as account_2_0_, account_.balance as balance3_0_, account_.branch_id as branch_i4_0_ from account account_ where account_.id=?
22:05:21.462 [Test worker] DEBUG org.hibernate.persister.entity.AbstractEntityPersister -  Insert 0: insert into account (account_number, balance, branch_id, id) values (?, ?, ?, ?)
22:05:21.462 [Test worker] DEBUG org.hibernate.persister.entity.AbstractEntityPersister -  Update 0: update account set account_number=?, balance=?, branch_id=? where id=?
22:05:21.462 [Test worker] DEBUG org.hibernate.persister.entity.AbstractEntityPersister -  Delete 0: delete from account where id=?
22:05:21.462 [Test worker] DEBUG org.hibernate.persister.entity.AbstractEntityPersister -  Identity insert: insert into account (id, account_number, balance, branch_id) values (null, ?, ?, ?)
22:05:21.492 [Test worker] DEBUG org.hibernate.loader.plan.build.internal.spaces.QuerySpacesImpl - Adding QuerySpace : uid = <gen:0> -> org.hibernate.loader.plan.build.internal.spaces.EntityQuerySpaceImpl@21df0ebb]
22:05:21.493 [Test worker] DEBUG org.hibernate.persister.walking.spi.MetamodelGraphWalker - Visiting attribute path : accountNumber
22:05:21.494 [Test worker] DEBUG org.hibernate.persister.walking.spi.MetamodelGraphWalker - Visiting attribute path : balance
22:05:21.494 [Test worker] DEBUG org.hibernate.persister.walking.spi.MetamodelGraphWalker - Visiting attribute path : booking
22:05:21.500 [Test worker] DEBUG org.hibernate.loader.plan.build.internal.spaces.QuerySpacesImpl - Adding QuerySpace : uid = <gen:1> -> org.hibernate.loader.plan.build.internal.spaces.CollectionQuerySpaceImpl@23e7d868]
22:05:21.502 [Test worker] DEBUG org.hibernate.loader.plan.build.internal.spaces.QuerySpacesImpl - Adding QuerySpace : uid = <gen:2> -> org.hibernate.loader.plan.build.internal.spaces.EntityQuerySpaceImpl@1f208777]
22:05:21.503 [Test worker] DEBUG org.hibernate.persister.walking.spi.MetamodelGraphWalker - Visiting attribute path : branch
22:05:21.503 [Test worker] DEBUG org.hibernate.loader.plan.build.internal.spaces.QuerySpacesImpl - Adding QuerySpace : uid = <gen:3> -> org.hibernate.loader.plan.build.internal.spaces.EntityQuerySpaceImpl@5f46a4c4]
22:05:21.506 [Test worker] DEBUG org.hibernate.persister.walking.spi.MetamodelGraphWalker - Visiting attribute path : branch.bookingsQuantity
22:05:21.506 [Test worker] DEBUG org.hibernate.persister.walking.spi.MetamodelGraphWalker - Visiting attribute path : branch.branchNumber
22:05:21.506 [Test worker] DEBUG org.hibernate.loader.plan.build.internal.FetchStyleLoadPlanBuildingAssociationVisitationStrategy - Building LoadPlan...
22:05:21.536 [Test worker] DEBUG org.hibernate.loader.plan.exec.internal.LoadQueryJoinAndFetchProcessor - processing queryspace <gen:0>
22:05:21.546 [Test worker] DEBUG org.hibernate.loader.plan.build.spi.LoadPlanTreePrinter - LoadPlan(entity=se1app.applicationcore.accountcomponent.Account)
    - Returns
       - EntityReturnImpl(entity=se1app.applicationcore.accountcomponent.Account, querySpaceUid=<gen:0>, path=se1app.applicationcore.accountcomponent.Account)
          - CollectionAttributeFetchImpl(collection=se1app.applicationcore.accountcomponent.Account.booking, querySpaceUid=<gen:1>, path=se1app.applicationcore.accountcomponent.Account.booking)
             - (collection element) CollectionFetchableElementEntityGraph(entity=se1app.applicationcore.accountcomponent.BookingPosition, querySpaceUid=<gen:2>, path=se1app.applicationcore.accountcomponent.Account.booking.<elements>)
          - EntityAttributeFetchImpl(entity=se1app.applicationcore.branchcomponent.Branch, querySpaceUid=<gen:3>, path=se1app.applicationcore.accountcomponent.Account.branch)
    - QuerySpaces
       - EntityQuerySpaceImpl(uid=<gen:0>, entity=se1app.applicationcore.accountcomponent.Account)
          - SQL table alias mapping - account0_
          - alias suffix - 0_
          - suffixed key columns - {id1_0_0_}
          - JOIN (JoinDefinedByMetadata(branch)) : <gen:0> -> <gen:3>
             - EntityQuerySpaceImpl(uid=<gen:3>, entity=se1app.applicationcore.branchcomponent.Branch)
                - SQL table alias mapping - branch1_
                - alias suffix - 1_
                - suffixed key columns - {id1_2_1_}

22:05:21.550 [Test worker] DEBUG org.hibernate.loader.entity.plan.EntityLoader - Static select for entity se1app.applicationcore.accountcomponent.Account [NONE]: select account0_.id as id1_0_0_, account0_.account_number as account_2_0_0_, account0_.balance as balance3_0_0_, account0_.branch_id as branch_i4_0_0_, branch1_.id as id1_2_1_, branch1_.bookings_quantity as bookings2_2_1_, branch1_.branch_number as branch_n3_2_1_ from account account0_ left outer join branch branch1_ on account0_.branch_id=branch1_.id where account0_.id=?
22:05:21.551 [Test worker] DEBUG org.hibernate.loader.plan.build.internal.spaces.QuerySpacesImpl - Adding QuerySpace : uid = <gen:0> -> org.hibernate.loader.plan.build.internal.spaces.EntityQuerySpaceImpl@4afac495]
22:05:21.551 [Test worker] DEBUG org.hibernate.persister.walking.spi.MetamodelGraphWalker - Visiting attribute path : accountNumber
22:05:21.551 [Test worker] DEBUG org.hibernate.persister.walking.spi.MetamodelGraphWalker - Visiting attribute path : balance
22:05:21.551 [Test worker] DEBUG org.hibernate.persister.walking.spi.MetamodelGraphWalker - Visiting attribute path : booking
22:05:21.551 [Test worker] DEBUG org.hibernate.loader.plan.build.internal.spaces.QuerySpacesImpl - Adding QuerySpace : uid = <gen:1> -> org.hibernate.loader.plan.build.internal.spaces.CollectionQuerySpaceImpl@7c49bc0b]
22:05:21.552 [Test worker] DEBUG org.hibernate.loader.plan.build.internal.spaces.QuerySpacesImpl - Adding QuerySpace : uid = <gen:2> -> org.hibernate.loader.plan.build.internal.spaces.EntityQuerySpaceImpl@44887389]
22:05:21.552 [Test worker] DEBUG org.hibernate.persister.walking.spi.MetamodelGraphWalker - Visiting attribute path : branch
22:05:21.552 [Test worker] DEBUG org.hibernate.loader.plan.build.internal.spaces.QuerySpacesImpl - Adding QuerySpace : uid = <gen:3> -> org.hibernate.loader.plan.build.internal.spaces.EntityQuerySpaceImpl@58cac9e1]
22:05:21.552 [Test worker] DEBUG org.hibernate.persister.walking.spi.MetamodelGraphWalker - Visiting attribute path : branch.bookingsQuantity
22:05:21.552 [Test worker] DEBUG org.hibernate.persister.walking.spi.MetamodelGraphWalker - Visiting attribute path : branch.branchNumber
22:05:21.552 [Test worker] DEBUG org.hibernate.loader.plan.build.internal.FetchStyleLoadPlanBuildingAssociationVisitationStrategy - Building LoadPlan...
22:05:21.553 [Test worker] DEBUG org.hibernate.loader.plan.exec.internal.LoadQueryJoinAndFetchProcessor - processing queryspace <gen:0>
22:05:21.553 [Test worker] DEBUG org.hibernate.loader.plan.build.spi.LoadPlanTreePrinter - LoadPlan(entity=se1app.applicationcore.accountcomponent.Account)
    - Returns
       - EntityReturnImpl(entity=se1app.applicationcore.accountcomponent.Account, querySpaceUid=<gen:0>, path=se1app.applicationcore.accountcomponent.Account)
          - CollectionAttributeFetchImpl(collection=se1app.applicationcore.accountcomponent.Account.booking, querySpaceUid=<gen:1>, path=se1app.applicationcore.accountcomponent.Account.booking)
             - (collection element) CollectionFetchableElementEntityGraph(entity=se1app.applicationcore.accountcomponent.BookingPosition, querySpaceUid=<gen:2>, path=se1app.applicationcore.accountcomponent.Account.booking.<elements>)
          - EntityAttributeFetchImpl(entity=se1app.applicationcore.branchcomponent.Branch, querySpaceUid=<gen:3>, path=se1app.applicationcore.accountcomponent.Account.branch)
    - QuerySpaces
       - EntityQuerySpaceImpl(uid=<gen:0>, entity=se1app.applicationcore.accountcomponent.Account)
          - SQL table alias mapping - account0_
          - alias suffix - 0_
          - suffixed key columns - {id1_0_0_}
          - JOIN (JoinDefinedByMetadata(branch)) : <gen:0> -> <gen:3>
             - EntityQuerySpaceImpl(uid=<gen:3>, entity=se1app.applicationcore.branchcomponent.Branch)
                - SQL table alias mapping - branch1_
                - alias suffix - 1_
                - suffixed key columns - {id1_2_1_}

22:05:21.554 [Test worker] DEBUG org.hibernate.loader.entity.plan.EntityLoader - Static select for entity se1app.applicationcore.accountcomponent.Account [READ]: select account0_.id as id1_0_0_, account0_.account_number as account_2_0_0_, account0_.balance as balance3_0_0_, account0_.branch_id as branch_i4_0_0_, branch1_.id as id1_2_1_, branch1_.bookings_quantity as bookings2_2_1_, branch1_.branch_number as branch_n3_2_1_ from account account0_ left outer join branch branch1_ on account0_.branch_id=branch1_.id where account0_.id=?
22:05:21.555 [Test worker] DEBUG org.hibernate.loader.plan.build.internal.spaces.QuerySpacesImpl - Adding QuerySpace : uid = <gen:0> -> org.hibernate.loader.plan.build.internal.spaces.EntityQuerySpaceImpl@165b4786]
22:05:21.555 [Test worker] DEBUG org.hibernate.persister.walking.spi.MetamodelGraphWalker - Visiting attribute path : accountNumber
22:05:21.555 [Test worker] DEBUG org.hibernate.persister.walking.spi.MetamodelGraphWalker - Visiting attribute path : balance
22:05:21.555 [Test worker] DEBUG org.hibernate.persister.walking.spi.MetamodelGraphWalker - Visiting attribute path : booking
22:05:21.555 [Test worker] DEBUG org.hibernate.loader.plan.build.internal.spaces.QuerySpacesImpl - Adding QuerySpace : uid = <gen:1> -> org.hibernate.loader.plan.build.internal.spaces.CollectionQuerySpaceImpl@1f432cf6]
22:05:21.555 [Test worker] DEBUG org.hibernate.loader.plan.build.internal.spaces.QuerySpacesImpl - Adding QuerySpace : uid = <gen:2> -> org.hibernate.loader.plan.build.internal.spaces.EntityQuerySpaceImpl@20cb8e19]
22:05:21.555 [Test worker] DEBUG org.hibernate.persister.walking.spi.MetamodelGraphWalker - Visiting attribute path : branch
22:05:21.555 [Test worker] DEBUG org.hibernate.loader.plan.build.internal.spaces.QuerySpacesImpl - Adding QuerySpace : uid = <gen:3> -> org.hibernate.loader.plan.build.internal.spaces.EntityQuerySpaceImpl@6ce08af1]
22:05:21.555 [Test worker] DEBUG org.hibernate.loader.plan.build.internal.FetchStyleLoadPlanBuildingAssociationVisitationStrategy - Building LoadPlan...
22:05:21.556 [Test worker] DEBUG org.hibernate.loader.plan.exec.internal.LoadQueryJoinAndFetchProcessor - processing queryspace <gen:0>
22:05:21.556 [Test worker] DEBUG org.hibernate.loader.plan.build.spi.LoadPlanTreePrinter - LoadPlan(entity=se1app.applicationcore.accountcomponent.Account)
    - Returns
       - EntityReturnImpl(entity=se1app.applicationcore.accountcomponent.Account, querySpaceUid=<gen:0>, path=se1app.applicationcore.accountcomponent.Account)
          - CollectionAttributeFetchImpl(collection=se1app.applicationcore.accountcomponent.Account.booking, querySpaceUid=<gen:1>, path=se1app.applicationcore.accountcomponent.Account.booking)
             - (collection element) CollectionFetchableElementEntityGraph(entity=se1app.applicationcore.accountcomponent.BookingPosition, querySpaceUid=<gen:2>, path=se1app.applicationcore.accountcomponent.Account.booking.<elements>)
          - EntityAttributeFetchImpl(entity=se1app.applicationcore.branchcomponent.Branch, querySpaceUid=<gen:3>, path=se1app.applicationcore.accountcomponent.Account.branch)
    - QuerySpaces
       - EntityQuerySpaceImpl(uid=<gen:0>, entity=se1app.applicationcore.accountcomponent.Account)
          - SQL table alias mapping - account0_
          - alias suffix - 0_
          - suffixed key columns - {id1_0_0_}

22:05:21.556 [Test worker] DEBUG org.hibernate.loader.entity.plan.EntityLoader - Static select for entity se1app.applicationcore.accountcomponent.Account [UPGRADE]: select account0_.id as id1_0_0_, account0_.account_number as account_2_0_0_, account0_.balance as balance3_0_0_, account0_.branch_id as branch_i4_0_0_ from account account0_ where account0_.id=? for update
22:05:21.556 [Test worker] DEBUG org.hibernate.loader.plan.build.internal.spaces.QuerySpacesImpl - Adding QuerySpace : uid = <gen:0> -> org.hibernate.loader.plan.build.internal.spaces.EntityQuerySpaceImpl@3ead8a10]
22:05:21.556 [Test worker] DEBUG org.hibernate.persister.walking.spi.MetamodelGraphWalker - Visiting attribute path : accountNumber
22:05:21.556 [Test worker] DEBUG org.hibernate.persister.walking.spi.MetamodelGraphWalker - Visiting attribute path : balance
22:05:21.556 [Test worker] DEBUG org.hibernate.persister.walking.spi.MetamodelGraphWalker - Visiting attribute path : booking
22:05:21.556 [Test worker] DEBUG org.hibernate.loader.plan.build.internal.spaces.QuerySpacesImpl - Adding QuerySpace : uid = <gen:1> -> org.hibernate.loader.plan.build.internal.spaces.CollectionQuerySpaceImpl@44c8cfe1]
22:05:21.556 [Test worker] DEBUG org.hibernate.loader.plan.build.internal.spaces.QuerySpacesImpl - Adding QuerySpace : uid = <gen:2> -> org.hibernate.loader.plan.build.internal.spaces.EntityQuerySpaceImpl@2c97628b]
22:05:21.556 [Test worker] DEBUG org.hibernate.persister.walking.spi.MetamodelGraphWalker - Visiting attribute path : branch
22:05:21.556 [Test worker] DEBUG org.hibernate.loader.plan.build.internal.spaces.QuerySpacesImpl - Adding QuerySpace : uid = <gen:3> -> org.hibernate.loader.plan.build.internal.spaces.EntityQuerySpaceImpl@7e389003]
22:05:21.557 [Test worker] DEBUG org.hibernate.loader.plan.build.internal.FetchStyleLoadPlanBuildingAssociationVisitationStrategy - Building LoadPlan...
22:05:21.557 [Test worker] DEBUG org.hibernate.loader.plan.exec.internal.LoadQueryJoinAndFetchProcessor - processing queryspace <gen:0>
22:05:21.557 [Test worker] DEBUG org.hibernate.loader.plan.build.spi.LoadPlanTreePrinter - LoadPlan(entity=se1app.applicationcore.accountcomponent.Account)
    - Returns
       - EntityReturnImpl(entity=se1app.applicationcore.accountcomponent.Account, querySpaceUid=<gen:0>, path=se1app.applicationcore.accountcomponent.Account)
          - CollectionAttributeFetchImpl(collection=se1app.applicationcore.accountcomponent.Account.booking, querySpaceUid=<gen:1>, path=se1app.applicationcore.accountcomponent.Account.booking)
             - (collection element) CollectionFetchableElementEntityGraph(entity=se1app.applicationcore.accountcomponent.BookingPosition, querySpaceUid=<gen:2>, path=se1app.applicationcore.accountcomponent.Account.booking.<elements>)
          - EntityAttributeFetchImpl(entity=se1app.applicationcore.branchcomponent.Branch, querySpaceUid=<gen:3>, path=se1app.applicationcore.accountcomponent.Account.branch)
    - QuerySpaces
       - EntityQuerySpaceImpl(uid=<gen:0>, entity=se1app.applicationcore.accountcomponent.Account)
          - SQL table alias mapping - account0_
          - alias suffix - 0_
          - suffixed key columns - {id1_0_0_}

22:05:21.557 [Test worker] DEBUG org.hibernate.loader.entity.plan.EntityLoader - Static select for entity se1app.applicationcore.accountcomponent.Account [UPGRADE_NOWAIT]: select account0_.id as id1_0_0_, account0_.account_number as account_2_0_0_, account0_.balance as balance3_0_0_, account0_.branch_id as branch_i4_0_0_ from account account0_ where account0_.id=? for update
22:05:21.557 [Test worker] DEBUG org.hibernate.loader.plan.build.internal.spaces.QuerySpacesImpl - Adding QuerySpace : uid = <gen:0> -> org.hibernate.loader.plan.build.internal.spaces.EntityQuerySpaceImpl@3f5bf026]
22:05:21.557 [Test worker] DEBUG org.hibernate.persister.walking.spi.MetamodelGraphWalker - Visiting attribute path : accountNumber
22:05:21.557 [Test worker] DEBUG org.hibernate.persister.walking.spi.MetamodelGraphWalker - Visiting attribute path : balance
22:05:21.557 [Test worker] DEBUG org.hibernate.persister.walking.spi.MetamodelGraphWalker - Visiting attribute path : booking
22:05:21.557 [Test worker] DEBUG org.hibernate.loader.plan.build.internal.spaces.QuerySpacesImpl - Adding QuerySpace : uid = <gen:1> -> org.hibernate.loader.plan.build.internal.spaces.CollectionQuerySpaceImpl@2a7a29f7]
22:05:21.557 [Test worker] DEBUG org.hibernate.loader.plan.build.internal.spaces.QuerySpacesImpl - Adding QuerySpace : uid = <gen:2> -> org.hibernate.loader.plan.build.internal.spaces.EntityQuerySpaceImpl@10781c33]
22:05:21.557 [Test worker] DEBUG org.hibernate.persister.walking.spi.MetamodelGraphWalker - Visiting attribute path : branch
22:05:21.557 [Test worker] DEBUG org.hibernate.loader.plan.build.internal.spaces.QuerySpacesImpl - Adding QuerySpace : uid = <gen:3> -> org.hibernate.loader.plan.build.internal.spaces.EntityQuerySpaceImpl@704214da]
22:05:21.557 [Test worker] DEBUG org.hibernate.loader.plan.build.internal.FetchStyleLoadPlanBuildingAssociationVisitationStrategy - Building LoadPlan...
22:05:21.558 [Test worker] DEBUG org.hibernate.loader.plan.exec.internal.LoadQueryJoinAndFetchProcessor - processing queryspace <gen:0>
22:05:21.558 [Test worker] DEBUG org.hibernate.loader.plan.build.spi.LoadPlanTreePrinter - LoadPlan(entity=se1app.applicationcore.accountcomponent.Account)
    - Returns
       - EntityReturnImpl(entity=se1app.applicationcore.accountcomponent.Account, querySpaceUid=<gen:0>, path=se1app.applicationcore.accountcomponent.Account)
          - CollectionAttributeFetchImpl(collection=se1app.applicationcore.accountcomponent.Account.booking, querySpaceUid=<gen:1>, path=se1app.applicationcore.accountcomponent.Account.booking)
             - (collection element) CollectionFetchableElementEntityGraph(entity=se1app.applicationcore.accountcomponent.BookingPosition, querySpaceUid=<gen:2>, path=se1app.applicationcore.accountcomponent.Account.booking.<elements>)
          - EntityAttributeFetchImpl(entity=se1app.applicationcore.branchcomponent.Branch, querySpaceUid=<gen:3>, path=se1app.applicationcore.accountcomponent.Account.branch)
    - QuerySpaces
       - EntityQuerySpaceImpl(uid=<gen:0>, entity=se1app.applicationcore.accountcomponent.Account)
          - SQL table alias mapping - account0_
          - alias suffix - 0_
          - suffixed key columns - {id1_0_0_}

22:05:21.558 [Test worker] DEBUG org.hibernate.loader.entity.plan.EntityLoader - Static select for entity se1app.applicationcore.accountcomponent.Account [UPGRADE_SKIPLOCKED]: select account0_.id as id1_0_0_, account0_.account_number as account_2_0_0_, account0_.balance as balance3_0_0_, account0_.branch_id as branch_i4_0_0_ from account account0_ where account0_.id=? for update
22:05:21.558 [Test worker] DEBUG org.hibernate.loader.plan.build.internal.spaces.QuerySpacesImpl - Adding QuerySpace : uid = <gen:0> -> org.hibernate.loader.plan.build.internal.spaces.EntityQuerySpaceImpl@39da94e6]
22:05:21.558 [Test worker] DEBUG org.hibernate.persister.walking.spi.MetamodelGraphWalker - Visiting attribute path : accountNumber
22:05:21.558 [Test worker] DEBUG org.hibernate.persister.walking.spi.MetamodelGraphWalker - Visiting attribute path : balance
22:05:21.558 [Test worker] DEBUG org.hibernate.persister.walking.spi.MetamodelGraphWalker - Visiting attribute path : booking
22:05:21.558 [Test worker] DEBUG org.hibernate.loader.plan.build.internal.spaces.QuerySpacesImpl - Adding QuerySpace : uid = <gen:1> -> org.hibernate.loader.plan.build.internal.spaces.CollectionQuerySpaceImpl@12dd324e]
22:05:21.558 [Test worker] DEBUG org.hibernate.loader.plan.build.internal.spaces.QuerySpacesImpl - Adding QuerySpace : uid = <gen:2> -> org.hibernate.loader.plan.build.internal.spaces.EntityQuerySpaceImpl@7259100b]
22:05:21.558 [Test worker] DEBUG org.hibernate.persister.walking.spi.MetamodelGraphWalker - Visiting attribute path : branch
22:05:21.558 [Test worker] DEBUG org.hibernate.loader.plan.build.internal.spaces.QuerySpacesImpl - Adding QuerySpace : uid = <gen:3> -> org.hibernate.loader.plan.build.internal.spaces.EntityQuerySpaceImpl@1f49c702]
22:05:21.558 [Test worker] DEBUG org.hibernate.loader.plan.build.internal.FetchStyleLoadPlanBuildingAssociationVisitationStrategy - Building LoadPlan...
22:05:21.558 [Test worker] DEBUG org.hibernate.loader.plan.exec.internal.LoadQueryJoinAndFetchProcessor - processing queryspace <gen:0>
22:05:21.559 [Test worker] DEBUG org.hibernate.loader.plan.build.spi.LoadPlanTreePrinter - LoadPlan(entity=se1app.applicationcore.accountcomponent.Account)
    - Returns
       - EntityReturnImpl(entity=se1app.applicationcore.accountcomponent.Account, querySpaceUid=<gen:0>, path=se1app.applicationcore.accountcomponent.Account)
          - CollectionAttributeFetchImpl(collection=se1app.applicationcore.accountcomponent.Account.booking, querySpaceUid=<gen:1>, path=se1app.applicationcore.accountcomponent.Account.booking)
             - (collection element) CollectionFetchableElementEntityGraph(entity=se1app.applicationcore.accountcomponent.BookingPosition, querySpaceUid=<gen:2>, path=se1app.applicationcore.accountcomponent.Account.booking.<elements>)
          - EntityAttributeFetchImpl(entity=se1app.applicationcore.branchcomponent.Branch, querySpaceUid=<gen:3>, path=se1app.applicationcore.accountcomponent.Account.branch)
    - QuerySpaces
       - EntityQuerySpaceImpl(uid=<gen:0>, entity=se1app.applicationcore.accountcomponent.Account)
          - SQL table alias mapping - account0_
          - alias suffix - 0_
          - suffixed key columns - {id1_0_0_}

22:05:21.559 [Test worker] DEBUG org.hibernate.loader.entity.plan.EntityLoader - Static select for entity se1app.applicationcore.accountcomponent.Account [FORCE]: select account0_.id as id1_0_0_, account0_.account_number as account_2_0_0_, account0_.balance as balance3_0_0_, account0_.branch_id as branch_i4_0_0_ from account account0_ where account0_.id=? for update
22:05:21.559 [Test worker] DEBUG org.hibernate.loader.plan.build.internal.spaces.QuerySpacesImpl - Adding QuerySpace : uid = <gen:0> -> org.hibernate.loader.plan.build.internal.spaces.EntityQuerySpaceImpl@7c8312af]
22:05:21.559 [Test worker] DEBUG org.hibernate.persister.walking.spi.MetamodelGraphWalker - Visiting attribute path : accountNumber
22:05:21.559 [Test worker] DEBUG org.hibernate.persister.walking.spi.MetamodelGraphWalker - Visiting attribute path : balance
22:05:21.559 [Test worker] DEBUG org.hibernate.persister.walking.spi.MetamodelGraphWalker - Visiting attribute path : booking
22:05:21.559 [Test worker] DEBUG org.hibernate.loader.plan.build.internal.spaces.QuerySpacesImpl - Adding QuerySpace : uid = <gen:1> -> org.hibernate.loader.plan.build.internal.spaces.CollectionQuerySpaceImpl@3d549196]
22:05:21.559 [Test worker] DEBUG org.hibernate.loader.plan.build.internal.spaces.QuerySpacesImpl - Adding QuerySpace : uid = <gen:2> -> org.hibernate.loader.plan.build.internal.spaces.EntityQuerySpaceImpl@6c7420e9]
22:05:21.559 [Test worker] DEBUG org.hibernate.persister.walking.spi.MetamodelGraphWalker - Visiting attribute path : branch
22:05:21.559 [Test worker] DEBUG org.hibernate.loader.plan.build.internal.spaces.QuerySpacesImpl - Adding QuerySpace : uid = <gen:3> -> org.hibernate.loader.plan.build.internal.spaces.EntityQuerySpaceImpl@88641a2]
22:05:21.559 [Test worker] DEBUG org.hibernate.loader.plan.build.internal.FetchStyleLoadPlanBuildingAssociationVisitationStrategy - Building LoadPlan...
22:05:21.559 [Test worker] DEBUG org.hibernate.loader.plan.exec.internal.LoadQueryJoinAndFetchProcessor - processing queryspace <gen:0>
22:05:21.560 [Test worker] DEBUG org.hibernate.loader.plan.build.spi.LoadPlanTreePrinter - LoadPlan(entity=se1app.applicationcore.accountcomponent.Account)
    - Returns
       - EntityReturnImpl(entity=se1app.applicationcore.accountcomponent.Account, querySpaceUid=<gen:0>, path=se1app.applicationcore.accountcomponent.Account)
          - CollectionAttributeFetchImpl(collection=se1app.applicationcore.accountcomponent.Account.booking, querySpaceUid=<gen:1>, path=se1app.applicationcore.accountcomponent.Account.booking)
             - (collection element) CollectionFetchableElementEntityGraph(entity=se1app.applicationcore.accountcomponent.BookingPosition, querySpaceUid=<gen:2>, path=se1app.applicationcore.accountcomponent.Account.booking.<elements>)
          - EntityAttributeFetchImpl(entity=se1app.applicationcore.branchcomponent.Branch, querySpaceUid=<gen:3>, path=se1app.applicationcore.accountcomponent.Account.branch)
    - QuerySpaces
       - EntityQuerySpaceImpl(uid=<gen:0>, entity=se1app.applicationcore.accountcomponent.Account)
          - SQL table alias mapping - account0_
          - alias suffix - 0_
          - suffixed key columns - {id1_0_0_}

22:05:21.560 [Test worker] DEBUG org.hibernate.loader.entity.plan.EntityLoader - Static select for entity se1app.applicationcore.accountcomponent.Account [PESSIMISTIC_READ]: select account0_.id as id1_0_0_, account0_.account_number as account_2_0_0_, account0_.balance as balance3_0_0_, account0_.branch_id as branch_i4_0_0_ from account account0_ where account0_.id=? for update
22:05:21.560 [Test worker] DEBUG org.hibernate.loader.plan.build.internal.spaces.QuerySpacesImpl - Adding QuerySpace : uid = <gen:0> -> org.hibernate.loader.plan.build.internal.spaces.EntityQuerySpaceImpl@370fee19]
22:05:21.560 [Test worker] DEBUG org.hibernate.persister.walking.spi.MetamodelGraphWalker - Visiting attribute path : accountNumber
22:05:21.560 [Test worker] DEBUG org.hibernate.persister.walking.spi.MetamodelGraphWalker - Visiting attribute path : balance
22:05:21.560 [Test worker] DEBUG org.hibernate.persister.walking.spi.MetamodelGraphWalker - Visiting attribute path : booking
22:05:21.560 [Test worker] DEBUG org.hibernate.loader.plan.build.internal.spaces.QuerySpacesImpl - Adding QuerySpace : uid = <gen:1> -> org.hibernate.loader.plan.build.internal.spaces.CollectionQuerySpaceImpl@63f00f17]
22:05:21.560 [Test worker] DEBUG org.hibernate.loader.plan.build.internal.spaces.QuerySpacesImpl - Adding QuerySpace : uid = <gen:2> -> org.hibernate.loader.plan.build.internal.spaces.EntityQuerySpaceImpl@5941c99a]
22:05:21.560 [Test worker] DEBUG org.hibernate.persister.walking.spi.MetamodelGraphWalker - Visiting attribute path : branch
22:05:21.560 [Test worker] DEBUG org.hibernate.loader.plan.build.internal.spaces.QuerySpacesImpl - Adding QuerySpace : uid = <gen:3> -> org.hibernate.loader.plan.build.internal.spaces.EntityQuerySpaceImpl@11f68b8d]
22:05:21.560 [Test worker] DEBUG org.hibernate.loader.plan.build.internal.FetchStyleLoadPlanBuildingAssociationVisitationStrategy - Building LoadPlan...
22:05:21.560 [Test worker] DEBUG org.hibernate.loader.plan.exec.internal.LoadQueryJoinAndFetchProcessor - processing queryspace <gen:0>
22:05:21.561 [Test worker] DEBUG org.hibernate.loader.plan.build.spi.LoadPlanTreePrinter - LoadPlan(entity=se1app.applicationcore.accountcomponent.Account)
    - Returns
       - EntityReturnImpl(entity=se1app.applicationcore.accountcomponent.Account, querySpaceUid=<gen:0>, path=se1app.applicationcore.accountcomponent.Account)
          - CollectionAttributeFetchImpl(collection=se1app.applicationcore.accountcomponent.Account.booking, querySpaceUid=<gen:1>, path=se1app.applicationcore.accountcomponent.Account.booking)
             - (collection element) CollectionFetchableElementEntityGraph(entity=se1app.applicationcore.accountcomponent.BookingPosition, querySpaceUid=<gen:2>, path=se1app.applicationcore.accountcomponent.Account.booking.<elements>)
          - EntityAttributeFetchImpl(entity=se1app.applicationcore.branchcomponent.Branch, querySpaceUid=<gen:3>, path=se1app.applicationcore.accountcomponent.Account.branch)
    - QuerySpaces
       - EntityQuerySpaceImpl(uid=<gen:0>, entity=se1app.applicationcore.accountcomponent.Account)
          - SQL table alias mapping - account0_
          - alias suffix - 0_
          - suffixed key columns - {id1_0_0_}

22:05:21.561 [Test worker] DEBUG org.hibernate.loader.entity.plan.EntityLoader - Static select for entity se1app.applicationcore.accountcomponent.Account [PESSIMISTIC_WRITE]: select account0_.id as id1_0_0_, account0_.account_number as account_2_0_0_, account0_.balance as balance3_0_0_, account0_.branch_id as branch_i4_0_0_ from account account0_ where account0_.id=? for update
22:05:21.561 [Test worker] DEBUG org.hibernate.loader.plan.build.internal.spaces.QuerySpacesImpl - Adding QuerySpace : uid = <gen:0> -> org.hibernate.loader.plan.build.internal.spaces.EntityQuerySpaceImpl@4fec3485]
22:05:21.561 [Test worker] DEBUG org.hibernate.persister.walking.spi.MetamodelGraphWalker - Visiting attribute path : accountNumber
22:05:21.561 [Test worker] DEBUG org.hibernate.persister.walking.spi.MetamodelGraphWalker - Visiting attribute path : balance
22:05:21.561 [Test worker] DEBUG org.hibernate.persister.walking.spi.MetamodelGraphWalker - Visiting attribute path : booking
22:05:21.561 [Test worker] DEBUG org.hibernate.loader.plan.build.internal.spaces.QuerySpacesImpl - Adding QuerySpace : uid = <gen:1> -> org.hibernate.loader.plan.build.internal.spaces.CollectionQuerySpaceImpl@7bdd13db]
22:05:21.561 [Test worker] DEBUG org.hibernate.loader.plan.build.internal.spaces.QuerySpacesImpl - Adding QuerySpace : uid = <gen:2> -> org.hibernate.loader.plan.build.internal.spaces.EntityQuerySpaceImpl@5ed255ce]
22:05:21.561 [Test worker] DEBUG org.hibernate.persister.walking.spi.MetamodelGraphWalker - Visiting attribute path : branch
22:05:21.561 [Test worker] DEBUG org.hibernate.loader.plan.build.internal.spaces.QuerySpacesImpl - Adding QuerySpace : uid = <gen:3> -> org.hibernate.loader.plan.build.internal.spaces.EntityQuerySpaceImpl@70341a8d]
22:05:21.561 [Test worker] DEBUG org.hibernate.loader.plan.build.internal.FetchStyleLoadPlanBuildingAssociationVisitationStrategy - Building LoadPlan...
22:05:21.561 [Test worker] DEBUG org.hibernate.loader.plan.exec.internal.LoadQueryJoinAndFetchProcessor - processing queryspace <gen:0>
22:05:21.562 [Test worker] DEBUG org.hibernate.loader.plan.build.spi.LoadPlanTreePrinter - LoadPlan(entity=se1app.applicationcore.accountcomponent.Account)
    - Returns
       - EntityReturnImpl(entity=se1app.applicationcore.accountcomponent.Account, querySpaceUid=<gen:0>, path=se1app.applicationcore.accountcomponent.Account)
          - CollectionAttributeFetchImpl(collection=se1app.applicationcore.accountcomponent.Account.booking, querySpaceUid=<gen:1>, path=se1app.applicationcore.accountcomponent.Account.booking)
             - (collection element) CollectionFetchableElementEntityGraph(entity=se1app.applicationcore.accountcomponent.BookingPosition, querySpaceUid=<gen:2>, path=se1app.applicationcore.accountcomponent.Account.booking.<elements>)
          - EntityAttributeFetchImpl(entity=se1app.applicationcore.branchcomponent.Branch, querySpaceUid=<gen:3>, path=se1app.applicationcore.accountcomponent.Account.branch)
    - QuerySpaces
       - EntityQuerySpaceImpl(uid=<gen:0>, entity=se1app.applicationcore.accountcomponent.Account)
          - SQL table alias mapping - account0_
          - alias suffix - 0_
          - suffixed key columns - {id1_0_0_}

22:05:21.562 [Test worker] DEBUG org.hibernate.loader.entity.plan.EntityLoader - Static select for entity se1app.applicationcore.accountcomponent.Account [PESSIMISTIC_FORCE_INCREMENT]: select account0_.id as id1_0_0_, account0_.account_number as account_2_0_0_, account0_.balance as balance3_0_0_, account0_.branch_id as branch_i4_0_0_ from account account0_ where account0_.id=? for update
22:05:21.562 [Test worker] DEBUG org.hibernate.loader.plan.build.internal.spaces.QuerySpacesImpl - Adding QuerySpace : uid = <gen:0> -> org.hibernate.loader.plan.build.internal.spaces.EntityQuerySpaceImpl@64315781]
22:05:21.562 [Test worker] DEBUG org.hibernate.persister.walking.spi.MetamodelGraphWalker - Visiting attribute path : accountNumber
22:05:21.562 [Test worker] DEBUG org.hibernate.persister.walking.spi.MetamodelGraphWalker - Visiting attribute path : balance
22:05:21.562 [Test worker] DEBUG org.hibernate.persister.walking.spi.MetamodelGraphWalker - Visiting attribute path : booking
22:05:21.562 [Test worker] DEBUG org.hibernate.loader.plan.build.internal.spaces.QuerySpacesImpl - Adding QuerySpace : uid = <gen:1> -> org.hibernate.loader.plan.build.internal.spaces.CollectionQuerySpaceImpl@3bd19400]
22:05:21.562 [Test worker] DEBUG org.hibernate.loader.plan.build.internal.spaces.QuerySpacesImpl - Adding QuerySpace : uid = <gen:2> -> org.hibernate.loader.plan.build.internal.spaces.EntityQuerySpaceImpl@6be10185]
22:05:21.562 [Test worker] DEBUG org.hibernate.persister.walking.spi.MetamodelGraphWalker - Visiting attribute path : branch
22:05:21.562 [Test worker] DEBUG org.hibernate.loader.plan.build.internal.spaces.QuerySpacesImpl - Adding QuerySpace : uid = <gen:3> -> org.hibernate.loader.plan.build.internal.spaces.EntityQuerySpaceImpl@502ce27]
22:05:21.562 [Test worker] DEBUG org.hibernate.loader.plan.build.internal.FetchStyleLoadPlanBuildingAssociationVisitationStrategy - Building LoadPlan...
22:05:21.562 [Test worker] DEBUG org.hibernate.loader.plan.exec.internal.LoadQueryJoinAndFetchProcessor - processing queryspace <gen:0>
22:05:21.563 [Test worker] DEBUG org.hibernate.loader.plan.build.spi.LoadPlanTreePrinter - LoadPlan(entity=se1app.applicationcore.accountcomponent.Account)
    - Returns
       - EntityReturnImpl(entity=se1app.applicationcore.accountcomponent.Account, querySpaceUid=<gen:0>, path=se1app.applicationcore.accountcomponent.Account)
          - CollectionAttributeFetchImpl(collection=se1app.applicationcore.accountcomponent.Account.booking, querySpaceUid=<gen:1>, path=se1app.applicationcore.accountcomponent.Account.booking)
             - (collection element) CollectionFetchableElementEntityGraph(entity=se1app.applicationcore.accountcomponent.BookingPosition, querySpaceUid=<gen:2>, path=se1app.applicationcore.accountcomponent.Account.booking.<elements>)
          - EntityAttributeFetchImpl(entity=se1app.applicationcore.branchcomponent.Branch, querySpaceUid=<gen:3>, path=se1app.applicationcore.accountcomponent.Account.branch)
    - QuerySpaces
       - EntityQuerySpaceImpl(uid=<gen:0>, entity=se1app.applicationcore.accountcomponent.Account)
          - SQL table alias mapping - account0_
          - alias suffix - 0_
          - suffixed key columns - {id1_0_0_}

22:05:21.563 [Test worker] DEBUG org.hibernate.loader.entity.plan.EntityLoader - Static select for entity se1app.applicationcore.accountcomponent.Account [OPTIMISTIC]: select account0_.id as id1_0_0_, account0_.account_number as account_2_0_0_, account0_.balance as balance3_0_0_, account0_.branch_id as branch_i4_0_0_ from account account0_ where account0_.id=?
22:05:21.563 [Test worker] DEBUG org.hibernate.loader.plan.build.internal.spaces.QuerySpacesImpl - Adding QuerySpace : uid = <gen:0> -> org.hibernate.loader.plan.build.internal.spaces.EntityQuerySpaceImpl@7c825ceb]
22:05:21.563 [Test worker] DEBUG org.hibernate.persister.walking.spi.MetamodelGraphWalker - Visiting attribute path : accountNumber
22:05:21.563 [Test worker] DEBUG org.hibernate.persister.walking.spi.MetamodelGraphWalker - Visiting attribute path : balance
22:05:21.563 [Test worker] DEBUG org.hibernate.persister.walking.spi.MetamodelGraphWalker - Visiting attribute path : booking
22:05:21.563 [Test worker] DEBUG org.hibernate.loader.plan.build.internal.spaces.QuerySpacesImpl - Adding QuerySpace : uid = <gen:1> -> org.hibernate.loader.plan.build.internal.spaces.CollectionQuerySpaceImpl@284a6b2b]
22:05:21.563 [Test worker] DEBUG org.hibernate.loader.plan.build.internal.spaces.QuerySpacesImpl - Adding QuerySpace : uid = <gen:2> -> org.hibernate.loader.plan.build.internal.spaces.EntityQuerySpaceImpl@3baafbf3]
22:05:21.563 [Test worker] DEBUG org.hibernate.persister.walking.spi.MetamodelGraphWalker - Visiting attribute path : branch
22:05:21.563 [Test worker] DEBUG org.hibernate.loader.plan.build.internal.spaces.QuerySpacesImpl - Adding QuerySpace : uid = <gen:3> -> org.hibernate.loader.plan.build.internal.spaces.EntityQuerySpaceImpl@55219d69]
22:05:21.563 [Test worker] DEBUG org.hibernate.loader.plan.build.internal.FetchStyleLoadPlanBuildingAssociationVisitationStrategy - Building LoadPlan...
22:05:21.563 [Test worker] DEBUG org.hibernate.loader.plan.exec.internal.LoadQueryJoinAndFetchProcessor - processing queryspace <gen:0>
22:05:21.563 [Test worker] DEBUG org.hibernate.loader.plan.build.spi.LoadPlanTreePrinter - LoadPlan(entity=se1app.applicationcore.accountcomponent.Account)
    - Returns
       - EntityReturnImpl(entity=se1app.applicationcore.accountcomponent.Account, querySpaceUid=<gen:0>, path=se1app.applicationcore.accountcomponent.Account)
          - CollectionAttributeFetchImpl(collection=se1app.applicationcore.accountcomponent.Account.booking, querySpaceUid=<gen:1>, path=se1app.applicationcore.accountcomponent.Account.booking)
             - (collection element) CollectionFetchableElementEntityGraph(entity=se1app.applicationcore.accountcomponent.BookingPosition, querySpaceUid=<gen:2>, path=se1app.applicationcore.accountcomponent.Account.booking.<elements>)
          - EntityAttributeFetchImpl(entity=se1app.applicationcore.branchcomponent.Branch, querySpaceUid=<gen:3>, path=se1app.applicationcore.accountcomponent.Account.branch)
    - QuerySpaces
       - EntityQuerySpaceImpl(uid=<gen:0>, entity=se1app.applicationcore.accountcomponent.Account)
          - SQL table alias mapping - account0_
          - alias suffix - 0_
          - suffixed key columns - {id1_0_0_}

22:05:21.564 [Test worker] DEBUG org.hibernate.loader.entity.plan.EntityLoader - Static select for entity se1app.applicationcore.accountcomponent.Account [OPTIMISTIC_FORCE_INCREMENT]: select account0_.id as id1_0_0_, account0_.account_number as account_2_0_0_, account0_.balance as balance3_0_0_, account0_.branch_id as branch_i4_0_0_ from account account0_ where account0_.id=?
22:05:21.603 [Test worker] DEBUG org.hibernate.loader.Loader - Static select for action ACTION_MERGE on entity se1app.applicationcore.accountcomponent.Account: select account0_.id as id1_0_1_, account0_.account_number as account_2_0_1_, account0_.balance as balance3_0_1_, account0_.branch_id as branch_i4_0_1_, booking1_.account_number as account_5_1_3_, booking1_.id as id1_1_3_, booking1_.id as id1_1_0_, booking1_.account_id as account_4_1_0_, booking1_.betrag as betrag2_1_0_, booking1_.identification_number as identifi3_1_0_ from account account0_ left outer join booking_position booking1_ on account0_.id=booking1_.account_number where account0_.id=?
22:05:21.603 [Test worker] DEBUG org.hibernate.loader.Loader - Static select for action ACTION_REFRESH on entity se1app.applicationcore.accountcomponent.Account: select account0_.id as id1_0_1_, account0_.account_number as account_2_0_1_, account0_.balance as balance3_0_1_, account0_.branch_id as branch_i4_0_1_, booking1_.account_number as account_5_1_3_, booking1_.id as id1_1_3_, booking1_.id as id1_1_0_, booking1_.account_id as account_4_1_0_, booking1_.betrag as betrag2_1_0_, booking1_.identification_number as identifi3_1_0_ from account account0_ left outer join booking_position booking1_ on account0_.id=booking1_.account_number where account0_.id=?
22:05:21.604 [Test worker] DEBUG org.hibernate.persister.entity.AbstractEntityPersister - Static SQL for entity: se1app.applicationcore.branchcomponent.Branch
22:05:21.604 [Test worker] DEBUG org.hibernate.persister.entity.AbstractEntityPersister -  Version select: select id from branch where id =?
22:05:21.604 [Test worker] DEBUG org.hibernate.persister.entity.AbstractEntityPersister -  Snapshot select: select branch_.id, branch_.bookings_quantity as bookings2_2_, branch_.branch_number as branch_n3_2_ from branch branch_ where branch_.id=?
22:05:21.604 [Test worker] DEBUG org.hibernate.persister.entity.AbstractEntityPersister -  Insert 0: insert into branch (bookings_quantity, branch_number, id) values (?, ?, ?)
22:05:21.604 [Test worker] DEBUG org.hibernate.persister.entity.AbstractEntityPersister -  Update 0: update branch set bookings_quantity=?, branch_number=? where id=?
22:05:21.604 [Test worker] DEBUG org.hibernate.persister.entity.AbstractEntityPersister -  Delete 0: delete from branch where id=?
22:05:21.604 [Test worker] DEBUG org.hibernate.persister.entity.AbstractEntityPersister -  Identity insert: insert into branch (id, bookings_quantity, branch_number) values (null, ?, ?)
22:05:21.605 [Test worker] DEBUG org.hibernate.loader.plan.build.internal.spaces.QuerySpacesImpl - Adding QuerySpace : uid = <gen:0> -> org.hibernate.loader.plan.build.internal.spaces.EntityQuerySpaceImpl@62615227]
22:05:21.605 [Test worker] DEBUG org.hibernate.persister.walking.spi.MetamodelGraphWalker - Visiting attribute path : bookingsQuantity
22:05:21.605 [Test worker] DEBUG org.hibernate.persister.walking.spi.MetamodelGraphWalker - Visiting attribute path : branchNumber
22:05:21.605 [Test worker] DEBUG org.hibernate.loader.plan.build.internal.FetchStyleLoadPlanBuildingAssociationVisitationStrategy - Building LoadPlan...
22:05:21.605 [Test worker] DEBUG org.hibernate.loader.plan.exec.internal.LoadQueryJoinAndFetchProcessor - processing queryspace <gen:0>
22:05:21.607 [Test worker] DEBUG org.hibernate.loader.plan.build.spi.LoadPlanTreePrinter - LoadPlan(entity=se1app.applicationcore.branchcomponent.Branch)
    - Returns
       - EntityReturnImpl(entity=se1app.applicationcore.branchcomponent.Branch, querySpaceUid=<gen:0>, path=se1app.applicationcore.branchcomponent.Branch)
    - QuerySpaces
       - EntityQuerySpaceImpl(uid=<gen:0>, entity=se1app.applicationcore.branchcomponent.Branch)
          - SQL table alias mapping - branch0_
          - alias suffix - 0_
          - suffixed key columns - {id1_2_0_}

22:05:21.608 [Test worker] DEBUG org.hibernate.loader.entity.plan.EntityLoader - Static select for entity se1app.applicationcore.branchcomponent.Branch [NONE]: select branch0_.id as id1_2_0_, branch0_.bookings_quantity as bookings2_2_0_, branch0_.branch_number as branch_n3_2_0_ from branch branch0_ where branch0_.id=?
22:05:21.608 [Test worker] DEBUG org.hibernate.loader.plan.build.internal.spaces.QuerySpacesImpl - Adding QuerySpace : uid = <gen:0> -> org.hibernate.loader.plan.build.internal.spaces.EntityQuerySpaceImpl@3f4bd1f2]
22:05:21.608 [Test worker] DEBUG org.hibernate.persister.walking.spi.MetamodelGraphWalker - Visiting attribute path : bookingsQuantity
22:05:21.608 [Test worker] DEBUG org.hibernate.persister.walking.spi.MetamodelGraphWalker - Visiting attribute path : branchNumber
22:05:21.608 [Test worker] DEBUG org.hibernate.loader.plan.build.internal.FetchStyleLoadPlanBuildingAssociationVisitationStrategy - Building LoadPlan...
22:05:21.608 [Test worker] DEBUG org.hibernate.loader.plan.exec.internal.LoadQueryJoinAndFetchProcessor - processing queryspace <gen:0>
22:05:21.609 [Test worker] DEBUG org.hibernate.loader.plan.build.spi.LoadPlanTreePrinter - LoadPlan(entity=se1app.applicationcore.branchcomponent.Branch)
    - Returns
       - EntityReturnImpl(entity=se1app.applicationcore.branchcomponent.Branch, querySpaceUid=<gen:0>, path=se1app.applicationcore.branchcomponent.Branch)
    - QuerySpaces
       - EntityQuerySpaceImpl(uid=<gen:0>, entity=se1app.applicationcore.branchcomponent.Branch)
          - SQL table alias mapping - branch0_
          - alias suffix - 0_
          - suffixed key columns - {id1_2_0_}

22:05:21.609 [Test worker] DEBUG org.hibernate.loader.entity.plan.EntityLoader - Static select for entity se1app.applicationcore.branchcomponent.Branch [READ]: select branch0_.id as id1_2_0_, branch0_.bookings_quantity as bookings2_2_0_, branch0_.branch_number as branch_n3_2_0_ from branch branch0_ where branch0_.id=?
22:05:21.609 [Test worker] DEBUG org.hibernate.loader.plan.build.internal.spaces.QuerySpacesImpl - Adding QuerySpace : uid = <gen:0> -> org.hibernate.loader.plan.build.internal.spaces.EntityQuerySpaceImpl@6051d7b4]
22:05:21.609 [Test worker] DEBUG org.hibernate.persister.walking.spi.MetamodelGraphWalker - Visiting attribute path : bookingsQuantity
22:05:21.609 [Test worker] DEBUG org.hibernate.persister.walking.spi.MetamodelGraphWalker - Visiting attribute path : branchNumber
22:05:21.609 [Test worker] DEBUG org.hibernate.loader.plan.build.internal.FetchStyleLoadPlanBuildingAssociationVisitationStrategy - Building LoadPlan...
22:05:21.609 [Test worker] DEBUG org.hibernate.loader.plan.exec.internal.LoadQueryJoinAndFetchProcessor - processing queryspace <gen:0>
22:05:21.609 [Test worker] DEBUG org.hibernate.loader.plan.build.spi.LoadPlanTreePrinter - LoadPlan(entity=se1app.applicationcore.branchcomponent.Branch)
    - Returns
       - EntityReturnImpl(entity=se1app.applicationcore.branchcomponent.Branch, querySpaceUid=<gen:0>, path=se1app.applicationcore.branchcomponent.Branch)
    - QuerySpaces
       - EntityQuerySpaceImpl(uid=<gen:0>, entity=se1app.applicationcore.branchcomponent.Branch)
          - SQL table alias mapping - branch0_
          - alias suffix - 0_
          - suffixed key columns - {id1_2_0_}

22:05:21.609 [Test worker] DEBUG org.hibernate.loader.entity.plan.EntityLoader - Static select for entity se1app.applicationcore.branchcomponent.Branch [UPGRADE]: select branch0_.id as id1_2_0_, branch0_.bookings_quantity as bookings2_2_0_, branch0_.branch_number as branch_n3_2_0_ from branch branch0_ where branch0_.id=? for update
22:05:21.609 [Test worker] DEBUG org.hibernate.loader.plan.build.internal.spaces.QuerySpacesImpl - Adding QuerySpace : uid = <gen:0> -> org.hibernate.loader.plan.build.internal.spaces.EntityQuerySpaceImpl@52c5daee]
22:05:21.609 [Test worker] DEBUG org.hibernate.persister.walking.spi.MetamodelGraphWalker - Visiting attribute path : bookingsQuantity
22:05:21.609 [Test worker] DEBUG org.hibernate.persister.walking.spi.MetamodelGraphWalker - Visiting attribute path : branchNumber
22:05:21.609 [Test worker] DEBUG org.hibernate.loader.plan.build.internal.FetchStyleLoadPlanBuildingAssociationVisitationStrategy - Building LoadPlan...
22:05:21.610 [Test worker] DEBUG org.hibernate.loader.plan.exec.internal.LoadQueryJoinAndFetchProcessor - processing queryspace <gen:0>
22:05:21.610 [Test worker] DEBUG org.hibernate.loader.plan.build.spi.LoadPlanTreePrinter - LoadPlan(entity=se1app.applicationcore.branchcomponent.Branch)
    - Returns
       - EntityReturnImpl(entity=se1app.applicationcore.branchcomponent.Branch, querySpaceUid=<gen:0>, path=se1app.applicationcore.branchcomponent.Branch)
    - QuerySpaces
       - EntityQuerySpaceImpl(uid=<gen:0>, entity=se1app.applicationcore.branchcomponent.Branch)
          - SQL table alias mapping - branch0_
          - alias suffix - 0_
          - suffixed key columns - {id1_2_0_}

22:05:21.610 [Test worker] DEBUG org.hibernate.loader.entity.plan.EntityLoader - Static select for entity se1app.applicationcore.branchcomponent.Branch [UPGRADE_NOWAIT]: select branch0_.id as id1_2_0_, branch0_.bookings_quantity as bookings2_2_0_, branch0_.branch_number as branch_n3_2_0_ from branch branch0_ where branch0_.id=? for update
22:05:21.610 [Test worker] DEBUG org.hibernate.loader.plan.build.internal.spaces.QuerySpacesImpl - Adding QuerySpace : uid = <gen:0> -> org.hibernate.loader.plan.build.internal.spaces.EntityQuerySpaceImpl@7e2bab5c]
22:05:21.610 [Test worker] DEBUG org.hibernate.persister.walking.spi.MetamodelGraphWalker - Visiting attribute path : bookingsQuantity
22:05:21.610 [Test worker] DEBUG org.hibernate.persister.walking.spi.MetamodelGraphWalker - Visiting attribute path : branchNumber
22:05:21.610 [Test worker] DEBUG org.hibernate.loader.plan.build.internal.FetchStyleLoadPlanBuildingAssociationVisitationStrategy - Building LoadPlan...
22:05:21.610 [Test worker] DEBUG org.hibernate.loader.plan.exec.internal.LoadQueryJoinAndFetchProcessor - processing queryspace <gen:0>
22:05:21.610 [Test worker] DEBUG org.hibernate.loader.plan.build.spi.LoadPlanTreePrinter - LoadPlan(entity=se1app.applicationcore.branchcomponent.Branch)
    - Returns
       - EntityReturnImpl(entity=se1app.applicationcore.branchcomponent.Branch, querySpaceUid=<gen:0>, path=se1app.applicationcore.branchcomponent.Branch)
    - QuerySpaces
       - EntityQuerySpaceImpl(uid=<gen:0>, entity=se1app.applicationcore.branchcomponent.Branch)
          - SQL table alias mapping - branch0_
          - alias suffix - 0_
          - suffixed key columns - {id1_2_0_}

22:05:21.610 [Test worker] DEBUG org.hibernate.loader.entity.plan.EntityLoader - Static select for entity se1app.applicationcore.branchcomponent.Branch [UPGRADE_SKIPLOCKED]: select branch0_.id as id1_2_0_, branch0_.bookings_quantity as bookings2_2_0_, branch0_.branch_number as branch_n3_2_0_ from branch branch0_ where branch0_.id=? for update
22:05:21.610 [Test worker] DEBUG org.hibernate.loader.plan.build.internal.spaces.QuerySpacesImpl - Adding QuerySpace : uid = <gen:0> -> org.hibernate.loader.plan.build.internal.spaces.EntityQuerySpaceImpl@33dd6d4b]
22:05:21.611 [Test worker] DEBUG org.hibernate.persister.walking.spi.MetamodelGraphWalker - Visiting attribute path : bookingsQuantity
22:05:21.611 [Test worker] DEBUG org.hibernate.persister.walking.spi.MetamodelGraphWalker - Visiting attribute path : branchNumber
22:05:21.611 [Test worker] DEBUG org.hibernate.loader.plan.build.internal.FetchStyleLoadPlanBuildingAssociationVisitationStrategy - Building LoadPlan...
22:05:21.611 [Test worker] DEBUG org.hibernate.loader.plan.exec.internal.LoadQueryJoinAndFetchProcessor - processing queryspace <gen:0>
22:05:21.611 [Test worker] DEBUG org.hibernate.loader.plan.build.spi.LoadPlanTreePrinter - LoadPlan(entity=se1app.applicationcore.branchcomponent.Branch)
    - Returns
       - EntityReturnImpl(entity=se1app.applicationcore.branchcomponent.Branch, querySpaceUid=<gen:0>, path=se1app.applicationcore.branchcomponent.Branch)
    - QuerySpaces
       - EntityQuerySpaceImpl(uid=<gen:0>, entity=se1app.applicationcore.branchcomponent.Branch)
          - SQL table alias mapping - branch0_
          - alias suffix - 0_
          - suffixed key columns - {id1_2_0_}

22:05:21.611 [Test worker] DEBUG org.hibernate.loader.entity.plan.EntityLoader - Static select for entity se1app.applicationcore.branchcomponent.Branch [FORCE]: select branch0_.id as id1_2_0_, branch0_.bookings_quantity as bookings2_2_0_, branch0_.branch_number as branch_n3_2_0_ from branch branch0_ where branch0_.id=? for update
22:05:21.611 [Test worker] DEBUG org.hibernate.loader.plan.build.internal.spaces.QuerySpacesImpl - Adding QuerySpace : uid = <gen:0> -> org.hibernate.loader.plan.build.internal.spaces.EntityQuerySpaceImpl@496b8388]
22:05:21.611 [Test worker] DEBUG org.hibernate.persister.walking.spi.MetamodelGraphWalker - Visiting attribute path : bookingsQuantity
22:05:21.611 [Test worker] DEBUG org.hibernate.persister.walking.spi.MetamodelGraphWalker - Visiting attribute path : branchNumber
22:05:21.611 [Test worker] DEBUG org.hibernate.loader.plan.build.internal.FetchStyleLoadPlanBuildingAssociationVisitationStrategy - Building LoadPlan...
22:05:21.611 [Test worker] DEBUG org.hibernate.loader.plan.exec.internal.LoadQueryJoinAndFetchProcessor - processing queryspace <gen:0>
22:05:21.612 [Test worker] DEBUG org.hibernate.loader.plan.build.spi.LoadPlanTreePrinter - LoadPlan(entity=se1app.applicationcore.branchcomponent.Branch)
    - Returns
       - EntityReturnImpl(entity=se1app.applicationcore.branchcomponent.Branch, querySpaceUid=<gen:0>, path=se1app.applicationcore.branchcomponent.Branch)
    - QuerySpaces
       - EntityQuerySpaceImpl(uid=<gen:0>, entity=se1app.applicationcore.branchcomponent.Branch)
          - SQL table alias mapping - branch0_
          - alias suffix - 0_
          - suffixed key columns - {id1_2_0_}

22:05:21.612 [Test worker] DEBUG org.hibernate.loader.entity.plan.EntityLoader - Static select for entity se1app.applicationcore.branchcomponent.Branch [PESSIMISTIC_READ]: select branch0_.id as id1_2_0_, branch0_.bookings_quantity as bookings2_2_0_, branch0_.branch_number as branch_n3_2_0_ from branch branch0_ where branch0_.id=? for update
22:05:21.612 [Test worker] DEBUG org.hibernate.loader.plan.build.internal.spaces.QuerySpacesImpl - Adding QuerySpace : uid = <gen:0> -> org.hibernate.loader.plan.build.internal.spaces.EntityQuerySpaceImpl@4001dbbb]
22:05:21.612 [Test worker] DEBUG org.hibernate.persister.walking.spi.MetamodelGraphWalker - Visiting attribute path : bookingsQuantity
22:05:21.612 [Test worker] DEBUG org.hibernate.persister.walking.spi.MetamodelGraphWalker - Visiting attribute path : branchNumber
22:05:21.612 [Test worker] DEBUG org.hibernate.loader.plan.build.internal.FetchStyleLoadPlanBuildingAssociationVisitationStrategy - Building LoadPlan...
22:05:21.612 [Test worker] DEBUG org.hibernate.loader.plan.exec.internal.LoadQueryJoinAndFetchProcessor - processing queryspace <gen:0>
22:05:21.612 [Test worker] DEBUG org.hibernate.loader.plan.build.spi.LoadPlanTreePrinter - LoadPlan(entity=se1app.applicationcore.branchcomponent.Branch)
    - Returns
       - EntityReturnImpl(entity=se1app.applicationcore.branchcomponent.Branch, querySpaceUid=<gen:0>, path=se1app.applicationcore.branchcomponent.Branch)
    - QuerySpaces
       - EntityQuerySpaceImpl(uid=<gen:0>, entity=se1app.applicationcore.branchcomponent.Branch)
          - SQL table alias mapping - branch0_
          - alias suffix - 0_
          - suffixed key columns - {id1_2_0_}

22:05:21.612 [Test worker] DEBUG org.hibernate.loader.entity.plan.EntityLoader - Static select for entity se1app.applicationcore.branchcomponent.Branch [PESSIMISTIC_WRITE]: select branch0_.id as id1_2_0_, branch0_.bookings_quantity as bookings2_2_0_, branch0_.branch_number as branch_n3_2_0_ from branch branch0_ where branch0_.id=? for update
22:05:21.612 [Test worker] DEBUG org.hibernate.loader.plan.build.internal.spaces.QuerySpacesImpl - Adding QuerySpace : uid = <gen:0> -> org.hibernate.loader.plan.build.internal.spaces.EntityQuerySpaceImpl@72db102b]
22:05:21.612 [Test worker] DEBUG org.hibernate.persister.walking.spi.MetamodelGraphWalker - Visiting attribute path : bookingsQuantity
22:05:21.612 [Test worker] DEBUG org.hibernate.persister.walking.spi.MetamodelGraphWalker - Visiting attribute path : branchNumber
22:05:21.613 [Test worker] DEBUG org.hibernate.loader.plan.build.internal.FetchStyleLoadPlanBuildingAssociationVisitationStrategy - Building LoadPlan...
22:05:21.613 [Test worker] DEBUG org.hibernate.loader.plan.exec.internal.LoadQueryJoinAndFetchProcessor - processing queryspace <gen:0>
22:05:21.613 [Test worker] DEBUG org.hibernate.loader.plan.build.spi.LoadPlanTreePrinter - LoadPlan(entity=se1app.applicationcore.branchcomponent.Branch)
    - Returns
       - EntityReturnImpl(entity=se1app.applicationcore.branchcomponent.Branch, querySpaceUid=<gen:0>, path=se1app.applicationcore.branchcomponent.Branch)
    - QuerySpaces
       - EntityQuerySpaceImpl(uid=<gen:0>, entity=se1app.applicationcore.branchcomponent.Branch)
          - SQL table alias mapping - branch0_
          - alias suffix - 0_
          - suffixed key columns - {id1_2_0_}

22:05:21.613 [Test worker] DEBUG org.hibernate.loader.entity.plan.EntityLoader - Static select for entity se1app.applicationcore.branchcomponent.Branch [PESSIMISTIC_FORCE_INCREMENT]: select branch0_.id as id1_2_0_, branch0_.bookings_quantity as bookings2_2_0_, branch0_.branch_number as branch_n3_2_0_ from branch branch0_ where branch0_.id=? for update
22:05:21.613 [Test worker] DEBUG org.hibernate.loader.plan.build.internal.spaces.QuerySpacesImpl - Adding QuerySpace : uid = <gen:0> -> org.hibernate.loader.plan.build.internal.spaces.EntityQuerySpaceImpl@561b601b]
22:05:21.613 [Test worker] DEBUG org.hibernate.persister.walking.spi.MetamodelGraphWalker - Visiting attribute path : bookingsQuantity
22:05:21.613 [Test worker] DEBUG org.hibernate.persister.walking.spi.MetamodelGraphWalker - Visiting attribute path : branchNumber
22:05:21.613 [Test worker] DEBUG org.hibernate.loader.plan.build.internal.FetchStyleLoadPlanBuildingAssociationVisitationStrategy - Building LoadPlan...
22:05:21.614 [Test worker] DEBUG org.hibernate.loader.plan.exec.internal.LoadQueryJoinAndFetchProcessor - processing queryspace <gen:0>
22:05:21.615 [Test worker] DEBUG org.hibernate.loader.plan.build.spi.LoadPlanTreePrinter - LoadPlan(entity=se1app.applicationcore.branchcomponent.Branch)
    - Returns
       - EntityReturnImpl(entity=se1app.applicationcore.branchcomponent.Branch, querySpaceUid=<gen:0>, path=se1app.applicationcore.branchcomponent.Branch)
    - QuerySpaces
       - EntityQuerySpaceImpl(uid=<gen:0>, entity=se1app.applicationcore.branchcomponent.Branch)
          - SQL table alias mapping - branch0_
          - alias suffix - 0_
          - suffixed key columns - {id1_2_0_}

22:05:21.615 [Test worker] DEBUG org.hibernate.loader.entity.plan.EntityLoader - Static select for entity se1app.applicationcore.branchcomponent.Branch [OPTIMISTIC]: select branch0_.id as id1_2_0_, branch0_.bookings_quantity as bookings2_2_0_, branch0_.branch_number as branch_n3_2_0_ from branch branch0_ where branch0_.id=?
22:05:21.615 [Test worker] DEBUG org.hibernate.loader.plan.build.internal.spaces.QuerySpacesImpl - Adding QuerySpace : uid = <gen:0> -> org.hibernate.loader.plan.build.internal.spaces.EntityQuerySpaceImpl@563c0aa5]
22:05:21.615 [Test worker] DEBUG org.hibernate.persister.walking.spi.MetamodelGraphWalker - Visiting attribute path : bookingsQuantity
22:05:21.615 [Test worker] DEBUG org.hibernate.persister.walking.spi.MetamodelGraphWalker - Visiting attribute path : branchNumber
22:05:21.615 [Test worker] DEBUG org.hibernate.loader.plan.build.internal.FetchStyleLoadPlanBuildingAssociationVisitationStrategy - Building LoadPlan...
22:05:21.615 [Test worker] DEBUG org.hibernate.loader.plan.exec.internal.LoadQueryJoinAndFetchProcessor - processing queryspace <gen:0>
22:05:21.615 [Test worker] DEBUG org.hibernate.loader.plan.build.spi.LoadPlanTreePrinter - LoadPlan(entity=se1app.applicationcore.branchcomponent.Branch)
    - Returns
       - EntityReturnImpl(entity=se1app.applicationcore.branchcomponent.Branch, querySpaceUid=<gen:0>, path=se1app.applicationcore.branchcomponent.Branch)
    - QuerySpaces
       - EntityQuerySpaceImpl(uid=<gen:0>, entity=se1app.applicationcore.branchcomponent.Branch)
          - SQL table alias mapping - branch0_
          - alias suffix - 0_
          - suffixed key columns - {id1_2_0_}

22:05:21.616 [Test worker] DEBUG org.hibernate.loader.entity.plan.EntityLoader - Static select for entity se1app.applicationcore.branchcomponent.Branch [OPTIMISTIC_FORCE_INCREMENT]: select branch0_.id as id1_2_0_, branch0_.bookings_quantity as bookings2_2_0_, branch0_.branch_number as branch_n3_2_0_ from branch branch0_ where branch0_.id=?
22:05:21.616 [Test worker] DEBUG org.hibernate.loader.Loader - Static select for action ACTION_MERGE on entity se1app.applicationcore.branchcomponent.Branch: select branch0_.id as id1_2_0_, branch0_.bookings_quantity as bookings2_2_0_, branch0_.branch_number as branch_n3_2_0_ from branch branch0_ where branch0_.id=?
22:05:21.616 [Test worker] DEBUG org.hibernate.loader.Loader - Static select for action ACTION_REFRESH on entity se1app.applicationcore.branchcomponent.Branch: select branch0_.id as id1_2_0_, branch0_.bookings_quantity as bookings2_2_0_, branch0_.branch_number as branch_n3_2_0_ from branch branch0_ where branch0_.id=?
22:05:21.616 [Test worker] DEBUG org.hibernate.persister.entity.AbstractEntityPersister - Static SQL for entity: se1app.applicationcore.accountcomponent.BookingPosition
22:05:21.616 [Test worker] DEBUG org.hibernate.persister.entity.AbstractEntityPersister -  Version select: select id from booking_position where id =?
22:05:21.616 [Test worker] DEBUG org.hibernate.persister.entity.AbstractEntityPersister -  Snapshot select: select bookingpos_.id, bookingpos_.account_id as account_4_1_, bookingpos_.betrag as betrag2_1_, bookingpos_.identification_number as identifi3_1_ from booking_position bookingpos_ where bookingpos_.id=?
22:05:21.616 [Test worker] DEBUG org.hibernate.persister.entity.AbstractEntityPersister -  Insert 0: insert into booking_position (account_id, betrag, identification_number, id) values (?, ?, ?, ?)
22:05:21.616 [Test worker] DEBUG org.hibernate.persister.entity.AbstractEntityPersister -  Update 0: update booking_position set account_id=?, betrag=?, identification_number=? where id=?
22:05:21.616 [Test worker] DEBUG org.hibernate.persister.entity.AbstractEntityPersister -  Delete 0: delete from booking_position where id=?
22:05:21.616 [Test worker] DEBUG org.hibernate.persister.entity.AbstractEntityPersister -  Identity insert: insert into booking_position (id, account_id, betrag, identification_number) values (null, ?, ?, ?)
22:05:21.616 [Test worker] DEBUG org.hibernate.loader.plan.build.internal.spaces.QuerySpacesImpl - Adding QuerySpace : uid = <gen:0> -> org.hibernate.loader.plan.build.internal.spaces.EntityQuerySpaceImpl@e1363af]
22:05:21.616 [Test worker] DEBUG org.hibernate.persister.walking.spi.MetamodelGraphWalker - Visiting attribute path : account
22:05:21.617 [Test worker] DEBUG org.hibernate.loader.plan.build.internal.spaces.QuerySpacesImpl - Adding QuerySpace : uid = <gen:1> -> org.hibernate.loader.plan.build.internal.spaces.EntityQuerySpaceImpl@2426b295]
22:05:21.617 [Test worker] DEBUG org.hibernate.persister.walking.spi.MetamodelGraphWalker - Visiting attribute path : account.accountNumber
22:05:21.617 [Test worker] DEBUG org.hibernate.persister.walking.spi.MetamodelGraphWalker - Visiting attribute path : account.balance
22:05:21.617 [Test worker] DEBUG org.hibernate.persister.walking.spi.MetamodelGraphWalker - Visiting attribute path : account.booking
22:05:21.617 [Test worker] DEBUG org.hibernate.loader.plan.build.internal.spaces.QuerySpacesImpl - Adding QuerySpace : uid = <gen:2> -> org.hibernate.loader.plan.build.internal.spaces.CollectionQuerySpaceImpl@1c1684d8]
22:05:21.617 [Test worker] DEBUG org.hibernate.loader.plan.build.internal.spaces.QuerySpacesImpl - Adding QuerySpace : uid = <gen:3> -> org.hibernate.loader.plan.build.internal.spaces.EntityQuerySpaceImpl@41e82784]
22:05:21.617 [Test worker] DEBUG org.hibernate.persister.walking.spi.MetamodelGraphWalker - Visiting attribute path : account.branch
22:05:21.617 [Test worker] DEBUG org.hibernate.loader.plan.build.internal.spaces.QuerySpacesImpl - Adding QuerySpace : uid = <gen:4> -> org.hibernate.loader.plan.build.internal.spaces.EntityQuerySpaceImpl@50cb8736]
22:05:21.617 [Test worker] DEBUG org.hibernate.persister.walking.spi.MetamodelGraphWalker - Visiting attribute path : account.branch.bookingsQuantity
22:05:21.617 [Test worker] DEBUG org.hibernate.persister.walking.spi.MetamodelGraphWalker - Visiting attribute path : account.branch.branchNumber
22:05:21.617 [Test worker] DEBUG org.hibernate.persister.walking.spi.MetamodelGraphWalker - Visiting attribute path : betrag
22:05:21.617 [Test worker] DEBUG org.hibernate.persister.walking.spi.MetamodelGraphWalker - Visiting attribute path : identificationNumber
22:05:21.617 [Test worker] DEBUG org.hibernate.loader.plan.build.internal.FetchStyleLoadPlanBuildingAssociationVisitationStrategy - Building LoadPlan...
22:05:21.617 [Test worker] DEBUG org.hibernate.loader.plan.exec.internal.LoadQueryJoinAndFetchProcessor - processing queryspace <gen:0>
22:05:21.618 [Test worker] DEBUG org.hibernate.loader.plan.build.spi.LoadPlanTreePrinter - LoadPlan(entity=se1app.applicationcore.accountcomponent.BookingPosition)
    - Returns
       - EntityReturnImpl(entity=se1app.applicationcore.accountcomponent.BookingPosition, querySpaceUid=<gen:0>, path=se1app.applicationcore.accountcomponent.BookingPosition)
          - EntityAttributeFetchImpl(entity=se1app.applicationcore.accountcomponent.Account, querySpaceUid=<gen:1>, path=se1app.applicationcore.accountcomponent.BookingPosition.account)
             - CollectionAttributeFetchImpl(collection=se1app.applicationcore.accountcomponent.Account.booking, querySpaceUid=<gen:2>, path=se1app.applicationcore.accountcomponent.BookingPosition.account.booking)
                - (collection element) CollectionFetchableElementEntityGraph(entity=se1app.applicationcore.accountcomponent.BookingPosition, querySpaceUid=<gen:3>, path=se1app.applicationcore.accountcomponent.BookingPosition.account.booking.<elements>)
             - EntityAttributeFetchImpl(entity=se1app.applicationcore.branchcomponent.Branch, querySpaceUid=<gen:4>, path=se1app.applicationcore.accountcomponent.BookingPosition.account.branch)
    - QuerySpaces
       - EntityQuerySpaceImpl(uid=<gen:0>, entity=se1app.applicationcore.accountcomponent.BookingPosition)
          - SQL table alias mapping - bookingpos0_
          - alias suffix - 0_
          - suffixed key columns - {id1_1_0_}
          - JOIN (JoinDefinedByMetadata(account)) : <gen:0> -> <gen:1>
             - EntityQuerySpaceImpl(uid=<gen:1>, entity=se1app.applicationcore.accountcomponent.Account)
                - SQL table alias mapping - account1_
                - alias suffix - 1_
                - suffixed key columns - {id1_0_1_}
                - JOIN (JoinDefinedByMetadata(branch)) : <gen:1> -> <gen:4>
                   - EntityQuerySpaceImpl(uid=<gen:4>, entity=se1app.applicationcore.branchcomponent.Branch)
                      - SQL table alias mapping - branch2_
                      - alias suffix - 2_
                      - suffixed key columns - {id1_2_2_}

22:05:21.620 [Test worker] DEBUG org.hibernate.loader.entity.plan.EntityLoader - Static select for entity se1app.applicationcore.accountcomponent.BookingPosition [NONE]: select bookingpos0_.id as id1_1_0_, bookingpos0_.account_id as account_4_1_0_, bookingpos0_.betrag as betrag2_1_0_, bookingpos0_.identification_number as identifi3_1_0_, account1_.id as id1_0_1_, account1_.account_number as account_2_0_1_, account1_.balance as balance3_0_1_, account1_.branch_id as branch_i4_0_1_, branch2_.id as id1_2_2_, branch2_.bookings_quantity as bookings2_2_2_, branch2_.branch_number as branch_n3_2_2_ from booking_position bookingpos0_ left outer join account account1_ on bookingpos0_.account_id=account1_.id left outer join branch branch2_ on account1_.branch_id=branch2_.id where bookingpos0_.id=?
22:05:21.620 [Test worker] DEBUG org.hibernate.loader.plan.build.internal.spaces.QuerySpacesImpl - Adding QuerySpace : uid = <gen:0> -> org.hibernate.loader.plan.build.internal.spaces.EntityQuerySpaceImpl@1db98822]
22:05:21.620 [Test worker] DEBUG org.hibernate.persister.walking.spi.MetamodelGraphWalker - Visiting attribute path : account
22:05:21.620 [Test worker] DEBUG org.hibernate.loader.plan.build.internal.spaces.QuerySpacesImpl - Adding QuerySpace : uid = <gen:1> -> org.hibernate.loader.plan.build.internal.spaces.EntityQuerySpaceImpl@11139eba]
22:05:21.620 [Test worker] DEBUG org.hibernate.persister.walking.spi.MetamodelGraphWalker - Visiting attribute path : account.accountNumber
22:05:21.620 [Test worker] DEBUG org.hibernate.persister.walking.spi.MetamodelGraphWalker - Visiting attribute path : account.balance
22:05:21.620 [Test worker] DEBUG org.hibernate.persister.walking.spi.MetamodelGraphWalker - Visiting attribute path : account.booking
22:05:21.620 [Test worker] DEBUG org.hibernate.loader.plan.build.internal.spaces.QuerySpacesImpl - Adding QuerySpace : uid = <gen:2> -> org.hibernate.loader.plan.build.internal.spaces.CollectionQuerySpaceImpl@7af1a2f9]
22:05:21.620 [Test worker] DEBUG org.hibernate.loader.plan.build.internal.spaces.QuerySpacesImpl - Adding QuerySpace : uid = <gen:3> -> org.hibernate.loader.plan.build.internal.spaces.EntityQuerySpaceImpl@d2b6849]
22:05:21.620 [Test worker] DEBUG org.hibernate.persister.walking.spi.MetamodelGraphWalker - Visiting attribute path : account.branch
22:05:21.620 [Test worker] DEBUG org.hibernate.loader.plan.build.internal.spaces.QuerySpacesImpl - Adding QuerySpace : uid = <gen:4> -> org.hibernate.loader.plan.build.internal.spaces.EntityQuerySpaceImpl@40c118]
22:05:21.621 [Test worker] DEBUG org.hibernate.persister.walking.spi.MetamodelGraphWalker - Visiting attribute path : account.branch.bookingsQuantity
22:05:21.621 [Test worker] DEBUG org.hibernate.persister.walking.spi.MetamodelGraphWalker - Visiting attribute path : account.branch.branchNumber
22:05:21.621 [Test worker] DEBUG org.hibernate.persister.walking.spi.MetamodelGraphWalker - Visiting attribute path : betrag
22:05:21.621 [Test worker] DEBUG org.hibernate.persister.walking.spi.MetamodelGraphWalker - Visiting attribute path : identificationNumber
22:05:21.621 [Test worker] DEBUG org.hibernate.loader.plan.build.internal.FetchStyleLoadPlanBuildingAssociationVisitationStrategy - Building LoadPlan...
22:05:21.621 [Test worker] DEBUG org.hibernate.loader.plan.exec.internal.LoadQueryJoinAndFetchProcessor - processing queryspace <gen:0>
22:05:21.622 [Test worker] DEBUG org.hibernate.loader.plan.build.spi.LoadPlanTreePrinter - LoadPlan(entity=se1app.applicationcore.accountcomponent.BookingPosition)
    - Returns
       - EntityReturnImpl(entity=se1app.applicationcore.accountcomponent.BookingPosition, querySpaceUid=<gen:0>, path=se1app.applicationcore.accountcomponent.BookingPosition)
          - EntityAttributeFetchImpl(entity=se1app.applicationcore.accountcomponent.Account, querySpaceUid=<gen:1>, path=se1app.applicationcore.accountcomponent.BookingPosition.account)
             - CollectionAttributeFetchImpl(collection=se1app.applicationcore.accountcomponent.Account.booking, querySpaceUid=<gen:2>, path=se1app.applicationcore.accountcomponent.BookingPosition.account.booking)
                - (collection element) CollectionFetchableElementEntityGraph(entity=se1app.applicationcore.accountcomponent.BookingPosition, querySpaceUid=<gen:3>, path=se1app.applicationcore.accountcomponent.BookingPosition.account.booking.<elements>)
             - EntityAttributeFetchImpl(entity=se1app.applicationcore.branchcomponent.Branch, querySpaceUid=<gen:4>, path=se1app.applicationcore.accountcomponent.BookingPosition.account.branch)
    - QuerySpaces
       - EntityQuerySpaceImpl(uid=<gen:0>, entity=se1app.applicationcore.accountcomponent.BookingPosition)
          - SQL table alias mapping - bookingpos0_
          - alias suffix - 0_
          - suffixed key columns - {id1_1_0_}
          - JOIN (JoinDefinedByMetadata(account)) : <gen:0> -> <gen:1>
             - EntityQuerySpaceImpl(uid=<gen:1>, entity=se1app.applicationcore.accountcomponent.Account)
                - SQL table alias mapping - account1_
                - alias suffix - 1_
                - suffixed key columns - {id1_0_1_}
                - JOIN (JoinDefinedByMetadata(branch)) : <gen:1> -> <gen:4>
                   - EntityQuerySpaceImpl(uid=<gen:4>, entity=se1app.applicationcore.branchcomponent.Branch)
                      - SQL table alias mapping - branch2_
                      - alias suffix - 2_
                      - suffixed key columns - {id1_2_2_}

22:05:21.622 [Test worker] DEBUG org.hibernate.loader.entity.plan.EntityLoader - Static select for entity se1app.applicationcore.accountcomponent.BookingPosition [READ]: select bookingpos0_.id as id1_1_0_, bookingpos0_.account_id as account_4_1_0_, bookingpos0_.betrag as betrag2_1_0_, bookingpos0_.identification_number as identifi3_1_0_, account1_.id as id1_0_1_, account1_.account_number as account_2_0_1_, account1_.balance as balance3_0_1_, account1_.branch_id as branch_i4_0_1_, branch2_.id as id1_2_2_, branch2_.bookings_quantity as bookings2_2_2_, branch2_.branch_number as branch_n3_2_2_ from booking_position bookingpos0_ left outer join account account1_ on bookingpos0_.account_id=account1_.id left outer join branch branch2_ on account1_.branch_id=branch2_.id where bookingpos0_.id=?
22:05:21.622 [Test worker] DEBUG org.hibernate.loader.plan.build.internal.spaces.QuerySpacesImpl - Adding QuerySpace : uid = <gen:0> -> org.hibernate.loader.plan.build.internal.spaces.EntityQuerySpaceImpl@1a5d3685]
22:05:21.622 [Test worker] DEBUG org.hibernate.persister.walking.spi.MetamodelGraphWalker - Visiting attribute path : account
22:05:21.622 [Test worker] DEBUG org.hibernate.loader.plan.build.internal.spaces.QuerySpacesImpl - Adding QuerySpace : uid = <gen:1> -> org.hibernate.loader.plan.build.internal.spaces.EntityQuerySpaceImpl@4aac3c32]
22:05:21.622 [Test worker] DEBUG org.hibernate.persister.walking.spi.MetamodelGraphWalker - Visiting attribute path : betrag
22:05:21.622 [Test worker] DEBUG org.hibernate.persister.walking.spi.MetamodelGraphWalker - Visiting attribute path : identificationNumber
22:05:21.622 [Test worker] DEBUG org.hibernate.loader.plan.build.internal.FetchStyleLoadPlanBuildingAssociationVisitationStrategy - Building LoadPlan...
22:05:21.622 [Test worker] DEBUG org.hibernate.loader.plan.exec.internal.LoadQueryJoinAndFetchProcessor - processing queryspace <gen:0>
22:05:21.622 [Test worker] DEBUG org.hibernate.loader.plan.build.spi.LoadPlanTreePrinter - LoadPlan(entity=se1app.applicationcore.accountcomponent.BookingPosition)
    - Returns
       - EntityReturnImpl(entity=se1app.applicationcore.accountcomponent.BookingPosition, querySpaceUid=<gen:0>, path=se1app.applicationcore.accountcomponent.BookingPosition)
          - EntityAttributeFetchImpl(entity=se1app.applicationcore.accountcomponent.Account, querySpaceUid=<gen:1>, path=se1app.applicationcore.accountcomponent.BookingPosition.account)
    - QuerySpaces
       - EntityQuerySpaceImpl(uid=<gen:0>, entity=se1app.applicationcore.accountcomponent.BookingPosition)
          - SQL table alias mapping - bookingpos0_
          - alias suffix - 0_
          - suffixed key columns - {id1_1_0_}

22:05:21.623 [Test worker] DEBUG org.hibernate.loader.entity.plan.EntityLoader - Static select for entity se1app.applicationcore.accountcomponent.BookingPosition [UPGRADE]: select bookingpos0_.id as id1_1_0_, bookingpos0_.account_id as account_4_1_0_, bookingpos0_.betrag as betrag2_1_0_, bookingpos0_.identification_number as identifi3_1_0_ from booking_position bookingpos0_ where bookingpos0_.id=? for update
22:05:21.623 [Test worker] DEBUG org.hibernate.loader.plan.build.internal.spaces.QuerySpacesImpl - Adding QuerySpace : uid = <gen:0> -> org.hibernate.loader.plan.build.internal.spaces.EntityQuerySpaceImpl@42d51b17]
22:05:21.623 [Test worker] DEBUG org.hibernate.persister.walking.spi.MetamodelGraphWalker - Visiting attribute path : account
22:05:21.623 [Test worker] DEBUG org.hibernate.loader.plan.build.internal.spaces.QuerySpacesImpl - Adding QuerySpace : uid = <gen:1> -> org.hibernate.loader.plan.build.internal.spaces.EntityQuerySpaceImpl@6e97b10c]
22:05:21.623 [Test worker] DEBUG org.hibernate.persister.walking.spi.MetamodelGraphWalker - Visiting attribute path : betrag
22:05:21.623 [Test worker] DEBUG org.hibernate.persister.walking.spi.MetamodelGraphWalker - Visiting attribute path : identificationNumber
22:05:21.623 [Test worker] DEBUG org.hibernate.loader.plan.build.internal.FetchStyleLoadPlanBuildingAssociationVisitationStrategy - Building LoadPlan...
22:05:21.623 [Test worker] DEBUG org.hibernate.loader.plan.exec.internal.LoadQueryJoinAndFetchProcessor - processing queryspace <gen:0>
22:05:21.623 [Test worker] DEBUG org.hibernate.loader.plan.build.spi.LoadPlanTreePrinter - LoadPlan(entity=se1app.applicationcore.accountcomponent.BookingPosition)
    - Returns
       - EntityReturnImpl(entity=se1app.applicationcore.accountcomponent.BookingPosition, querySpaceUid=<gen:0>, path=se1app.applicationcore.accountcomponent.BookingPosition)
          - EntityAttributeFetchImpl(entity=se1app.applicationcore.accountcomponent.Account, querySpaceUid=<gen:1>, path=se1app.applicationcore.accountcomponent.BookingPosition.account)
    - QuerySpaces
       - EntityQuerySpaceImpl(uid=<gen:0>, entity=se1app.applicationcore.accountcomponent.BookingPosition)
          - SQL table alias mapping - bookingpos0_
          - alias suffix - 0_
          - suffixed key columns - {id1_1_0_}

22:05:21.623 [Test worker] DEBUG org.hibernate.loader.entity.plan.EntityLoader - Static select for entity se1app.applicationcore.accountcomponent.BookingPosition [UPGRADE_NOWAIT]: select bookingpos0_.id as id1_1_0_, bookingpos0_.account_id as account_4_1_0_, bookingpos0_.betrag as betrag2_1_0_, bookingpos0_.identification_number as identifi3_1_0_ from booking_position bookingpos0_ where bookingpos0_.id=? for update
22:05:21.623 [Test worker] DEBUG org.hibernate.loader.plan.build.internal.spaces.QuerySpacesImpl - Adding QuerySpace : uid = <gen:0> -> org.hibernate.loader.plan.build.internal.spaces.EntityQuerySpaceImpl@45f15d40]
22:05:21.623 [Test worker] DEBUG org.hibernate.persister.walking.spi.MetamodelGraphWalker - Visiting attribute path : account
22:05:21.624 [Test worker] DEBUG org.hibernate.loader.plan.build.internal.spaces.QuerySpacesImpl - Adding QuerySpace : uid = <gen:1> -> org.hibernate.loader.plan.build.internal.spaces.EntityQuerySpaceImpl@61b1532a]
22:05:21.624 [Test worker] DEBUG org.hibernate.persister.walking.spi.MetamodelGraphWalker - Visiting attribute path : betrag
22:05:21.624 [Test worker] DEBUG org.hibernate.persister.walking.spi.MetamodelGraphWalker - Visiting attribute path : identificationNumber
22:05:21.624 [Test worker] DEBUG org.hibernate.loader.plan.build.internal.FetchStyleLoadPlanBuildingAssociationVisitationStrategy - Building LoadPlan...
22:05:21.624 [Test worker] DEBUG org.hibernate.loader.plan.exec.internal.LoadQueryJoinAndFetchProcessor - processing queryspace <gen:0>
22:05:21.624 [Test worker] DEBUG org.hibernate.loader.plan.build.spi.LoadPlanTreePrinter - LoadPlan(entity=se1app.applicationcore.accountcomponent.BookingPosition)
    - Returns
       - EntityReturnImpl(entity=se1app.applicationcore.accountcomponent.BookingPosition, querySpaceUid=<gen:0>, path=se1app.applicationcore.accountcomponent.BookingPosition)
          - EntityAttributeFetchImpl(entity=se1app.applicationcore.accountcomponent.Account, querySpaceUid=<gen:1>, path=se1app.applicationcore.accountcomponent.BookingPosition.account)
    - QuerySpaces
       - EntityQuerySpaceImpl(uid=<gen:0>, entity=se1app.applicationcore.accountcomponent.BookingPosition)
          - SQL table alias mapping - bookingpos0_
          - alias suffix - 0_
          - suffixed key columns - {id1_1_0_}

22:05:21.624 [Test worker] DEBUG org.hibernate.loader.entity.plan.EntityLoader - Static select for entity se1app.applicationcore.accountcomponent.BookingPosition [UPGRADE_SKIPLOCKED]: select bookingpos0_.id as id1_1_0_, bookingpos0_.account_id as account_4_1_0_, bookingpos0_.betrag as betrag2_1_0_, bookingpos0_.identification_number as identifi3_1_0_ from booking_position bookingpos0_ where bookingpos0_.id=? for update
22:05:21.624 [Test worker] DEBUG org.hibernate.loader.plan.build.internal.spaces.QuerySpacesImpl - Adding QuerySpace : uid = <gen:0> -> org.hibernate.loader.plan.build.internal.spaces.EntityQuerySpaceImpl@327d81c1]
22:05:21.624 [Test worker] DEBUG org.hibernate.persister.walking.spi.MetamodelGraphWalker - Visiting attribute path : account
22:05:21.624 [Test worker] DEBUG org.hibernate.loader.plan.build.internal.spaces.QuerySpacesImpl - Adding QuerySpace : uid = <gen:1> -> org.hibernate.loader.plan.build.internal.spaces.EntityQuerySpaceImpl@657d39c7]
22:05:21.624 [Test worker] DEBUG org.hibernate.persister.walking.spi.MetamodelGraphWalker - Visiting attribute path : betrag
22:05:21.624 [Test worker] DEBUG org.hibernate.persister.walking.spi.MetamodelGraphWalker - Visiting attribute path : identificationNumber
22:05:21.624 [Test worker] DEBUG org.hibernate.loader.plan.build.internal.FetchStyleLoadPlanBuildingAssociationVisitationStrategy - Building LoadPlan...
22:05:21.625 [Test worker] DEBUG org.hibernate.loader.plan.exec.internal.LoadQueryJoinAndFetchProcessor - processing queryspace <gen:0>
22:05:21.625 [Test worker] DEBUG org.hibernate.loader.plan.build.spi.LoadPlanTreePrinter - LoadPlan(entity=se1app.applicationcore.accountcomponent.BookingPosition)
    - Returns
       - EntityReturnImpl(entity=se1app.applicationcore.accountcomponent.BookingPosition, querySpaceUid=<gen:0>, path=se1app.applicationcore.accountcomponent.BookingPosition)
          - EntityAttributeFetchImpl(entity=se1app.applicationcore.accountcomponent.Account, querySpaceUid=<gen:1>, path=se1app.applicationcore.accountcomponent.BookingPosition.account)
    - QuerySpaces
       - EntityQuerySpaceImpl(uid=<gen:0>, entity=se1app.applicationcore.accountcomponent.BookingPosition)
          - SQL table alias mapping - bookingpos0_
          - alias suffix - 0_
          - suffixed key columns - {id1_1_0_}

22:05:21.625 [Test worker] DEBUG org.hibernate.loader.entity.plan.EntityLoader - Static select for entity se1app.applicationcore.accountcomponent.BookingPosition [FORCE]: select bookingpos0_.id as id1_1_0_, bookingpos0_.account_id as account_4_1_0_, bookingpos0_.betrag as betrag2_1_0_, bookingpos0_.identification_number as identifi3_1_0_ from booking_position bookingpos0_ where bookingpos0_.id=? for update
22:05:21.625 [Test worker] DEBUG org.hibernate.loader.plan.build.internal.spaces.QuerySpacesImpl - Adding QuerySpace : uid = <gen:0> -> org.hibernate.loader.plan.build.internal.spaces.EntityQuerySpaceImpl@e3e1e41]
22:05:21.625 [Test worker] DEBUG org.hibernate.persister.walking.spi.MetamodelGraphWalker - Visiting attribute path : account
22:05:21.625 [Test worker] DEBUG org.hibernate.loader.plan.build.internal.spaces.QuerySpacesImpl - Adding QuerySpace : uid = <gen:1> -> org.hibernate.loader.plan.build.internal.spaces.EntityQuerySpaceImpl@63850316]
22:05:21.625 [Test worker] DEBUG org.hibernate.persister.walking.spi.MetamodelGraphWalker - Visiting attribute path : betrag
22:05:21.625 [Test worker] DEBUG org.hibernate.persister.walking.spi.MetamodelGraphWalker - Visiting attribute path : identificationNumber
22:05:21.625 [Test worker] DEBUG org.hibernate.loader.plan.build.internal.FetchStyleLoadPlanBuildingAssociationVisitationStrategy - Building LoadPlan...
22:05:21.625 [Test worker] DEBUG org.hibernate.loader.plan.exec.internal.LoadQueryJoinAndFetchProcessor - processing queryspace <gen:0>
22:05:21.626 [Test worker] DEBUG org.hibernate.loader.plan.build.spi.LoadPlanTreePrinter - LoadPlan(entity=se1app.applicationcore.accountcomponent.BookingPosition)
    - Returns
       - EntityReturnImpl(entity=se1app.applicationcore.accountcomponent.BookingPosition, querySpaceUid=<gen:0>, path=se1app.applicationcore.accountcomponent.BookingPosition)
          - EntityAttributeFetchImpl(entity=se1app.applicationcore.accountcomponent.Account, querySpaceUid=<gen:1>, path=se1app.applicationcore.accountcomponent.BookingPosition.account)
    - QuerySpaces
       - EntityQuerySpaceImpl(uid=<gen:0>, entity=se1app.applicationcore.accountcomponent.BookingPosition)
          - SQL table alias mapping - bookingpos0_
          - alias suffix - 0_
          - suffixed key columns - {id1_1_0_}

22:05:21.626 [Test worker] DEBUG org.hibernate.loader.entity.plan.EntityLoader - Static select for entity se1app.applicationcore.accountcomponent.BookingPosition [PESSIMISTIC_READ]: select bookingpos0_.id as id1_1_0_, bookingpos0_.account_id as account_4_1_0_, bookingpos0_.betrag as betrag2_1_0_, bookingpos0_.identification_number as identifi3_1_0_ from booking_position bookingpos0_ where bookingpos0_.id=? for update
22:05:21.626 [Test worker] DEBUG org.hibernate.loader.plan.build.internal.spaces.QuerySpacesImpl - Adding QuerySpace : uid = <gen:0> -> org.hibernate.loader.plan.build.internal.spaces.EntityQuerySpaceImpl@6fbabda0]
22:05:21.626 [Test worker] DEBUG org.hibernate.persister.walking.spi.MetamodelGraphWalker - Visiting attribute path : account
22:05:21.626 [Test worker] DEBUG org.hibernate.loader.plan.build.internal.spaces.QuerySpacesImpl - Adding QuerySpace : uid = <gen:1> -> org.hibernate.loader.plan.build.internal.spaces.EntityQuerySpaceImpl@5e7a506a]
22:05:21.626 [Test worker] DEBUG org.hibernate.persister.walking.spi.MetamodelGraphWalker - Visiting attribute path : betrag
22:05:21.626 [Test worker] DEBUG org.hibernate.persister.walking.spi.MetamodelGraphWalker - Visiting attribute path : identificationNumber
22:05:21.626 [Test worker] DEBUG org.hibernate.loader.plan.build.internal.FetchStyleLoadPlanBuildingAssociationVisitationStrategy - Building LoadPlan...
22:05:21.626 [Test worker] DEBUG org.hibernate.loader.plan.exec.internal.LoadQueryJoinAndFetchProcessor - processing queryspace <gen:0>
22:05:21.627 [Test worker] DEBUG org.hibernate.loader.plan.build.spi.LoadPlanTreePrinter - LoadPlan(entity=se1app.applicationcore.accountcomponent.BookingPosition)
    - Returns
       - EntityReturnImpl(entity=se1app.applicationcore.accountcomponent.BookingPosition, querySpaceUid=<gen:0>, path=se1app.applicationcore.accountcomponent.BookingPosition)
          - EntityAttributeFetchImpl(entity=se1app.applicationcore.accountcomponent.Account, querySpaceUid=<gen:1>, path=se1app.applicationcore.accountcomponent.BookingPosition.account)
    - QuerySpaces
       - EntityQuerySpaceImpl(uid=<gen:0>, entity=se1app.applicationcore.accountcomponent.BookingPosition)
          - SQL table alias mapping - bookingpos0_
          - alias suffix - 0_
          - suffixed key columns - {id1_1_0_}

22:05:21.627 [Test worker] DEBUG org.hibernate.loader.entity.plan.EntityLoader - Static select for entity se1app.applicationcore.accountcomponent.BookingPosition [PESSIMISTIC_WRITE]: select bookingpos0_.id as id1_1_0_, bookingpos0_.account_id as account_4_1_0_, bookingpos0_.betrag as betrag2_1_0_, bookingpos0_.identification_number as identifi3_1_0_ from booking_position bookingpos0_ where bookingpos0_.id=? for update
22:05:21.627 [Test worker] DEBUG org.hibernate.loader.plan.build.internal.spaces.QuerySpacesImpl - Adding QuerySpace : uid = <gen:0> -> org.hibernate.loader.plan.build.internal.spaces.EntityQuerySpaceImpl@15ac7500]
22:05:21.627 [Test worker] DEBUG org.hibernate.persister.walking.spi.MetamodelGraphWalker - Visiting attribute path : account
22:05:21.627 [Test worker] DEBUG org.hibernate.loader.plan.build.internal.spaces.QuerySpacesImpl - Adding QuerySpace : uid = <gen:1> -> org.hibernate.loader.plan.build.internal.spaces.EntityQuerySpaceImpl@7dcbba2a]
22:05:21.627 [Test worker] DEBUG org.hibernate.persister.walking.spi.MetamodelGraphWalker - Visiting attribute path : betrag
22:05:21.627 [Test worker] DEBUG org.hibernate.persister.walking.spi.MetamodelGraphWalker - Visiting attribute path : identificationNumber
22:05:21.627 [Test worker] DEBUG org.hibernate.loader.plan.build.internal.FetchStyleLoadPlanBuildingAssociationVisitationStrategy - Building LoadPlan...
22:05:21.627 [Test worker] DEBUG org.hibernate.loader.plan.exec.internal.LoadQueryJoinAndFetchProcessor - processing queryspace <gen:0>
22:05:21.627 [Test worker] DEBUG org.hibernate.loader.plan.build.spi.LoadPlanTreePrinter - LoadPlan(entity=se1app.applicationcore.accountcomponent.BookingPosition)
    - Returns
       - EntityReturnImpl(entity=se1app.applicationcore.accountcomponent.BookingPosition, querySpaceUid=<gen:0>, path=se1app.applicationcore.accountcomponent.BookingPosition)
          - EntityAttributeFetchImpl(entity=se1app.applicationcore.accountcomponent.Account, querySpaceUid=<gen:1>, path=se1app.applicationcore.accountcomponent.BookingPosition.account)
    - QuerySpaces
       - EntityQuerySpaceImpl(uid=<gen:0>, entity=se1app.applicationcore.accountcomponent.BookingPosition)
          - SQL table alias mapping - bookingpos0_
          - alias suffix - 0_
          - suffixed key columns - {id1_1_0_}

22:05:21.628 [Test worker] DEBUG org.hibernate.loader.entity.plan.EntityLoader - Static select for entity se1app.applicationcore.accountcomponent.BookingPosition [PESSIMISTIC_FORCE_INCREMENT]: select bookingpos0_.id as id1_1_0_, bookingpos0_.account_id as account_4_1_0_, bookingpos0_.betrag as betrag2_1_0_, bookingpos0_.identification_number as identifi3_1_0_ from booking_position bookingpos0_ where bookingpos0_.id=? for update
22:05:21.628 [Test worker] DEBUG org.hibernate.loader.plan.build.internal.spaces.QuerySpacesImpl - Adding QuerySpace : uid = <gen:0> -> org.hibernate.loader.plan.build.internal.spaces.EntityQuerySpaceImpl@71be4cf9]
22:05:21.628 [Test worker] DEBUG org.hibernate.persister.walking.spi.MetamodelGraphWalker - Visiting attribute path : account
22:05:21.628 [Test worker] DEBUG org.hibernate.loader.plan.build.internal.spaces.QuerySpacesImpl - Adding QuerySpace : uid = <gen:1> -> org.hibernate.loader.plan.build.internal.spaces.EntityQuerySpaceImpl@24c3c237]
22:05:21.628 [Test worker] DEBUG org.hibernate.persister.walking.spi.MetamodelGraphWalker - Visiting attribute path : betrag
22:05:21.628 [Test worker] DEBUG org.hibernate.persister.walking.spi.MetamodelGraphWalker - Visiting attribute path : identificationNumber
22:05:21.629 [Test worker] DEBUG org.hibernate.loader.plan.build.internal.FetchStyleLoadPlanBuildingAssociationVisitationStrategy - Building LoadPlan...
22:05:21.629 [Test worker] DEBUG org.hibernate.loader.plan.exec.internal.LoadQueryJoinAndFetchProcessor - processing queryspace <gen:0>
22:05:21.629 [Test worker] DEBUG org.hibernate.loader.plan.build.spi.LoadPlanTreePrinter - LoadPlan(entity=se1app.applicationcore.accountcomponent.BookingPosition)
    - Returns
       - EntityReturnImpl(entity=se1app.applicationcore.accountcomponent.BookingPosition, querySpaceUid=<gen:0>, path=se1app.applicationcore.accountcomponent.BookingPosition)
          - EntityAttributeFetchImpl(entity=se1app.applicationcore.accountcomponent.Account, querySpaceUid=<gen:1>, path=se1app.applicationcore.accountcomponent.BookingPosition.account)
    - QuerySpaces
       - EntityQuerySpaceImpl(uid=<gen:0>, entity=se1app.applicationcore.accountcomponent.BookingPosition)
          - SQL table alias mapping - bookingpos0_
          - alias suffix - 0_
          - suffixed key columns - {id1_1_0_}

22:05:21.629 [Test worker] DEBUG org.hibernate.loader.entity.plan.EntityLoader - Static select for entity se1app.applicationcore.accountcomponent.BookingPosition [OPTIMISTIC]: select bookingpos0_.id as id1_1_0_, bookingpos0_.account_id as account_4_1_0_, bookingpos0_.betrag as betrag2_1_0_, bookingpos0_.identification_number as identifi3_1_0_ from booking_position bookingpos0_ where bookingpos0_.id=?
22:05:21.629 [Test worker] DEBUG org.hibernate.loader.plan.build.internal.spaces.QuerySpacesImpl - Adding QuerySpace : uid = <gen:0> -> org.hibernate.loader.plan.build.internal.spaces.EntityQuerySpaceImpl@4f9266f]
22:05:21.629 [Test worker] DEBUG org.hibernate.persister.walking.spi.MetamodelGraphWalker - Visiting attribute path : account
22:05:21.629 [Test worker] DEBUG org.hibernate.loader.plan.build.internal.spaces.QuerySpacesImpl - Adding QuerySpace : uid = <gen:1> -> org.hibernate.loader.plan.build.internal.spaces.EntityQuerySpaceImpl@61145129]
22:05:21.629 [Test worker] DEBUG org.hibernate.persister.walking.spi.MetamodelGraphWalker - Visiting attribute path : betrag
22:05:21.629 [Test worker] DEBUG org.hibernate.persister.walking.spi.MetamodelGraphWalker - Visiting attribute path : identificationNumber
22:05:21.629 [Test worker] DEBUG org.hibernate.loader.plan.build.internal.FetchStyleLoadPlanBuildingAssociationVisitationStrategy - Building LoadPlan...
22:05:21.630 [Test worker] DEBUG org.hibernate.loader.plan.exec.internal.LoadQueryJoinAndFetchProcessor - processing queryspace <gen:0>
22:05:21.630 [Test worker] DEBUG org.hibernate.loader.plan.build.spi.LoadPlanTreePrinter - LoadPlan(entity=se1app.applicationcore.accountcomponent.BookingPosition)
    - Returns
       - EntityReturnImpl(entity=se1app.applicationcore.accountcomponent.BookingPosition, querySpaceUid=<gen:0>, path=se1app.applicationcore.accountcomponent.BookingPosition)
          - EntityAttributeFetchImpl(entity=se1app.applicationcore.accountcomponent.Account, querySpaceUid=<gen:1>, path=se1app.applicationcore.accountcomponent.BookingPosition.account)
    - QuerySpaces
       - EntityQuerySpaceImpl(uid=<gen:0>, entity=se1app.applicationcore.accountcomponent.BookingPosition)
          - SQL table alias mapping - bookingpos0_
          - alias suffix - 0_
          - suffixed key columns - {id1_1_0_}

22:05:21.630 [Test worker] DEBUG org.hibernate.loader.entity.plan.EntityLoader - Static select for entity se1app.applicationcore.accountcomponent.BookingPosition [OPTIMISTIC_FORCE_INCREMENT]: select bookingpos0_.id as id1_1_0_, bookingpos0_.account_id as account_4_1_0_, bookingpos0_.betrag as betrag2_1_0_, bookingpos0_.identification_number as identifi3_1_0_ from booking_position bookingpos0_ where bookingpos0_.id=?
22:05:21.630 [Test worker] DEBUG org.hibernate.loader.Loader - Static select for action ACTION_MERGE on entity se1app.applicationcore.accountcomponent.BookingPosition: select bookingpos0_.id as id1_1_0_, bookingpos0_.account_id as account_4_1_0_, bookingpos0_.betrag as betrag2_1_0_, bookingpos0_.identification_number as identifi3_1_0_ from booking_position bookingpos0_ where bookingpos0_.id=?
22:05:21.630 [Test worker] DEBUG org.hibernate.loader.Loader - Static select for action ACTION_REFRESH on entity se1app.applicationcore.accountcomponent.BookingPosition: select bookingpos0_.id as id1_1_0_, bookingpos0_.account_id as account_4_1_0_, bookingpos0_.betrag as betrag2_1_0_, bookingpos0_.identification_number as identifi3_1_0_ from booking_position bookingpos0_ where bookingpos0_.id=?
22:05:21.639 [Test worker] DEBUG org.hibernate.loader.plan.build.internal.spaces.QuerySpacesImpl - Adding QuerySpace : uid = <gen:0> -> org.hibernate.loader.plan.build.internal.spaces.CollectionQuerySpaceImpl@5bc477f2]
22:05:21.639 [Test worker] DEBUG org.hibernate.loader.plan.build.internal.spaces.QuerySpacesImpl - Adding QuerySpace : uid = <gen:1> -> org.hibernate.loader.plan.build.internal.spaces.EntityQuerySpaceImpl@4aa596d5]
22:05:21.641 [Test worker] DEBUG org.hibernate.persister.walking.spi.MetamodelGraphWalker - Visiting attribute path : account
22:05:21.642 [Test worker] DEBUG org.hibernate.loader.plan.build.internal.spaces.QuerySpacesImpl - Adding QuerySpace : uid = <gen:2> -> org.hibernate.loader.plan.build.internal.spaces.EntityQuerySpaceImpl@69746cc2]
22:05:21.642 [Test worker] DEBUG org.hibernate.persister.walking.spi.MetamodelGraphWalker - Visiting attribute path : account.accountNumber
22:05:21.642 [Test worker] DEBUG org.hibernate.persister.walking.spi.MetamodelGraphWalker - Visiting attribute path : account.balance
22:05:21.642 [Test worker] DEBUG org.hibernate.persister.walking.spi.MetamodelGraphWalker - Visiting attribute path : account.booking
22:05:21.643 [Test worker] DEBUG org.hibernate.persister.walking.spi.MetamodelGraphWalker - Property path deemed to be circular : account.booking
22:05:21.643 [Test worker] DEBUG org.hibernate.persister.walking.spi.MetamodelGraphWalker - Visiting attribute path : account.branch
22:05:21.643 [Test worker] DEBUG org.hibernate.loader.plan.build.internal.spaces.QuerySpacesImpl - Adding QuerySpace : uid = <gen:3> -> org.hibernate.loader.plan.build.internal.spaces.EntityQuerySpaceImpl@3df14b62]
22:05:21.643 [Test worker] DEBUG org.hibernate.persister.walking.spi.MetamodelGraphWalker - Visiting attribute path : account.branch.bookingsQuantity
22:05:21.644 [Test worker] DEBUG org.hibernate.persister.walking.spi.MetamodelGraphWalker - Visiting attribute path : account.branch.branchNumber
22:05:21.644 [Test worker] DEBUG org.hibernate.persister.walking.spi.MetamodelGraphWalker - Visiting attribute path : betrag
22:05:21.644 [Test worker] DEBUG org.hibernate.persister.walking.spi.MetamodelGraphWalker - Visiting attribute path : identificationNumber
22:05:21.645 [Test worker] DEBUG org.hibernate.loader.plan.build.internal.FetchStyleLoadPlanBuildingAssociationVisitationStrategy - Building LoadPlan...
22:05:21.650 [Test worker] DEBUG org.hibernate.loader.plan.exec.internal.LoadQueryJoinAndFetchProcessor - processing queryspace <gen:0>
22:05:21.651 [Test worker] DEBUG org.hibernate.loader.plan.build.spi.LoadPlanTreePrinter - LoadPlan(collection=se1app.applicationcore.accountcomponent.Account.booking)
    - Returns
       - CollectionReturnImpl(collection=se1app.applicationcore.accountcomponent.Account.booking, querySpaceUid=<gen:0>, path=[se1app.applicationcore.accountcomponent.Account.booking])
          - (collection element) CollectionFetchableElementEntityGraph(entity=se1app.applicationcore.accountcomponent.BookingPosition, querySpaceUid=<gen:1>, path=[se1app.applicationcore.accountcomponent.Account.booking].<elements>)
             - EntityAttributeFetchImpl(entity=se1app.applicationcore.accountcomponent.Account, querySpaceUid=<gen:2>, path=[se1app.applicationcore.accountcomponent.Account.booking].<elements>.account)
                - EntityAttributeFetchImpl(entity=se1app.applicationcore.branchcomponent.Branch, querySpaceUid=<gen:3>, path=[se1app.applicationcore.accountcomponent.Account.booking].<elements>.account.branch)
    - QuerySpaces
       - CollectionQuerySpaceImpl(uid=<gen:0>, collection=se1app.applicationcore.accountcomponent.Account.booking)
          - SQL table alias mapping - booking0_
          - alias suffix - 0_
          - suffixed key columns - {account_5_1_0_}
          - entity-element alias suffix - 1_
          - 1_entity-element suffixed key columns - id1_1_1_
          - JOIN (JoinDefinedByMetadata(elements)) : <gen:0> -> <gen:1>
             - EntityQuerySpaceImpl(uid=<gen:1>, entity=se1app.applicationcore.accountcomponent.BookingPosition)
                - SQL table alias mapping - booking0_
                - alias suffix - 1_
                - suffixed key columns - {id1_1_1_}
                - JOIN (JoinDefinedByMetadata(account)) : <gen:1> -> <gen:2>
                   - EntityQuerySpaceImpl(uid=<gen:2>, entity=se1app.applicationcore.accountcomponent.Account)
                      - SQL table alias mapping - account1_
                      - alias suffix - 2_
                      - suffixed key columns - {id1_0_2_}
                      - JOIN (JoinDefinedByMetadata(branch)) : <gen:2> -> <gen:3>
                         - EntityQuerySpaceImpl(uid=<gen:3>, entity=se1app.applicationcore.branchcomponent.Branch)
                            - SQL table alias mapping - branch2_
                            - alias suffix - 3_
                            - suffixed key columns - {id1_2_3_}

22:05:21.652 [Test worker] DEBUG org.hibernate.loader.collection.plan.CollectionLoader - Static select for collection se1app.applicationcore.accountcomponent.Account.booking: select booking0_.account_number as account_5_1_0_, booking0_.id as id1_1_0_, booking0_.id as id1_1_1_, booking0_.account_id as account_4_1_1_, booking0_.betrag as betrag2_1_1_, booking0_.identification_number as identifi3_1_1_, account1_.id as id1_0_2_, account1_.account_number as account_2_0_2_, account1_.balance as balance3_0_2_, account1_.branch_id as branch_i4_0_2_, branch2_.id as id1_2_3_, branch2_.bookings_quantity as bookings2_2_3_, branch2_.branch_number as branch_n3_2_3_ from booking_position booking0_ left outer join account account1_ on booking0_.account_id=account1_.id left outer join branch branch2_ on account1_.branch_id=branch2_.id where booking0_.account_number=?
22:05:21.652 [Test worker] DEBUG org.hibernate.internal.SessionFactoryImpl - Instantiated session factory
22:05:21.681 [Test worker] INFO org.hibernate.tool.hbm2ddl.SchemaExport - HHH000227: Running hbm2ddl schema export
22:05:21.681 [Test worker] DEBUG org.hibernate.tool.hbm2ddl.SchemaExport - Import file not found: /import.sql
22:05:21.688 [Test worker] DEBUG org.hibernate.SQL - drop table account if exists
22:05:21.689 [Test worker] DEBUG org.hibernate.SQL - drop table booking_position if exists
22:05:21.690 [Test worker] DEBUG org.hibernate.SQL - drop table branch if exists
22:05:21.690 [Test worker] DEBUG org.hibernate.SQL - create table account (id integer generated by default as identity, account_number varchar(255), balance integer not null, branch_id integer, primary key (id))
22:05:21.703 [Test worker] DEBUG org.hibernate.SQL - create table booking_position (id integer generated by default as identity, betrag integer not null, identification_number integer not null, account_id integer, account_number integer, primary key (id))
22:05:21.706 [Test worker] DEBUG org.hibernate.SQL - create table branch (id integer generated by default as identity, bookings_quantity integer not null, branch_number binary(255), primary key (id))
22:05:21.707 [Test worker] DEBUG org.hibernate.SQL - alter table account add constraint UK_66gkcp94endmotfwb8r4ocxm9 unique (account_number)
22:05:21.712 [Test worker] DEBUG org.hibernate.SQL - alter table branch add constraint UK_35fqc6pg47ki20trxpy6cl3g0 unique (branch_number)
22:05:21.713 [Test worker] DEBUG org.hibernate.SQL - alter table account add constraint FKcwcof6gi0txp7t7mow4ii4584 foreign key (branch_id) references branch
22:05:21.724 [Test worker] DEBUG org.hibernate.SQL - alter table booking_position add constraint FK26191t8ngm3ki120kka5bdsic foreign key (account_id) references account
22:05:21.726 [Test worker] DEBUG org.hibernate.SQL - alter table booking_position add constraint FKtl2ucov3bwx3halmqhogo7aox foreign key (account_number) references account
22:05:21.728 [Test worker] INFO org.hibernate.tool.hbm2ddl.SchemaExport - HHH000230: Schema export complete
22:05:21.730 [Test worker] DEBUG org.hibernate.internal.NamedQueryRepository - Checking 0 named HQL queries
22:05:21.730 [Test worker] DEBUG org.hibernate.internal.NamedQueryRepository - Checking 0 named SQL queries
22:05:21.732 [Test worker] DEBUG org.hibernate.internal.SessionFactoryRegistry - Initializing SessionFactoryRegistry : org.hibernate.internal.SessionFactoryRegistry@63c97714
22:05:21.732 [Test worker] DEBUG org.hibernate.internal.SessionFactoryRegistry - Registering SessionFactory: fd3b9b04-dafc-4c9d-8781-41216c34a0f0 (<unnamed>)
22:05:21.732 [Test worker] DEBUG org.hibernate.internal.SessionFactoryRegistry - Not binding SessionFactory to JNDI, no JNDI name configured
22:05:21.737 [Test worker] DEBUG org.hibernate.jpa.internal.schemagen.JpaSchemaGenerator - No actions specified; doing nothing
22:05:21.793 [Test worker] DEBUG org.hibernate.jpa.internal.EntityManagerFactoryRegistry - Initializing EntityManagerFactoryRegistry : org.hibernate.jpa.internal.EntityManagerFactoryRegistry@24adc33e
22:05:21.793 [Test worker] DEBUG org.hibernate.jpa.internal.EntityManagerFactoryRegistry - Registering EntityManagerFactory: default 
22:05:21.793 [Test worker] INFO org.springframework.orm.jpa.LocalContainerEntityManagerFactoryBean - Initialized JPA EntityManagerFactory for persistence unit 'default'
22:05:21.797 [Test worker] DEBUG org.springframework.beans.factory.support.DefaultListableBeanFactory - Returning cached instance of singleton bean 'org.springframework.transaction.config.internalTransactionAdvisor'
22:05:21.797 [Test worker] DEBUG org.springframework.beans.factory.support.DefaultListableBeanFactory - Returning cached instance of singleton bean 'org.springframework.transaction.config.internalTransactionAdvisor'
22:05:21.798 [Test worker] DEBUG org.springframework.beans.factory.support.DefaultListableBeanFactory - Finished creating instance of bean 'entityManagerFactory'
22:05:21.798 [Test worker] DEBUG org.springframework.beans.factory.support.DefaultListableBeanFactory - Pre-instantiating singletons in org.springframework.beans.factory.support.DefaultListableBeanFactory@8a20776: defining beans [org.springframework.context.annotation.internalConfigurationAnnotationProcessor,org.springframework.context.annotation.internalAutowiredAnnotationProcessor,org.springframework.context.annotation.internalRequiredAnnotationProcessor,org.springframework.context.annotation.internalCommonAnnotationProcessor,org.springframework.context.annotation.internalPersistenceAnnotationProcessor,org.springframework.context.event.internalEventListenerProcessor,org.springframework.context.event.internalEventListenerFactory,application,org.springframework.boot.test.mock.mockito.MockitoPostProcessor$SpyPostProcessor,org.springframework.boot.test.mock.mockito.MockitoPostProcessor,accountComponentImpl,branchComponentImpl,applicationFacadeController,init,corsConfigurer,org.springframework.boot.autoconfigure.AutoConfigurationPackages,org.springframework.boot.autoconfigure.context.PropertyPlaceholderAutoConfiguration,org.springframework.boot.autoconfigure.condition.BeanTypeRegistry,propertySourcesPlaceholderConfigurer,org.springframework.boot.autoconfigure.jackson.JacksonAutoConfiguration$Jackson2ObjectMapperBuilderCustomizerConfiguration,standardJacksonObjectMapperBuilderCustomizer,spring.jackson-org.springframework.boot.autoconfigure.jackson.JacksonProperties,org.springframework.boot.context.properties.ConfigurationPropertiesBindingPostProcessor,org.springframework.boot.context.properties.ConfigurationPropertiesBindingPostProcessor.store,org.springframework.boot.autoconfigure.jackson.JacksonAutoConfiguration$JacksonObjectMapperBuilderConfiguration,jacksonObjectMapperBuilder,org.springframework.boot.autoconfigure.jackson.JacksonAutoConfiguration$JacksonObjectMapperConfiguration,jacksonObjectMapper,org.springframework.boot.autoconfigure.jackson.JacksonAutoConfiguration,jsonComponentModule,org.springframework.boot.autoconfigure.validation.ValidationAutoConfiguration,defaultValidator,methodValidationPostProcessor,org.springframework.boot.actuate.autoconfigure.AuditAutoConfiguration$AuditEventRepositoryConfiguration,auditEventRepository,org.springframework.boot.actuate.autoconfigure.AuditAutoConfiguration,auditListener,org.springframework.boot.autoconfigure.transaction.jta.JtaAutoConfiguration,spring.jta-org.springframework.boot.autoconfigure.transaction.jta.JtaProperties,org.springframework.boot.autoconfigure.jdbc.DataSourceConfiguration$Tomcat,dataSource,org.springframework.boot.autoconfigure.jdbc.DataSourceAutoConfiguration$PooledDataSourceConfiguration,org.springframework.boot.autoconfigure.jdbc.metadata.DataSourcePoolMetadataProvidersConfiguration$TomcatDataSourcePoolMetadataProviderConfiguration,tomcatPoolDataSourceMetadataProvider,org.springframework.boot.autoconfigure.jdbc.metadata.DataSourcePoolMetadataProvidersConfiguration,org.springframework.boot.autoconfigure.jdbc.DataSourceAutoConfiguration,dataSourceInitializer,spring.datasource-org.springframework.boot.autoconfigure.jdbc.DataSourceProperties,dataSourceInitializerPostProcessor,org.springframework.boot.autoconfigure.orm.jpa.HibernateJpaAutoConfiguration,transactionManager,jpaVendorAdapter,entityManagerFactoryBuilder,entityManagerFactory,spring.jpa-org.springframework.boot.autoconfigure.orm.jpa.JpaProperties,dataSourceInitializedPublisher,org.springframework.boot.autoconfigure.info.ProjectInfoAutoConfiguration,spring.info-org.springframework.boot.autoconfigure.info.ProjectInfoProperties,org.springframework.boot.actuate.autoconfigure.InfoContributorAutoConfiguration,envInfoContributor,management.info-org.springframework.boot.actuate.autoconfigure.InfoContributorProperties,org.springframework.boot.actuate.autoconfigure.HealthIndicatorAutoConfiguration$DiskSpaceHealthIndicatorConfiguration,diskSpaceHealthIndicator,diskSpaceHealthIndicatorProperties,org.springframework.boot.actuate.autoconfigure.HealthIndicatorAutoConfiguration$DataSourcesHealthIndicatorConfiguration,dbHealthIndicator,org.springframework.boot.actuate.autoconfigure.HealthIndicatorAutoConfiguration,healthAggregator,management.health.status-org.springframework.boot.actuate.autoconfigure.HealthIndicatorProperties,org.springframework.boot.actuate.autoconfigure.MetricRepositoryAutoConfiguration$FastMetricServicesConfiguration,counterBuffers,gaugeBuffers,actuatorMetricReader,counterService,gaugeService,org.springframework.boot.actuate.autoconfigure.MetricRepositoryAutoConfiguration,org.springframework.boot.autoconfigure.jmx.JmxAutoConfiguration,mbeanExporter,objectNamingStrategy,mbeanServer,org.springframework.boot.actuate.autoconfigure.PublicMetricsAutoConfiguration$DataSourceMetricsConfiguration,dataSourcePublicMetrics,org.springframework.boot.actuate.autoconfigure.PublicMetricsAutoConfiguration,systemPublicMetrics,metricReaderPublicMetrics,org.springframework.boot.actuate.autoconfigure.EndpointAutoConfiguration$RequestMappingEndpointConfiguration,requestMappingEndpoint,org.springframework.boot.actuate.autoconfigure.EndpointAutoConfiguration,environmentEndpoint,healthEndpoint,beansEndpoint,infoEndpoint,metricsEndpoint,traceEndpoint,dumpEndpoint,autoConfigurationReportEndpoint,shutdownEndpoint,configurationPropertiesReportEndpoint,endpoints-org.springframework.boot.actuate.endpoint.EndpointProperties,org.springframework.boot.actuate.autoconfigure.EndpointMBeanExportAutoConfiguration,endpointMBeanExporter,auditEventsEndpoint,endpoints.jmx-org.springframework.boot.actuate.autoconfigure.EndpointMBeanExportProperties,org.springframework.boot.actuate.autoconfigure.ManagementServerPropertiesAutoConfiguration,managementServerProperties,org.springframework.boot.autoconfigure.web.HttpMessageConvertersAutoConfiguration$StringHttpMessageConverterConfiguration,stringHttpMessageConverter,spring.http.encoding-org.springframework.boot.autoconfigure.web.HttpEncodingProperties,org.springframework.boot.autoconfigure.web.JacksonHttpMessageConvertersConfiguration$MappingJackson2HttpMessageConverterConfiguration,mappingJackson2HttpMessageConverter,org.springframework.boot.autoconfigure.web.JacksonHttpMessageConvertersConfiguration,org.springframework.boot.autoconfigure.web.HttpMessageConvertersAutoConfiguration,messageConverters,org.springframework.boot.actuate.autoconfigure.MetricExportAutoConfiguration$MetricExportPropertiesConfiguration,spring.metrics.export-org.springframework.boot.actuate.metrics.export.MetricExportProperties,org.springframework.boot.actuate.autoconfigure.MetricExportAutoConfiguration$StatsdConfiguration,org.springframework.scheduling.annotation.SchedulingConfiguration,org.springframework.context.annotation.internalScheduledAnnotationProcessor,org.springframework.boot.actuate.autoconfigure.MetricExportAutoConfiguration,metricWritersMetricExporter,org.springframework.boot.actuate.autoconfigure.MetricFilterAutoConfiguration,metricsFilter,endpoints.metrics.filter-org.springframework.boot.actuate.autoconfigure.MetricFilterProperties,org.springframework.boot.actuate.autoconfigure.TraceRepositoryAutoConfiguration,traceRepository,org.springframework.boot.actuate.autoconfigure.TraceWebFilterAutoConfiguration,webRequestLoggingFilter,management.trace-org.springframework.boot.actuate.trace.TraceProperties,org.springframework.boot.autoconfigure.aop.AopAutoConfiguration$JdkDynamicAutoProxyConfiguration,org.springframework.aop.config.internalAutoProxyCreator,org.springframework.boot.autoconfigure.aop.AopAutoConfiguration,org.springframework.boot.autoconfigure.context.ConfigurationPropertiesAutoConfiguration,org.springframework.boot.autoconfigure.dao.PersistenceExceptionTranslationAutoConfiguration,persistenceExceptionTranslationPostProcessor,org.springframework.boot.autoconfigure.data.jpa.JpaRepositoriesAutoConfiguration,emBeanDefinitionRegistrarPostProcessor,jpaMappingContext,jpaContext,branchRepository,accountRepository,org.springframework.boot.autoconfigure.jdbc.DataSourceTransactionManagerAutoConfiguration$DataSourceTransactionManagerConfiguration,org.springframework.boot.autoconfigure.jdbc.DataSourceTransactionManagerAutoConfiguration,org.springframework.boot.autoconfigure.jdbc.JdbcTemplateAutoConfiguration,jdbcTemplate,namedParameterJdbcTemplate,org.springframework.transaction.annotation.ProxyTransactionManagementConfiguration,org.springframework.transaction.config.internalTransactionAdvisor,transactionAttributeSource,transactionInterceptor,org.springframework.transaction.config.internalTransactionalEventListenerFactory,org.springframework.boot.autoconfigure.transaction.TransactionAutoConfiguration$EnableTransactionManagementConfiguration$CglibAutoProxyConfiguration,org.springframework.boot.autoconfigure.transaction.TransactionAutoConfiguration$EnableTransactionManagementConfiguration,org.springframework.boot.autoconfigure.transaction.TransactionAutoConfiguration$TransactionTemplateConfiguration,transactionTemplate,org.springframework.boot.autoconfigure.transaction.TransactionAutoConfiguration,platformTransactionManagerCustomizers,spring.transaction-org.springframework.boot.autoconfigure.transaction.TransactionProperties,org.springframework.boot.autoconfigure.web.MultipartAutoConfiguration,multipartConfigElement,multipartResolver,spring.http.multipart-org.springframework.boot.autoconfigure.web.MultipartProperties,org.springframework.boot.autoconfigure.web.WebClientAutoConfiguration$RestTemplateConfiguration,restTemplateBuilder,org.springframework.boot.autoconfigure.web.WebClientAutoConfiguration,org.springframework.boot.devtools.autoconfigure.DevToolsDataSourceAutoConfiguration$DatabaseShutdownExecutorJpaDependencyConfiguration,org.springframework.boot.devtools.autoconfigure.DevToolsDataSourceAutoConfiguration,inMemoryDatabaseShutdownExecutor,org.springframework.orm.jpa.SharedEntityManagerCreator#0]; root of factory hierarchy
22:05:21.798 [Test worker] DEBUG org.springframework.beans.factory.support.DefaultListableBeanFactory - Returning cached instance of singleton bean 'org.springframework.context.annotation.internalConfigurationAnnotationProcessor'
22:05:21.798 [Test worker] DEBUG org.springframework.beans.factory.support.DefaultListableBeanFactory - Returning cached instance of singleton bean 'org.springframework.context.annotation.internalAutowiredAnnotationProcessor'
22:05:21.798 [Test worker] DEBUG org.springframework.beans.factory.support.DefaultListableBeanFactory - Returning cached instance of singleton bean 'org.springframework.context.annotation.internalRequiredAnnotationProcessor'
22:05:21.798 [Test worker] DEBUG org.springframework.beans.factory.support.DefaultListableBeanFactory - Returning cached instance of singleton bean 'org.springframework.context.annotation.internalCommonAnnotationProcessor'
22:05:21.799 [Test worker] DEBUG org.springframework.beans.factory.support.DefaultListableBeanFactory - Returning cached instance of singleton bean 'org.springframework.context.annotation.internalPersistenceAnnotationProcessor'
22:05:21.799 [Test worker] DEBUG org.springframework.beans.factory.support.DefaultListableBeanFactory - Creating shared instance of singleton bean 'org.springframework.context.event.internalEventListenerProcessor'
22:05:21.799 [Test worker] DEBUG org.springframework.beans.factory.support.DefaultListableBeanFactory - Creating instance of bean 'org.springframework.context.event.internalEventListenerProcessor'
22:05:21.799 [Test worker] DEBUG org.springframework.beans.factory.support.DefaultListableBeanFactory - Returning cached instance of singleton bean 'org.springframework.transaction.config.internalTransactionAdvisor'
22:05:21.801 [Test worker] DEBUG org.springframework.beans.factory.support.DefaultListableBeanFactory - Eagerly caching bean 'org.springframework.context.event.internalEventListenerProcessor' to allow for resolving potential circular references
22:05:21.804 [Test worker] DEBUG org.springframework.beans.factory.support.DefaultListableBeanFactory - Returning cached instance of singleton bean 'org.springframework.transaction.config.internalTransactionAdvisor'
22:05:21.805 [Test worker] DEBUG org.springframework.beans.factory.support.DefaultListableBeanFactory - Returning cached instance of singleton bean 'org.springframework.transaction.config.internalTransactionAdvisor'
22:05:21.805 [Test worker] DEBUG org.springframework.beans.factory.support.DefaultListableBeanFactory - Finished creating instance of bean 'org.springframework.context.event.internalEventListenerProcessor'
22:05:21.805 [Test worker] DEBUG org.springframework.beans.factory.support.DefaultListableBeanFactory - Creating shared instance of singleton bean 'org.springframework.context.event.internalEventListenerFactory'
22:05:21.805 [Test worker] DEBUG org.springframework.beans.factory.support.DefaultListableBeanFactory - Creating instance of bean 'org.springframework.context.event.internalEventListenerFactory'
22:05:21.805 [Test worker] DEBUG org.springframework.beans.factory.support.DefaultListableBeanFactory - Returning cached instance of singleton bean 'org.springframework.transaction.config.internalTransactionAdvisor'
22:05:21.805 [Test worker] DEBUG org.springframework.beans.factory.support.DefaultListableBeanFactory - Eagerly caching bean 'org.springframework.context.event.internalEventListenerFactory' to allow for resolving potential circular references
22:05:21.808 [Test worker] DEBUG org.springframework.beans.factory.support.DefaultListableBeanFactory - Returning cached instance of singleton bean 'org.springframework.transaction.config.internalTransactionAdvisor'
22:05:21.808 [Test worker] DEBUG org.springframework.beans.factory.support.DefaultListableBeanFactory - Returning cached instance of singleton bean 'org.springframework.transaction.config.internalTransactionAdvisor'
22:05:21.808 [Test worker] DEBUG org.springframework.beans.factory.support.DefaultListableBeanFactory - Finished creating instance of bean 'org.springframework.context.event.internalEventListenerFactory'
22:05:21.808 [Test worker] DEBUG org.springframework.beans.factory.support.DefaultListableBeanFactory - Creating shared instance of singleton bean 'application'
22:05:21.809 [Test worker] DEBUG org.springframework.beans.factory.support.DefaultListableBeanFactory - Creating instance of bean 'application'
22:05:21.809 [Test worker] DEBUG org.springframework.beans.factory.support.DefaultListableBeanFactory - Returning cached instance of singleton bean 'org.springframework.transaction.config.internalTransactionAdvisor'
22:05:21.810 [Test worker] DEBUG org.springframework.beans.factory.support.DefaultListableBeanFactory - Eagerly caching bean 'application' to allow for resolving potential circular references
22:05:21.813 [Test worker] DEBUG org.springframework.beans.factory.support.DefaultListableBeanFactory - Returning cached instance of singleton bean 'org.springframework.transaction.config.internalTransactionAdvisor'
22:05:21.813 [Test worker] DEBUG org.springframework.beans.factory.support.DefaultListableBeanFactory - Returning cached instance of singleton bean 'org.springframework.transaction.config.internalTransactionAdvisor'
22:05:21.818 [Test worker] DEBUG org.springframework.beans.factory.support.DefaultListableBeanFactory - Finished creating instance of bean 'application'
22:05:21.818 [Test worker] DEBUG org.springframework.beans.factory.support.DefaultListableBeanFactory - Returning cached instance of singleton bean 'org.springframework.boot.test.mock.mockito.MockitoPostProcessor$SpyPostProcessor'
22:05:21.818 [Test worker] DEBUG org.springframework.beans.factory.support.DefaultListableBeanFactory - Returning cached instance of singleton bean 'org.springframework.boot.test.mock.mockito.MockitoPostProcessor'
22:05:21.818 [Test worker] DEBUG org.springframework.beans.factory.support.DefaultListableBeanFactory - Creating shared instance of singleton bean 'accountComponentImpl'
22:05:21.818 [Test worker] DEBUG org.springframework.beans.factory.support.DefaultListableBeanFactory - Creating instance of bean 'accountComponentImpl'
22:05:21.819 [Test worker] DEBUG org.springframework.beans.factory.support.DefaultListableBeanFactory - Returning cached instance of singleton bean 'org.springframework.transaction.config.internalTransactionAdvisor'
22:05:21.825 [Test worker] DEBUG org.springframework.beans.factory.support.DefaultListableBeanFactory - Creating shared instance of singleton bean 'accountRepository'
22:05:21.828 [Test worker] DEBUG org.springframework.beans.factory.support.DefaultListableBeanFactory - Creating instance of bean 'accountRepository'
22:05:21.829 [Test worker] DEBUG org.springframework.beans.factory.support.DefaultListableBeanFactory - Returning cached instance of singleton bean 'org.springframework.transaction.config.internalTransactionAdvisor'
22:05:21.845 [Test worker] DEBUG org.springframework.beans.factory.annotation.InjectionMetadata - Registered injected element on class [org.springframework.data.jpa.repository.support.JpaRepositoryFactoryBean]: PersistenceElement for public void org.springframework.data.jpa.repository.support.JpaRepositoryFactoryBean.setEntityManager(javax.persistence.EntityManager)
22:05:21.846 [Test worker] DEBUG org.springframework.beans.factory.support.DefaultListableBeanFactory - Eagerly caching bean 'accountRepository' to allow for resolving potential circular references
22:05:21.847 [Test worker] DEBUG org.springframework.beans.factory.annotation.InjectionMetadata - Processing injected element of bean 'accountRepository': PersistenceElement for public void org.springframework.data.jpa.repository.support.JpaRepositoryFactoryBean.setEntityManager(javax.persistence.EntityManager)
22:05:21.848 [Test worker] DEBUG org.springframework.beans.factory.support.DefaultListableBeanFactory - Creating instance of bean '(inner bean)#1e7f44a8'
22:05:21.848 [Test worker] DEBUG org.springframework.beans.factory.support.DefaultListableBeanFactory - Returning cached instance of singleton bean 'org.springframework.transaction.config.internalTransactionAdvisor'
22:05:21.849 [Test worker] DEBUG org.springframework.beans.factory.support.DefaultListableBeanFactory - Creating instance of bean '(inner bean)#579839c'
22:05:21.849 [Test worker] DEBUG org.springframework.beans.factory.support.DefaultListableBeanFactory - Returning cached instance of singleton bean 'org.springframework.transaction.config.internalTransactionAdvisor'
22:05:21.854 [Test worker] DEBUG org.springframework.core.io.support.PathMatchingResourcePatternResolver - Resolved classpath location [META-INF/jpa-named-queries.properties] to resources []
22:05:21.854 [Test worker] DEBUG org.springframework.beans.factory.support.DefaultListableBeanFactory - Invoking afterPropertiesSet() on bean with name '(inner bean)#579839c'
22:05:21.854 [Test worker] DEBUG org.springframework.beans.factory.support.DefaultListableBeanFactory - Returning cached instance of singleton bean 'org.springframework.transaction.config.internalTransactionAdvisor'
22:05:21.855 [Test worker] DEBUG org.springframework.beans.factory.support.DefaultListableBeanFactory - Returning cached instance of singleton bean 'org.springframework.transaction.config.internalTransactionAdvisor'
22:05:21.855 [Test worker] DEBUG org.springframework.beans.factory.support.DefaultListableBeanFactory - Finished creating instance of bean '(inner bean)#579839c'
22:05:21.855 [Test worker] DEBUG org.springframework.beans.factory.support.DefaultListableBeanFactory - Returning cached instance of singleton bean 'org.springframework.transaction.config.internalTransactionAdvisor'
22:05:21.855 [Test worker] DEBUG org.springframework.beans.factory.support.DefaultListableBeanFactory - Returning cached instance of singleton bean 'org.springframework.transaction.config.internalTransactionAdvisor'
22:05:21.862 [Test worker] DEBUG org.springframework.beans.factory.support.DefaultListableBeanFactory - Returning cached instance of singleton bean 'org.springframework.transaction.config.internalTransactionAdvisor'
22:05:21.862 [Test worker] DEBUG org.springframework.beans.factory.support.DefaultListableBeanFactory - Returning cached instance of singleton bean 'org.springframework.transaction.config.internalTransactionAdvisor'
22:05:21.863 [Test worker] DEBUG org.springframework.beans.factory.support.DefaultListableBeanFactory - Finished creating instance of bean '(inner bean)#1e7f44a8'
22:05:21.863 [Test worker] DEBUG org.springframework.beans.factory.support.DefaultListableBeanFactory - Creating instance of bean '(inner bean)#290be070'
22:05:21.863 [Test worker] DEBUG org.springframework.beans.factory.support.DefaultListableBeanFactory - Returning cached instance of singleton bean 'org.springframework.transaction.config.internalTransactionAdvisor'
22:05:21.869 [Test worker] DEBUG org.springframework.beans.factory.support.DefaultListableBeanFactory - Returning cached instance of singleton bean 'org.springframework.transaction.config.internalTransactionAdvisor'
22:05:21.869 [Test worker] DEBUG org.springframework.beans.factory.support.DefaultListableBeanFactory - Returning cached instance of singleton bean 'org.springframework.transaction.config.internalTransactionAdvisor'
22:05:21.869 [Test worker] DEBUG org.springframework.beans.factory.support.DefaultListableBeanFactory - Finished creating instance of bean '(inner bean)#290be070'
22:05:21.870 [Test worker] DEBUG org.springframework.beans.factory.support.DefaultListableBeanFactory - Creating instance of bean '(inner bean)#349b2d6a'
22:05:21.870 [Test worker] DEBUG org.springframework.beans.factory.support.DefaultListableBeanFactory - Returning cached instance of singleton bean 'org.springframework.transaction.config.internalTransactionAdvisor'
22:05:21.870 [Test worker] DEBUG org.springframework.beans.factory.support.DefaultListableBeanFactory - Returning cached instance of singleton bean 'entityManagerFactory'
22:05:21.870 [Test worker] DEBUG org.springframework.beans.factory.support.DefaultListableBeanFactory - Returning cached instance of singleton bean 'org.springframework.transaction.config.internalTransactionAdvisor'
22:05:21.870 [Test worker] DEBUG org.springframework.beans.factory.support.DefaultListableBeanFactory - Returning cached instance of singleton bean 'org.springframework.transaction.config.internalTransactionAdvisor'
22:05:21.873 [Test worker] DEBUG org.springframework.jdbc.datasource.DataSourceUtils - Fetching JDBC Connection from DataSource
22:05:21.873 [Test worker] DEBUG org.springframework.jdbc.datasource.DataSourceUtils - Returning JDBC Connection to DataSource
22:05:21.878 [Test worker] DEBUG org.springframework.beans.factory.support.DefaultListableBeanFactory - Returning cached instance of singleton bean 'dataSourceInitializer'
22:05:21.879 [Test worker] DEBUG org.springframework.core.io.support.PathMatchingResourcePatternResolver - Resolved classpath location [data-all.sql] to resources []
22:05:21.879 [Test worker] DEBUG org.springframework.core.io.support.PathMatchingResourcePatternResolver - Resolved classpath location [data.sql] to resources []
22:05:21.897 [Test worker] DEBUG org.springframework.beans.factory.support.DefaultListableBeanFactory - Returning cached instance of singleton bean 'org.springframework.transaction.config.internalTransactionAdvisor'
22:05:21.897 [Test worker] DEBUG org.springframework.beans.factory.support.DefaultListableBeanFactory - Returning cached instance of singleton bean 'org.springframework.transaction.config.internalTransactionAdvisor'
22:05:21.900 [Test worker] DEBUG org.springframework.beans.factory.support.DefaultListableBeanFactory - Finished creating instance of bean '(inner bean)#349b2d6a'
22:05:21.900 [Test worker] DEBUG org.springframework.beans.factory.support.DefaultListableBeanFactory - Creating shared instance of singleton bean 'jpaMappingContext'
22:05:21.900 [Test worker] DEBUG org.springframework.beans.factory.support.DefaultListableBeanFactory - Creating instance of bean 'jpaMappingContext'
22:05:21.900 [Test worker] DEBUG org.springframework.beans.factory.support.DefaultListableBeanFactory - Returning cached instance of singleton bean 'org.springframework.transaction.config.internalTransactionAdvisor'
22:05:21.901 [Test worker] DEBUG org.springframework.beans.factory.support.DefaultListableBeanFactory - Eagerly caching bean 'jpaMappingContext' to allow for resolving potential circular references
22:05:21.909 [Test worker] DEBUG org.springframework.beans.factory.support.DefaultListableBeanFactory - Invoking afterPropertiesSet() on bean with name 'jpaMappingContext'
22:05:21.911 [Test worker] DEBUG org.springframework.beans.factory.support.DefaultListableBeanFactory - Returning cached instance of singleton bean 'entityManagerFactory'
22:05:21.965 [Test worker] DEBUG org.springframework.beans.factory.support.DefaultListableBeanFactory - Returning cached instance of singleton bean 'org.springframework.transaction.config.internalTransactionAdvisor'
22:05:21.965 [Test worker] DEBUG org.springframework.beans.factory.support.DefaultListableBeanFactory - Returning cached instance of singleton bean 'org.springframework.transaction.config.internalTransactionAdvisor'
22:05:21.966 [Test worker] DEBUG org.springframework.beans.factory.support.DefaultListableBeanFactory - Finished creating instance of bean 'jpaMappingContext'
22:05:21.966 [Test worker] DEBUG org.springframework.beans.factory.support.DefaultListableBeanFactory - Returning cached instance of singleton bean 'org.springframework.transaction.config.internalTransactionAdvisor'
22:05:21.966 [Test worker] DEBUG org.springframework.beans.factory.support.DefaultListableBeanFactory - Returning cached instance of singleton bean 'org.springframework.transaction.config.internalTransactionAdvisor'
22:05:21.972 [Test worker] DEBUG org.springframework.beans.factory.support.DefaultListableBeanFactory - Invoking afterPropertiesSet() on bean with name 'accountRepository'
22:05:21.978 [Test worker] DEBUG org.springframework.orm.jpa.SharedEntityManagerCreator$SharedEntityManagerInvocationHandler - Creating new EntityManager for shared EntityManager invocation
22:05:22.086 [Test worker] DEBUG org.hibernate.stat.internal.StatisticsInitiator - Statistics initialized [enabled=false]
22:05:22.098 [Test worker] DEBUG org.springframework.orm.jpa.EntityManagerFactoryUtils - Closing JPA EntityManager
22:05:22.100 [Test worker] DEBUG org.springframework.orm.jpa.SharedEntityManagerCreator$SharedEntityManagerInvocationHandler - Creating new EntityManager for shared EntityManager invocation
22:05:22.101 [Test worker] DEBUG org.springframework.orm.jpa.EntityManagerFactoryUtils - Closing JPA EntityManager
22:05:22.101 [Test worker] DEBUG org.springframework.orm.jpa.SharedEntityManagerCreator$SharedEntityManagerInvocationHandler - Creating new EntityManager for shared EntityManager invocation
22:05:22.101 [Test worker] DEBUG org.springframework.orm.jpa.EntityManagerFactoryUtils - Closing JPA EntityManager
22:05:22.124 [Test worker] DEBUG org.springframework.orm.jpa.SharedEntityManagerCreator$SharedEntityManagerInvocationHandler - Creating new EntityManager for shared EntityManager invocation
22:05:22.124 [Test worker] DEBUG org.springframework.orm.jpa.EntityManagerFactoryUtils - Closing JPA EntityManager
22:05:22.125 [Test worker] DEBUG org.springframework.aop.framework.JdkDynamicAopProxy - Creating JDK dynamic proxy: target source is org.springframework.data.jpa.repository.support.CrudMethodMetadataPostProcessor$ThreadBoundTargetSource@1a2a6233
22:05:22.159 [Test worker] DEBUG org.springframework.orm.jpa.SharedEntityManagerCreator$SharedEntityManagerInvocationHandler - Creating new EntityManager for shared EntityManager invocation
22:05:22.159 [Test worker] DEBUG org.springframework.orm.jpa.EntityManagerFactoryUtils - Closing JPA EntityManager
22:05:22.193 [Test worker] DEBUG org.springframework.data.jpa.repository.query.JpaQueryFactory - Looking up query for method findByAccountNumber
22:05:22.198 [Test worker] DEBUG org.springframework.data.jpa.repository.query.NamedQuery - Looking up named query Account.findByAccountNumber
22:05:22.199 [Test worker] DEBUG org.hibernate.jpa.spi.AbstractEntityManagerImpl - Mark transaction for rollback
22:05:22.199 [Test worker] DEBUG org.springframework.data.jpa.repository.query.NamedQuery - Did not find named query Account.findByAccountNumber
22:05:22.243 [Test worker] DEBUG org.springframework.aop.framework.JdkDynamicAopProxy - Creating JDK dynamic proxy: target source is SingletonTargetSource for target object [org.springframework.data.jpa.repository.support.SimpleJpaRepository@295a49b2]
22:05:22.249 [Test worker] DEBUG org.springframework.beans.factory.support.DefaultListableBeanFactory - Returning cached instance of singleton bean 'org.springframework.transaction.config.internalTransactionAdvisor'
22:05:22.249 [Test worker] DEBUG org.springframework.beans.factory.support.DefaultListableBeanFactory - Returning cached instance of singleton bean 'org.springframework.transaction.config.internalTransactionAdvisor'
22:05:22.250 [Test worker] DEBUG org.springframework.beans.factory.support.DefaultListableBeanFactory - Finished creating instance of bean 'accountRepository'
22:05:22.251 [Test worker] DEBUG org.springframework.beans.factory.support.DefaultListableBeanFactory - Returning cached instance of singleton bean 'org.springframework.transaction.config.internalTransactionAdvisor'
22:05:22.251 [Test worker] DEBUG org.springframework.beans.factory.support.DefaultListableBeanFactory - Returning cached instance of singleton bean 'org.springframework.transaction.config.internalTransactionAdvisor'
22:05:22.255 [Test worker] DEBUG org.springframework.beans.factory.support.DefaultListableBeanFactory - Creating shared instance of singleton bean 'branchComponentImpl'
22:05:22.256 [Test worker] DEBUG org.springframework.beans.factory.support.DefaultListableBeanFactory - Creating instance of bean 'branchComponentImpl'
22:05:22.256 [Test worker] DEBUG org.springframework.beans.factory.support.DefaultListableBeanFactory - Returning cached instance of singleton bean 'org.springframework.transaction.config.internalTransactionAdvisor'
22:05:22.258 [Test worker] DEBUG org.springframework.beans.factory.support.DefaultListableBeanFactory - Creating shared instance of singleton bean 'branchRepository'
22:05:22.258 [Test worker] DEBUG org.springframework.beans.factory.support.DefaultListableBeanFactory - Creating instance of bean 'branchRepository'
22:05:22.258 [Test worker] DEBUG org.springframework.beans.factory.support.DefaultListableBeanFactory - Returning cached instance of singleton bean 'org.springframework.transaction.config.internalTransactionAdvisor'
22:05:22.258 [Test worker] DEBUG org.springframework.beans.factory.annotation.InjectionMetadata - Registered injected element on class [org.springframework.data.jpa.repository.support.JpaRepositoryFactoryBean]: PersistenceElement for public void org.springframework.data.jpa.repository.support.JpaRepositoryFactoryBean.setEntityManager(javax.persistence.EntityManager)
22:05:22.258 [Test worker] DEBUG org.springframework.beans.factory.support.DefaultListableBeanFactory - Eagerly caching bean 'branchRepository' to allow for resolving potential circular references
22:05:22.258 [Test worker] DEBUG org.springframework.beans.factory.annotation.InjectionMetadata - Processing injected element of bean 'branchRepository': PersistenceElement for public void org.springframework.data.jpa.repository.support.JpaRepositoryFactoryBean.setEntityManager(javax.persistence.EntityManager)
22:05:22.259 [Test worker] DEBUG org.springframework.beans.factory.support.DefaultListableBeanFactory - Creating instance of bean '(inner bean)#1ee544e0'
22:05:22.259 [Test worker] DEBUG org.springframework.beans.factory.support.DefaultListableBeanFactory - Returning cached instance of singleton bean 'org.springframework.transaction.config.internalTransactionAdvisor'
22:05:22.259 [Test worker] DEBUG org.springframework.beans.factory.support.DefaultListableBeanFactory - Creating instance of bean '(inner bean)#3ff916c9'
22:05:22.259 [Test worker] DEBUG org.springframework.beans.factory.support.DefaultListableBeanFactory - Returning cached instance of singleton bean 'org.springframework.transaction.config.internalTransactionAdvisor'
22:05:22.260 [Test worker] DEBUG org.springframework.core.io.support.PathMatchingResourcePatternResolver - Resolved classpath location [META-INF/jpa-named-queries.properties] to resources []
22:05:22.261 [Test worker] DEBUG org.springframework.beans.factory.support.DefaultListableBeanFactory - Invoking afterPropertiesSet() on bean with name '(inner bean)#3ff916c9'
22:05:22.261 [Test worker] DEBUG org.springframework.beans.factory.support.DefaultListableBeanFactory - Returning cached instance of singleton bean 'org.springframework.transaction.config.internalTransactionAdvisor'
22:05:22.261 [Test worker] DEBUG org.springframework.beans.factory.support.DefaultListableBeanFactory - Returning cached instance of singleton bean 'org.springframework.transaction.config.internalTransactionAdvisor'
22:05:22.262 [Test worker] DEBUG org.springframework.beans.factory.support.DefaultListableBeanFactory - Finished creating instance of bean '(inner bean)#3ff916c9'
22:05:22.262 [Test worker] DEBUG org.springframework.beans.factory.support.DefaultListableBeanFactory - Returning cached instance of singleton bean 'org.springframework.transaction.config.internalTransactionAdvisor'
22:05:22.262 [Test worker] DEBUG org.springframework.beans.factory.support.DefaultListableBeanFactory - Returning cached instance of singleton bean 'org.springframework.transaction.config.internalTransactionAdvisor'
22:05:22.263 [Test worker] DEBUG org.springframework.beans.factory.support.DefaultListableBeanFactory - Returning cached instance of singleton bean 'org.springframework.transaction.config.internalTransactionAdvisor'
22:05:22.263 [Test worker] DEBUG org.springframework.beans.factory.support.DefaultListableBeanFactory - Returning cached instance of singleton bean 'org.springframework.transaction.config.internalTransactionAdvisor'
22:05:22.263 [Test worker] DEBUG org.springframework.beans.factory.support.DefaultListableBeanFactory - Finished creating instance of bean '(inner bean)#1ee544e0'
22:05:22.263 [Test worker] DEBUG org.springframework.beans.factory.support.DefaultListableBeanFactory - Creating instance of bean '(inner bean)#33b2a26a'
22:05:22.263 [Test worker] DEBUG org.springframework.beans.factory.support.DefaultListableBeanFactory - Returning cached instance of singleton bean 'org.springframework.transaction.config.internalTransactionAdvisor'
22:05:22.264 [Test worker] DEBUG org.springframework.beans.factory.support.DefaultListableBeanFactory - Returning cached instance of singleton bean 'org.springframework.transaction.config.internalTransactionAdvisor'
22:05:22.264 [Test worker] DEBUG org.springframework.beans.factory.support.DefaultListableBeanFactory - Returning cached instance of singleton bean 'org.springframework.transaction.config.internalTransactionAdvisor'
22:05:22.264 [Test worker] DEBUG org.springframework.beans.factory.support.DefaultListableBeanFactory - Finished creating instance of bean '(inner bean)#33b2a26a'
22:05:22.265 [Test worker] DEBUG org.springframework.beans.factory.support.DefaultListableBeanFactory - Creating instance of bean '(inner bean)#ee61ee3'
22:05:22.265 [Test worker] DEBUG org.springframework.beans.factory.support.DefaultListableBeanFactory - Returning cached instance of singleton bean 'org.springframework.transaction.config.internalTransactionAdvisor'
22:05:22.265 [Test worker] DEBUG org.springframework.beans.factory.support.DefaultListableBeanFactory - Returning cached instance of singleton bean 'entityManagerFactory'
22:05:22.266 [Test worker] DEBUG org.springframework.beans.factory.support.DefaultListableBeanFactory - Returning cached instance of singleton bean 'org.springframework.transaction.config.internalTransactionAdvisor'
22:05:22.267 [Test worker] DEBUG org.springframework.beans.factory.support.DefaultListableBeanFactory - Returning cached instance of singleton bean 'org.springframework.transaction.config.internalTransactionAdvisor'
22:05:22.267 [Test worker] DEBUG org.springframework.beans.factory.support.DefaultListableBeanFactory - Finished creating instance of bean '(inner bean)#ee61ee3'
22:05:22.267 [Test worker] DEBUG org.springframework.beans.factory.support.DefaultListableBeanFactory - Returning cached instance of singleton bean 'jpaMappingContext'
22:05:22.268 [Test worker] DEBUG org.springframework.beans.factory.support.DefaultListableBeanFactory - Invoking afterPropertiesSet() on bean with name 'branchRepository'
22:05:22.268 [Test worker] DEBUG org.springframework.orm.jpa.SharedEntityManagerCreator$SharedEntityManagerInvocationHandler - Creating new EntityManager for shared EntityManager invocation
22:05:22.269 [Test worker] DEBUG org.springframework.orm.jpa.EntityManagerFactoryUtils - Closing JPA EntityManager
22:05:22.271 [Test worker] DEBUG org.springframework.orm.jpa.SharedEntityManagerCreator$SharedEntityManagerInvocationHandler - Creating new EntityManager for shared EntityManager invocation
22:05:22.272 [Test worker] DEBUG org.springframework.orm.jpa.EntityManagerFactoryUtils - Closing JPA EntityManager
22:05:22.272 [Test worker] DEBUG org.springframework.aop.framework.JdkDynamicAopProxy - Creating JDK dynamic proxy: target source is org.springframework.data.jpa.repository.support.CrudMethodMetadataPostProcessor$ThreadBoundTargetSource@3389ebc0
22:05:22.273 [Test worker] DEBUG org.springframework.orm.jpa.SharedEntityManagerCreator$SharedEntityManagerInvocationHandler - Creating new EntityManager for shared EntityManager invocation
22:05:22.274 [Test worker] DEBUG org.springframework.orm.jpa.EntityManagerFactoryUtils - Closing JPA EntityManager
22:05:22.277 [Test worker] DEBUG org.springframework.data.jpa.repository.query.JpaQueryFactory - Looking up query for method findByBranchNumber
22:05:22.277 [Test worker] DEBUG org.springframework.data.jpa.repository.query.NamedQuery - Looking up named query Branch.findByBranchNumber
22:05:22.278 [Test worker] DEBUG org.hibernate.jpa.spi.AbstractEntityManagerImpl - Mark transaction for rollback
22:05:22.278 [Test worker] DEBUG org.springframework.data.jpa.repository.query.NamedQuery - Did not find named query Branch.findByBranchNumber
22:05:22.279 [Test worker] DEBUG org.springframework.aop.framework.JdkDynamicAopProxy - Creating JDK dynamic proxy: target source is SingletonTargetSource for target object [org.springframework.data.jpa.repository.support.SimpleJpaRepository@10a81efa]
22:05:22.287 [Test worker] DEBUG org.springframework.beans.factory.support.DefaultListableBeanFactory - Returning cached instance of singleton bean 'org.springframework.transaction.config.internalTransactionAdvisor'
22:05:22.287 [Test worker] DEBUG org.springframework.beans.factory.support.DefaultListableBeanFactory - Returning cached instance of singleton bean 'org.springframework.transaction.config.internalTransactionAdvisor'
22:05:22.287 [Test worker] DEBUG org.springframework.beans.factory.support.DefaultListableBeanFactory - Finished creating instance of bean 'branchRepository'
22:05:22.287 [Test worker] DEBUG org.springframework.beans.factory.support.DefaultListableBeanFactory - Returning cached instance of singleton bean 'org.springframework.transaction.config.internalTransactionAdvisor'
22:05:22.287 [Test worker] DEBUG org.springframework.beans.factory.support.DefaultListableBeanFactory - Returning cached instance of singleton bean 'org.springframework.transaction.config.internalTransactionAdvisor'
22:05:22.288 [Test worker] DEBUG org.springframework.beans.factory.support.DefaultListableBeanFactory - Autowiring by type from bean name 'branchComponentImpl' via constructor to bean named 'branchRepository'
22:05:22.289 [Test worker] DEBUG org.springframework.beans.factory.annotation.InjectionMetadata - Registered injected element on class [se1app.applicationcore.branchcomponent.BranchComponentImpl]: AutowiredFieldElement for private se1app.applicationcore.branchcomponent.BranchRepository se1app.applicationcore.branchcomponent.BranchComponentImpl.branchRepository
22:05:22.289 [Test worker] DEBUG org.springframework.beans.factory.support.DefaultListableBeanFactory - Eagerly caching bean 'branchComponentImpl' to allow for resolving potential circular references
22:05:22.292 [Test worker] DEBUG org.springframework.beans.factory.annotation.InjectionMetadata - Processing injected element of bean 'branchComponentImpl': AutowiredFieldElement for private se1app.applicationcore.branchcomponent.BranchRepository se1app.applicationcore.branchcomponent.BranchComponentImpl.branchRepository
22:05:22.294 [Test worker] DEBUG org.springframework.beans.factory.support.DefaultListableBeanFactory - Returning cached instance of singleton bean 'branchRepository'
22:05:22.294 [Test worker] DEBUG org.springframework.beans.factory.annotation.AutowiredAnnotationBeanPostProcessor - Autowiring by type from bean name 'branchComponentImpl' to bean named 'branchRepository'
22:05:22.295 [Test worker] DEBUG org.springframework.beans.factory.support.DefaultListableBeanFactory - Returning cached instance of singleton bean 'org.springframework.transaction.config.internalTransactionAdvisor'
22:05:22.295 [Test worker] DEBUG org.springframework.beans.factory.support.DefaultListableBeanFactory - Returning cached instance of singleton bean 'org.springframework.transaction.config.internalTransactionAdvisor'
22:05:22.295 [Test worker] DEBUG org.springframework.beans.factory.support.DefaultListableBeanFactory - Finished creating instance of bean 'branchComponentImpl'
22:05:22.295 [Test worker] DEBUG org.springframework.beans.factory.support.DefaultListableBeanFactory - Autowiring by type from bean name 'accountComponentImpl' via constructor to bean named 'accountRepository'
22:05:22.295 [Test worker] DEBUG org.springframework.beans.factory.support.DefaultListableBeanFactory - Autowiring by type from bean name 'accountComponentImpl' via constructor to bean named 'branchComponentImpl'
22:05:22.296 [Test worker] DEBUG org.springframework.beans.factory.annotation.InjectionMetadata - Registered injected element on class [se1app.applicationcore.accountcomponent.AccountComponentImpl]: AutowiredFieldElement for private se1app.applicationcore.accountcomponent.AccountRepository se1app.applicationcore.accountcomponent.AccountComponentImpl.accountRepository
22:05:22.296 [Test worker] DEBUG org.springframework.beans.factory.support.DefaultListableBeanFactory - Eagerly caching bean 'accountComponentImpl' to allow for resolving potential circular references
22:05:22.299 [Test worker] DEBUG org.springframework.beans.factory.annotation.InjectionMetadata - Processing injected element of bean 'accountComponentImpl': AutowiredFieldElement for private se1app.applicationcore.accountcomponent.AccountRepository se1app.applicationcore.accountcomponent.AccountComponentImpl.accountRepository
22:05:22.299 [Test worker] DEBUG org.springframework.beans.factory.support.DefaultListableBeanFactory - Returning cached instance of singleton bean 'accountRepository'
22:05:22.299 [Test worker] DEBUG org.springframework.beans.factory.annotation.AutowiredAnnotationBeanPostProcessor - Autowiring by type from bean name 'accountComponentImpl' to bean named 'accountRepository'
22:05:22.300 [Test worker] DEBUG org.springframework.beans.factory.support.DefaultListableBeanFactory - Returning cached instance of singleton bean 'org.springframework.transaction.config.internalTransactionAdvisor'
22:05:22.300 [Test worker] DEBUG org.springframework.beans.factory.support.DefaultListableBeanFactory - Returning cached instance of singleton bean 'org.springframework.transaction.config.internalTransactionAdvisor'
22:05:22.301 [Test worker] DEBUG org.springframework.beans.factory.support.DefaultListableBeanFactory - Finished creating instance of bean 'accountComponentImpl'
22:05:22.301 [Test worker] DEBUG org.springframework.beans.factory.support.DefaultListableBeanFactory - Returning cached instance of singleton bean 'branchComponentImpl'
22:05:22.301 [Test worker] DEBUG org.springframework.beans.factory.support.DefaultListableBeanFactory - Creating shared instance of singleton bean 'applicationFacadeController'
22:05:22.301 [Test worker] DEBUG org.springframework.beans.factory.support.DefaultListableBeanFactory - Creating instance of bean 'applicationFacadeController'
22:05:22.301 [Test worker] DEBUG org.springframework.beans.factory.support.DefaultListableBeanFactory - Returning cached instance of singleton bean 'org.springframework.transaction.config.internalTransactionAdvisor'
22:05:22.309 [Test worker] DEBUG org.springframework.beans.factory.annotation.InjectionMetadata - Registered injected element on class [se1app.applicationcore.facadecomponent.ApplicationFacadeController]: AutowiredFieldElement for private se1app.applicationcore.accountcomponent.AccountComponentInterface se1app.applicationcore.facadecomponent.ApplicationFacadeController.accountComponentInterface
22:05:22.309 [Test worker] DEBUG org.springframework.beans.factory.annotation.InjectionMetadata - Registered injected element on class [se1app.applicationcore.facadecomponent.ApplicationFacadeController]: AutowiredFieldElement for private se1app.applicationcore.branchcomponent.BranchComponentInterface se1app.applicationcore.facadecomponent.ApplicationFacadeController.branchComponentInterface
22:05:22.309 [Test worker] DEBUG org.springframework.beans.factory.support.DefaultListableBeanFactory - Eagerly caching bean 'applicationFacadeController' to allow for resolving potential circular references
22:05:22.311 [Test worker] DEBUG org.springframework.beans.factory.annotation.InjectionMetadata - Processing injected element of bean 'applicationFacadeController': AutowiredFieldElement for private se1app.applicationcore.accountcomponent.AccountComponentInterface se1app.applicationcore.facadecomponent.ApplicationFacadeController.accountComponentInterface
22:05:22.313 [Test worker] DEBUG org.springframework.beans.factory.support.DefaultListableBeanFactory - Returning cached instance of singleton bean 'accountComponentImpl'
22:05:22.313 [Test worker] DEBUG org.springframework.beans.factory.annotation.AutowiredAnnotationBeanPostProcessor - Autowiring by type from bean name 'applicationFacadeController' to bean named 'accountComponentImpl'
22:05:22.313 [Test worker] DEBUG org.springframework.beans.factory.annotation.InjectionMetadata - Processing injected element of bean 'applicationFacadeController': AutowiredFieldElement for private se1app.applicationcore.branchcomponent.BranchComponentInterface se1app.applicationcore.facadecomponent.ApplicationFacadeController.branchComponentInterface
22:05:22.313 [Test worker] DEBUG org.springframework.beans.factory.support.DefaultListableBeanFactory - Returning cached instance of singleton bean 'branchComponentImpl'
22:05:22.313 [Test worker] DEBUG org.springframework.beans.factory.annotation.AutowiredAnnotationBeanPostProcessor - Autowiring by type from bean name 'applicationFacadeController' to bean named 'branchComponentImpl'
22:05:22.314 [Test worker] DEBUG org.springframework.beans.factory.support.DefaultListableBeanFactory - Returning cached instance of singleton bean 'org.springframework.transaction.config.internalTransactionAdvisor'
22:05:22.314 [Test worker] DEBUG org.springframework.beans.factory.support.DefaultListableBeanFactory - Returning cached instance of singleton bean 'org.springframework.transaction.config.internalTransactionAdvisor'
22:05:22.319 [Test worker] DEBUG org.springframework.beans.factory.support.DefaultListableBeanFactory - Finished creating instance of bean 'applicationFacadeController'
22:05:22.319 [Test worker] DEBUG org.springframework.beans.factory.support.DefaultListableBeanFactory - Creating shared instance of singleton bean 'init'
22:05:22.319 [Test worker] DEBUG org.springframework.beans.factory.support.DefaultListableBeanFactory - Creating instance of bean 'init'
22:05:22.319 [Test worker] DEBUG org.springframework.beans.factory.support.DefaultListableBeanFactory - Returning cached instance of singleton bean 'org.springframework.transaction.config.internalTransactionAdvisor'
22:05:22.319 [Test worker] DEBUG org.springframework.beans.factory.support.DefaultListableBeanFactory - Returning cached instance of singleton bean 'application'
22:05:22.321 [Test worker] DEBUG org.springframework.beans.factory.support.DefaultListableBeanFactory - Returning cached instance of singleton bean 'accountRepository'
22:05:22.321 [Test worker] DEBUG org.springframework.beans.factory.support.DefaultListableBeanFactory - Returning cached instance of singleton bean 'branchRepository'
22:05:22.321 [Test worker] DEBUG org.springframework.beans.factory.support.DefaultListableBeanFactory - Autowiring by type from bean name 'init' via factory method to bean named 'accountRepository'
22:05:22.321 [Test worker] DEBUG org.springframework.beans.factory.support.DefaultListableBeanFactory - Autowiring by type from bean name 'init' via factory method to bean named 'branchRepository'
22:05:22.338 [Test worker] DEBUG org.springframework.beans.factory.support.DefaultListableBeanFactory - Eagerly caching bean 'init' to allow for resolving potential circular references
22:05:22.340 [Test worker] DEBUG org.springframework.beans.factory.support.DefaultListableBeanFactory - Returning cached instance of singleton bean 'org.springframework.transaction.config.internalTransactionAdvisor'
22:05:22.340 [Test worker] DEBUG org.springframework.beans.factory.support.DefaultListableBeanFactory - Returning cached instance of singleton bean 'org.springframework.transaction.config.internalTransactionAdvisor'
22:05:22.340 [Test worker] DEBUG org.springframework.beans.factory.support.DefaultListableBeanFactory - Finished creating instance of bean 'init'
22:05:22.341 [Test worker] DEBUG org.springframework.beans.factory.support.DefaultListableBeanFactory - Creating shared instance of singleton bean 'corsConfigurer'
22:05:22.341 [Test worker] DEBUG org.springframework.beans.factory.support.DefaultListableBeanFactory - Creating instance of bean 'corsConfigurer'
22:05:22.341 [Test worker] DEBUG org.springframework.beans.factory.support.DefaultListableBeanFactory - Returning cached instance of singleton bean 'org.springframework.transaction.config.internalTransactionAdvisor'
22:05:22.341 [Test worker] DEBUG org.springframework.beans.factory.support.DefaultListableBeanFactory - Returning cached instance of singleton bean 'application'
22:05:22.352 [Test worker] DEBUG org.springframework.beans.factory.support.DefaultListableBeanFactory - Eagerly caching bean 'corsConfigurer' to allow for resolving potential circular references
22:05:22.358 [Test worker] DEBUG org.springframework.beans.factory.support.DefaultListableBeanFactory - Returning cached instance of singleton bean 'org.springframework.transaction.config.internalTransactionAdvisor'
22:05:22.358 [Test worker] DEBUG org.springframework.beans.factory.support.DefaultListableBeanFactory - Returning cached instance of singleton bean 'org.springframework.transaction.config.internalTransactionAdvisor'
22:05:22.359 [Test worker] DEBUG org.springframework.beans.factory.support.DefaultListableBeanFactory - Finished creating instance of bean 'corsConfigurer'
22:05:22.359 [Test worker] DEBUG org.springframework.beans.factory.support.DefaultListableBeanFactory - Returning cached instance of singleton bean 'org.springframework.boot.autoconfigure.AutoConfigurationPackages'
22:05:22.360 [Test worker] DEBUG org.springframework.beans.factory.support.DefaultListableBeanFactory - Creating shared instance of singleton bean 'org.springframework.boot.autoconfigure.context.PropertyPlaceholderAutoConfiguration'
22:05:22.360 [Test worker] DEBUG org.springframework.beans.factory.support.DefaultListableBeanFactory - Creating instance of bean 'org.springframework.boot.autoconfigure.context.PropertyPlaceholderAutoConfiguration'
22:05:22.360 [Test worker] DEBUG org.springframework.beans.factory.support.DefaultListableBeanFactory - Returning cached instance of singleton bean 'org.springframework.transaction.config.internalTransactionAdvisor'
22:05:22.361 [Test worker] DEBUG org.springframework.beans.factory.support.DefaultListableBeanFactory - Eagerly caching bean 'org.springframework.boot.autoconfigure.context.PropertyPlaceholderAutoConfiguration' to allow for resolving potential circular references
22:05:22.365 [Test worker] DEBUG org.springframework.beans.factory.support.DefaultListableBeanFactory - Returning cached instance of singleton bean 'org.springframework.transaction.config.internalTransactionAdvisor'
22:05:22.365 [Test worker] DEBUG org.springframework.beans.factory.support.DefaultListableBeanFactory - Returning cached instance of singleton bean 'org.springframework.transaction.config.internalTransactionAdvisor'
22:05:22.366 [Test worker] DEBUG org.springframework.beans.factory.support.DefaultListableBeanFactory - Finished creating instance of bean 'org.springframework.boot.autoconfigure.context.PropertyPlaceholderAutoConfiguration'
22:05:22.366 [Test worker] DEBUG org.springframework.beans.factory.support.DefaultListableBeanFactory - Returning cached instance of singleton bean 'org.springframework.boot.autoconfigure.condition.BeanTypeRegistry'
22:05:22.366 [Test worker] DEBUG org.springframework.beans.factory.support.DefaultListableBeanFactory - Returning cached instance of singleton bean 'propertySourcesPlaceholderConfigurer'
22:05:22.366 [Test worker] DEBUG org.springframework.beans.factory.support.DefaultListableBeanFactory - Creating shared instance of singleton bean 'org.springframework.boot.autoconfigure.jackson.JacksonAutoConfiguration$Jackson2ObjectMapperBuilderCustomizerConfiguration'
22:05:22.366 [Test worker] DEBUG org.springframework.beans.factory.support.DefaultListableBeanFactory - Creating instance of bean 'org.springframework.boot.autoconfigure.jackson.JacksonAutoConfiguration$Jackson2ObjectMapperBuilderCustomizerConfiguration'
22:05:22.366 [Test worker] DEBUG org.springframework.beans.factory.support.DefaultListableBeanFactory - Returning cached instance of singleton bean 'org.springframework.transaction.config.internalTransactionAdvisor'
22:05:22.367 [Test worker] DEBUG org.springframework.beans.factory.support.DefaultListableBeanFactory - Eagerly caching bean 'org.springframework.boot.autoconfigure.jackson.JacksonAutoConfiguration$Jackson2ObjectMapperBuilderCustomizerConfiguration' to allow for resolving potential circular references
22:05:22.373 [Test worker] DEBUG org.springframework.beans.factory.support.DefaultListableBeanFactory - Returning cached instance of singleton bean 'org.springframework.transaction.config.internalTransactionAdvisor'
22:05:22.373 [Test worker] DEBUG org.springframework.beans.factory.support.DefaultListableBeanFactory - Returning cached instance of singleton bean 'org.springframework.transaction.config.internalTransactionAdvisor'
22:05:22.375 [Test worker] DEBUG org.springframework.beans.factory.support.DefaultListableBeanFactory - Finished creating instance of bean 'org.springframework.boot.autoconfigure.jackson.JacksonAutoConfiguration$Jackson2ObjectMapperBuilderCustomizerConfiguration'
22:05:22.375 [Test worker] DEBUG org.springframework.beans.factory.support.DefaultListableBeanFactory - Creating shared instance of singleton bean 'standardJacksonObjectMapperBuilderCustomizer'
22:05:22.375 [Test worker] DEBUG org.springframework.beans.factory.support.DefaultListableBeanFactory - Creating instance of bean 'standardJacksonObjectMapperBuilderCustomizer'
22:05:22.375 [Test worker] DEBUG org.springframework.beans.factory.support.DefaultListableBeanFactory - Returning cached instance of singleton bean 'org.springframework.transaction.config.internalTransactionAdvisor'
22:05:22.375 [Test worker] DEBUG org.springframework.beans.factory.support.DefaultListableBeanFactory - Returning cached instance of singleton bean 'org.springframework.boot.autoconfigure.jackson.JacksonAutoConfiguration$Jackson2ObjectMapperBuilderCustomizerConfiguration'
22:05:22.380 [Test worker] DEBUG org.springframework.beans.factory.support.DefaultListableBeanFactory - Creating shared instance of singleton bean 'spring.jackson-org.springframework.boot.autoconfigure.jackson.JacksonProperties'
22:05:22.380 [Test worker] DEBUG org.springframework.beans.factory.support.DefaultListableBeanFactory - Creating instance of bean 'spring.jackson-org.springframework.boot.autoconfigure.jackson.JacksonProperties'
22:05:22.383 [Test worker] DEBUG org.springframework.beans.factory.support.DefaultListableBeanFactory - Returning cached instance of singleton bean 'org.springframework.transaction.config.internalTransactionAdvisor'
22:05:22.384 [Test worker] DEBUG org.springframework.beans.factory.support.DefaultListableBeanFactory - Eagerly caching bean 'spring.jackson-org.springframework.boot.autoconfigure.jackson.JacksonProperties' to allow for resolving potential circular references
22:05:22.393 [Test worker] DEBUG org.springframework.core.env.MutablePropertySources - Adding PropertySource 'systemProperties' with lowest search precedence
22:05:22.393 [Test worker] DEBUG org.springframework.core.env.MutablePropertySources - Adding PropertySource 'systemEnvironment' with lowest search precedence
22:05:22.393 [Test worker] DEBUG org.springframework.core.env.MutablePropertySources - Adding PropertySource 'localProperties' with lowest search precedence
22:05:22.399 [Test worker] DEBUG org.springframework.beans.factory.support.DefaultListableBeanFactory - Returning cached instance of singleton bean 'org.springframework.transaction.config.internalTransactionAdvisor'
22:05:22.399 [Test worker] DEBUG org.springframework.beans.factory.support.DefaultListableBeanFactory - Returning cached instance of singleton bean 'org.springframework.transaction.config.internalTransactionAdvisor'
22:05:22.400 [Test worker] DEBUG org.springframework.beans.factory.support.DefaultListableBeanFactory - Finished creating instance of bean 'spring.jackson-org.springframework.boot.autoconfigure.jackson.JacksonProperties'
22:05:22.401 [Test worker] DEBUG org.springframework.beans.factory.support.DefaultListableBeanFactory - Autowiring by type from bean name 'standardJacksonObjectMapperBuilderCustomizer' via factory method to bean named 'org.springframework.context.support.GenericApplicationContext@2168fafe'
22:05:22.401 [Test worker] DEBUG org.springframework.beans.factory.support.DefaultListableBeanFactory - Autowiring by type from bean name 'standardJacksonObjectMapperBuilderCustomizer' via factory method to bean named 'spring.jackson-org.springframework.boot.autoconfigure.jackson.JacksonProperties'
22:05:22.408 [Test worker] DEBUG org.springframework.beans.factory.support.DefaultListableBeanFactory - Eagerly caching bean 'standardJacksonObjectMapperBuilderCustomizer' to allow for resolving potential circular references
22:05:22.412 [Test worker] DEBUG org.springframework.beans.factory.support.DefaultListableBeanFactory - Returning cached instance of singleton bean 'org.springframework.transaction.config.internalTransactionAdvisor'
22:05:22.412 [Test worker] DEBUG org.springframework.beans.factory.support.DefaultListableBeanFactory - Returning cached instance of singleton bean 'org.springframework.transaction.config.internalTransactionAdvisor'
22:05:22.413 [Test worker] DEBUG org.springframework.beans.factory.support.DefaultListableBeanFactory - Finished creating instance of bean 'standardJacksonObjectMapperBuilderCustomizer'
22:05:22.413 [Test worker] DEBUG org.springframework.beans.factory.support.DefaultListableBeanFactory - Returning cached instance of singleton bean 'spring.jackson-org.springframework.boot.autoconfigure.jackson.JacksonProperties'
22:05:22.413 [Test worker] DEBUG org.springframework.beans.factory.support.DefaultListableBeanFactory - Returning cached instance of singleton bean 'org.springframework.boot.context.properties.ConfigurationPropertiesBindingPostProcessor'
22:05:22.413 [Test worker] DEBUG org.springframework.beans.factory.support.DefaultListableBeanFactory - Returning cached instance of singleton bean 'org.springframework.boot.context.properties.ConfigurationPropertiesBindingPostProcessor.store'
22:05:22.413 [Test worker] DEBUG org.springframework.beans.factory.support.DefaultListableBeanFactory - Creating shared instance of singleton bean 'org.springframework.boot.autoconfigure.jackson.JacksonAutoConfiguration$JacksonObjectMapperBuilderConfiguration'
22:05:22.413 [Test worker] DEBUG org.springframework.beans.factory.support.DefaultListableBeanFactory - Creating instance of bean 'org.springframework.boot.autoconfigure.jackson.JacksonAutoConfiguration$JacksonObjectMapperBuilderConfiguration'
22:05:22.413 [Test worker] DEBUG org.springframework.beans.factory.support.DefaultListableBeanFactory - Returning cached instance of singleton bean 'org.springframework.transaction.config.internalTransactionAdvisor'
22:05:22.414 [Test worker] DEBUG org.springframework.core.LocalVariableTableParameterNameDiscoverer - Cannot find '.class' file for class [class org.springframework.boot.autoconfigure.jackson.JacksonAutoConfiguration$JacksonObjectMapperBuilderConfiguration$$EnhancerBySpringCGLIB$$67995fa0] - unable to determine constructor/method parameter names
22:05:22.414 [Test worker] DEBUG org.springframework.beans.factory.support.DefaultListableBeanFactory - Returning cached instance of singleton bean 'spring.jackson-org.springframework.boot.autoconfigure.jackson.JacksonProperties'
22:05:22.417 [Test worker] DEBUG org.springframework.beans.factory.support.DefaultListableBeanFactory - Returning cached instance of singleton bean 'standardJacksonObjectMapperBuilderCustomizer'
22:05:22.417 [Test worker] DEBUG org.springframework.beans.factory.support.DefaultListableBeanFactory - Autowiring by type from bean name 'org.springframework.boot.autoconfigure.jackson.JacksonAutoConfiguration$JacksonObjectMapperBuilderConfiguration' via constructor to bean named 'org.springframework.context.support.GenericApplicationContext@2168fafe'
22:05:22.418 [Test worker] DEBUG org.springframework.beans.factory.support.DefaultListableBeanFactory - Autowiring by type from bean name 'org.springframework.boot.autoconfigure.jackson.JacksonAutoConfiguration$JacksonObjectMapperBuilderConfiguration' via constructor to bean named 'spring.jackson-org.springframework.boot.autoconfigure.jackson.JacksonProperties'
22:05:22.418 [Test worker] DEBUG org.springframework.beans.factory.support.DefaultListableBeanFactory - Autowiring by type from bean name 'org.springframework.boot.autoconfigure.jackson.JacksonAutoConfiguration$JacksonObjectMapperBuilderConfiguration' via constructor to bean named 'standardJacksonObjectMapperBuilderCustomizer'
22:05:22.418 [Test worker] DEBUG org.springframework.beans.factory.support.DefaultListableBeanFactory - Eagerly caching bean 'org.springframework.boot.autoconfigure.jackson.JacksonAutoConfiguration$JacksonObjectMapperBuilderConfiguration' to allow for resolving potential circular references
22:05:22.427 [Test worker] DEBUG org.springframework.beans.factory.support.DefaultListableBeanFactory - Returning cached instance of singleton bean 'org.springframework.transaction.config.internalTransactionAdvisor'
22:05:22.427 [Test worker] DEBUG org.springframework.beans.factory.support.DefaultListableBeanFactory - Returning cached instance of singleton bean 'org.springframework.transaction.config.internalTransactionAdvisor'
22:05:22.429 [Test worker] DEBUG org.springframework.beans.factory.support.DefaultListableBeanFactory - Finished creating instance of bean 'org.springframework.boot.autoconfigure.jackson.JacksonAutoConfiguration$JacksonObjectMapperBuilderConfiguration'
22:05:22.429 [Test worker] DEBUG org.springframework.beans.factory.support.DefaultListableBeanFactory - Creating shared instance of singleton bean 'jacksonObjectMapperBuilder'
22:05:22.429 [Test worker] DEBUG org.springframework.beans.factory.support.DefaultListableBeanFactory - Creating instance of bean 'jacksonObjectMapperBuilder'
22:05:22.429 [Test worker] DEBUG org.springframework.beans.factory.support.DefaultListableBeanFactory - Returning cached instance of singleton bean 'org.springframework.transaction.config.internalTransactionAdvisor'
22:05:22.429 [Test worker] DEBUG org.springframework.beans.factory.support.DefaultListableBeanFactory - Returning cached instance of singleton bean 'org.springframework.boot.autoconfigure.jackson.JacksonAutoConfiguration$JacksonObjectMapperBuilderConfiguration'
22:05:22.431 [Test worker] DEBUG org.springframework.beans.factory.support.DefaultListableBeanFactory - Returning cached instance of singleton bean 'standardJacksonObjectMapperBuilderCustomizer'
22:05:22.431 [Test worker] DEBUG org.springframework.beans.factory.support.DefaultListableBeanFactory - Autowiring by type from bean name 'jacksonObjectMapperBuilder' via factory method to bean named 'standardJacksonObjectMapperBuilderCustomizer'
22:05:22.442 [Test worker] DEBUG org.springframework.beans.factory.support.DefaultListableBeanFactory - Creating shared instance of singleton bean 'jsonComponentModule'
22:05:22.442 [Test worker] DEBUG org.springframework.beans.factory.support.DefaultListableBeanFactory - Creating instance of bean 'jsonComponentModule'
22:05:22.442 [Test worker] DEBUG org.springframework.beans.factory.support.DefaultListableBeanFactory - Returning cached instance of singleton bean 'org.springframework.transaction.config.internalTransactionAdvisor'
22:05:22.443 [Test worker] DEBUG org.springframework.beans.factory.support.DefaultListableBeanFactory - Creating shared instance of singleton bean 'org.springframework.boot.autoconfigure.jackson.JacksonAutoConfiguration'
22:05:22.443 [Test worker] DEBUG org.springframework.beans.factory.support.DefaultListableBeanFactory - Creating instance of bean 'org.springframework.boot.autoconfigure.jackson.JacksonAutoConfiguration'
22:05:22.443 [Test worker] DEBUG org.springframework.beans.factory.support.DefaultListableBeanFactory - Returning cached instance of singleton bean 'org.springframework.transaction.config.internalTransactionAdvisor'
22:05:22.444 [Test worker] DEBUG org.springframework.beans.factory.support.DefaultListableBeanFactory - Eagerly caching bean 'org.springframework.boot.autoconfigure.jackson.JacksonAutoConfiguration' to allow for resolving potential circular references
22:05:22.448 [Test worker] DEBUG org.springframework.beans.factory.support.DefaultListableBeanFactory - Returning cached instance of singleton bean 'org.springframework.transaction.config.internalTransactionAdvisor'
22:05:22.448 [Test worker] DEBUG org.springframework.beans.factory.support.DefaultListableBeanFactory - Returning cached instance of singleton bean 'org.springframework.transaction.config.internalTransactionAdvisor'
22:05:22.449 [Test worker] DEBUG org.springframework.beans.factory.support.DefaultListableBeanFactory - Finished creating instance of bean 'org.springframework.boot.autoconfigure.jackson.JacksonAutoConfiguration'
22:05:22.474 [Test worker] DEBUG org.springframework.context.annotation.CommonAnnotationBeanPostProcessor - Found init method on class [org.springframework.boot.jackson.JsonComponentModule]: public void org.springframework.boot.jackson.JsonComponentModule.registerJsonComponents()
22:05:22.474 [Test worker] DEBUG org.springframework.context.annotation.CommonAnnotationBeanPostProcessor - Registered init method on class [org.springframework.boot.jackson.JsonComponentModule]: org.springframework.beans.factory.annotation.InitDestroyAnnotationBeanPostProcessor$LifecycleElement@65126ba1
22:05:22.474 [Test worker] DEBUG org.springframework.beans.factory.support.DefaultListableBeanFactory - Eagerly caching bean 'jsonComponentModule' to allow for resolving potential circular references
22:05:22.485 [Test worker] DEBUG org.springframework.context.annotation.CommonAnnotationBeanPostProcessor - Invoking init method on bean 'jsonComponentModule': public void org.springframework.boot.jackson.JsonComponentModule.registerJsonComponents()
22:05:22.492 [Test worker] DEBUG org.springframework.beans.factory.support.DefaultListableBeanFactory - Returning cached instance of singleton bean 'org.springframework.transaction.config.internalTransactionAdvisor'
22:05:22.492 [Test worker] DEBUG org.springframework.beans.factory.support.DefaultListableBeanFactory - Returning cached instance of singleton bean 'org.springframework.transaction.config.internalTransactionAdvisor'
22:05:22.493 [Test worker] DEBUG org.springframework.beans.factory.support.DefaultListableBeanFactory - Finished creating instance of bean 'jsonComponentModule'
22:05:22.498 [Test worker] DEBUG org.springframework.beans.factory.support.DefaultListableBeanFactory - Eagerly caching bean 'jacksonObjectMapperBuilder' to allow for resolving potential circular references
22:05:22.503 [Test worker] DEBUG org.springframework.beans.factory.support.DefaultListableBeanFactory - Returning cached instance of singleton bean 'org.springframework.transaction.config.internalTransactionAdvisor'
22:05:22.503 [Test worker] DEBUG org.springframework.beans.factory.support.DefaultListableBeanFactory - Returning cached instance of singleton bean 'org.springframework.transaction.config.internalTransactionAdvisor'
22:05:22.503 [Test worker] DEBUG org.springframework.beans.factory.support.DefaultListableBeanFactory - Finished creating instance of bean 'jacksonObjectMapperBuilder'
22:05:22.504 [Test worker] DEBUG org.springframework.beans.factory.support.DefaultListableBeanFactory - Creating shared instance of singleton bean 'org.springframework.boot.autoconfigure.jackson.JacksonAutoConfiguration$JacksonObjectMapperConfiguration'
22:05:22.504 [Test worker] DEBUG org.springframework.beans.factory.support.DefaultListableBeanFactory - Creating instance of bean 'org.springframework.boot.autoconfigure.jackson.JacksonAutoConfiguration$JacksonObjectMapperConfiguration'
22:05:22.504 [Test worker] DEBUG org.springframework.beans.factory.support.DefaultListableBeanFactory - Returning cached instance of singleton bean 'org.springframework.transaction.config.internalTransactionAdvisor'
22:05:22.504 [Test worker] DEBUG org.springframework.beans.factory.support.DefaultListableBeanFactory - Eagerly caching bean 'org.springframework.boot.autoconfigure.jackson.JacksonAutoConfiguration$JacksonObjectMapperConfiguration' to allow for resolving potential circular references
22:05:22.509 [Test worker] DEBUG org.springframework.beans.factory.support.DefaultListableBeanFactory - Returning cached instance of singleton bean 'org.springframework.transaction.config.internalTransactionAdvisor'
22:05:22.509 [Test worker] DEBUG org.springframework.beans.factory.support.DefaultListableBeanFactory - Returning cached instance of singleton bean 'org.springframework.transaction.config.internalTransactionAdvisor'
22:05:22.510 [Test worker] DEBUG org.springframework.beans.factory.support.DefaultListableBeanFactory - Finished creating instance of bean 'org.springframework.boot.autoconfigure.jackson.JacksonAutoConfiguration$JacksonObjectMapperConfiguration'
22:05:22.510 [Test worker] DEBUG org.springframework.beans.factory.support.DefaultListableBeanFactory - Creating shared instance of singleton bean 'jacksonObjectMapper'
22:05:22.510 [Test worker] DEBUG org.springframework.beans.factory.support.DefaultListableBeanFactory - Creating instance of bean 'jacksonObjectMapper'
22:05:22.510 [Test worker] DEBUG org.springframework.beans.factory.support.DefaultListableBeanFactory - Returning cached instance of singleton bean 'org.springframework.transaction.config.internalTransactionAdvisor'
22:05:22.511 [Test worker] DEBUG org.springframework.beans.factory.support.DefaultListableBeanFactory - Returning cached instance of singleton bean 'org.springframework.boot.autoconfigure.jackson.JacksonAutoConfiguration$JacksonObjectMapperConfiguration'
22:05:22.513 [Test worker] DEBUG org.springframework.beans.factory.support.DefaultListableBeanFactory - Returning cached instance of singleton bean 'jacksonObjectMapperBuilder'
22:05:22.513 [Test worker] DEBUG org.springframework.beans.factory.support.DefaultListableBeanFactory - Autowiring by type from bean name 'jacksonObjectMapper' via factory method to bean named 'jacksonObjectMapperBuilder'
22:05:22.814 [Test worker] DEBUG org.springframework.beans.factory.support.DefaultListableBeanFactory - Eagerly caching bean 'jacksonObjectMapper' to allow for resolving potential circular references
22:05:22.832 [Test worker] DEBUG org.springframework.beans.factory.support.DefaultListableBeanFactory - Returning cached instance of singleton bean 'org.springframework.transaction.config.internalTransactionAdvisor'
22:05:22.832 [Test worker] DEBUG org.springframework.beans.factory.support.DefaultListableBeanFactory - Returning cached instance of singleton bean 'org.springframework.transaction.config.internalTransactionAdvisor'
22:05:22.837 [Test worker] DEBUG org.springframework.beans.factory.support.DefaultListableBeanFactory - Finished creating instance of bean 'jacksonObjectMapper'
22:05:22.837 [Test worker] DEBUG org.springframework.beans.factory.support.DefaultListableBeanFactory - Returning cached instance of singleton bean 'org.springframework.boot.autoconfigure.jackson.JacksonAutoConfiguration'
22:05:22.837 [Test worker] DEBUG org.springframework.beans.factory.support.DefaultListableBeanFactory - Returning cached instance of singleton bean 'jsonComponentModule'
22:05:22.837 [Test worker] DEBUG org.springframework.beans.factory.support.DefaultListableBeanFactory - Creating shared instance of singleton bean 'org.springframework.boot.autoconfigure.validation.ValidationAutoConfiguration'
22:05:22.838 [Test worker] DEBUG org.springframework.beans.factory.support.DefaultListableBeanFactory - Creating instance of bean 'org.springframework.boot.autoconfigure.validation.ValidationAutoConfiguration'
22:05:22.841 [Test worker] DEBUG org.springframework.beans.factory.support.DefaultListableBeanFactory - Returning cached instance of singleton bean 'org.springframework.transaction.config.internalTransactionAdvisor'
22:05:22.842 [Test worker] DEBUG org.springframework.beans.factory.support.DefaultListableBeanFactory - Eagerly caching bean 'org.springframework.boot.autoconfigure.validation.ValidationAutoConfiguration' to allow for resolving potential circular references
22:05:22.848 [Test worker] DEBUG org.springframework.beans.factory.support.DefaultListableBeanFactory - Returning cached instance of singleton bean 'org.springframework.transaction.config.internalTransactionAdvisor'
22:05:22.848 [Test worker] DEBUG org.springframework.beans.factory.support.DefaultListableBeanFactory - Returning cached instance of singleton bean 'org.springframework.transaction.config.internalTransactionAdvisor'
22:05:22.849 [Test worker] DEBUG org.springframework.beans.factory.support.DefaultListableBeanFactory - Finished creating instance of bean 'org.springframework.boot.autoconfigure.validation.ValidationAutoConfiguration'
22:05:22.849 [Test worker] DEBUG org.springframework.beans.factory.support.DefaultListableBeanFactory - Creating shared instance of singleton bean 'defaultValidator'
22:05:22.849 [Test worker] DEBUG org.springframework.beans.factory.support.DefaultListableBeanFactory - Creating instance of bean 'defaultValidator'
22:05:22.849 [Test worker] DEBUG org.springframework.beans.factory.support.DefaultListableBeanFactory - Returning cached instance of singleton bean 'org.springframework.transaction.config.internalTransactionAdvisor'
22:05:22.850 [Test worker] DEBUG org.hibernate.validator.internal.engine.resolver.DefaultTraversableResolver - Found javax.persistence.Persistence on classpath containing 'getPersistenceUtil'. Assuming JPA 2 environment. Trying to instantiate JPA aware TraversableResolver
22:05:22.850 [Test worker] DEBUG org.hibernate.validator.internal.engine.resolver.DefaultTraversableResolver - Instantiated JPA aware TraversableResolver of type org.hibernate.validator.internal.engine.resolver.JPATraversableResolver.
22:05:22.852 [Test worker] DEBUG org.springframework.beans.factory.support.DefaultListableBeanFactory - Eagerly caching bean 'defaultValidator' to allow for resolving potential circular references
22:05:22.862 [Test worker] DEBUG org.springframework.beans.factory.support.DefaultListableBeanFactory - Invoking afterPropertiesSet() on bean with name 'defaultValidator'
22:05:22.863 [Test worker] DEBUG org.hibernate.validator.internal.engine.resolver.DefaultTraversableResolver - Found javax.persistence.Persistence on classpath containing 'getPersistenceUtil'. Assuming JPA 2 environment. Trying to instantiate JPA aware TraversableResolver
22:05:22.863 [Test worker] DEBUG org.hibernate.validator.internal.engine.resolver.DefaultTraversableResolver - Instantiated JPA aware TraversableResolver of type org.hibernate.validator.internal.engine.resolver.JPATraversableResolver.
22:05:22.863 [Test worker] DEBUG org.hibernate.validator.internal.engine.ConfigurationImpl - Setting custom MessageInterpolator of type org.springframework.validation.beanvalidation.LocaleContextMessageInterpolator
22:05:22.863 [Test worker] DEBUG org.hibernate.validator.internal.engine.ConfigurationImpl - Setting custom ConstraintValidatorFactory of type org.springframework.validation.beanvalidation.SpringConstraintValidatorFactory
22:05:22.863 [Test worker] DEBUG org.hibernate.validator.internal.engine.ConfigurationImpl - Setting custom ParameterNameProvider of type com.sun.proxy.$Proxy73
22:05:22.863 [Test worker] DEBUG org.hibernate.validator.internal.xml.ValidationXmlParser - Trying to load META-INF/validation.xml for XML based Validator configuration.
22:05:22.863 [Test worker] DEBUG org.hibernate.validator.internal.xml.ResourceLoaderHelper - Trying to load META-INF/validation.xml via user class loader
22:05:22.864 [Test worker] DEBUG org.hibernate.validator.internal.xml.ResourceLoaderHelper - Trying to load META-INF/validation.xml via TCCL
22:05:22.864 [Test worker] DEBUG org.hibernate.validator.internal.xml.ResourceLoaderHelper - Trying to load META-INF/validation.xml via Hibernate Validator's class loader
22:05:22.864 [Test worker] DEBUG org.hibernate.validator.internal.xml.ValidationXmlParser - No META-INF/validation.xml found. Using annotation based configuration only.
22:05:22.868 [Test worker] DEBUG org.springframework.beans.factory.support.DefaultListableBeanFactory - Returning cached instance of singleton bean 'org.springframework.transaction.config.internalTransactionAdvisor'
22:05:22.868 [Test worker] DEBUG org.springframework.beans.factory.support.DefaultListableBeanFactory - Returning cached instance of singleton bean 'org.springframework.transaction.config.internalTransactionAdvisor'
22:05:22.870 [Test worker] DEBUG org.springframework.beans.factory.support.DefaultListableBeanFactory - Finished creating instance of bean 'defaultValidator'
22:05:22.870 [Test worker] DEBUG org.springframework.beans.factory.support.DefaultListableBeanFactory - Returning cached instance of singleton bean 'methodValidationPostProcessor'
22:05:22.870 [Test worker] DEBUG org.springframework.beans.factory.support.DefaultListableBeanFactory - Creating shared instance of singleton bean 'org.springframework.boot.actuate.autoconfigure.AuditAutoConfiguration$AuditEventRepositoryConfiguration'
22:05:22.870 [Test worker] DEBUG org.springframework.beans.factory.support.DefaultListableBeanFactory - Creating instance of bean 'org.springframework.boot.actuate.autoconfigure.AuditAutoConfiguration$AuditEventRepositoryConfiguration'
22:05:22.870 [Test worker] DEBUG org.springframework.beans.factory.support.DefaultListableBeanFactory - Returning cached instance of singleton bean 'org.springframework.transaction.config.internalTransactionAdvisor'
22:05:22.870 [Test worker] DEBUG org.springframework.beans.factory.support.DefaultListableBeanFactory - Eagerly caching bean 'org.springframework.boot.actuate.autoconfigure.AuditAutoConfiguration$AuditEventRepositoryConfiguration' to allow for resolving potential circular references
22:05:22.873 [Test worker] DEBUG org.springframework.beans.factory.support.DefaultListableBeanFactory - Returning cached instance of singleton bean 'org.springframework.transaction.config.internalTransactionAdvisor'
22:05:22.873 [Test worker] DEBUG org.springframework.beans.factory.support.DefaultListableBeanFactory - Returning cached instance of singleton bean 'org.springframework.transaction.config.internalTransactionAdvisor'
22:05:22.874 [Test worker] DEBUG org.springframework.beans.factory.support.DefaultListableBeanFactory - Finished creating instance of bean 'org.springframework.boot.actuate.autoconfigure.AuditAutoConfiguration$AuditEventRepositoryConfiguration'
22:05:22.874 [Test worker] DEBUG org.springframework.beans.factory.support.DefaultListableBeanFactory - Creating shared instance of singleton bean 'auditEventRepository'
22:05:22.874 [Test worker] DEBUG org.springframework.beans.factory.support.DefaultListableBeanFactory - Creating instance of bean 'auditEventRepository'
22:05:22.874 [Test worker] DEBUG org.springframework.beans.factory.support.DefaultListableBeanFactory - Returning cached instance of singleton bean 'org.springframework.transaction.config.internalTransactionAdvisor'
22:05:22.874 [Test worker] DEBUG org.springframework.beans.factory.support.DefaultListableBeanFactory - Returning cached instance of singleton bean 'org.springframework.boot.actuate.autoconfigure.AuditAutoConfiguration$AuditEventRepositoryConfiguration'
22:05:22.876 [Test worker] DEBUG org.springframework.beans.factory.support.DefaultListableBeanFactory - Eagerly caching bean 'auditEventRepository' to allow for resolving potential circular references
22:05:22.879 [Test worker] DEBUG org.springframework.beans.factory.support.DefaultListableBeanFactory - Returning cached instance of singleton bean 'org.springframework.transaction.config.internalTransactionAdvisor'
22:05:22.879 [Test worker] DEBUG org.springframework.beans.factory.support.DefaultListableBeanFactory - Returning cached instance of singleton bean 'org.springframework.transaction.config.internalTransactionAdvisor'
22:05:22.880 [Test worker] DEBUG org.springframework.beans.factory.support.DefaultListableBeanFactory - Finished creating instance of bean 'auditEventRepository'
22:05:22.880 [Test worker] DEBUG org.springframework.beans.factory.support.DefaultListableBeanFactory - Creating shared instance of singleton bean 'org.springframework.boot.actuate.autoconfigure.AuditAutoConfiguration'
22:05:22.880 [Test worker] DEBUG org.springframework.beans.factory.support.DefaultListableBeanFactory - Creating instance of bean 'org.springframework.boot.actuate.autoconfigure.AuditAutoConfiguration'
22:05:22.880 [Test worker] DEBUG org.springframework.beans.factory.support.DefaultListableBeanFactory - Returning cached instance of singleton bean 'org.springframework.transaction.config.internalTransactionAdvisor'
22:05:22.881 [Test worker] DEBUG org.springframework.core.LocalVariableTableParameterNameDiscoverer - Cannot find '.class' file for class [class org.springframework.boot.actuate.autoconfigure.AuditAutoConfiguration$$EnhancerBySpringCGLIB$$fd0413d2] - unable to determine constructor/method parameter names
22:05:22.883 [Test worker] DEBUG org.springframework.beans.factory.support.DefaultListableBeanFactory - Returning cached instance of singleton bean 'auditEventRepository'
22:05:22.883 [Test worker] DEBUG org.springframework.beans.factory.support.DefaultListableBeanFactory - Eagerly caching bean 'org.springframework.boot.actuate.autoconfigure.AuditAutoConfiguration' to allow for resolving potential circular references
22:05:22.888 [Test worker] DEBUG org.springframework.beans.factory.support.DefaultListableBeanFactory - Returning cached instance of singleton bean 'org.springframework.transaction.config.internalTransactionAdvisor'
22:05:22.888 [Test worker] DEBUG org.springframework.beans.factory.support.DefaultListableBeanFactory - Returning cached instance of singleton bean 'org.springframework.transaction.config.internalTransactionAdvisor'
22:05:22.890 [Test worker] DEBUG org.springframework.beans.factory.support.DefaultListableBeanFactory - Finished creating instance of bean 'org.springframework.boot.actuate.autoconfigure.AuditAutoConfiguration'
22:05:22.890 [Test worker] DEBUG org.springframework.beans.factory.support.DefaultListableBeanFactory - Creating shared instance of singleton bean 'auditListener'
22:05:22.890 [Test worker] DEBUG org.springframework.beans.factory.support.DefaultListableBeanFactory - Creating instance of bean 'auditListener'
22:05:22.890 [Test worker] DEBUG org.springframework.beans.factory.support.DefaultListableBeanFactory - Returning cached instance of singleton bean 'org.springframework.transaction.config.internalTransactionAdvisor'
22:05:22.890 [Test worker] DEBUG org.springframework.beans.factory.support.DefaultListableBeanFactory - Returning cached instance of singleton bean 'org.springframework.boot.actuate.autoconfigure.AuditAutoConfiguration'
22:05:22.898 [Test worker] DEBUG org.springframework.beans.factory.support.DefaultListableBeanFactory - Eagerly caching bean 'auditListener' to allow for resolving potential circular references
22:05:22.902 [Test worker] DEBUG org.springframework.beans.factory.support.DefaultListableBeanFactory - Returning cached instance of singleton bean 'org.springframework.transaction.config.internalTransactionAdvisor'
22:05:22.902 [Test worker] DEBUG org.springframework.beans.factory.support.DefaultListableBeanFactory - Returning cached instance of singleton bean 'org.springframework.transaction.config.internalTransactionAdvisor'
22:05:22.902 [Test worker] DEBUG org.springframework.beans.factory.support.DefaultListableBeanFactory - Finished creating instance of bean 'auditListener'
22:05:22.903 [Test worker] DEBUG org.springframework.beans.factory.support.DefaultListableBeanFactory - Creating shared instance of singleton bean 'org.springframework.boot.autoconfigure.transaction.jta.JtaAutoConfiguration'
22:05:22.903 [Test worker] DEBUG org.springframework.beans.factory.support.DefaultListableBeanFactory - Creating instance of bean 'org.springframework.boot.autoconfigure.transaction.jta.JtaAutoConfiguration'
22:05:22.903 [Test worker] DEBUG org.springframework.beans.factory.support.DefaultListableBeanFactory - Returning cached instance of singleton bean 'org.springframework.transaction.config.internalTransactionAdvisor'
22:05:22.903 [Test worker] DEBUG org.springframework.beans.factory.support.DefaultListableBeanFactory - Eagerly caching bean 'org.springframework.boot.autoconfigure.transaction.jta.JtaAutoConfiguration' to allow for resolving potential circular references
22:05:22.905 [Test worker] DEBUG org.springframework.beans.factory.support.DefaultListableBeanFactory - Returning cached instance of singleton bean 'org.springframework.transaction.config.internalTransactionAdvisor'
22:05:22.905 [Test worker] DEBUG org.springframework.beans.factory.support.DefaultListableBeanFactory - Returning cached instance of singleton bean 'org.springframework.transaction.config.internalTransactionAdvisor'
22:05:22.905 [Test worker] DEBUG org.springframework.beans.factory.support.DefaultListableBeanFactory - Finished creating instance of bean 'org.springframework.boot.autoconfigure.transaction.jta.JtaAutoConfiguration'
22:05:22.905 [Test worker] DEBUG org.springframework.beans.factory.support.DefaultListableBeanFactory - Creating shared instance of singleton bean 'spring.jta-org.springframework.boot.autoconfigure.transaction.jta.JtaProperties'
22:05:22.905 [Test worker] DEBUG org.springframework.beans.factory.support.DefaultListableBeanFactory - Creating instance of bean 'spring.jta-org.springframework.boot.autoconfigure.transaction.jta.JtaProperties'
22:05:22.905 [Test worker] DEBUG org.springframework.beans.factory.support.DefaultListableBeanFactory - Returning cached instance of singleton bean 'org.springframework.transaction.config.internalTransactionAdvisor'
22:05:22.906 [Test worker] DEBUG org.springframework.beans.factory.support.DefaultListableBeanFactory - Eagerly caching bean 'spring.jta-org.springframework.boot.autoconfigure.transaction.jta.JtaProperties' to allow for resolving potential circular references
22:05:22.908 [Test worker] DEBUG org.springframework.core.env.MutablePropertySources - Adding PropertySource 'systemProperties' with lowest search precedence
22:05:22.908 [Test worker] DEBUG org.springframework.core.env.MutablePropertySources - Adding PropertySource 'systemEnvironment' with lowest search precedence
22:05:22.908 [Test worker] DEBUG org.springframework.core.env.MutablePropertySources - Adding PropertySource 'localProperties' with lowest search precedence
22:05:22.909 [Test worker] DEBUG org.springframework.beans.factory.support.DefaultListableBeanFactory - Returning cached instance of singleton bean 'org.springframework.transaction.config.internalTransactionAdvisor'
22:05:22.909 [Test worker] DEBUG org.springframework.beans.factory.support.DefaultListableBeanFactory - Returning cached instance of singleton bean 'org.springframework.transaction.config.internalTransactionAdvisor'
22:05:22.910 [Test worker] DEBUG org.springframework.beans.factory.support.DefaultListableBeanFactory - Finished creating instance of bean 'spring.jta-org.springframework.boot.autoconfigure.transaction.jta.JtaProperties'
22:05:22.910 [Test worker] DEBUG org.springframework.beans.factory.support.DefaultListableBeanFactory - Returning cached instance of singleton bean 'org.springframework.boot.autoconfigure.jdbc.DataSourceConfiguration$Tomcat'
22:05:22.910 [Test worker] DEBUG org.springframework.beans.factory.support.DefaultListableBeanFactory - Returning cached instance of singleton bean 'dataSource'
22:05:22.910 [Test worker] DEBUG org.springframework.beans.factory.support.DefaultListableBeanFactory - Creating shared instance of singleton bean 'org.springframework.boot.autoconfigure.jdbc.DataSourceAutoConfiguration$PooledDataSourceConfiguration'
22:05:22.910 [Test worker] DEBUG org.springframework.beans.factory.support.DefaultListableBeanFactory - Creating instance of bean 'org.springframework.boot.autoconfigure.jdbc.DataSourceAutoConfiguration$PooledDataSourceConfiguration'
22:05:22.910 [Test worker] DEBUG org.springframework.beans.factory.support.DefaultListableBeanFactory - Returning cached instance of singleton bean 'org.springframework.transaction.config.internalTransactionAdvisor'
22:05:22.910 [Test worker] DEBUG org.springframework.beans.factory.support.DefaultListableBeanFactory - Eagerly caching bean 'org.springframework.boot.autoconfigure.jdbc.DataSourceAutoConfiguration$PooledDataSourceConfiguration' to allow for resolving potential circular references
22:05:22.914 [Test worker] DEBUG org.springframework.beans.factory.support.DefaultListableBeanFactory - Returning cached instance of singleton bean 'org.springframework.transaction.config.internalTransactionAdvisor'
22:05:22.914 [Test worker] DEBUG org.springframework.beans.factory.support.DefaultListableBeanFactory - Returning cached instance of singleton bean 'org.springframework.transaction.config.internalTransactionAdvisor'
22:05:22.914 [Test worker] DEBUG org.springframework.beans.factory.support.DefaultListableBeanFactory - Finished creating instance of bean 'org.springframework.boot.autoconfigure.jdbc.DataSourceAutoConfiguration$PooledDataSourceConfiguration'
22:05:22.915 [Test worker] DEBUG org.springframework.beans.factory.support.DefaultListableBeanFactory - Creating shared instance of singleton bean 'org.springframework.boot.autoconfigure.jdbc.metadata.DataSourcePoolMetadataProvidersConfiguration$TomcatDataSourcePoolMetadataProviderConfiguration'
22:05:22.915 [Test worker] DEBUG org.springframework.beans.factory.support.DefaultListableBeanFactory - Creating instance of bean 'org.springframework.boot.autoconfigure.jdbc.metadata.DataSourcePoolMetadataProvidersConfiguration$TomcatDataSourcePoolMetadataProviderConfiguration'
22:05:22.915 [Test worker] DEBUG org.springframework.beans.factory.support.DefaultListableBeanFactory - Returning cached instance of singleton bean 'org.springframework.transaction.config.internalTransactionAdvisor'
22:05:22.915 [Test worker] DEBUG org.springframework.beans.factory.support.DefaultListableBeanFactory - Eagerly caching bean 'org.springframework.boot.autoconfigure.jdbc.metadata.DataSourcePoolMetadataProvidersConfiguration$TomcatDataSourcePoolMetadataProviderConfiguration' to allow for resolving potential circular references
22:05:22.919 [Test worker] DEBUG org.springframework.beans.factory.support.DefaultListableBeanFactory - Returning cached instance of singleton bean 'org.springframework.transaction.config.internalTransactionAdvisor'
22:05:22.919 [Test worker] DEBUG org.springframework.beans.factory.support.DefaultListableBeanFactory - Returning cached instance of singleton bean 'org.springframework.transaction.config.internalTransactionAdvisor'
22:05:22.920 [Test worker] DEBUG org.springframework.beans.factory.support.DefaultListableBeanFactory - Finished creating instance of bean 'org.springframework.boot.autoconfigure.jdbc.metadata.DataSourcePoolMetadataProvidersConfiguration$TomcatDataSourcePoolMetadataProviderConfiguration'
22:05:22.920 [Test worker] DEBUG org.springframework.beans.factory.support.DefaultListableBeanFactory - Creating shared instance of singleton bean 'tomcatPoolDataSourceMetadataProvider'
22:05:22.920 [Test worker] DEBUG org.springframework.beans.factory.support.DefaultListableBeanFactory - Creating instance of bean 'tomcatPoolDataSourceMetadataProvider'
22:05:22.920 [Test worker] DEBUG org.springframework.beans.factory.support.DefaultListableBeanFactory - Returning cached instance of singleton bean 'org.springframework.transaction.config.internalTransactionAdvisor'
22:05:22.920 [Test worker] DEBUG org.springframework.beans.factory.support.DefaultListableBeanFactory - Returning cached instance of singleton bean 'org.springframework.boot.autoconfigure.jdbc.metadata.DataSourcePoolMetadataProvidersConfiguration$TomcatDataSourcePoolMetadataProviderConfiguration'
22:05:22.929 [Test worker] DEBUG org.springframework.beans.factory.support.DefaultListableBeanFactory - Eagerly caching bean 'tomcatPoolDataSourceMetadataProvider' to allow for resolving potential circular references
22:05:22.932 [Test worker] DEBUG org.springframework.beans.factory.support.DefaultListableBeanFactory - Returning cached instance of singleton bean 'org.springframework.transaction.config.internalTransactionAdvisor'
22:05:22.932 [Test worker] DEBUG org.springframework.beans.factory.support.DefaultListableBeanFactory - Returning cached instance of singleton bean 'org.springframework.transaction.config.internalTransactionAdvisor'
22:05:22.932 [Test worker] DEBUG org.springframework.beans.factory.support.DefaultListableBeanFactory - Finished creating instance of bean 'tomcatPoolDataSourceMetadataProvider'
22:05:22.932 [Test worker] DEBUG org.springframework.beans.factory.support.DefaultListableBeanFactory - Creating shared instance of singleton bean 'org.springframework.boot.autoconfigure.jdbc.metadata.DataSourcePoolMetadataProvidersConfiguration'
22:05:22.932 [Test worker] DEBUG org.springframework.beans.factory.support.DefaultListableBeanFactory - Creating instance of bean 'org.springframework.boot.autoconfigure.jdbc.metadata.DataSourcePoolMetadataProvidersConfiguration'
22:05:22.932 [Test worker] DEBUG org.springframework.beans.factory.support.DefaultListableBeanFactory - Returning cached instance of singleton bean 'org.springframework.transaction.config.internalTransactionAdvisor'
22:05:22.933 [Test worker] DEBUG org.springframework.beans.factory.support.DefaultListableBeanFactory - Eagerly caching bean 'org.springframework.boot.autoconfigure.jdbc.metadata.DataSourcePoolMetadataProvidersConfiguration' to allow for resolving potential circular references
22:05:22.937 [Test worker] DEBUG org.springframework.beans.factory.support.DefaultListableBeanFactory - Returning cached instance of singleton bean 'org.springframework.transaction.config.internalTransactionAdvisor'
22:05:22.938 [Test worker] DEBUG org.springframework.beans.factory.support.DefaultListableBeanFactory - Returning cached instance of singleton bean 'org.springframework.transaction.config.internalTransactionAdvisor'
22:05:22.938 [Test worker] DEBUG org.springframework.beans.factory.support.DefaultListableBeanFactory - Finished creating instance of bean 'org.springframework.boot.autoconfigure.jdbc.metadata.DataSourcePoolMetadataProvidersConfiguration'
22:05:22.938 [Test worker] DEBUG org.springframework.beans.factory.support.DefaultListableBeanFactory - Returning cached instance of singleton bean 'org.springframework.boot.autoconfigure.jdbc.DataSourceAutoConfiguration'
22:05:22.938 [Test worker] DEBUG org.springframework.beans.factory.support.DefaultListableBeanFactory - Returning cached instance of singleton bean 'dataSourceInitializer'
22:05:22.938 [Test worker] DEBUG org.springframework.beans.factory.support.DefaultListableBeanFactory - Returning cached instance of singleton bean 'spring.datasource-org.springframework.boot.autoconfigure.jdbc.DataSourceProperties'
22:05:22.938 [Test worker] DEBUG org.springframework.beans.factory.support.DefaultListableBeanFactory - Returning cached instance of singleton bean 'dataSourceInitializerPostProcessor'
22:05:22.938 [Test worker] DEBUG org.springframework.beans.factory.support.DefaultListableBeanFactory - Returning cached instance of singleton bean 'org.springframework.boot.autoconfigure.orm.jpa.HibernateJpaAutoConfiguration'
22:05:22.938 [Test worker] DEBUG org.springframework.beans.factory.support.DefaultListableBeanFactory - Creating shared instance of singleton bean 'transactionManager'
22:05:22.939 [Test worker] DEBUG org.springframework.beans.factory.support.DefaultListableBeanFactory - Creating instance of bean 'transactionManager'
22:05:22.939 [Test worker] DEBUG org.springframework.beans.factory.support.DefaultListableBeanFactory - Returning cached instance of singleton bean 'org.springframework.transaction.config.internalTransactionAdvisor'
22:05:22.939 [Test worker] DEBUG org.springframework.beans.factory.support.DefaultListableBeanFactory - Returning cached instance of singleton bean 'org.springframework.boot.autoconfigure.orm.jpa.HibernateJpaAutoConfiguration'
22:05:22.949 [Test worker] DEBUG org.springframework.beans.factory.support.DefaultListableBeanFactory - Eagerly caching bean 'transactionManager' to allow for resolving potential circular references
22:05:22.956 [Test worker] DEBUG org.springframework.beans.factory.support.DefaultListableBeanFactory - Returning cached instance of singleton bean 'entityManagerFactory'
22:05:22.956 [Test worker] DEBUG org.springframework.beans.factory.support.DefaultListableBeanFactory - Invoking afterPropertiesSet() on bean with name 'transactionManager'
22:05:22.958 [Test worker] DEBUG org.springframework.beans.factory.support.DefaultListableBeanFactory - Returning cached instance of singleton bean 'org.springframework.transaction.config.internalTransactionAdvisor'
22:05:22.958 [Test worker] DEBUG org.springframework.beans.factory.support.DefaultListableBeanFactory - Returning cached instance of singleton bean 'org.springframework.transaction.config.internalTransactionAdvisor'
22:05:22.959 [Test worker] DEBUG org.springframework.beans.factory.support.DefaultListableBeanFactory - Finished creating instance of bean 'transactionManager'
22:05:22.959 [Test worker] DEBUG org.springframework.beans.factory.support.DefaultListableBeanFactory - Returning cached instance of singleton bean 'jpaVendorAdapter'
22:05:22.959 [Test worker] DEBUG org.springframework.beans.factory.support.DefaultListableBeanFactory - Returning cached instance of singleton bean 'entityManagerFactoryBuilder'
22:05:22.959 [Test worker] DEBUG org.springframework.beans.factory.support.DefaultListableBeanFactory - Returning cached instance of singleton bean 'entityManagerFactory'
22:05:22.960 [Test worker] DEBUG org.springframework.beans.factory.support.DefaultListableBeanFactory - Returning cached instance of singleton bean 'spring.jpa-org.springframework.boot.autoconfigure.orm.jpa.JpaProperties'
22:05:22.960 [Test worker] DEBUG org.springframework.beans.factory.support.DefaultListableBeanFactory - Returning cached instance of singleton bean 'dataSourceInitializedPublisher'
22:05:22.960 [Test worker] DEBUG org.springframework.beans.factory.support.DefaultListableBeanFactory - Creating shared instance of singleton bean 'org.springframework.boot.autoconfigure.info.ProjectInfoAutoConfiguration'
22:05:22.960 [Test worker] DEBUG org.springframework.beans.factory.support.DefaultListableBeanFactory - Creating instance of bean 'org.springframework.boot.autoconfigure.info.ProjectInfoAutoConfiguration'
22:05:22.960 [Test worker] DEBUG org.springframework.beans.factory.support.DefaultListableBeanFactory - Returning cached instance of singleton bean 'org.springframework.transaction.config.internalTransactionAdvisor'
22:05:22.961 [Test worker] DEBUG org.springframework.core.LocalVariableTableParameterNameDiscoverer - Cannot find '.class' file for class [class org.springframework.boot.autoconfigure.info.ProjectInfoAutoConfiguration$$EnhancerBySpringCGLIB$$95b32b0f] - unable to determine constructor/method parameter names
22:05:22.963 [Test worker] DEBUG org.springframework.beans.factory.support.DefaultListableBeanFactory - Creating shared instance of singleton bean 'spring.info-org.springframework.boot.autoconfigure.info.ProjectInfoProperties'
22:05:22.963 [Test worker] DEBUG org.springframework.beans.factory.support.DefaultListableBeanFactory - Creating instance of bean 'spring.info-org.springframework.boot.autoconfigure.info.ProjectInfoProperties'
22:05:22.963 [Test worker] DEBUG org.springframework.beans.factory.support.DefaultListableBeanFactory - Returning cached instance of singleton bean 'org.springframework.transaction.config.internalTransactionAdvisor'
22:05:22.966 [Test worker] DEBUG org.springframework.beans.factory.annotation.InjectionMetadata - Registered injected element on class [org.springframework.boot.autoconfigure.info.ProjectInfoProperties]: AutowiredMethodElement for void org.springframework.boot.autoconfigure.info.ProjectInfoProperties.setDefaultGitLocation(org.springframework.core.io.Resource)
22:05:22.966 [Test worker] DEBUG org.springframework.beans.factory.support.DefaultListableBeanFactory - Eagerly caching bean 'spring.info-org.springframework.boot.autoconfigure.info.ProjectInfoProperties' to allow for resolving potential circular references
22:05:22.966 [Test worker] DEBUG org.springframework.beans.factory.annotation.InjectionMetadata - Processing injected element of bean 'spring.info-org.springframework.boot.autoconfigure.info.ProjectInfoProperties': AutowiredMethodElement for void org.springframework.boot.autoconfigure.info.ProjectInfoProperties.setDefaultGitLocation(org.springframework.core.io.Resource)
22:05:22.966 [Test worker] DEBUG org.springframework.core.env.PropertySourcesPropertyResolver - Could not find key 'spring.git.properties:classpath:git.properties' in any property source
22:05:22.967 [Test worker] DEBUG org.springframework.core.env.PropertySourcesPropertyResolver - Could not find key 'spring.git.properties:classpath:git.properties' in any property source
22:05:22.967 [Test worker] DEBUG org.springframework.core.env.PropertySourcesPropertyResolver - Could not find key 'spring.git.properties' in any property source
22:05:22.967 [Test worker] DEBUG org.springframework.core.env.PropertySourcesPropertyResolver - Could not find key 'spring.git.properties' in any property source
22:05:22.967 [Test worker] DEBUG org.springframework.core.env.MutablePropertySources - Adding PropertySource 'systemProperties' with lowest search precedence
22:05:22.967 [Test worker] DEBUG org.springframework.core.env.MutablePropertySources - Adding PropertySource 'systemEnvironment' with lowest search precedence
22:05:22.967 [Test worker] DEBUG org.springframework.core.env.MutablePropertySources - Adding PropertySource 'localProperties' with lowest search precedence
22:05:22.968 [Test worker] DEBUG org.springframework.beans.factory.support.DefaultListableBeanFactory - Returning cached instance of singleton bean 'org.springframework.transaction.config.internalTransactionAdvisor'
22:05:22.968 [Test worker] DEBUG org.springframework.beans.factory.support.DefaultListableBeanFactory - Returning cached instance of singleton bean 'org.springframework.transaction.config.internalTransactionAdvisor'
22:05:22.969 [Test worker] DEBUG org.springframework.beans.factory.support.DefaultListableBeanFactory - Finished creating instance of bean 'spring.info-org.springframework.boot.autoconfigure.info.ProjectInfoProperties'
22:05:22.969 [Test worker] DEBUG org.springframework.beans.factory.support.DefaultListableBeanFactory - Autowiring by type from bean name 'org.springframework.boot.autoconfigure.info.ProjectInfoAutoConfiguration' via constructor to bean named 'spring.info-org.springframework.boot.autoconfigure.info.ProjectInfoProperties'
22:05:22.969 [Test worker] DEBUG org.springframework.beans.factory.support.DefaultListableBeanFactory - Eagerly caching bean 'org.springframework.boot.autoconfigure.info.ProjectInfoAutoConfiguration' to allow for resolving potential circular references
22:05:22.973 [Test worker] DEBUG org.springframework.beans.factory.support.DefaultListableBeanFactory - Returning cached instance of singleton bean 'org.springframework.transaction.config.internalTransactionAdvisor'
22:05:22.973 [Test worker] DEBUG org.springframework.beans.factory.support.DefaultListableBeanFactory - Returning cached instance of singleton bean 'org.springframework.transaction.config.internalTransactionAdvisor'
22:05:22.975 [Test worker] DEBUG org.springframework.beans.factory.support.DefaultListableBeanFactory - Finished creating instance of bean 'org.springframework.boot.autoconfigure.info.ProjectInfoAutoConfiguration'
22:05:22.975 [Test worker] DEBUG org.springframework.beans.factory.support.DefaultListableBeanFactory - Returning cached instance of singleton bean 'spring.info-org.springframework.boot.autoconfigure.info.ProjectInfoProperties'
22:05:22.975 [Test worker] DEBUG org.springframework.beans.factory.support.DefaultListableBeanFactory - Creating shared instance of singleton bean 'org.springframework.boot.actuate.autoconfigure.InfoContributorAutoConfiguration'
22:05:22.975 [Test worker] DEBUG org.springframework.beans.factory.support.DefaultListableBeanFactory - Creating instance of bean 'org.springframework.boot.actuate.autoconfigure.InfoContributorAutoConfiguration'
22:05:22.975 [Test worker] DEBUG org.springframework.beans.factory.support.DefaultListableBeanFactory - Returning cached instance of singleton bean 'org.springframework.transaction.config.internalTransactionAdvisor'
22:05:22.976 [Test worker] DEBUG org.springframework.core.LocalVariableTableParameterNameDiscoverer - Cannot find '.class' file for class [class org.springframework.boot.actuate.autoconfigure.InfoContributorAutoConfiguration$$EnhancerBySpringCGLIB$$31fe8a0] - unable to determine constructor/method parameter names
22:05:22.977 [Test worker] DEBUG org.springframework.beans.factory.support.DefaultListableBeanFactory - Creating shared instance of singleton bean 'management.info-org.springframework.boot.actuate.autoconfigure.InfoContributorProperties'
22:05:22.977 [Test worker] DEBUG org.springframework.beans.factory.support.DefaultListableBeanFactory - Creating instance of bean 'management.info-org.springframework.boot.actuate.autoconfigure.InfoContributorProperties'
22:05:22.977 [Test worker] DEBUG org.springframework.beans.factory.support.DefaultListableBeanFactory - Returning cached instance of singleton bean 'org.springframework.transaction.config.internalTransactionAdvisor'
22:05:22.978 [Test worker] DEBUG org.springframework.beans.factory.support.DefaultListableBeanFactory - Eagerly caching bean 'management.info-org.springframework.boot.actuate.autoconfigure.InfoContributorProperties' to allow for resolving potential circular references
22:05:22.980 [Test worker] DEBUG org.springframework.core.env.MutablePropertySources - Adding PropertySource 'systemProperties' with lowest search precedence
22:05:22.980 [Test worker] DEBUG org.springframework.core.env.MutablePropertySources - Adding PropertySource 'systemEnvironment' with lowest search precedence
22:05:22.980 [Test worker] DEBUG org.springframework.core.env.MutablePropertySources - Adding PropertySource 'localProperties' with lowest search precedence
22:05:22.981 [Test worker] DEBUG org.springframework.beans.factory.support.DefaultListableBeanFactory - Returning cached instance of singleton bean 'org.springframework.transaction.config.internalTransactionAdvisor'
22:05:22.981 [Test worker] DEBUG org.springframework.beans.factory.support.DefaultListableBeanFactory - Returning cached instance of singleton bean 'org.springframework.transaction.config.internalTransactionAdvisor'
22:05:22.981 [Test worker] DEBUG org.springframework.beans.factory.support.DefaultListableBeanFactory - Finished creating instance of bean 'management.info-org.springframework.boot.actuate.autoconfigure.InfoContributorProperties'
22:05:22.981 [Test worker] DEBUG org.springframework.beans.factory.support.DefaultListableBeanFactory - Autowiring by type from bean name 'org.springframework.boot.actuate.autoconfigure.InfoContributorAutoConfiguration' via constructor to bean named 'management.info-org.springframework.boot.actuate.autoconfigure.InfoContributorProperties'
22:05:22.982 [Test worker] DEBUG org.springframework.beans.factory.support.DefaultListableBeanFactory - Eagerly caching bean 'org.springframework.boot.actuate.autoconfigure.InfoContributorAutoConfiguration' to allow for resolving potential circular references
22:05:22.985 [Test worker] DEBUG org.springframework.beans.factory.support.DefaultListableBeanFactory - Returning cached instance of singleton bean 'org.springframework.transaction.config.internalTransactionAdvisor'
22:05:22.985 [Test worker] DEBUG org.springframework.beans.factory.support.DefaultListableBeanFactory - Returning cached instance of singleton bean 'org.springframework.transaction.config.internalTransactionAdvisor'
22:05:22.987 [Test worker] DEBUG org.springframework.beans.factory.support.DefaultListableBeanFactory - Finished creating instance of bean 'org.springframework.boot.actuate.autoconfigure.InfoContributorAutoConfiguration'
22:05:22.987 [Test worker] DEBUG org.springframework.beans.factory.support.DefaultListableBeanFactory - Creating shared instance of singleton bean 'envInfoContributor'
22:05:22.987 [Test worker] DEBUG org.springframework.beans.factory.support.DefaultListableBeanFactory - Creating instance of bean 'envInfoContributor'
22:05:22.988 [Test worker] DEBUG org.springframework.beans.factory.support.DefaultListableBeanFactory - Returning cached instance of singleton bean 'org.springframework.transaction.config.internalTransactionAdvisor'
22:05:22.988 [Test worker] DEBUG org.springframework.beans.factory.support.DefaultListableBeanFactory - Returning cached instance of singleton bean 'org.springframework.boot.actuate.autoconfigure.InfoContributorAutoConfiguration'
22:05:22.989 [Test worker] DEBUG org.springframework.beans.factory.support.DefaultListableBeanFactory - Returning cached instance of singleton bean 'environment'
22:05:22.989 [Test worker] DEBUG org.springframework.beans.factory.support.DefaultListableBeanFactory - Autowiring by type from bean name 'envInfoContributor' via factory method to bean named 'environment'
22:05:22.996 [Test worker] DEBUG org.springframework.beans.factory.support.DefaultListableBeanFactory - Eagerly caching bean 'envInfoContributor' to allow for resolving potential circular references
22:05:22.998 [Test worker] DEBUG org.springframework.beans.factory.support.DefaultListableBeanFactory - Returning cached instance of singleton bean 'org.springframework.transaction.config.internalTransactionAdvisor'
22:05:22.998 [Test worker] DEBUG org.springframework.beans.factory.support.DefaultListableBeanFactory - Returning cached instance of singleton bean 'org.springframework.transaction.config.internalTransactionAdvisor'
22:05:22.998 [Test worker] DEBUG org.springframework.beans.factory.support.DefaultListableBeanFactory - Finished creating instance of bean 'envInfoContributor'
22:05:22.998 [Test worker] DEBUG org.springframework.beans.factory.support.DefaultListableBeanFactory - Returning cached instance of singleton bean 'management.info-org.springframework.boot.actuate.autoconfigure.InfoContributorProperties'
22:05:22.998 [Test worker] DEBUG org.springframework.beans.factory.support.DefaultListableBeanFactory - Creating shared instance of singleton bean 'org.springframework.boot.actuate.autoconfigure.HealthIndicatorAutoConfiguration$DiskSpaceHealthIndicatorConfiguration'
22:05:22.998 [Test worker] DEBUG org.springframework.beans.factory.support.DefaultListableBeanFactory - Creating instance of bean 'org.springframework.boot.actuate.autoconfigure.HealthIndicatorAutoConfiguration$DiskSpaceHealthIndicatorConfiguration'
22:05:22.998 [Test worker] DEBUG org.springframework.beans.factory.support.DefaultListableBeanFactory - Returning cached instance of singleton bean 'org.springframework.transaction.config.internalTransactionAdvisor'
22:05:22.999 [Test worker] DEBUG org.springframework.beans.factory.support.DefaultListableBeanFactory - Eagerly caching bean 'org.springframework.boot.actuate.autoconfigure.HealthIndicatorAutoConfiguration$DiskSpaceHealthIndicatorConfiguration' to allow for resolving potential circular references
22:05:23.002 [Test worker] DEBUG org.springframework.beans.factory.support.DefaultListableBeanFactory - Returning cached instance of singleton bean 'org.springframework.transaction.config.internalTransactionAdvisor'
22:05:23.003 [Test worker] DEBUG org.springframework.beans.factory.support.DefaultListableBeanFactory - Returning cached instance of singleton bean 'org.springframework.transaction.config.internalTransactionAdvisor'
22:05:23.003 [Test worker] DEBUG org.springframework.beans.factory.support.DefaultListableBeanFactory - Finished creating instance of bean 'org.springframework.boot.actuate.autoconfigure.HealthIndicatorAutoConfiguration$DiskSpaceHealthIndicatorConfiguration'
22:05:23.003 [Test worker] DEBUG org.springframework.beans.factory.support.DefaultListableBeanFactory - Creating shared instance of singleton bean 'diskSpaceHealthIndicator'
22:05:23.003 [Test worker] DEBUG org.springframework.beans.factory.support.DefaultListableBeanFactory - Creating instance of bean 'diskSpaceHealthIndicator'
22:05:23.004 [Test worker] DEBUG org.springframework.beans.factory.support.DefaultListableBeanFactory - Returning cached instance of singleton bean 'org.springframework.transaction.config.internalTransactionAdvisor'
22:05:23.004 [Test worker] DEBUG org.springframework.beans.factory.support.DefaultListableBeanFactory - Returning cached instance of singleton bean 'org.springframework.boot.actuate.autoconfigure.HealthIndicatorAutoConfiguration$DiskSpaceHealthIndicatorConfiguration'
22:05:23.006 [Test worker] DEBUG org.springframework.beans.factory.support.DefaultListableBeanFactory - Creating shared instance of singleton bean 'diskSpaceHealthIndicatorProperties'
22:05:23.006 [Test worker] DEBUG org.springframework.beans.factory.support.DefaultListableBeanFactory - Creating instance of bean 'diskSpaceHealthIndicatorProperties'
22:05:23.006 [Test worker] DEBUG org.springframework.beans.factory.support.DefaultListableBeanFactory - Returning cached instance of singleton bean 'org.springframework.transaction.config.internalTransactionAdvisor'
22:05:23.006 [Test worker] DEBUG org.springframework.beans.factory.support.DefaultListableBeanFactory - Returning cached instance of singleton bean 'org.springframework.boot.actuate.autoconfigure.HealthIndicatorAutoConfiguration$DiskSpaceHealthIndicatorConfiguration'
22:05:23.013 [Test worker] DEBUG org.springframework.beans.factory.support.DefaultListableBeanFactory - Eagerly caching bean 'diskSpaceHealthIndicatorProperties' to allow for resolving potential circular references
22:05:23.016 [Test worker] DEBUG org.springframework.core.env.MutablePropertySources - Adding PropertySource 'systemProperties' with lowest search precedence
22:05:23.016 [Test worker] DEBUG org.springframework.core.env.MutablePropertySources - Adding PropertySource 'systemEnvironment' with lowest search precedence
22:05:23.016 [Test worker] DEBUG org.springframework.core.env.MutablePropertySources - Adding PropertySource 'localProperties' with lowest search precedence
22:05:23.017 [Test worker] DEBUG org.springframework.beans.factory.support.DefaultListableBeanFactory - Returning cached instance of singleton bean 'org.springframework.transaction.config.internalTransactionAdvisor'
22:05:23.017 [Test worker] DEBUG org.springframework.beans.factory.support.DefaultListableBeanFactory - Returning cached instance of singleton bean 'org.springframework.transaction.config.internalTransactionAdvisor'
22:05:23.018 [Test worker] DEBUG org.springframework.beans.factory.support.DefaultListableBeanFactory - Finished creating instance of bean 'diskSpaceHealthIndicatorProperties'
22:05:23.018 [Test worker] DEBUG org.springframework.beans.factory.support.DefaultListableBeanFactory - Autowiring by type from bean name 'diskSpaceHealthIndicator' via factory method to bean named 'diskSpaceHealthIndicatorProperties'
22:05:23.020 [Test worker] DEBUG org.springframework.beans.factory.support.DefaultListableBeanFactory - Eagerly caching bean 'diskSpaceHealthIndicator' to allow for resolving potential circular references
22:05:23.025 [Test worker] DEBUG org.springframework.beans.factory.support.DefaultListableBeanFactory - Returning cached instance of singleton bean 'org.springframework.transaction.config.internalTransactionAdvisor'
22:05:23.025 [Test worker] DEBUG org.springframework.beans.factory.support.DefaultListableBeanFactory - Returning cached instance of singleton bean 'org.springframework.transaction.config.internalTransactionAdvisor'
22:05:23.025 [Test worker] DEBUG org.springframework.beans.factory.support.DefaultListableBeanFactory - Finished creating instance of bean 'diskSpaceHealthIndicator'
22:05:23.026 [Test worker] DEBUG org.springframework.beans.factory.support.DefaultListableBeanFactory - Returning cached instance of singleton bean 'diskSpaceHealthIndicatorProperties'
22:05:23.026 [Test worker] DEBUG org.springframework.beans.factory.support.DefaultListableBeanFactory - Creating shared instance of singleton bean 'org.springframework.boot.actuate.autoconfigure.HealthIndicatorAutoConfiguration$DataSourcesHealthIndicatorConfiguration'
22:05:23.026 [Test worker] DEBUG org.springframework.beans.factory.support.DefaultListableBeanFactory - Creating instance of bean 'org.springframework.boot.actuate.autoconfigure.HealthIndicatorAutoConfiguration$DataSourcesHealthIndicatorConfiguration'
22:05:23.026 [Test worker] DEBUG org.springframework.beans.factory.support.DefaultListableBeanFactory - Returning cached instance of singleton bean 'org.springframework.transaction.config.internalTransactionAdvisor'
22:05:23.026 [Test worker] DEBUG org.springframework.core.LocalVariableTableParameterNameDiscoverer - Cannot find '.class' file for class [class org.springframework.boot.actuate.autoconfigure.HealthIndicatorAutoConfiguration$DataSourcesHealthIndicatorConfiguration$$EnhancerBySpringCGLIB$$92a57827] - unable to determine constructor/method parameter names
22:05:23.028 [Test worker] DEBUG org.springframework.beans.factory.support.DefaultListableBeanFactory - Returning cached instance of singleton bean 'dataSource'
22:05:23.030 [Test worker] DEBUG org.springframework.beans.factory.support.DefaultListableBeanFactory - Returning cached instance of singleton bean 'tomcatPoolDataSourceMetadataProvider'
22:05:23.032 [Test worker] DEBUG org.springframework.beans.factory.annotation.InjectionMetadata - Registered injected element on class [org.springframework.boot.actuate.autoconfigure.HealthIndicatorAutoConfiguration$DataSourcesHealthIndicatorConfiguration$$EnhancerBySpringCGLIB$$92a57827]: AutowiredFieldElement for private org.springframework.boot.actuate.health.HealthAggregator org.springframework.boot.actuate.autoconfigure.CompositeHealthIndicatorConfiguration.healthAggregator
22:05:23.032 [Test worker] DEBUG org.springframework.beans.factory.support.DefaultListableBeanFactory - Eagerly caching bean 'org.springframework.boot.actuate.autoconfigure.HealthIndicatorAutoConfiguration$DataSourcesHealthIndicatorConfiguration' to allow for resolving potential circular references
22:05:23.039 [Test worker] DEBUG org.springframework.beans.factory.annotation.InjectionMetadata - Processing injected element of bean 'org.springframework.boot.actuate.autoconfigure.HealthIndicatorAutoConfiguration$DataSourcesHealthIndicatorConfiguration': AutowiredFieldElement for private org.springframework.boot.actuate.health.HealthAggregator org.springframework.boot.actuate.autoconfigure.CompositeHealthIndicatorConfiguration.healthAggregator
22:05:23.040 [Test worker] DEBUG org.springframework.beans.factory.support.DefaultListableBeanFactory - Creating shared instance of singleton bean 'healthAggregator'
22:05:23.041 [Test worker] DEBUG org.springframework.beans.factory.support.DefaultListableBeanFactory - Creating instance of bean 'healthAggregator'
22:05:23.041 [Test worker] DEBUG org.springframework.beans.factory.support.DefaultListableBeanFactory - Returning cached instance of singleton bean 'org.springframework.transaction.config.internalTransactionAdvisor'
22:05:23.041 [Test worker] DEBUG org.springframework.beans.factory.support.DefaultListableBeanFactory - Creating shared instance of singleton bean 'org.springframework.boot.actuate.autoconfigure.HealthIndicatorAutoConfiguration'
22:05:23.041 [Test worker] DEBUG org.springframework.beans.factory.support.DefaultListableBeanFactory - Creating instance of bean 'org.springframework.boot.actuate.autoconfigure.HealthIndicatorAutoConfiguration'
22:05:23.041 [Test worker] DEBUG org.springframework.beans.factory.support.DefaultListableBeanFactory - Returning cached instance of singleton bean 'org.springframework.transaction.config.internalTransactionAdvisor'
22:05:23.042 [Test worker] DEBUG org.springframework.core.LocalVariableTableParameterNameDiscoverer - Cannot find '.class' file for class [class org.springframework.boot.actuate.autoconfigure.HealthIndicatorAutoConfiguration$$EnhancerBySpringCGLIB$$187742da] - unable to determine constructor/method parameter names
22:05:23.043 [Test worker] DEBUG org.springframework.beans.factory.support.DefaultListableBeanFactory - Creating shared instance of singleton bean 'management.health.status-org.springframework.boot.actuate.autoconfigure.HealthIndicatorProperties'
22:05:23.043 [Test worker] DEBUG org.springframework.beans.factory.support.DefaultListableBeanFactory - Creating instance of bean 'management.health.status-org.springframework.boot.actuate.autoconfigure.HealthIndicatorProperties'
22:05:23.043 [Test worker] DEBUG org.springframework.beans.factory.support.DefaultListableBeanFactory - Returning cached instance of singleton bean 'org.springframework.transaction.config.internalTransactionAdvisor'
22:05:23.044 [Test worker] DEBUG org.springframework.beans.factory.support.DefaultListableBeanFactory - Eagerly caching bean 'management.health.status-org.springframework.boot.actuate.autoconfigure.HealthIndicatorProperties' to allow for resolving potential circular references
22:05:23.046 [Test worker] DEBUG org.springframework.core.env.MutablePropertySources - Adding PropertySource 'systemProperties' with lowest search precedence
22:05:23.046 [Test worker] DEBUG org.springframework.core.env.MutablePropertySources - Adding PropertySource 'systemEnvironment' with lowest search precedence
22:05:23.047 [Test worker] DEBUG org.springframework.core.env.MutablePropertySources - Adding PropertySource 'localProperties' with lowest search precedence
22:05:23.047 [Test worker] DEBUG org.springframework.beans.factory.support.DefaultListableBeanFactory - Returning cached instance of singleton bean 'org.springframework.transaction.config.internalTransactionAdvisor'
22:05:23.047 [Test worker] DEBUG org.springframework.beans.factory.support.DefaultListableBeanFactory - Returning cached instance of singleton bean 'org.springframework.transaction.config.internalTransactionAdvisor'
22:05:23.048 [Test worker] DEBUG org.springframework.beans.factory.support.DefaultListableBeanFactory - Finished creating instance of bean 'management.health.status-org.springframework.boot.actuate.autoconfigure.HealthIndicatorProperties'
22:05:23.048 [Test worker] DEBUG org.springframework.beans.factory.support.DefaultListableBeanFactory - Autowiring by type from bean name 'org.springframework.boot.actuate.autoconfigure.HealthIndicatorAutoConfiguration' via constructor to bean named 'management.health.status-org.springframework.boot.actuate.autoconfigure.HealthIndicatorProperties'
22:05:23.049 [Test worker] DEBUG org.springframework.beans.factory.support.DefaultListableBeanFactory - Eagerly caching bean 'org.springframework.boot.actuate.autoconfigure.HealthIndicatorAutoConfiguration' to allow for resolving potential circular references
22:05:23.054 [Test worker] DEBUG org.springframework.beans.factory.support.DefaultListableBeanFactory - Returning cached instance of singleton bean 'org.springframework.transaction.config.internalTransactionAdvisor'
22:05:23.054 [Test worker] DEBUG org.springframework.beans.factory.support.DefaultListableBeanFactory - Returning cached instance of singleton bean 'org.springframework.transaction.config.internalTransactionAdvisor'
22:05:23.055 [Test worker] DEBUG org.springframework.beans.factory.support.DefaultListableBeanFactory - Finished creating instance of bean 'org.springframework.boot.actuate.autoconfigure.HealthIndicatorAutoConfiguration'
22:05:23.063 [Test worker] DEBUG org.springframework.beans.factory.support.DefaultListableBeanFactory - Eagerly caching bean 'healthAggregator' to allow for resolving potential circular references
22:05:23.067 [Test worker] DEBUG org.springframework.beans.factory.support.DefaultListableBeanFactory - Returning cached instance of singleton bean 'org.springframework.transaction.config.internalTransactionAdvisor'
22:05:23.067 [Test worker] DEBUG org.springframework.beans.factory.support.DefaultListableBeanFactory - Returning cached instance of singleton bean 'org.springframework.transaction.config.internalTransactionAdvisor'
22:05:23.067 [Test worker] DEBUG org.springframework.beans.factory.support.DefaultListableBeanFactory - Finished creating instance of bean 'healthAggregator'
22:05:23.068 [Test worker] DEBUG org.springframework.beans.factory.annotation.AutowiredAnnotationBeanPostProcessor - Autowiring by type from bean name 'org.springframework.boot.actuate.autoconfigure.HealthIndicatorAutoConfiguration$DataSourcesHealthIndicatorConfiguration' to bean named 'healthAggregator'
22:05:23.068 [Test worker] DEBUG org.springframework.beans.factory.support.DefaultListableBeanFactory - Invoking afterPropertiesSet() on bean with name 'org.springframework.boot.actuate.autoconfigure.HealthIndicatorAutoConfiguration$DataSourcesHealthIndicatorConfiguration'
22:05:23.069 [Test worker] DEBUG org.springframework.beans.factory.support.DefaultListableBeanFactory - Returning cached instance of singleton bean 'org.springframework.transaction.config.internalTransactionAdvisor'
22:05:23.069 [Test worker] DEBUG org.springframework.beans.factory.support.DefaultListableBeanFactory - Returning cached instance of singleton bean 'org.springframework.transaction.config.internalTransactionAdvisor'
22:05:23.070 [Test worker] DEBUG org.springframework.beans.factory.support.DefaultListableBeanFactory - Finished creating instance of bean 'org.springframework.boot.actuate.autoconfigure.HealthIndicatorAutoConfiguration$DataSourcesHealthIndicatorConfiguration'
22:05:23.071 [Test worker] DEBUG org.springframework.beans.factory.support.DefaultListableBeanFactory - Creating shared instance of singleton bean 'dbHealthIndicator'
22:05:23.071 [Test worker] DEBUG org.springframework.beans.factory.support.DefaultListableBeanFactory - Creating instance of bean 'dbHealthIndicator'
22:05:23.071 [Test worker] DEBUG org.springframework.beans.factory.support.DefaultListableBeanFactory - Returning cached instance of singleton bean 'org.springframework.transaction.config.internalTransactionAdvisor'
22:05:23.071 [Test worker] DEBUG org.springframework.beans.factory.support.DefaultListableBeanFactory - Returning cached instance of singleton bean 'org.springframework.boot.actuate.autoconfigure.HealthIndicatorAutoConfiguration$DataSourcesHealthIndicatorConfiguration'
22:05:23.084 [Test worker] DEBUG org.springframework.beans.factory.support.DefaultListableBeanFactory - Eagerly caching bean 'dbHealthIndicator' to allow for resolving potential circular references
22:05:23.087 [Test worker] DEBUG org.springframework.beans.factory.support.DefaultListableBeanFactory - Invoking afterPropertiesSet() on bean with name 'dbHealthIndicator'
22:05:23.087 [Test worker] DEBUG org.springframework.beans.factory.support.DefaultListableBeanFactory - Returning cached instance of singleton bean 'org.springframework.transaction.config.internalTransactionAdvisor'
22:05:23.087 [Test worker] DEBUG org.springframework.beans.factory.support.DefaultListableBeanFactory - Returning cached instance of singleton bean 'org.springframework.transaction.config.internalTransactionAdvisor'
22:05:23.088 [Test worker] DEBUG org.springframework.beans.factory.support.DefaultListableBeanFactory - Finished creating instance of bean 'dbHealthIndicator'
22:05:23.088 [Test worker] DEBUG org.springframework.beans.factory.support.DefaultListableBeanFactory - Returning cached instance of singleton bean 'org.springframework.boot.actuate.autoconfigure.HealthIndicatorAutoConfiguration'
22:05:23.088 [Test worker] DEBUG org.springframework.beans.factory.support.DefaultListableBeanFactory - Returning cached instance of singleton bean 'healthAggregator'
22:05:23.088 [Test worker] DEBUG org.springframework.beans.factory.support.DefaultListableBeanFactory - Returning cached instance of singleton bean 'management.health.status-org.springframework.boot.actuate.autoconfigure.HealthIndicatorProperties'
22:05:23.088 [Test worker] DEBUG org.springframework.beans.factory.support.DefaultListableBeanFactory - Creating shared instance of singleton bean 'org.springframework.boot.actuate.autoconfigure.MetricRepositoryAutoConfiguration$FastMetricServicesConfiguration'
22:05:23.088 [Test worker] DEBUG org.springframework.beans.factory.support.DefaultListableBeanFactory - Creating instance of bean 'org.springframework.boot.actuate.autoconfigure.MetricRepositoryAutoConfiguration$FastMetricServicesConfiguration'
22:05:23.088 [Test worker] DEBUG org.springframework.beans.factory.support.DefaultListableBeanFactory - Returning cached instance of singleton bean 'org.springframework.transaction.config.internalTransactionAdvisor'
22:05:23.089 [Test worker] DEBUG org.springframework.beans.factory.support.DefaultListableBeanFactory - Eagerly caching bean 'org.springframework.boot.actuate.autoconfigure.MetricRepositoryAutoConfiguration$FastMetricServicesConfiguration' to allow for resolving potential circular references
22:05:23.094 [Test worker] DEBUG org.springframework.beans.factory.support.DefaultListableBeanFactory - Returning cached instance of singleton bean 'org.springframework.transaction.config.internalTransactionAdvisor'
22:05:23.094 [Test worker] DEBUG org.springframework.beans.factory.support.DefaultListableBeanFactory - Returning cached instance of singleton bean 'org.springframework.transaction.config.internalTransactionAdvisor'
22:05:23.097 [Test worker] DEBUG org.springframework.beans.factory.support.DefaultListableBeanFactory - Finished creating instance of bean 'org.springframework.boot.actuate.autoconfigure.MetricRepositoryAutoConfiguration$FastMetricServicesConfiguration'
22:05:23.097 [Test worker] DEBUG org.springframework.beans.factory.support.DefaultListableBeanFactory - Creating shared instance of singleton bean 'counterBuffers'
22:05:23.097 [Test worker] DEBUG org.springframework.beans.factory.support.DefaultListableBeanFactory - Creating instance of bean 'counterBuffers'
22:05:23.097 [Test worker] DEBUG org.springframework.beans.factory.support.DefaultListableBeanFactory - Returning cached instance of singleton bean 'org.springframework.transaction.config.internalTransactionAdvisor'
22:05:23.097 [Test worker] DEBUG org.springframework.beans.factory.support.DefaultListableBeanFactory - Returning cached instance of singleton bean 'org.springframework.boot.actuate.autoconfigure.MetricRepositoryAutoConfiguration$FastMetricServicesConfiguration'
22:05:23.109 [Test worker] DEBUG org.springframework.beans.factory.support.DefaultListableBeanFactory - Eagerly caching bean 'counterBuffers' to allow for resolving potential circular references
22:05:23.113 [Test worker] DEBUG org.springframework.beans.factory.support.DefaultListableBeanFactory - Returning cached instance of singleton bean 'org.springframework.transaction.config.internalTransactionAdvisor'
22:05:23.113 [Test worker] DEBUG org.springframework.beans.factory.support.DefaultListableBeanFactory - Returning cached instance of singleton bean 'org.springframework.transaction.config.internalTransactionAdvisor'
22:05:23.114 [Test worker] DEBUG org.springframework.beans.factory.support.DefaultListableBeanFactory - Finished creating instance of bean 'counterBuffers'
22:05:23.114 [Test worker] DEBUG org.springframework.beans.factory.support.DefaultListableBeanFactory - Creating shared instance of singleton bean 'gaugeBuffers'
22:05:23.114 [Test worker] DEBUG org.springframework.beans.factory.support.DefaultListableBeanFactory - Creating instance of bean 'gaugeBuffers'
22:05:23.114 [Test worker] DEBUG org.springframework.beans.factory.support.DefaultListableBeanFactory - Returning cached instance of singleton bean 'org.springframework.transaction.config.internalTransactionAdvisor'
22:05:23.114 [Test worker] DEBUG org.springframework.beans.factory.support.DefaultListableBeanFactory - Returning cached instance of singleton bean 'org.springframework.boot.actuate.autoconfigure.MetricRepositoryAutoConfiguration$FastMetricServicesConfiguration'
22:05:23.119 [Test worker] DEBUG org.springframework.beans.factory.support.DefaultListableBeanFactory - Eagerly caching bean 'gaugeBuffers' to allow for resolving potential circular references
22:05:23.122 [Test worker] DEBUG org.springframework.beans.factory.support.DefaultListableBeanFactory - Returning cached instance of singleton bean 'org.springframework.transaction.config.internalTransactionAdvisor'
22:05:23.122 [Test worker] DEBUG org.springframework.beans.factory.support.DefaultListableBeanFactory - Returning cached instance of singleton bean 'org.springframework.transaction.config.internalTransactionAdvisor'
22:05:23.123 [Test worker] DEBUG org.springframework.beans.factory.support.DefaultListableBeanFactory - Finished creating instance of bean 'gaugeBuffers'
22:05:23.123 [Test worker] DEBUG org.springframework.beans.factory.support.DefaultListableBeanFactory - Creating shared instance of singleton bean 'actuatorMetricReader'
22:05:23.123 [Test worker] DEBUG org.springframework.beans.factory.support.DefaultListableBeanFactory - Creating instance of bean 'actuatorMetricReader'
22:05:23.123 [Test worker] DEBUG org.springframework.beans.factory.support.DefaultListableBeanFactory - Returning cached instance of singleton bean 'org.springframework.transaction.config.internalTransactionAdvisor'
22:05:23.123 [Test worker] DEBUG org.springframework.beans.factory.support.DefaultListableBeanFactory - Returning cached instance of singleton bean 'org.springframework.boot.actuate.autoconfigure.MetricRepositoryAutoConfiguration$FastMetricServicesConfiguration'
22:05:23.126 [Test worker] DEBUG org.springframework.beans.factory.support.DefaultListableBeanFactory - Returning cached instance of singleton bean 'counterBuffers'
22:05:23.127 [Test worker] DEBUG org.springframework.beans.factory.support.DefaultListableBeanFactory - Returning cached instance of singleton bean 'gaugeBuffers'
22:05:23.127 [Test worker] DEBUG org.springframework.beans.factory.support.DefaultListableBeanFactory - Autowiring by type from bean name 'actuatorMetricReader' via factory method to bean named 'counterBuffers'
22:05:23.127 [Test worker] DEBUG org.springframework.beans.factory.support.DefaultListableBeanFactory - Autowiring by type from bean name 'actuatorMetricReader' via factory method to bean named 'gaugeBuffers'
22:05:23.131 [Test worker] DEBUG org.springframework.beans.factory.support.DefaultListableBeanFactory - Eagerly caching bean 'actuatorMetricReader' to allow for resolving potential circular references
22:05:23.136 [Test worker] DEBUG org.springframework.beans.factory.support.DefaultListableBeanFactory - Returning cached instance of singleton bean 'org.springframework.transaction.config.internalTransactionAdvisor'
22:05:23.136 [Test worker] DEBUG org.springframework.beans.factory.support.DefaultListableBeanFactory - Returning cached instance of singleton bean 'org.springframework.transaction.config.internalTransactionAdvisor'
22:05:23.136 [Test worker] DEBUG org.springframework.beans.factory.support.DefaultListableBeanFactory - Finished creating instance of bean 'actuatorMetricReader'
22:05:23.137 [Test worker] DEBUG org.springframework.beans.factory.support.DefaultListableBeanFactory - Creating shared instance of singleton bean 'counterService'
22:05:23.137 [Test worker] DEBUG org.springframework.beans.factory.support.DefaultListableBeanFactory - Creating instance of bean 'counterService'
22:05:23.137 [Test worker] DEBUG org.springframework.beans.factory.support.DefaultListableBeanFactory - Returning cached instance of singleton bean 'org.springframework.transaction.config.internalTransactionAdvisor'
22:05:23.137 [Test worker] DEBUG org.springframework.beans.factory.support.DefaultListableBeanFactory - Returning cached instance of singleton bean 'org.springframework.boot.actuate.autoconfigure.MetricRepositoryAutoConfiguration$FastMetricServicesConfiguration'
22:05:23.137 [Test worker] DEBUG org.springframework.beans.factory.support.DefaultListableBeanFactory - Returning cached instance of singleton bean 'counterBuffers'
22:05:23.137 [Test worker] DEBUG org.springframework.beans.factory.support.DefaultListableBeanFactory - Autowiring by type from bean name 'counterService' via factory method to bean named 'counterBuffers'
22:05:23.138 [Test worker] DEBUG org.springframework.beans.factory.support.DefaultListableBeanFactory - Eagerly caching bean 'counterService' to allow for resolving potential circular references
22:05:23.141 [Test worker] DEBUG org.springframework.beans.factory.support.DefaultListableBeanFactory - Returning cached instance of singleton bean 'org.springframework.transaction.config.internalTransactionAdvisor'
22:05:23.141 [Test worker] DEBUG org.springframework.beans.factory.support.DefaultListableBeanFactory - Returning cached instance of singleton bean 'org.springframework.transaction.config.internalTransactionAdvisor'
22:05:23.142 [Test worker] DEBUG org.springframework.beans.factory.support.DefaultListableBeanFactory - Finished creating instance of bean 'counterService'
22:05:23.142 [Test worker] DEBUG org.springframework.beans.factory.support.DefaultListableBeanFactory - Creating shared instance of singleton bean 'gaugeService'
22:05:23.142 [Test worker] DEBUG org.springframework.beans.factory.support.DefaultListableBeanFactory - Creating instance of bean 'gaugeService'
22:05:23.142 [Test worker] DEBUG org.springframework.beans.factory.support.DefaultListableBeanFactory - Returning cached instance of singleton bean 'org.springframework.transaction.config.internalTransactionAdvisor'
22:05:23.142 [Test worker] DEBUG org.springframework.beans.factory.support.DefaultListableBeanFactory - Returning cached instance of singleton bean 'org.springframework.boot.actuate.autoconfigure.MetricRepositoryAutoConfiguration$FastMetricServicesConfiguration'
22:05:23.142 [Test worker] DEBUG org.springframework.beans.factory.support.DefaultListableBeanFactory - Returning cached instance of singleton bean 'gaugeBuffers'
22:05:23.142 [Test worker] DEBUG org.springframework.beans.factory.support.DefaultListableBeanFactory - Autowiring by type from bean name 'gaugeService' via factory method to bean named 'gaugeBuffers'
22:05:23.143 [Test worker] DEBUG org.springframework.beans.factory.support.DefaultListableBeanFactory - Eagerly caching bean 'gaugeService' to allow for resolving potential circular references
22:05:23.147 [Test worker] DEBUG org.springframework.beans.factory.support.DefaultListableBeanFactory - Returning cached instance of singleton bean 'org.springframework.transaction.config.internalTransactionAdvisor'
22:05:23.147 [Test worker] DEBUG org.springframework.beans.factory.support.DefaultListableBeanFactory - Returning cached instance of singleton bean 'org.springframework.transaction.config.internalTransactionAdvisor'
22:05:23.147 [Test worker] DEBUG org.springframework.beans.factory.support.DefaultListableBeanFactory - Finished creating instance of bean 'gaugeService'
22:05:23.147 [Test worker] DEBUG org.springframework.beans.factory.support.DefaultListableBeanFactory - Creating shared instance of singleton bean 'org.springframework.boot.actuate.autoconfigure.MetricRepositoryAutoConfiguration'
22:05:23.147 [Test worker] DEBUG org.springframework.beans.factory.support.DefaultListableBeanFactory - Creating instance of bean 'org.springframework.boot.actuate.autoconfigure.MetricRepositoryAutoConfiguration'
22:05:23.148 [Test worker] DEBUG org.springframework.beans.factory.support.DefaultListableBeanFactory - Returning cached instance of singleton bean 'org.springframework.transaction.config.internalTransactionAdvisor'
22:05:23.148 [Test worker] DEBUG org.springframework.beans.factory.support.DefaultListableBeanFactory - Eagerly caching bean 'org.springframework.boot.actuate.autoconfigure.MetricRepositoryAutoConfiguration' to allow for resolving potential circular references
22:05:23.152 [Test worker] DEBUG org.springframework.beans.factory.support.DefaultListableBeanFactory - Returning cached instance of singleton bean 'org.springframework.transaction.config.internalTransactionAdvisor'
22:05:23.152 [Test worker] DEBUG org.springframework.beans.factory.support.DefaultListableBeanFactory - Returning cached instance of singleton bean 'org.springframework.transaction.config.internalTransactionAdvisor'
22:05:23.152 [Test worker] DEBUG org.springframework.beans.factory.support.DefaultListableBeanFactory - Finished creating instance of bean 'org.springframework.boot.actuate.autoconfigure.MetricRepositoryAutoConfiguration'
22:05:23.152 [Test worker] DEBUG org.springframework.beans.factory.support.DefaultListableBeanFactory - Creating shared instance of singleton bean 'org.springframework.boot.autoconfigure.jmx.JmxAutoConfiguration'
22:05:23.152 [Test worker] DEBUG org.springframework.beans.factory.support.DefaultListableBeanFactory - Creating instance of bean 'org.springframework.boot.autoconfigure.jmx.JmxAutoConfiguration'
22:05:23.153 [Test worker] DEBUG org.springframework.beans.factory.support.DefaultListableBeanFactory - Returning cached instance of singleton bean 'org.springframework.transaction.config.internalTransactionAdvisor'
22:05:23.153 [Test worker] DEBUG org.springframework.beans.factory.support.DefaultListableBeanFactory - Eagerly caching bean 'org.springframework.boot.autoconfigure.jmx.JmxAutoConfiguration' to allow for resolving potential circular references
22:05:23.164 [Test worker] DEBUG org.springframework.beans.factory.support.DefaultListableBeanFactory - Returning cached instance of singleton bean 'org.springframework.transaction.config.internalTransactionAdvisor'
22:05:23.164 [Test worker] DEBUG org.springframework.beans.factory.support.DefaultListableBeanFactory - Returning cached instance of singleton bean 'org.springframework.transaction.config.internalTransactionAdvisor'
22:05:23.166 [Test worker] DEBUG org.springframework.beans.factory.support.DefaultListableBeanFactory - Finished creating instance of bean 'org.springframework.boot.autoconfigure.jmx.JmxAutoConfiguration'
22:05:23.166 [Test worker] DEBUG org.springframework.beans.factory.support.DefaultListableBeanFactory - Creating shared instance of singleton bean 'mbeanExporter'
22:05:23.166 [Test worker] DEBUG org.springframework.beans.factory.support.DefaultListableBeanFactory - Creating instance of bean 'mbeanExporter'
22:05:23.166 [Test worker] DEBUG org.springframework.beans.factory.support.DefaultListableBeanFactory - Returning cached instance of singleton bean 'org.springframework.transaction.config.internalTransactionAdvisor'
22:05:23.166 [Test worker] DEBUG org.springframework.beans.factory.support.DefaultListableBeanFactory - Returning cached instance of singleton bean 'org.springframework.boot.autoconfigure.jmx.JmxAutoConfiguration'
22:05:23.169 [Test worker] DEBUG org.springframework.beans.factory.support.DefaultListableBeanFactory - Creating shared instance of singleton bean 'objectNamingStrategy'
22:05:23.169 [Test worker] DEBUG org.springframework.beans.factory.support.DefaultListableBeanFactory - Creating instance of bean 'objectNamingStrategy'
22:05:23.169 [Test worker] DEBUG org.springframework.beans.factory.support.DefaultListableBeanFactory - Returning cached instance of singleton bean 'org.springframework.transaction.config.internalTransactionAdvisor'
22:05:23.169 [Test worker] DEBUG org.springframework.beans.factory.support.DefaultListableBeanFactory - Returning cached instance of singleton bean 'org.springframework.boot.autoconfigure.jmx.JmxAutoConfiguration'
22:05:23.173 [Test worker] DEBUG org.springframework.beans.factory.support.DefaultListableBeanFactory - Eagerly caching bean 'objectNamingStrategy' to allow for resolving potential circular references
22:05:23.179 [Test worker] DEBUG org.springframework.beans.factory.support.DefaultListableBeanFactory - Invoking afterPropertiesSet() on bean with name 'objectNamingStrategy'
22:05:23.179 [Test worker] DEBUG org.springframework.beans.factory.support.DefaultListableBeanFactory - Returning cached instance of singleton bean 'org.springframework.transaction.config.internalTransactionAdvisor'
22:05:23.179 [Test worker] DEBUG org.springframework.beans.factory.support.DefaultListableBeanFactory - Returning cached instance of singleton bean 'org.springframework.transaction.config.internalTransactionAdvisor'
22:05:23.179 [Test worker] DEBUG org.springframework.beans.factory.support.DefaultListableBeanFactory - Finished creating instance of bean 'objectNamingStrategy'
22:05:23.180 [Test worker] DEBUG org.springframework.beans.factory.support.DefaultListableBeanFactory - Autowiring by type from bean name 'mbeanExporter' via factory method to bean named 'objectNamingStrategy'
22:05:23.196 [Test worker] DEBUG org.springframework.beans.factory.support.DefaultListableBeanFactory - Creating shared instance of singleton bean 'mbeanServer'
22:05:23.196 [Test worker] DEBUG org.springframework.beans.factory.support.DefaultListableBeanFactory - Creating instance of bean 'mbeanServer'
22:05:23.197 [Test worker] DEBUG org.springframework.beans.factory.support.DefaultListableBeanFactory - Returning cached instance of singleton bean 'org.springframework.transaction.config.internalTransactionAdvisor'
22:05:23.197 [Test worker] DEBUG org.springframework.beans.factory.support.DefaultListableBeanFactory - Returning cached instance of singleton bean 'org.springframework.boot.autoconfigure.jmx.JmxAutoConfiguration'
22:05:23.252 [Test worker] DEBUG org.springframework.jmx.support.JmxUtils - Found MBeanServer: com.sun.jmx.mbeanserver.JmxMBeanServer@3bc9b4ae
22:05:23.255 [Test worker] DEBUG org.springframework.beans.factory.support.DefaultListableBeanFactory - Eagerly caching bean 'mbeanServer' to allow for resolving potential circular references
22:05:23.257 [Test worker] DEBUG org.springframework.beans.factory.support.DefaultListableBeanFactory - Returning cached instance of singleton bean 'org.springframework.transaction.config.internalTransactionAdvisor'
22:05:23.258 [Test worker] DEBUG org.springframework.beans.factory.support.DefaultListableBeanFactory - Returning cached instance of singleton bean 'org.springframework.transaction.config.internalTransactionAdvisor'
22:05:23.260 [Test worker] DEBUG org.springframework.beans.factory.support.DefaultListableBeanFactory - Finished creating instance of bean 'mbeanServer'
22:05:23.264 [Test worker] DEBUG org.springframework.beans.factory.support.DefaultListableBeanFactory - Eagerly caching bean 'mbeanExporter' to allow for resolving potential circular references
22:05:23.276 [Test worker] DEBUG org.springframework.beans.factory.support.DefaultListableBeanFactory - Invoking afterPropertiesSet() on bean with name 'mbeanExporter'
22:05:23.276 [Test worker] DEBUG org.springframework.beans.factory.support.DefaultListableBeanFactory - Returning cached instance of singleton bean 'org.springframework.transaction.config.internalTransactionAdvisor'
22:05:23.276 [Test worker] DEBUG org.springframework.beans.factory.support.DefaultListableBeanFactory - Returning cached instance of singleton bean 'org.springframework.transaction.config.internalTransactionAdvisor'
22:05:23.277 [Test worker] DEBUG org.springframework.beans.factory.support.DefaultListableBeanFactory - Finished creating instance of bean 'mbeanExporter'
22:05:23.277 [Test worker] DEBUG org.springframework.beans.factory.support.DefaultListableBeanFactory - Returning cached instance of singleton bean 'objectNamingStrategy'
22:05:23.277 [Test worker] DEBUG org.springframework.beans.factory.support.DefaultListableBeanFactory - Returning cached instance of singleton bean 'mbeanServer'
22:05:23.277 [Test worker] DEBUG org.springframework.beans.factory.support.DefaultListableBeanFactory - Creating shared instance of singleton bean 'org.springframework.boot.actuate.autoconfigure.PublicMetricsAutoConfiguration$DataSourceMetricsConfiguration'
22:05:23.278 [Test worker] DEBUG org.springframework.beans.factory.support.DefaultListableBeanFactory - Creating instance of bean 'org.springframework.boot.actuate.autoconfigure.PublicMetricsAutoConfiguration$DataSourceMetricsConfiguration'
22:05:23.278 [Test worker] DEBUG org.springframework.beans.factory.support.DefaultListableBeanFactory - Returning cached instance of singleton bean 'org.springframework.transaction.config.internalTransactionAdvisor'
22:05:23.278 [Test worker] DEBUG org.springframework.beans.factory.support.DefaultListableBeanFactory - Eagerly caching bean 'org.springframework.boot.actuate.autoconfigure.PublicMetricsAutoConfiguration$DataSourceMetricsConfiguration' to allow for resolving potential circular references
22:05:23.282 [Test worker] DEBUG org.springframework.beans.factory.support.DefaultListableBeanFactory - Returning cached instance of singleton bean 'org.springframework.transaction.config.internalTransactionAdvisor'
22:05:23.282 [Test worker] DEBUG org.springframework.beans.factory.support.DefaultListableBeanFactory - Returning cached instance of singleton bean 'org.springframework.transaction.config.internalTransactionAdvisor'
22:05:23.283 [Test worker] DEBUG org.springframework.beans.factory.support.DefaultListableBeanFactory - Finished creating instance of bean 'org.springframework.boot.actuate.autoconfigure.PublicMetricsAutoConfiguration$DataSourceMetricsConfiguration'
22:05:23.283 [Test worker] DEBUG org.springframework.beans.factory.support.DefaultListableBeanFactory - Creating shared instance of singleton bean 'dataSourcePublicMetrics'
22:05:23.283 [Test worker] DEBUG org.springframework.beans.factory.support.DefaultListableBeanFactory - Creating instance of bean 'dataSourcePublicMetrics'
22:05:23.283 [Test worker] DEBUG org.springframework.beans.factory.support.DefaultListableBeanFactory - Returning cached instance of singleton bean 'org.springframework.transaction.config.internalTransactionAdvisor'
22:05:23.283 [Test worker] DEBUG org.springframework.beans.factory.support.DefaultListableBeanFactory - Returning cached instance of singleton bean 'org.springframework.boot.actuate.autoconfigure.PublicMetricsAutoConfiguration$DataSourceMetricsConfiguration'
22:05:23.288 [Test worker] DEBUG org.springframework.context.annotation.CommonAnnotationBeanPostProcessor - Found init method on class [org.springframework.boot.actuate.endpoint.DataSourcePublicMetrics]: public void org.springframework.boot.actuate.endpoint.DataSourcePublicMetrics.initialize()
22:05:23.288 [Test worker] DEBUG org.springframework.context.annotation.CommonAnnotationBeanPostProcessor - Registered init method on class [org.springframework.boot.actuate.endpoint.DataSourcePublicMetrics]: org.springframework.beans.factory.annotation.InitDestroyAnnotationBeanPostProcessor$LifecycleElement@33ebcb90
22:05:23.289 [Test worker] DEBUG org.springframework.beans.factory.annotation.InjectionMetadata - Registered injected element on class [org.springframework.boot.actuate.endpoint.DataSourcePublicMetrics]: AutowiredFieldElement for private org.springframework.context.ApplicationContext org.springframework.boot.actuate.endpoint.DataSourcePublicMetrics.applicationContext
22:05:23.289 [Test worker] DEBUG org.springframework.beans.factory.annotation.InjectionMetadata - Registered injected element on class [org.springframework.boot.actuate.endpoint.DataSourcePublicMetrics]: AutowiredFieldElement for private java.util.Collection org.springframework.boot.actuate.endpoint.DataSourcePublicMetrics.providers
22:05:23.289 [Test worker] DEBUG org.springframework.beans.factory.support.DefaultListableBeanFactory - Eagerly caching bean 'dataSourcePublicMetrics' to allow for resolving potential circular references
22:05:23.292 [Test worker] DEBUG org.springframework.beans.factory.annotation.InjectionMetadata - Processing injected element of bean 'dataSourcePublicMetrics': AutowiredFieldElement for private org.springframework.context.ApplicationContext org.springframework.boot.actuate.endpoint.DataSourcePublicMetrics.applicationContext
22:05:23.292 [Test worker] DEBUG org.springframework.beans.factory.annotation.AutowiredAnnotationBeanPostProcessor - Autowiring by type from bean name 'dataSourcePublicMetrics' to bean named 'org.springframework.context.support.GenericApplicationContext@2168fafe'
22:05:23.292 [Test worker] DEBUG org.springframework.beans.factory.annotation.InjectionMetadata - Processing injected element of bean 'dataSourcePublicMetrics': AutowiredFieldElement for private java.util.Collection org.springframework.boot.actuate.endpoint.DataSourcePublicMetrics.providers
22:05:23.292 [Test worker] DEBUG org.springframework.beans.factory.support.DefaultListableBeanFactory - Returning cached instance of singleton bean 'tomcatPoolDataSourceMetadataProvider'
22:05:23.293 [Test worker] DEBUG org.springframework.beans.factory.annotation.AutowiredAnnotationBeanPostProcessor - Autowiring by type from bean name 'dataSourcePublicMetrics' to bean named 'tomcatPoolDataSourceMetadataProvider'
22:05:23.293 [Test worker] DEBUG org.springframework.context.annotation.CommonAnnotationBeanPostProcessor - Invoking init method on bean 'dataSourcePublicMetrics': public void org.springframework.boot.actuate.endpoint.DataSourcePublicMetrics.initialize()
22:05:23.293 [Test worker] DEBUG org.springframework.beans.factory.support.DefaultListableBeanFactory - Returning cached instance of singleton bean 'dataSource'
22:05:23.293 [Test worker] DEBUG org.springframework.beans.factory.support.DefaultListableBeanFactory - Returning cached instance of singleton bean 'dataSource'
22:05:23.293 [Test worker] DEBUG org.springframework.beans.factory.support.DefaultListableBeanFactory - Returning cached instance of singleton bean 'org.springframework.transaction.config.internalTransactionAdvisor'
22:05:23.293 [Test worker] DEBUG org.springframework.beans.factory.support.DefaultListableBeanFactory - Returning cached instance of singleton bean 'org.springframework.transaction.config.internalTransactionAdvisor'
22:05:23.293 [Test worker] DEBUG org.springframework.beans.factory.support.DefaultListableBeanFactory - Finished creating instance of bean 'dataSourcePublicMetrics'
22:05:23.294 [Test worker] DEBUG org.springframework.beans.factory.support.DefaultListableBeanFactory - Creating shared instance of singleton bean 'org.springframework.boot.actuate.autoconfigure.PublicMetricsAutoConfiguration'
22:05:23.294 [Test worker] DEBUG org.springframework.beans.factory.support.DefaultListableBeanFactory - Creating instance of bean 'org.springframework.boot.actuate.autoconfigure.PublicMetricsAutoConfiguration'
22:05:23.294 [Test worker] DEBUG org.springframework.beans.factory.support.DefaultListableBeanFactory - Returning cached instance of singleton bean 'org.springframework.transaction.config.internalTransactionAdvisor'
22:05:23.294 [Test worker] DEBUG org.springframework.core.LocalVariableTableParameterNameDiscoverer - Cannot find '.class' file for class [class org.springframework.boot.actuate.autoconfigure.PublicMetricsAutoConfiguration$$EnhancerBySpringCGLIB$$1bb48393] - unable to determine constructor/method parameter names
22:05:23.297 [Test worker] DEBUG org.springframework.beans.factory.support.DefaultListableBeanFactory - Returning cached instance of singleton bean 'actuatorMetricReader'
22:05:23.297 [Test worker] DEBUG org.springframework.beans.factory.support.DefaultListableBeanFactory - Eagerly caching bean 'org.springframework.boot.actuate.autoconfigure.PublicMetricsAutoConfiguration' to allow for resolving potential circular references
22:05:23.301 [Test worker] DEBUG org.springframework.beans.factory.support.DefaultListableBeanFactory - Returning cached instance of singleton bean 'org.springframework.transaction.config.internalTransactionAdvisor'
22:05:23.301 [Test worker] DEBUG org.springframework.beans.factory.support.DefaultListableBeanFactory - Returning cached instance of singleton bean 'org.springframework.transaction.config.internalTransactionAdvisor'
22:05:23.303 [Test worker] DEBUG org.springframework.beans.factory.support.DefaultListableBeanFactory - Finished creating instance of bean 'org.springframework.boot.actuate.autoconfigure.PublicMetricsAutoConfiguration'
22:05:23.303 [Test worker] DEBUG org.springframework.beans.factory.support.DefaultListableBeanFactory - Creating shared instance of singleton bean 'systemPublicMetrics'
22:05:23.303 [Test worker] DEBUG org.springframework.beans.factory.support.DefaultListableBeanFactory - Creating instance of bean 'systemPublicMetrics'
22:05:23.303 [Test worker] DEBUG org.springframework.beans.factory.support.DefaultListableBeanFactory - Returning cached instance of singleton bean 'org.springframework.transaction.config.internalTransactionAdvisor'
22:05:23.303 [Test worker] DEBUG org.springframework.beans.factory.support.DefaultListableBeanFactory - Returning cached instance of singleton bean 'org.springframework.boot.actuate.autoconfigure.PublicMetricsAutoConfiguration'
22:05:23.310 [Test worker] DEBUG org.springframework.beans.factory.support.DefaultListableBeanFactory - Eagerly caching bean 'systemPublicMetrics' to allow for resolving potential circular references
22:05:23.313 [Test worker] DEBUG org.springframework.beans.factory.support.DefaultListableBeanFactory - Returning cached instance of singleton bean 'org.springframework.transaction.config.internalTransactionAdvisor'
22:05:23.313 [Test worker] DEBUG org.springframework.beans.factory.support.DefaultListableBeanFactory - Returning cached instance of singleton bean 'org.springframework.transaction.config.internalTransactionAdvisor'
22:05:23.314 [Test worker] DEBUG org.springframework.beans.factory.support.DefaultListableBeanFactory - Finished creating instance of bean 'systemPublicMetrics'
22:05:23.314 [Test worker] DEBUG org.springframework.beans.factory.support.DefaultListableBeanFactory - Creating shared instance of singleton bean 'metricReaderPublicMetrics'
22:05:23.314 [Test worker] DEBUG org.springframework.beans.factory.support.DefaultListableBeanFactory - Creating instance of bean 'metricReaderPublicMetrics'
22:05:23.314 [Test worker] DEBUG org.springframework.beans.factory.support.DefaultListableBeanFactory - Returning cached instance of singleton bean 'org.springframework.transaction.config.internalTransactionAdvisor'
22:05:23.314 [Test worker] DEBUG org.springframework.beans.factory.support.DefaultListableBeanFactory - Returning cached instance of singleton bean 'org.springframework.boot.actuate.autoconfigure.PublicMetricsAutoConfiguration'
22:05:23.316 [Test worker] DEBUG org.springframework.beans.factory.support.DefaultListableBeanFactory - Eagerly caching bean 'metricReaderPublicMetrics' to allow for resolving potential circular references
22:05:23.319 [Test worker] DEBUG org.springframework.beans.factory.support.DefaultListableBeanFactory - Returning cached instance of singleton bean 'org.springframework.transaction.config.internalTransactionAdvisor'
22:05:23.319 [Test worker] DEBUG org.springframework.beans.factory.support.DefaultListableBeanFactory - Returning cached instance of singleton bean 'org.springframework.transaction.config.internalTransactionAdvisor'
22:05:23.319 [Test worker] DEBUG org.springframework.beans.factory.support.DefaultListableBeanFactory - Finished creating instance of bean 'metricReaderPublicMetrics'
22:05:23.320 [Test worker] DEBUG org.springframework.beans.factory.support.DefaultListableBeanFactory - Creating shared instance of singleton bean 'org.springframework.boot.actuate.autoconfigure.EndpointAutoConfiguration$RequestMappingEndpointConfiguration'
22:05:23.320 [Test worker] DEBUG org.springframework.beans.factory.support.DefaultListableBeanFactory - Creating instance of bean 'org.springframework.boot.actuate.autoconfigure.EndpointAutoConfiguration$RequestMappingEndpointConfiguration'
22:05:23.320 [Test worker] DEBUG org.springframework.beans.factory.support.DefaultListableBeanFactory - Returning cached instance of singleton bean 'org.springframework.transaction.config.internalTransactionAdvisor'
22:05:23.321 [Test worker] DEBUG org.springframework.beans.factory.support.DefaultListableBeanFactory - Eagerly caching bean 'org.springframework.boot.actuate.autoconfigure.EndpointAutoConfiguration$RequestMappingEndpointConfiguration' to allow for resolving potential circular references
22:05:23.326 [Test worker] DEBUG org.springframework.beans.factory.support.DefaultListableBeanFactory - Returning cached instance of singleton bean 'org.springframework.transaction.config.internalTransactionAdvisor'
22:05:23.326 [Test worker] DEBUG org.springframework.beans.factory.support.DefaultListableBeanFactory - Returning cached instance of singleton bean 'org.springframework.transaction.config.internalTransactionAdvisor'
22:05:23.328 [Test worker] DEBUG org.springframework.beans.factory.support.DefaultListableBeanFactory - Finished creating instance of bean 'org.springframework.boot.actuate.autoconfigure.EndpointAutoConfiguration$RequestMappingEndpointConfiguration'
22:05:23.328 [Test worker] DEBUG org.springframework.beans.factory.support.DefaultListableBeanFactory - Creating shared instance of singleton bean 'requestMappingEndpoint'
22:05:23.328 [Test worker] DEBUG org.springframework.beans.factory.support.DefaultListableBeanFactory - Creating instance of bean 'requestMappingEndpoint'
22:05:23.328 [Test worker] DEBUG org.springframework.beans.factory.support.DefaultListableBeanFactory - Returning cached instance of singleton bean 'org.springframework.transaction.config.internalTransactionAdvisor'
22:05:23.328 [Test worker] DEBUG org.springframework.beans.factory.support.DefaultListableBeanFactory - Returning cached instance of singleton bean 'org.springframework.boot.actuate.autoconfigure.EndpointAutoConfiguration$RequestMappingEndpointConfiguration'
22:05:23.336 [Test worker] DEBUG org.springframework.beans.factory.support.DefaultListableBeanFactory - Eagerly caching bean 'requestMappingEndpoint' to allow for resolving potential circular references
22:05:23.343 [Test worker] DEBUG org.springframework.core.env.MutablePropertySources - Adding PropertySource 'systemProperties' with lowest search precedence
22:05:23.343 [Test worker] DEBUG org.springframework.core.env.MutablePropertySources - Adding PropertySource 'systemEnvironment' with lowest search precedence
22:05:23.343 [Test worker] DEBUG org.springframework.core.env.MutablePropertySources - Adding PropertySource 'localProperties' with lowest search precedence
22:05:23.344 [Test worker] DEBUG org.springframework.beans.factory.support.DefaultListableBeanFactory - Returning cached instance of singleton bean 'org.springframework.transaction.config.internalTransactionAdvisor'
22:05:23.344 [Test worker] DEBUG org.springframework.beans.factory.support.DefaultListableBeanFactory - Returning cached instance of singleton bean 'org.springframework.transaction.config.internalTransactionAdvisor'
22:05:23.345 [Test worker] DEBUG org.springframework.beans.factory.support.DefaultListableBeanFactory - Finished creating instance of bean 'requestMappingEndpoint'
22:05:23.345 [Test worker] DEBUG org.springframework.beans.factory.support.DefaultListableBeanFactory - Creating shared instance of singleton bean 'org.springframework.boot.actuate.autoconfigure.EndpointAutoConfiguration'
22:05:23.345 [Test worker] DEBUG org.springframework.beans.factory.support.DefaultListableBeanFactory - Creating instance of bean 'org.springframework.boot.actuate.autoconfigure.EndpointAutoConfiguration'
22:05:23.345 [Test worker] DEBUG org.springframework.beans.factory.support.DefaultListableBeanFactory - Returning cached instance of singleton bean 'org.springframework.transaction.config.internalTransactionAdvisor'
22:05:23.346 [Test worker] DEBUG org.springframework.core.LocalVariableTableParameterNameDiscoverer - Cannot find '.class' file for class [class org.springframework.boot.actuate.autoconfigure.EndpointAutoConfiguration$$EnhancerBySpringCGLIB$$67c25822] - unable to determine constructor/method parameter names
22:05:23.346 [Test worker] DEBUG org.springframework.beans.factory.support.DefaultListableBeanFactory - Returning cached instance of singleton bean 'healthAggregator'
22:05:23.347 [Test worker] DEBUG org.springframework.beans.factory.support.DefaultListableBeanFactory - Returning cached instance of singleton bean 'diskSpaceHealthIndicator'
22:05:23.348 [Test worker] DEBUG org.springframework.beans.factory.support.DefaultListableBeanFactory - Returning cached instance of singleton bean 'dbHealthIndicator'
22:05:23.349 [Test worker] DEBUG org.springframework.beans.factory.support.DefaultListableBeanFactory - Returning cached instance of singleton bean 'envInfoContributor'
22:05:23.350 [Test worker] DEBUG org.springframework.beans.factory.support.DefaultListableBeanFactory - Returning cached instance of singleton bean 'dataSourcePublicMetrics'
22:05:23.350 [Test worker] DEBUG org.springframework.beans.factory.support.DefaultListableBeanFactory - Returning cached instance of singleton bean 'systemPublicMetrics'
22:05:23.350 [Test worker] DEBUG org.springframework.beans.factory.support.DefaultListableBeanFactory - Returning cached instance of singleton bean 'metricReaderPublicMetrics'
22:05:23.351 [Test worker] DEBUG org.springframework.beans.factory.support.DefaultListableBeanFactory - Creating shared instance of singleton bean 'traceRepository'
22:05:23.352 [Test worker] DEBUG org.springframework.beans.factory.support.DefaultListableBeanFactory - Creating instance of bean 'traceRepository'
22:05:23.352 [Test worker] DEBUG org.springframework.beans.factory.support.DefaultListableBeanFactory - Returning cached instance of singleton bean 'org.springframework.transaction.config.internalTransactionAdvisor'
22:05:23.352 [Test worker] DEBUG org.springframework.beans.factory.support.DefaultListableBeanFactory - Creating shared instance of singleton bean 'org.springframework.boot.actuate.autoconfigure.TraceRepositoryAutoConfiguration'
22:05:23.352 [Test worker] DEBUG org.springframework.beans.factory.support.DefaultListableBeanFactory - Creating instance of bean 'org.springframework.boot.actuate.autoconfigure.TraceRepositoryAutoConfiguration'
22:05:23.352 [Test worker] DEBUG org.springframework.beans.factory.support.DefaultListableBeanFactory - Returning cached instance of singleton bean 'org.springframework.transaction.config.internalTransactionAdvisor'
22:05:23.353 [Test worker] DEBUG org.springframework.beans.factory.support.DefaultListableBeanFactory - Eagerly caching bean 'org.springframework.boot.actuate.autoconfigure.TraceRepositoryAutoConfiguration' to allow for resolving potential circular references
22:05:23.356 [Test worker] DEBUG org.springframework.beans.factory.support.DefaultListableBeanFactory - Returning cached instance of singleton bean 'org.springframework.transaction.config.internalTransactionAdvisor'
22:05:23.357 [Test worker] DEBUG org.springframework.beans.factory.support.DefaultListableBeanFactory - Returning cached instance of singleton bean 'org.springframework.transaction.config.internalTransactionAdvisor'
22:05:23.358 [Test worker] DEBUG org.springframework.beans.factory.support.DefaultListableBeanFactory - Finished creating instance of bean 'org.springframework.boot.actuate.autoconfigure.TraceRepositoryAutoConfiguration'
22:05:23.364 [Test worker] DEBUG org.springframework.beans.factory.support.DefaultListableBeanFactory - Eagerly caching bean 'traceRepository' to allow for resolving potential circular references
22:05:23.368 [Test worker] DEBUG org.springframework.beans.factory.support.DefaultListableBeanFactory - Returning cached instance of singleton bean 'org.springframework.transaction.config.internalTransactionAdvisor'
22:05:23.368 [Test worker] DEBUG org.springframework.beans.factory.support.DefaultListableBeanFactory - Returning cached instance of singleton bean 'org.springframework.transaction.config.internalTransactionAdvisor'
22:05:23.368 [Test worker] DEBUG org.springframework.beans.factory.support.DefaultListableBeanFactory - Finished creating instance of bean 'traceRepository'
22:05:23.369 [Test worker] DEBUG org.springframework.beans.factory.support.DefaultListableBeanFactory - Eagerly caching bean 'org.springframework.boot.actuate.autoconfigure.EndpointAutoConfiguration' to allow for resolving potential circular references
22:05:23.374 [Test worker] DEBUG org.springframework.beans.factory.support.DefaultListableBeanFactory - Returning cached instance of singleton bean 'org.springframework.transaction.config.internalTransactionAdvisor'
22:05:23.374 [Test worker] DEBUG org.springframework.beans.factory.support.DefaultListableBeanFactory - Returning cached instance of singleton bean 'org.springframework.transaction.config.internalTransactionAdvisor'
22:05:23.379 [Test worker] DEBUG org.springframework.beans.factory.support.DefaultListableBeanFactory - Finished creating instance of bean 'org.springframework.boot.actuate.autoconfigure.EndpointAutoConfiguration'
22:05:23.379 [Test worker] DEBUG org.springframework.beans.factory.support.DefaultListableBeanFactory - Creating shared instance of singleton bean 'environmentEndpoint'
22:05:23.379 [Test worker] DEBUG org.springframework.beans.factory.support.DefaultListableBeanFactory - Creating instance of bean 'environmentEndpoint'
22:05:23.380 [Test worker] DEBUG org.springframework.beans.factory.support.DefaultListableBeanFactory - Returning cached instance of singleton bean 'org.springframework.transaction.config.internalTransactionAdvisor'
22:05:23.380 [Test worker] DEBUG org.springframework.beans.factory.support.DefaultListableBeanFactory - Returning cached instance of singleton bean 'org.springframework.boot.actuate.autoconfigure.EndpointAutoConfiguration'
22:05:23.391 [Test worker] DEBUG org.springframework.beans.factory.support.DefaultListableBeanFactory - Eagerly caching bean 'environmentEndpoint' to allow for resolving potential circular references
22:05:23.396 [Test worker] DEBUG org.springframework.core.env.MutablePropertySources - Adding PropertySource 'systemProperties' with lowest search precedence
22:05:23.396 [Test worker] DEBUG org.springframework.core.env.MutablePropertySources - Adding PropertySource 'systemEnvironment' with lowest search precedence
22:05:23.397 [Test worker] DEBUG org.springframework.core.env.MutablePropertySources - Adding PropertySource 'localProperties' with lowest search precedence
22:05:23.398 [Test worker] DEBUG org.springframework.beans.factory.support.DefaultListableBeanFactory - Returning cached instance of singleton bean 'org.springframework.transaction.config.internalTransactionAdvisor'
22:05:23.398 [Test worker] DEBUG org.springframework.beans.factory.support.DefaultListableBeanFactory - Returning cached instance of singleton bean 'org.springframework.transaction.config.internalTransactionAdvisor'
22:05:23.399 [Test worker] DEBUG org.springframework.beans.factory.support.DefaultListableBeanFactory - Finished creating instance of bean 'environmentEndpoint'
22:05:23.399 [Test worker] DEBUG org.springframework.beans.factory.support.DefaultListableBeanFactory - Creating shared instance of singleton bean 'healthEndpoint'
22:05:23.399 [Test worker] DEBUG org.springframework.beans.factory.support.DefaultListableBeanFactory - Creating instance of bean 'healthEndpoint'
22:05:23.399 [Test worker] DEBUG org.springframework.beans.factory.support.DefaultListableBeanFactory - Returning cached instance of singleton bean 'org.springframework.transaction.config.internalTransactionAdvisor'
22:05:23.399 [Test worker] DEBUG org.springframework.beans.factory.support.DefaultListableBeanFactory - Returning cached instance of singleton bean 'org.springframework.boot.actuate.autoconfigure.EndpointAutoConfiguration'
22:05:23.401 [Test worker] DEBUG org.springframework.beans.factory.support.DefaultListableBeanFactory - Eagerly caching bean 'healthEndpoint' to allow for resolving potential circular references
22:05:23.406 [Test worker] DEBUG org.springframework.core.env.MutablePropertySources - Adding PropertySource 'systemProperties' with lowest search precedence
22:05:23.406 [Test worker] DEBUG org.springframework.core.env.MutablePropertySources - Adding PropertySource 'systemEnvironment' with lowest search precedence
22:05:23.406 [Test worker] DEBUG org.springframework.core.env.MutablePropertySources - Adding PropertySource 'localProperties' with lowest search precedence
22:05:23.407 [Test worker] DEBUG org.springframework.beans.factory.support.DefaultListableBeanFactory - Returning cached instance of singleton bean 'org.springframework.transaction.config.internalTransactionAdvisor'
22:05:23.407 [Test worker] DEBUG org.springframework.beans.factory.support.DefaultListableBeanFactory - Returning cached instance of singleton bean 'org.springframework.transaction.config.internalTransactionAdvisor'
22:05:23.408 [Test worker] DEBUG org.springframework.beans.factory.support.DefaultListableBeanFactory - Finished creating instance of bean 'healthEndpoint'
22:05:23.409 [Test worker] DEBUG org.springframework.beans.factory.support.DefaultListableBeanFactory - Creating shared instance of singleton bean 'beansEndpoint'
22:05:23.409 [Test worker] DEBUG org.springframework.beans.factory.support.DefaultListableBeanFactory - Creating instance of bean 'beansEndpoint'
22:05:23.409 [Test worker] DEBUG org.springframework.beans.factory.support.DefaultListableBeanFactory - Returning cached instance of singleton bean 'org.springframework.transaction.config.internalTransactionAdvisor'
22:05:23.409 [Test worker] DEBUG org.springframework.beans.factory.support.DefaultListableBeanFactory - Returning cached instance of singleton bean 'org.springframework.boot.actuate.autoconfigure.EndpointAutoConfiguration'
22:05:23.418 [Test worker] DEBUG org.springframework.beans.factory.support.DefaultListableBeanFactory - Eagerly caching bean 'beansEndpoint' to allow for resolving potential circular references
22:05:23.424 [Test worker] DEBUG org.springframework.core.env.PropertySourcesPropertyResolver - Could not find key 'spring.liveBeansView.mbeanDomain' in any property source
22:05:23.425 [Test worker] DEBUG org.springframework.core.env.MutablePropertySources - Adding PropertySource 'systemProperties' with lowest search precedence
22:05:23.425 [Test worker] DEBUG org.springframework.core.env.MutablePropertySources - Adding PropertySource 'systemEnvironment' with lowest search precedence
22:05:23.425 [Test worker] DEBUG org.springframework.core.env.MutablePropertySources - Adding PropertySource 'localProperties' with lowest search precedence
22:05:23.426 [Test worker] DEBUG org.springframework.beans.factory.support.DefaultListableBeanFactory - Returning cached instance of singleton bean 'org.springframework.transaction.config.internalTransactionAdvisor'
22:05:23.426 [Test worker] DEBUG org.springframework.beans.factory.support.DefaultListableBeanFactory - Returning cached instance of singleton bean 'org.springframework.transaction.config.internalTransactionAdvisor'
22:05:23.427 [Test worker] DEBUG org.springframework.beans.factory.support.DefaultListableBeanFactory - Finished creating instance of bean 'beansEndpoint'
22:05:23.428 [Test worker] DEBUG org.springframework.beans.factory.support.DefaultListableBeanFactory - Creating shared instance of singleton bean 'infoEndpoint'
22:05:23.428 [Test worker] DEBUG org.springframework.beans.factory.support.DefaultListableBeanFactory - Creating instance of bean 'infoEndpoint'
22:05:23.428 [Test worker] DEBUG org.springframework.beans.factory.support.DefaultListableBeanFactory - Returning cached instance of singleton bean 'org.springframework.transaction.config.internalTransactionAdvisor'
22:05:23.428 [Test worker] DEBUG org.springframework.beans.factory.support.DefaultListableBeanFactory - Returning cached instance of singleton bean 'org.springframework.boot.actuate.autoconfigure.EndpointAutoConfiguration'
22:05:23.429 [Test worker] DEBUG org.springframework.beans.factory.support.DefaultListableBeanFactory - Eagerly caching bean 'infoEndpoint' to allow for resolving potential circular references
22:05:23.433 [Test worker] DEBUG org.springframework.core.env.MutablePropertySources - Adding PropertySource 'systemProperties' with lowest search precedence
22:05:23.434 [Test worker] DEBUG org.springframework.core.env.MutablePropertySources - Adding PropertySource 'systemEnvironment' with lowest search precedence
22:05:23.434 [Test worker] DEBUG org.springframework.core.env.MutablePropertySources - Adding PropertySource 'localProperties' with lowest search precedence
22:05:23.434 [Test worker] DEBUG org.springframework.beans.factory.support.DefaultListableBeanFactory - Returning cached instance of singleton bean 'org.springframework.transaction.config.internalTransactionAdvisor'
22:05:23.435 [Test worker] DEBUG org.springframework.beans.factory.support.DefaultListableBeanFactory - Returning cached instance of singleton bean 'org.springframework.transaction.config.internalTransactionAdvisor'
22:05:23.435 [Test worker] DEBUG org.springframework.beans.factory.support.DefaultListableBeanFactory - Finished creating instance of bean 'infoEndpoint'
22:05:23.436 [Test worker] DEBUG org.springframework.beans.factory.support.DefaultListableBeanFactory - Creating shared instance of singleton bean 'metricsEndpoint'
22:05:23.436 [Test worker] DEBUG org.springframework.beans.factory.support.DefaultListableBeanFactory - Creating instance of bean 'metricsEndpoint'
22:05:23.436 [Test worker] DEBUG org.springframework.beans.factory.support.DefaultListableBeanFactory - Returning cached instance of singleton bean 'org.springframework.transaction.config.internalTransactionAdvisor'
22:05:23.436 [Test worker] DEBUG org.springframework.beans.factory.support.DefaultListableBeanFactory - Returning cached instance of singleton bean 'org.springframework.boot.actuate.autoconfigure.EndpointAutoConfiguration'
22:05:23.437 [Test worker] DEBUG org.springframework.beans.factory.support.DefaultListableBeanFactory - Eagerly caching bean 'metricsEndpoint' to allow for resolving potential circular references
22:05:23.443 [Test worker] DEBUG org.springframework.core.env.MutablePropertySources - Adding PropertySource 'systemProperties' with lowest search precedence
22:05:23.443 [Test worker] DEBUG org.springframework.core.env.MutablePropertySources - Adding PropertySource 'systemEnvironment' with lowest search precedence
22:05:23.443 [Test worker] DEBUG org.springframework.core.env.MutablePropertySources - Adding PropertySource 'localProperties' with lowest search precedence
22:05:23.444 [Test worker] DEBUG org.springframework.beans.factory.support.DefaultListableBeanFactory - Returning cached instance of singleton bean 'org.springframework.transaction.config.internalTransactionAdvisor'
22:05:23.444 [Test worker] DEBUG org.springframework.beans.factory.support.DefaultListableBeanFactory - Returning cached instance of singleton bean 'org.springframework.transaction.config.internalTransactionAdvisor'
22:05:23.445 [Test worker] DEBUG org.springframework.beans.factory.support.DefaultListableBeanFactory - Finished creating instance of bean 'metricsEndpoint'
22:05:23.445 [Test worker] DEBUG org.springframework.beans.factory.support.DefaultListableBeanFactory - Creating shared instance of singleton bean 'traceEndpoint'
22:05:23.445 [Test worker] DEBUG org.springframework.beans.factory.support.DefaultListableBeanFactory - Creating instance of bean 'traceEndpoint'
22:05:23.446 [Test worker] DEBUG org.springframework.beans.factory.support.DefaultListableBeanFactory - Returning cached instance of singleton bean 'org.springframework.transaction.config.internalTransactionAdvisor'
22:05:23.446 [Test worker] DEBUG org.springframework.beans.factory.support.DefaultListableBeanFactory - Returning cached instance of singleton bean 'org.springframework.boot.actuate.autoconfigure.EndpointAutoConfiguration'
22:05:23.447 [Test worker] DEBUG org.springframework.beans.factory.support.DefaultListableBeanFactory - Eagerly caching bean 'traceEndpoint' to allow for resolving potential circular references
22:05:23.451 [Test worker] DEBUG org.springframework.core.env.MutablePropertySources - Adding PropertySource 'systemProperties' with lowest search precedence
22:05:23.451 [Test worker] DEBUG org.springframework.core.env.MutablePropertySources - Adding PropertySource 'systemEnvironment' with lowest search precedence
22:05:23.451 [Test worker] DEBUG org.springframework.core.env.MutablePropertySources - Adding PropertySource 'localProperties' with lowest search precedence
22:05:23.452 [Test worker] DEBUG org.springframework.beans.factory.support.DefaultListableBeanFactory - Returning cached instance of singleton bean 'org.springframework.transaction.config.internalTransactionAdvisor'
22:05:23.452 [Test worker] DEBUG org.springframework.beans.factory.support.DefaultListableBeanFactory - Returning cached instance of singleton bean 'org.springframework.transaction.config.internalTransactionAdvisor'
22:05:23.453 [Test worker] DEBUG org.springframework.beans.factory.support.DefaultListableBeanFactory - Finished creating instance of bean 'traceEndpoint'
22:05:23.453 [Test worker] DEBUG org.springframework.beans.factory.support.DefaultListableBeanFactory - Creating shared instance of singleton bean 'dumpEndpoint'
22:05:23.453 [Test worker] DEBUG org.springframework.beans.factory.support.DefaultListableBeanFactory - Creating instance of bean 'dumpEndpoint'
22:05:23.453 [Test worker] DEBUG org.springframework.beans.factory.support.DefaultListableBeanFactory - Returning cached instance of singleton bean 'org.springframework.transaction.config.internalTransactionAdvisor'
22:05:23.453 [Test worker] DEBUG org.springframework.beans.factory.support.DefaultListableBeanFactory - Returning cached instance of singleton bean 'org.springframework.boot.actuate.autoconfigure.EndpointAutoConfiguration'
22:05:23.454 [Test worker] DEBUG org.springframework.beans.factory.support.DefaultListableBeanFactory - Eagerly caching bean 'dumpEndpoint' to allow for resolving potential circular references
22:05:23.458 [Test worker] DEBUG org.springframework.core.env.MutablePropertySources - Adding PropertySource 'systemProperties' with lowest search precedence
22:05:23.458 [Test worker] DEBUG org.springframework.core.env.MutablePropertySources - Adding PropertySource 'systemEnvironment' with lowest search precedence
22:05:23.458 [Test worker] DEBUG org.springframework.core.env.MutablePropertySources - Adding PropertySource 'localProperties' with lowest search precedence
22:05:23.459 [Test worker] DEBUG org.springframework.beans.factory.support.DefaultListableBeanFactory - Returning cached instance of singleton bean 'org.springframework.transaction.config.internalTransactionAdvisor'
22:05:23.459 [Test worker] DEBUG org.springframework.beans.factory.support.DefaultListableBeanFactory - Returning cached instance of singleton bean 'org.springframework.transaction.config.internalTransactionAdvisor'
22:05:23.459 [Test worker] DEBUG org.springframework.beans.factory.support.DefaultListableBeanFactory - Finished creating instance of bean 'dumpEndpoint'
22:05:23.460 [Test worker] DEBUG org.springframework.beans.factory.support.DefaultListableBeanFactory - Creating shared instance of singleton bean 'autoConfigurationReportEndpoint'
22:05:23.460 [Test worker] DEBUG org.springframework.beans.factory.support.DefaultListableBeanFactory - Creating instance of bean 'autoConfigurationReportEndpoint'
22:05:23.460 [Test worker] DEBUG org.springframework.beans.factory.support.DefaultListableBeanFactory - Returning cached instance of singleton bean 'org.springframework.transaction.config.internalTransactionAdvisor'
22:05:23.460 [Test worker] DEBUG org.springframework.beans.factory.support.DefaultListableBeanFactory - Returning cached instance of singleton bean 'org.springframework.boot.actuate.autoconfigure.EndpointAutoConfiguration'
22:05:23.462 [Test worker] DEBUG org.springframework.beans.factory.annotation.InjectionMetadata - Registered injected element on class [org.springframework.boot.actuate.endpoint.AutoConfigurationReportEndpoint]: AutowiredFieldElement for private org.springframework.boot.autoconfigure.condition.ConditionEvaluationReport org.springframework.boot.actuate.endpoint.AutoConfigurationReportEndpoint.autoConfigurationReport
22:05:23.462 [Test worker] DEBUG org.springframework.beans.factory.support.DefaultListableBeanFactory - Eagerly caching bean 'autoConfigurationReportEndpoint' to allow for resolving potential circular references
22:05:23.465 [Test worker] DEBUG org.springframework.beans.factory.annotation.InjectionMetadata - Processing injected element of bean 'autoConfigurationReportEndpoint': AutowiredFieldElement for private org.springframework.boot.autoconfigure.condition.ConditionEvaluationReport org.springframework.boot.actuate.endpoint.AutoConfigurationReportEndpoint.autoConfigurationReport
22:05:23.466 [Test worker] DEBUG org.springframework.beans.factory.support.DefaultListableBeanFactory - Returning cached instance of singleton bean 'autoConfigurationReport'
22:05:23.466 [Test worker] DEBUG org.springframework.beans.factory.annotation.AutowiredAnnotationBeanPostProcessor - Autowiring by type from bean name 'autoConfigurationReportEndpoint' to bean named 'autoConfigurationReport'
22:05:23.467 [Test worker] DEBUG org.springframework.core.env.MutablePropertySources - Adding PropertySource 'systemProperties' with lowest search precedence
22:05:23.467 [Test worker] DEBUG org.springframework.core.env.MutablePropertySources - Adding PropertySource 'systemEnvironment' with lowest search precedence
22:05:23.467 [Test worker] DEBUG org.springframework.core.env.MutablePropertySources - Adding PropertySource 'localProperties' with lowest search precedence
22:05:23.467 [Test worker] DEBUG org.springframework.beans.factory.support.DefaultListableBeanFactory - Returning cached instance of singleton bean 'org.springframework.transaction.config.internalTransactionAdvisor'
22:05:23.467 [Test worker] DEBUG org.springframework.beans.factory.support.DefaultListableBeanFactory - Returning cached instance of singleton bean 'org.springframework.transaction.config.internalTransactionAdvisor'
22:05:23.468 [Test worker] DEBUG org.springframework.beans.factory.support.DefaultListableBeanFactory - Finished creating instance of bean 'autoConfigurationReportEndpoint'
22:05:23.468 [Test worker] DEBUG org.springframework.beans.factory.support.DefaultListableBeanFactory - Creating shared instance of singleton bean 'shutdownEndpoint'
22:05:23.468 [Test worker] DEBUG org.springframework.beans.factory.support.DefaultListableBeanFactory - Creating instance of bean 'shutdownEndpoint'
22:05:23.468 [Test worker] DEBUG org.springframework.beans.factory.support.DefaultListableBeanFactory - Returning cached instance of singleton bean 'org.springframework.transaction.config.internalTransactionAdvisor'
22:05:23.469 [Test worker] DEBUG org.springframework.beans.factory.support.DefaultListableBeanFactory - Returning cached instance of singleton bean 'org.springframework.boot.actuate.autoconfigure.EndpointAutoConfiguration'
22:05:23.470 [Test worker] DEBUG org.springframework.beans.factory.support.DefaultListableBeanFactory - Eagerly caching bean 'shutdownEndpoint' to allow for resolving potential circular references
22:05:23.475 [Test worker] DEBUG org.springframework.core.env.MutablePropertySources - Adding PropertySource 'systemProperties' with lowest search precedence
22:05:23.475 [Test worker] DEBUG org.springframework.core.env.MutablePropertySources - Adding PropertySource 'systemEnvironment' with lowest search precedence
22:05:23.475 [Test worker] DEBUG org.springframework.core.env.MutablePropertySources - Adding PropertySource 'localProperties' with lowest search precedence
22:05:23.476 [Test worker] DEBUG org.springframework.beans.factory.support.DefaultListableBeanFactory - Returning cached instance of singleton bean 'org.springframework.transaction.config.internalTransactionAdvisor'
22:05:23.476 [Test worker] DEBUG org.springframework.beans.factory.support.DefaultListableBeanFactory - Returning cached instance of singleton bean 'org.springframework.transaction.config.internalTransactionAdvisor'
22:05:23.477 [Test worker] DEBUG org.springframework.beans.factory.support.DefaultListableBeanFactory - Finished creating instance of bean 'shutdownEndpoint'
22:05:23.477 [Test worker] DEBUG org.springframework.beans.factory.support.DefaultListableBeanFactory - Creating shared instance of singleton bean 'configurationPropertiesReportEndpoint'
22:05:23.477 [Test worker] DEBUG org.springframework.beans.factory.support.DefaultListableBeanFactory - Creating instance of bean 'configurationPropertiesReportEndpoint'
22:05:23.477 [Test worker] DEBUG org.springframework.beans.factory.support.DefaultListableBeanFactory - Returning cached instance of singleton bean 'org.springframework.transaction.config.internalTransactionAdvisor'
22:05:23.477 [Test worker] DEBUG org.springframework.beans.factory.support.DefaultListableBeanFactory - Returning cached instance of singleton bean 'org.springframework.boot.actuate.autoconfigure.EndpointAutoConfiguration'
22:05:23.482 [Test worker] DEBUG org.springframework.beans.factory.support.DefaultListableBeanFactory - Eagerly caching bean 'configurationPropertiesReportEndpoint' to allow for resolving potential circular references
22:05:23.489 [Test worker] DEBUG org.springframework.core.env.MutablePropertySources - Adding PropertySource 'systemProperties' with lowest search precedence
22:05:23.489 [Test worker] DEBUG org.springframework.core.env.MutablePropertySources - Adding PropertySource 'systemEnvironment' with lowest search precedence
22:05:23.489 [Test worker] DEBUG org.springframework.core.env.MutablePropertySources - Adding PropertySource 'localProperties' with lowest search precedence
22:05:23.490 [Test worker] DEBUG org.springframework.beans.factory.support.DefaultListableBeanFactory - Returning cached instance of singleton bean 'org.springframework.transaction.config.internalTransactionAdvisor'
22:05:23.490 [Test worker] DEBUG org.springframework.beans.factory.support.DefaultListableBeanFactory - Returning cached instance of singleton bean 'org.springframework.transaction.config.internalTransactionAdvisor'
22:05:23.491 [Test worker] DEBUG org.springframework.beans.factory.support.DefaultListableBeanFactory - Finished creating instance of bean 'configurationPropertiesReportEndpoint'
22:05:23.491 [Test worker] DEBUG org.springframework.beans.factory.support.DefaultListableBeanFactory - Creating shared instance of singleton bean 'endpoints-org.springframework.boot.actuate.endpoint.EndpointProperties'
22:05:23.491 [Test worker] DEBUG org.springframework.beans.factory.support.DefaultListableBeanFactory - Creating instance of bean 'endpoints-org.springframework.boot.actuate.endpoint.EndpointProperties'
22:05:23.491 [Test worker] DEBUG org.springframework.beans.factory.support.DefaultListableBeanFactory - Returning cached instance of singleton bean 'org.springframework.transaction.config.internalTransactionAdvisor'
22:05:23.491 [Test worker] DEBUG org.springframework.beans.factory.support.DefaultListableBeanFactory - Eagerly caching bean 'endpoints-org.springframework.boot.actuate.endpoint.EndpointProperties' to allow for resolving potential circular references
22:05:23.494 [Test worker] DEBUG org.springframework.core.env.MutablePropertySources - Adding PropertySource 'systemProperties' with lowest search precedence
22:05:23.494 [Test worker] DEBUG org.springframework.core.env.MutablePropertySources - Adding PropertySource 'systemEnvironment' with lowest search precedence
22:05:23.494 [Test worker] DEBUG org.springframework.core.env.MutablePropertySources - Adding PropertySource 'localProperties' with lowest search precedence
22:05:23.494 [Test worker] DEBUG org.springframework.beans.factory.support.DefaultListableBeanFactory - Returning cached instance of singleton bean 'org.springframework.transaction.config.internalTransactionAdvisor'
22:05:23.494 [Test worker] DEBUG org.springframework.beans.factory.support.DefaultListableBeanFactory - Returning cached instance of singleton bean 'org.springframework.transaction.config.internalTransactionAdvisor'
22:05:23.495 [Test worker] DEBUG org.springframework.beans.factory.support.DefaultListableBeanFactory - Finished creating instance of bean 'endpoints-org.springframework.boot.actuate.endpoint.EndpointProperties'
22:05:23.495 [Test worker] DEBUG org.springframework.beans.factory.support.DefaultListableBeanFactory - Creating shared instance of singleton bean 'org.springframework.boot.actuate.autoconfigure.EndpointMBeanExportAutoConfiguration'
22:05:23.495 [Test worker] DEBUG org.springframework.beans.factory.support.DefaultListableBeanFactory - Creating instance of bean 'org.springframework.boot.actuate.autoconfigure.EndpointMBeanExportAutoConfiguration'
22:05:23.495 [Test worker] DEBUG org.springframework.beans.factory.support.DefaultListableBeanFactory - Returning cached instance of singleton bean 'org.springframework.transaction.config.internalTransactionAdvisor'
22:05:23.496 [Test worker] DEBUG org.springframework.core.LocalVariableTableParameterNameDiscoverer - Cannot find '.class' file for class [class org.springframework.boot.actuate.autoconfigure.EndpointMBeanExportAutoConfiguration$$EnhancerBySpringCGLIB$$43635071] - unable to determine constructor/method parameter names
22:05:23.497 [Test worker] DEBUG org.springframework.beans.factory.support.DefaultListableBeanFactory - Creating shared instance of singleton bean 'endpoints.jmx-org.springframework.boot.actuate.autoconfigure.EndpointMBeanExportProperties'
22:05:23.497 [Test worker] DEBUG org.springframework.beans.factory.support.DefaultListableBeanFactory - Creating instance of bean 'endpoints.jmx-org.springframework.boot.actuate.autoconfigure.EndpointMBeanExportProperties'
22:05:23.497 [Test worker] DEBUG org.springframework.beans.factory.support.DefaultListableBeanFactory - Returning cached instance of singleton bean 'org.springframework.transaction.config.internalTransactionAdvisor'
22:05:23.498 [Test worker] DEBUG org.springframework.beans.factory.annotation.InjectionMetadata - Registered injected element on class [org.springframework.boot.actuate.autoconfigure.EndpointMBeanExportProperties]: AutowiredFieldElement for private java.lang.String org.springframework.boot.actuate.autoconfigure.EndpointMBeanExportProperties.domain
22:05:23.498 [Test worker] DEBUG org.springframework.beans.factory.support.DefaultListableBeanFactory - Eagerly caching bean 'endpoints.jmx-org.springframework.boot.actuate.autoconfigure.EndpointMBeanExportProperties' to allow for resolving potential circular references
22:05:23.500 [Test worker] DEBUG org.springframework.beans.factory.annotation.InjectionMetadata - Processing injected element of bean 'endpoints.jmx-org.springframework.boot.actuate.autoconfigure.EndpointMBeanExportProperties': AutowiredFieldElement for private java.lang.String org.springframework.boot.actuate.autoconfigure.EndpointMBeanExportProperties.domain
22:05:23.500 [Test worker] DEBUG org.springframework.core.env.PropertySourcesPropertyResolver - Could not find key 'spring.jmx.default-domain:' in any property source
22:05:23.501 [Test worker] DEBUG org.springframework.core.env.PropertySourcesPropertyResolver - Could not find key 'spring.jmx.default-domain:' in any property source
22:05:23.501 [Test worker] DEBUG org.springframework.core.env.PropertySourcesPropertyResolver - Could not find key 'spring.jmx.default-domain' in any property source
22:05:23.501 [Test worker] DEBUG org.springframework.core.env.PropertySourcesPropertyResolver - Could not find key 'spring.jmx.default-domain' in any property source
22:05:23.501 [Test worker] DEBUG org.springframework.core.env.MutablePropertySources - Adding PropertySource 'systemProperties' with lowest search precedence
22:05:23.502 [Test worker] DEBUG org.springframework.core.env.MutablePropertySources - Adding PropertySource 'systemEnvironment' with lowest search precedence
22:05:23.502 [Test worker] DEBUG org.springframework.core.env.MutablePropertySources - Adding PropertySource 'localProperties' with lowest search precedence
22:05:23.502 [Test worker] DEBUG org.springframework.beans.factory.support.DefaultListableBeanFactory - Returning cached instance of singleton bean 'org.springframework.transaction.config.internalTransactionAdvisor'
22:05:23.503 [Test worker] DEBUG org.springframework.beans.factory.support.DefaultListableBeanFactory - Returning cached instance of singleton bean 'org.springframework.transaction.config.internalTransactionAdvisor'
22:05:23.503 [Test worker] DEBUG org.springframework.beans.factory.support.DefaultListableBeanFactory - Finished creating instance of bean 'endpoints.jmx-org.springframework.boot.actuate.autoconfigure.EndpointMBeanExportProperties'
22:05:23.503 [Test worker] DEBUG org.springframework.beans.factory.support.DefaultListableBeanFactory - Autowiring by type from bean name 'org.springframework.boot.actuate.autoconfigure.EndpointMBeanExportAutoConfiguration' via constructor to bean named 'endpoints.jmx-org.springframework.boot.actuate.autoconfigure.EndpointMBeanExportProperties'
22:05:23.505 [Test worker] DEBUG org.springframework.beans.factory.support.DefaultListableBeanFactory - Returning cached instance of singleton bean 'jacksonObjectMapper'
22:05:23.505 [Test worker] DEBUG org.springframework.beans.factory.support.DefaultListableBeanFactory - Eagerly caching bean 'org.springframework.boot.actuate.autoconfigure.EndpointMBeanExportAutoConfiguration' to allow for resolving potential circular references
22:05:23.509 [Test worker] DEBUG org.springframework.beans.factory.support.DefaultListableBeanFactory - Returning cached instance of singleton bean 'org.springframework.transaction.config.internalTransactionAdvisor'
22:05:23.509 [Test worker] DEBUG org.springframework.beans.factory.support.DefaultListableBeanFactory - Returning cached instance of singleton bean 'org.springframework.transaction.config.internalTransactionAdvisor'
22:05:23.510 [Test worker] DEBUG org.springframework.beans.factory.support.DefaultListableBeanFactory - Finished creating instance of bean 'org.springframework.boot.actuate.autoconfigure.EndpointMBeanExportAutoConfiguration'
22:05:23.511 [Test worker] DEBUG org.springframework.beans.factory.support.DefaultListableBeanFactory - Creating shared instance of singleton bean 'endpointMBeanExporter'
22:05:23.511 [Test worker] DEBUG org.springframework.beans.factory.support.DefaultListableBeanFactory - Creating instance of bean 'endpointMBeanExporter'
22:05:23.511 [Test worker] DEBUG org.springframework.beans.factory.support.DefaultListableBeanFactory - Returning cached instance of singleton bean 'org.springframework.transaction.config.internalTransactionAdvisor'
22:05:23.511 [Test worker] DEBUG org.springframework.beans.factory.support.DefaultListableBeanFactory - Returning cached instance of singleton bean 'org.springframework.boot.actuate.autoconfigure.EndpointMBeanExportAutoConfiguration'
22:05:23.513 [Test worker] DEBUG org.springframework.beans.factory.support.DefaultListableBeanFactory - Returning cached instance of singleton bean 'mbeanServer'
22:05:23.513 [Test worker] DEBUG org.springframework.beans.factory.support.DefaultListableBeanFactory - Autowiring by type from bean name 'endpointMBeanExporter' via factory method to bean named 'mbeanServer'
22:05:23.526 [Test worker] DEBUG org.springframework.beans.factory.support.DefaultListableBeanFactory - Eagerly caching bean 'endpointMBeanExporter' to allow for resolving potential circular references
22:05:23.533 [Test worker] DEBUG org.springframework.beans.factory.support.DefaultListableBeanFactory - Invoking afterPropertiesSet() on bean with name 'endpointMBeanExporter'
22:05:23.533 [Test worker] DEBUG org.springframework.beans.factory.support.DefaultListableBeanFactory - Returning cached instance of singleton bean 'org.springframework.transaction.config.internalTransactionAdvisor'
22:05:23.534 [Test worker] DEBUG org.springframework.beans.factory.support.DefaultListableBeanFactory - Returning cached instance of singleton bean 'org.springframework.transaction.config.internalTransactionAdvisor'
22:05:23.535 [Test worker] DEBUG org.springframework.beans.factory.support.DefaultListableBeanFactory - Finished creating instance of bean 'endpointMBeanExporter'
22:05:23.535 [Test worker] DEBUG org.springframework.beans.factory.support.DefaultListableBeanFactory - Creating shared instance of singleton bean 'auditEventsEndpoint'
22:05:23.535 [Test worker] DEBUG org.springframework.beans.factory.support.DefaultListableBeanFactory - Creating instance of bean 'auditEventsEndpoint'
22:05:23.535 [Test worker] DEBUG org.springframework.beans.factory.support.DefaultListableBeanFactory - Returning cached instance of singleton bean 'org.springframework.transaction.config.internalTransactionAdvisor'
22:05:23.535 [Test worker] DEBUG org.springframework.beans.factory.support.DefaultListableBeanFactory - Returning cached instance of singleton bean 'org.springframework.boot.actuate.autoconfigure.EndpointMBeanExportAutoConfiguration'
22:05:23.535 [Test worker] DEBUG org.springframework.beans.factory.support.DefaultListableBeanFactory - Returning cached instance of singleton bean 'auditEventRepository'
22:05:23.535 [Test worker] DEBUG org.springframework.beans.factory.support.DefaultListableBeanFactory - Autowiring by type from bean name 'auditEventsEndpoint' via factory method to bean named 'auditEventRepository'
22:05:23.547 [Test worker] DEBUG org.springframework.beans.factory.support.DefaultListableBeanFactory - Eagerly caching bean 'auditEventsEndpoint' to allow for resolving potential circular references
22:05:23.552 [Test worker] DEBUG org.springframework.core.env.MutablePropertySources - Adding PropertySource 'systemProperties' with lowest search precedence
22:05:23.552 [Test worker] DEBUG org.springframework.core.env.MutablePropertySources - Adding PropertySource 'systemEnvironment' with lowest search precedence
22:05:23.552 [Test worker] DEBUG org.springframework.core.env.MutablePropertySources - Adding PropertySource 'localProperties' with lowest search precedence
22:05:23.552 [Test worker] DEBUG org.springframework.beans.factory.support.DefaultListableBeanFactory - Returning cached instance of singleton bean 'org.springframework.transaction.config.internalTransactionAdvisor'
22:05:23.553 [Test worker] DEBUG org.springframework.beans.factory.support.DefaultListableBeanFactory - Returning cached instance of singleton bean 'org.springframework.transaction.config.internalTransactionAdvisor'
22:05:23.553 [Test worker] DEBUG org.springframework.beans.factory.support.DefaultListableBeanFactory - Finished creating instance of bean 'auditEventsEndpoint'
22:05:23.553 [Test worker] DEBUG org.springframework.beans.factory.support.DefaultListableBeanFactory - Returning cached instance of singleton bean 'endpoints.jmx-org.springframework.boot.actuate.autoconfigure.EndpointMBeanExportProperties'
22:05:23.553 [Test worker] DEBUG org.springframework.beans.factory.support.DefaultListableBeanFactory - Creating shared instance of singleton bean 'org.springframework.boot.actuate.autoconfigure.ManagementServerPropertiesAutoConfiguration'
22:05:23.553 [Test worker] DEBUG org.springframework.beans.factory.support.DefaultListableBeanFactory - Creating instance of bean 'org.springframework.boot.actuate.autoconfigure.ManagementServerPropertiesAutoConfiguration'
22:05:23.554 [Test worker] DEBUG org.springframework.beans.factory.support.DefaultListableBeanFactory - Returning cached instance of singleton bean 'org.springframework.transaction.config.internalTransactionAdvisor'
22:05:23.554 [Test worker] DEBUG org.springframework.beans.factory.support.DefaultListableBeanFactory - Eagerly caching bean 'org.springframework.boot.actuate.autoconfigure.ManagementServerPropertiesAutoConfiguration' to allow for resolving potential circular references
22:05:23.558 [Test worker] DEBUG org.springframework.beans.factory.support.DefaultListableBeanFactory - Returning cached instance of singleton bean 'org.springframework.transaction.config.internalTransactionAdvisor'
22:05:23.558 [Test worker] DEBUG org.springframework.beans.factory.support.DefaultListableBeanFactory - Returning cached instance of singleton bean 'org.springframework.transaction.config.internalTransactionAdvisor'
22:05:23.559 [Test worker] DEBUG org.springframework.beans.factory.support.DefaultListableBeanFactory - Finished creating instance of bean 'org.springframework.boot.actuate.autoconfigure.ManagementServerPropertiesAutoConfiguration'
22:05:23.559 [Test worker] DEBUG org.springframework.beans.factory.support.DefaultListableBeanFactory - Creating shared instance of singleton bean 'managementServerProperties'
22:05:23.559 [Test worker] DEBUG org.springframework.beans.factory.support.DefaultListableBeanFactory - Creating instance of bean 'managementServerProperties'
22:05:23.559 [Test worker] DEBUG org.springframework.beans.factory.support.DefaultListableBeanFactory - Returning cached instance of singleton bean 'org.springframework.transaction.config.internalTransactionAdvisor'
22:05:23.559 [Test worker] DEBUG org.springframework.beans.factory.support.DefaultListableBeanFactory - Returning cached instance of singleton bean 'org.springframework.boot.actuate.autoconfigure.ManagementServerPropertiesAutoConfiguration'
22:05:23.568 [Test worker] DEBUG org.springframework.beans.factory.support.DefaultListableBeanFactory - Eagerly caching bean 'managementServerProperties' to allow for resolving potential circular references
22:05:23.571 [Test worker] DEBUG org.springframework.core.env.MutablePropertySources - Adding PropertySource 'systemProperties' with lowest search precedence
22:05:23.571 [Test worker] DEBUG org.springframework.core.env.MutablePropertySources - Adding PropertySource 'systemEnvironment' with lowest search precedence
22:05:23.571 [Test worker] DEBUG org.springframework.core.env.MutablePropertySources - Adding PropertySource 'localProperties' with lowest search precedence
22:05:23.572 [Test worker] DEBUG org.springframework.beans.factory.support.DefaultListableBeanFactory - Returning cached instance of singleton bean 'org.springframework.transaction.config.internalTransactionAdvisor'
22:05:23.572 [Test worker] DEBUG org.springframework.beans.factory.support.DefaultListableBeanFactory - Returning cached instance of singleton bean 'org.springframework.transaction.config.internalTransactionAdvisor'
22:05:23.573 [Test worker] DEBUG org.springframework.beans.factory.support.DefaultListableBeanFactory - Finished creating instance of bean 'managementServerProperties'
22:05:23.573 [Test worker] DEBUG org.springframework.beans.factory.support.DefaultListableBeanFactory - Creating shared instance of singleton bean 'org.springframework.boot.autoconfigure.web.HttpMessageConvertersAutoConfiguration$StringHttpMessageConverterConfiguration'
22:05:23.573 [Test worker] DEBUG org.springframework.beans.factory.support.DefaultListableBeanFactory - Creating instance of bean 'org.springframework.boot.autoconfigure.web.HttpMessageConvertersAutoConfiguration$StringHttpMessageConverterConfiguration'
22:05:23.573 [Test worker] DEBUG org.springframework.beans.factory.support.DefaultListableBeanFactory - Returning cached instance of singleton bean 'org.springframework.transaction.config.internalTransactionAdvisor'
22:05:23.573 [Test worker] DEBUG org.springframework.core.LocalVariableTableParameterNameDiscoverer - Cannot find '.class' file for class [class org.springframework.boot.autoconfigure.web.HttpMessageConvertersAutoConfiguration$StringHttpMessageConverterConfiguration$$EnhancerBySpringCGLIB$$a6e746f6] - unable to determine constructor/method parameter names
22:05:23.574 [Test worker] DEBUG org.springframework.beans.factory.support.DefaultListableBeanFactory - Creating shared instance of singleton bean 'spring.http.encoding-org.springframework.boot.autoconfigure.web.HttpEncodingProperties'
22:05:23.575 [Test worker] DEBUG org.springframework.beans.factory.support.DefaultListableBeanFactory - Creating instance of bean 'spring.http.encoding-org.springframework.boot.autoconfigure.web.HttpEncodingProperties'
22:05:23.575 [Test worker] DEBUG org.springframework.beans.factory.support.DefaultListableBeanFactory - Returning cached instance of singleton bean 'org.springframework.transaction.config.internalTransactionAdvisor'
22:05:23.575 [Test worker] DEBUG org.springframework.beans.factory.support.DefaultListableBeanFactory - Eagerly caching bean 'spring.http.encoding-org.springframework.boot.autoconfigure.web.HttpEncodingProperties' to allow for resolving potential circular references
22:05:23.578 [Test worker] DEBUG org.springframework.core.env.MutablePropertySources - Adding PropertySource 'systemProperties' with lowest search precedence
22:05:23.578 [Test worker] DEBUG org.springframework.core.env.MutablePropertySources - Adding PropertySource 'systemEnvironment' with lowest search precedence
22:05:23.578 [Test worker] DEBUG org.springframework.core.env.MutablePropertySources - Adding PropertySource 'localProperties' with lowest search precedence
22:05:23.579 [Test worker] DEBUG org.springframework.beans.factory.support.DefaultListableBeanFactory - Returning cached instance of singleton bean 'org.springframework.transaction.config.internalTransactionAdvisor'
22:05:23.579 [Test worker] DEBUG org.springframework.beans.factory.support.DefaultListableBeanFactory - Returning cached instance of singleton bean 'org.springframework.transaction.config.internalTransactionAdvisor'
22:05:23.579 [Test worker] DEBUG org.springframework.beans.factory.support.DefaultListableBeanFactory - Finished creating instance of bean 'spring.http.encoding-org.springframework.boot.autoconfigure.web.HttpEncodingProperties'
22:05:23.579 [Test worker] DEBUG org.springframework.beans.factory.support.DefaultListableBeanFactory - Autowiring by type from bean name 'org.springframework.boot.autoconfigure.web.HttpMessageConvertersAutoConfiguration$StringHttpMessageConverterConfiguration' via constructor to bean named 'spring.http.encoding-org.springframework.boot.autoconfigure.web.HttpEncodingProperties'
22:05:23.580 [Test worker] DEBUG org.springframework.beans.factory.support.DefaultListableBeanFactory - Eagerly caching bean 'org.springframework.boot.autoconfigure.web.HttpMessageConvertersAutoConfiguration$StringHttpMessageConverterConfiguration' to allow for resolving potential circular references
22:05:23.584 [Test worker] DEBUG org.springframework.beans.factory.support.DefaultListableBeanFactory - Returning cached instance of singleton bean 'org.springframework.transaction.config.internalTransactionAdvisor'
22:05:23.584 [Test worker] DEBUG org.springframework.beans.factory.support.DefaultListableBeanFactory - Returning cached instance of singleton bean 'org.springframework.transaction.config.internalTransactionAdvisor'
22:05:23.585 [Test worker] DEBUG org.springframework.beans.factory.support.DefaultListableBeanFactory - Finished creating instance of bean 'org.springframework.boot.autoconfigure.web.HttpMessageConvertersAutoConfiguration$StringHttpMessageConverterConfiguration'
22:05:23.585 [Test worker] DEBUG org.springframework.beans.factory.support.DefaultListableBeanFactory - Creating shared instance of singleton bean 'stringHttpMessageConverter'
22:05:23.585 [Test worker] DEBUG org.springframework.beans.factory.support.DefaultListableBeanFactory - Creating instance of bean 'stringHttpMessageConverter'
22:05:23.586 [Test worker] DEBUG org.springframework.beans.factory.support.DefaultListableBeanFactory - Returning cached instance of singleton bean 'org.springframework.transaction.config.internalTransactionAdvisor'
22:05:23.586 [Test worker] DEBUG org.springframework.beans.factory.support.DefaultListableBeanFactory - Returning cached instance of singleton bean 'org.springframework.boot.autoconfigure.web.HttpMessageConvertersAutoConfiguration$StringHttpMessageConverterConfiguration'
22:05:23.613 [Test worker] DEBUG org.springframework.beans.factory.support.DefaultListableBeanFactory - Eagerly caching bean 'stringHttpMessageConverter' to allow for resolving potential circular references
22:05:23.619 [Test worker] DEBUG org.springframework.beans.factory.support.DefaultListableBeanFactory - Returning cached instance of singleton bean 'org.springframework.transaction.config.internalTransactionAdvisor'
22:05:23.619 [Test worker] DEBUG org.springframework.beans.factory.support.DefaultListableBeanFactory - Returning cached instance of singleton bean 'org.springframework.transaction.config.internalTransactionAdvisor'
22:05:23.620 [Test worker] DEBUG org.springframework.beans.factory.support.DefaultListableBeanFactory - Finished creating instance of bean 'stringHttpMessageConverter'
22:05:23.620 [Test worker] DEBUG org.springframework.beans.factory.support.DefaultListableBeanFactory - Returning cached instance of singleton bean 'spring.http.encoding-org.springframework.boot.autoconfigure.web.HttpEncodingProperties'
22:05:23.620 [Test worker] DEBUG org.springframework.beans.factory.support.DefaultListableBeanFactory - Creating shared instance of singleton bean 'org.springframework.boot.autoconfigure.web.JacksonHttpMessageConvertersConfiguration$MappingJackson2HttpMessageConverterConfiguration'
22:05:23.620 [Test worker] DEBUG org.springframework.beans.factory.support.DefaultListableBeanFactory - Creating instance of bean 'org.springframework.boot.autoconfigure.web.JacksonHttpMessageConvertersConfiguration$MappingJackson2HttpMessageConverterConfiguration'
22:05:23.620 [Test worker] DEBUG org.springframework.beans.factory.support.DefaultListableBeanFactory - Returning cached instance of singleton bean 'org.springframework.transaction.config.internalTransactionAdvisor'
22:05:23.621 [Test worker] DEBUG org.springframework.beans.factory.support.DefaultListableBeanFactory - Eagerly caching bean 'org.springframework.boot.autoconfigure.web.JacksonHttpMessageConvertersConfiguration$MappingJackson2HttpMessageConverterConfiguration' to allow for resolving potential circular references
22:05:23.627 [Test worker] DEBUG org.springframework.beans.factory.support.DefaultListableBeanFactory - Returning cached instance of singleton bean 'org.springframework.transaction.config.internalTransactionAdvisor'
22:05:23.627 [Test worker] DEBUG org.springframework.beans.factory.support.DefaultListableBeanFactory - Returning cached instance of singleton bean 'org.springframework.transaction.config.internalTransactionAdvisor'
22:05:23.629 [Test worker] DEBUG org.springframework.beans.factory.support.DefaultListableBeanFactory - Finished creating instance of bean 'org.springframework.boot.autoconfigure.web.JacksonHttpMessageConvertersConfiguration$MappingJackson2HttpMessageConverterConfiguration'
22:05:23.629 [Test worker] DEBUG org.springframework.beans.factory.support.DefaultListableBeanFactory - Creating shared instance of singleton bean 'mappingJackson2HttpMessageConverter'
22:05:23.629 [Test worker] DEBUG org.springframework.beans.factory.support.DefaultListableBeanFactory - Creating instance of bean 'mappingJackson2HttpMessageConverter'
22:05:23.629 [Test worker] DEBUG org.springframework.beans.factory.support.DefaultListableBeanFactory - Returning cached instance of singleton bean 'org.springframework.transaction.config.internalTransactionAdvisor'
22:05:23.630 [Test worker] DEBUG org.springframework.beans.factory.support.DefaultListableBeanFactory - Returning cached instance of singleton bean 'org.springframework.boot.autoconfigure.web.JacksonHttpMessageConvertersConfiguration$MappingJackson2HttpMessageConverterConfiguration'
22:05:23.631 [Test worker] DEBUG org.springframework.beans.factory.support.DefaultListableBeanFactory - Returning cached instance of singleton bean 'jacksonObjectMapper'
22:05:23.631 [Test worker] DEBUG org.springframework.beans.factory.support.DefaultListableBeanFactory - Autowiring by type from bean name 'mappingJackson2HttpMessageConverter' via factory method to bean named 'jacksonObjectMapper'
22:05:23.639 [Test worker] DEBUG org.springframework.beans.factory.support.DefaultListableBeanFactory - Eagerly caching bean 'mappingJackson2HttpMessageConverter' to allow for resolving potential circular references
22:05:23.648 [Test worker] DEBUG org.springframework.beans.factory.support.DefaultListableBeanFactory - Returning cached instance of singleton bean 'org.springframework.transaction.config.internalTransactionAdvisor'
22:05:23.648 [Test worker] DEBUG org.springframework.beans.factory.support.DefaultListableBeanFactory - Returning cached instance of singleton bean 'org.springframework.transaction.config.internalTransactionAdvisor'
22:05:23.649 [Test worker] DEBUG org.springframework.beans.factory.support.DefaultListableBeanFactory - Finished creating instance of bean 'mappingJackson2HttpMessageConverter'
22:05:23.649 [Test worker] DEBUG org.springframework.beans.factory.support.DefaultListableBeanFactory - Creating shared instance of singleton bean 'org.springframework.boot.autoconfigure.web.JacksonHttpMessageConvertersConfiguration'
22:05:23.649 [Test worker] DEBUG org.springframework.beans.factory.support.DefaultListableBeanFactory - Creating instance of bean 'org.springframework.boot.autoconfigure.web.JacksonHttpMessageConvertersConfiguration'
22:05:23.649 [Test worker] DEBUG org.springframework.beans.factory.support.DefaultListableBeanFactory - Returning cached instance of singleton bean 'org.springframework.transaction.config.internalTransactionAdvisor'
22:05:23.650 [Test worker] DEBUG org.springframework.beans.factory.support.DefaultListableBeanFactory - Eagerly caching bean 'org.springframework.boot.autoconfigure.web.JacksonHttpMessageConvertersConfiguration' to allow for resolving potential circular references
22:05:23.653 [Test worker] DEBUG org.springframework.beans.factory.support.DefaultListableBeanFactory - Returning cached instance of singleton bean 'org.springframework.transaction.config.internalTransactionAdvisor'
22:05:23.653 [Test worker] DEBUG org.springframework.beans.factory.support.DefaultListableBeanFactory - Returning cached instance of singleton bean 'org.springframework.transaction.config.internalTransactionAdvisor'
22:05:23.654 [Test worker] DEBUG org.springframework.beans.factory.support.DefaultListableBeanFactory - Finished creating instance of bean 'org.springframework.boot.autoconfigure.web.JacksonHttpMessageConvertersConfiguration'
22:05:23.654 [Test worker] DEBUG org.springframework.beans.factory.support.DefaultListableBeanFactory - Creating shared instance of singleton bean 'org.springframework.boot.autoconfigure.web.HttpMessageConvertersAutoConfiguration'
22:05:23.654 [Test worker] DEBUG org.springframework.beans.factory.support.DefaultListableBeanFactory - Creating instance of bean 'org.springframework.boot.autoconfigure.web.HttpMessageConvertersAutoConfiguration'
22:05:23.654 [Test worker] DEBUG org.springframework.beans.factory.support.DefaultListableBeanFactory - Returning cached instance of singleton bean 'org.springframework.transaction.config.internalTransactionAdvisor'
22:05:23.655 [Test worker] DEBUG org.springframework.core.LocalVariableTableParameterNameDiscoverer - Cannot find '.class' file for class [class org.springframework.boot.autoconfigure.web.HttpMessageConvertersAutoConfiguration$$EnhancerBySpringCGLIB$$ea713c56] - unable to determine constructor/method parameter names
22:05:23.658 [Test worker] DEBUG org.springframework.beans.factory.support.DefaultListableBeanFactory - Returning cached instance of singleton bean 'stringHttpMessageConverter'
22:05:23.659 [Test worker] DEBUG org.springframework.beans.factory.support.DefaultListableBeanFactory - Returning cached instance of singleton bean 'mappingJackson2HttpMessageConverter'
22:05:23.660 [Test worker] DEBUG org.springframework.beans.factory.support.DefaultListableBeanFactory - Eagerly caching bean 'org.springframework.boot.autoconfigure.web.HttpMessageConvertersAutoConfiguration' to allow for resolving potential circular references
22:05:23.663 [Test worker] DEBUG org.springframework.beans.factory.support.DefaultListableBeanFactory - Returning cached instance of singleton bean 'org.springframework.transaction.config.internalTransactionAdvisor'
22:05:23.664 [Test worker] DEBUG org.springframework.beans.factory.support.DefaultListableBeanFactory - Returning cached instance of singleton bean 'org.springframework.transaction.config.internalTransactionAdvisor'
22:05:23.664 [Test worker] DEBUG org.springframework.beans.factory.support.DefaultListableBeanFactory - Finished creating instance of bean 'org.springframework.boot.autoconfigure.web.HttpMessageConvertersAutoConfiguration'
22:05:23.665 [Test worker] DEBUG org.springframework.beans.factory.support.DefaultListableBeanFactory - Creating shared instance of singleton bean 'messageConverters'
22:05:23.665 [Test worker] DEBUG org.springframework.beans.factory.support.DefaultListableBeanFactory - Creating instance of bean 'messageConverters'
22:05:23.665 [Test worker] DEBUG org.springframework.beans.factory.support.DefaultListableBeanFactory - Returning cached instance of singleton bean 'org.springframework.transaction.config.internalTransactionAdvisor'
22:05:23.665 [Test worker] DEBUG org.springframework.beans.factory.support.DefaultListableBeanFactory - Returning cached instance of singleton bean 'org.springframework.boot.autoconfigure.web.HttpMessageConvertersAutoConfiguration'
22:05:23.708 [Test worker] DEBUG org.springframework.beans.factory.support.DefaultListableBeanFactory - Eagerly caching bean 'messageConverters' to allow for resolving potential circular references
22:05:23.711 [Test worker] DEBUG org.springframework.beans.factory.support.DefaultListableBeanFactory - Returning cached instance of singleton bean 'org.springframework.transaction.config.internalTransactionAdvisor'
22:05:23.711 [Test worker] DEBUG org.springframework.beans.factory.support.DefaultListableBeanFactory - Returning cached instance of singleton bean 'org.springframework.transaction.config.internalTransactionAdvisor'
22:05:23.711 [Test worker] DEBUG org.springframework.beans.factory.support.DefaultListableBeanFactory - Finished creating instance of bean 'messageConverters'
22:05:23.712 [Test worker] DEBUG org.springframework.beans.factory.support.DefaultListableBeanFactory - Creating shared instance of singleton bean 'org.springframework.boot.actuate.autoconfigure.MetricExportAutoConfiguration$MetricExportPropertiesConfiguration'
22:05:23.712 [Test worker] DEBUG org.springframework.beans.factory.support.DefaultListableBeanFactory - Creating instance of bean 'org.springframework.boot.actuate.autoconfigure.MetricExportAutoConfiguration$MetricExportPropertiesConfiguration'
22:05:23.712 [Test worker] DEBUG org.springframework.beans.factory.support.DefaultListableBeanFactory - Returning cached instance of singleton bean 'org.springframework.transaction.config.internalTransactionAdvisor'
22:05:23.712 [Test worker] DEBUG org.springframework.beans.factory.annotation.InjectionMetadata - Registered injected element on class [org.springframework.boot.actuate.autoconfigure.MetricExportAutoConfiguration$MetricExportPropertiesConfiguration$$EnhancerBySpringCGLIB$$49b340ae]: AutowiredFieldElement for private java.lang.String org.springframework.boot.actuate.autoconfigure.MetricExportAutoConfiguration$MetricExportPropertiesConfiguration.prefix
22:05:23.712 [Test worker] DEBUG org.springframework.beans.factory.support.DefaultListableBeanFactory - Eagerly caching bean 'org.springframework.boot.actuate.autoconfigure.MetricExportAutoConfiguration$MetricExportPropertiesConfiguration' to allow for resolving potential circular references
22:05:23.717 [Test worker] DEBUG org.springframework.beans.factory.annotation.InjectionMetadata - Processing injected element of bean 'org.springframework.boot.actuate.autoconfigure.MetricExportAutoConfiguration$MetricExportPropertiesConfiguration': AutowiredFieldElement for private java.lang.String org.springframework.boot.actuate.autoconfigure.MetricExportAutoConfiguration$MetricExportPropertiesConfiguration.prefix
22:05:23.717 [Test worker] DEBUG org.springframework.core.env.PropertySourcesPropertyResolver - Could not find key 'spring.application.name:application' in any property source
22:05:23.717 [Test worker] DEBUG org.springframework.core.env.PropertySourcesPropertyResolver - Could not find key 'spring.application.name:application' in any property source
22:05:23.717 [Test worker] DEBUG org.springframework.core.env.PropertySourcesPropertyResolver - Could not find key 'spring.application.name' in any property source
22:05:23.717 [Test worker] DEBUG org.springframework.core.env.PropertySourcesPropertyResolver - Could not find key 'spring.application.name' in any property source
22:05:23.717 [Test worker] DEBUG org.springframework.core.env.PropertySourcesPropertyResolver - Could not find key 'random.value:0000' in any property source
22:05:23.717 [Test worker] DEBUG org.springframework.core.env.PropertySourcesPropertyResolver - Could not find key 'random.value:0000' in any property source
22:05:23.717 [Test worker] DEBUG org.springframework.core.env.PropertySourcesPropertyResolver - Could not find key 'random.value' in any property source
22:05:23.717 [Test worker] DEBUG org.springframework.core.env.PropertySourcesPropertyResolver - Could not find key 'random.value' in any property source
22:05:23.718 [Test worker] DEBUG org.springframework.beans.factory.support.DefaultListableBeanFactory - Returning cached instance of singleton bean 'org.springframework.transaction.config.internalTransactionAdvisor'
22:05:23.718 [Test worker] DEBUG org.springframework.beans.factory.support.DefaultListableBeanFactory - Returning cached instance of singleton bean 'org.springframework.transaction.config.internalTransactionAdvisor'
22:05:23.719 [Test worker] DEBUG org.springframework.beans.factory.support.DefaultListableBeanFactory - Finished creating instance of bean 'org.springframework.boot.actuate.autoconfigure.MetricExportAutoConfiguration$MetricExportPropertiesConfiguration'
22:05:23.719 [Test worker] DEBUG org.springframework.beans.factory.support.DefaultListableBeanFactory - Creating shared instance of singleton bean 'spring.metrics.export-org.springframework.boot.actuate.metrics.export.MetricExportProperties'
22:05:23.719 [Test worker] DEBUG org.springframework.beans.factory.support.DefaultListableBeanFactory - Creating instance of bean 'spring.metrics.export-org.springframework.boot.actuate.metrics.export.MetricExportProperties'
22:05:23.719 [Test worker] DEBUG org.springframework.beans.factory.support.DefaultListableBeanFactory - Returning cached instance of singleton bean 'org.springframework.transaction.config.internalTransactionAdvisor'
22:05:23.719 [Test worker] DEBUG org.springframework.beans.factory.support.DefaultListableBeanFactory - Returning cached instance of singleton bean 'org.springframework.boot.actuate.autoconfigure.MetricExportAutoConfiguration$MetricExportPropertiesConfiguration'
22:05:23.730 [Test worker] DEBUG org.springframework.context.annotation.CommonAnnotationBeanPostProcessor - Found init method on class [org.springframework.boot.actuate.metrics.export.MetricExportProperties]: public void org.springframework.boot.actuate.metrics.export.MetricExportProperties.setUpDefaults()
22:05:23.730 [Test worker] DEBUG org.springframework.context.annotation.CommonAnnotationBeanPostProcessor - Registered init method on class [org.springframework.boot.actuate.metrics.export.MetricExportProperties]: org.springframework.beans.factory.annotation.InitDestroyAnnotationBeanPostProcessor$LifecycleElement@ca27a00f
22:05:23.730 [Test worker] DEBUG org.springframework.beans.factory.support.DefaultListableBeanFactory - Eagerly caching bean 'spring.metrics.export-org.springframework.boot.actuate.metrics.export.MetricExportProperties' to allow for resolving potential circular references
22:05:23.736 [Test worker] DEBUG org.springframework.core.env.MutablePropertySources - Adding PropertySource 'systemProperties' with lowest search precedence
22:05:23.736 [Test worker] DEBUG org.springframework.core.env.MutablePropertySources - Adding PropertySource 'systemEnvironment' with lowest search precedence
22:05:23.736 [Test worker] DEBUG org.springframework.core.env.MutablePropertySources - Adding PropertySource 'localProperties' with lowest search precedence
22:05:23.737 [Test worker] DEBUG org.springframework.context.annotation.CommonAnnotationBeanPostProcessor - Invoking init method on bean 'spring.metrics.export-org.springframework.boot.actuate.metrics.export.MetricExportProperties': public void org.springframework.boot.actuate.metrics.export.MetricExportProperties.setUpDefaults()
22:05:23.737 [Test worker] DEBUG org.springframework.beans.factory.support.DefaultListableBeanFactory - Returning cached instance of singleton bean 'org.springframework.transaction.config.internalTransactionAdvisor'
22:05:23.737 [Test worker] DEBUG org.springframework.beans.factory.support.DefaultListableBeanFactory - Returning cached instance of singleton bean 'org.springframework.transaction.config.internalTransactionAdvisor'
22:05:23.738 [Test worker] DEBUG org.springframework.beans.factory.support.DefaultListableBeanFactory - Finished creating instance of bean 'spring.metrics.export-org.springframework.boot.actuate.metrics.export.MetricExportProperties'
22:05:23.738 [Test worker] DEBUG org.springframework.beans.factory.support.DefaultListableBeanFactory - Creating shared instance of singleton bean 'org.springframework.boot.actuate.autoconfigure.MetricExportAutoConfiguration$StatsdConfiguration'
22:05:23.738 [Test worker] DEBUG org.springframework.beans.factory.support.DefaultListableBeanFactory - Creating instance of bean 'org.springframework.boot.actuate.autoconfigure.MetricExportAutoConfiguration$StatsdConfiguration'
22:05:23.738 [Test worker] DEBUG org.springframework.beans.factory.support.DefaultListableBeanFactory - Returning cached instance of singleton bean 'org.springframework.transaction.config.internalTransactionAdvisor'
22:05:23.739 [Test worker] DEBUG org.springframework.beans.factory.support.DefaultListableBeanFactory - Eagerly caching bean 'org.springframework.boot.actuate.autoconfigure.MetricExportAutoConfiguration$StatsdConfiguration' to allow for resolving potential circular references
22:05:23.744 [Test worker] DEBUG org.springframework.beans.factory.support.DefaultListableBeanFactory - Returning cached instance of singleton bean 'org.springframework.transaction.config.internalTransactionAdvisor'
22:05:23.744 [Test worker] DEBUG org.springframework.beans.factory.support.DefaultListableBeanFactory - Returning cached instance of singleton bean 'org.springframework.transaction.config.internalTransactionAdvisor'
22:05:23.745 [Test worker] DEBUG org.springframework.beans.factory.support.DefaultListableBeanFactory - Finished creating instance of bean 'org.springframework.boot.actuate.autoconfigure.MetricExportAutoConfiguration$StatsdConfiguration'
22:05:23.745 [Test worker] DEBUG org.springframework.beans.factory.support.DefaultListableBeanFactory - Returning cached instance of singleton bean 'org.springframework.scheduling.annotation.SchedulingConfiguration'
22:05:23.745 [Test worker] DEBUG org.springframework.beans.factory.support.DefaultListableBeanFactory - Returning cached instance of singleton bean 'org.springframework.context.annotation.internalScheduledAnnotationProcessor'
22:05:23.745 [Test worker] DEBUG org.springframework.beans.factory.support.DefaultListableBeanFactory - Creating shared instance of singleton bean 'org.springframework.boot.actuate.autoconfigure.MetricExportAutoConfiguration'
22:05:23.745 [Test worker] DEBUG org.springframework.beans.factory.support.DefaultListableBeanFactory - Creating instance of bean 'org.springframework.boot.actuate.autoconfigure.MetricExportAutoConfiguration'
22:05:23.745 [Test worker] DEBUG org.springframework.beans.factory.support.DefaultListableBeanFactory - Returning cached instance of singleton bean 'org.springframework.transaction.config.internalTransactionAdvisor'
22:05:23.746 [Test worker] DEBUG org.springframework.core.LocalVariableTableParameterNameDiscoverer - Cannot find '.class' file for class [class org.springframework.boot.actuate.autoconfigure.MetricExportAutoConfiguration$$EnhancerBySpringCGLIB$$a1a25eb3] - unable to determine constructor/method parameter names
22:05:23.749 [Test worker] DEBUG org.springframework.beans.factory.support.DefaultListableBeanFactory - Returning cached instance of singleton bean 'spring.metrics.export-org.springframework.boot.actuate.metrics.export.MetricExportProperties'
22:05:23.749 [Test worker] DEBUG org.springframework.beans.factory.support.DefaultListableBeanFactory - Autowiring by type from bean name 'org.springframework.boot.actuate.autoconfigure.MetricExportAutoConfiguration' via constructor to bean named 'spring.metrics.export-org.springframework.boot.actuate.metrics.export.MetricExportProperties'
22:05:23.751 [Test worker] DEBUG org.springframework.beans.factory.support.DefaultListableBeanFactory - Returning cached instance of singleton bean 'actuatorMetricReader'
22:05:23.757 [Test worker] DEBUG org.springframework.beans.factory.support.DefaultListableBeanFactory - Eagerly caching bean 'org.springframework.boot.actuate.autoconfigure.MetricExportAutoConfiguration' to allow for resolving potential circular references
22:05:23.763 [Test worker] DEBUG org.springframework.beans.factory.support.DefaultListableBeanFactory - Returning cached instance of singleton bean 'org.springframework.transaction.config.internalTransactionAdvisor'
22:05:23.763 [Test worker] DEBUG org.springframework.beans.factory.support.DefaultListableBeanFactory - Returning cached instance of singleton bean 'org.springframework.transaction.config.internalTransactionAdvisor'
22:05:23.764 [Test worker] DEBUG org.springframework.beans.factory.support.DefaultListableBeanFactory - Finished creating instance of bean 'org.springframework.boot.actuate.autoconfigure.MetricExportAutoConfiguration'
22:05:23.764 [Test worker] DEBUG org.springframework.beans.factory.support.DefaultListableBeanFactory - Creating shared instance of singleton bean 'metricWritersMetricExporter'
22:05:23.764 [Test worker] DEBUG org.springframework.beans.factory.support.DefaultListableBeanFactory - Creating instance of bean 'metricWritersMetricExporter'
22:05:23.764 [Test worker] DEBUG org.springframework.beans.factory.support.DefaultListableBeanFactory - Returning cached instance of singleton bean 'org.springframework.transaction.config.internalTransactionAdvisor'
22:05:23.764 [Test worker] DEBUG org.springframework.beans.factory.support.DefaultListableBeanFactory - Returning cached instance of singleton bean 'org.springframework.boot.actuate.autoconfigure.MetricExportAutoConfiguration'
22:05:23.765 [Test worker] DEBUG org.springframework.beans.factory.support.DefaultListableBeanFactory - Returning cached instance of singleton bean 'spring.metrics.export-org.springframework.boot.actuate.metrics.export.MetricExportProperties'
22:05:23.765 [Test worker] DEBUG org.springframework.beans.factory.support.DefaultListableBeanFactory - Autowiring by type from bean name 'metricWritersMetricExporter' via factory method to bean named 'spring.metrics.export-org.springframework.boot.actuate.metrics.export.MetricExportProperties'
22:05:23.775 [Test worker] DEBUG org.springframework.beans.factory.support.DefaultListableBeanFactory - Eagerly caching bean 'metricWritersMetricExporter' to allow for resolving potential circular references
22:05:23.779 [Test worker] DEBUG org.springframework.beans.factory.support.DefaultListableBeanFactory - Returning cached instance of singleton bean 'org.springframework.transaction.config.internalTransactionAdvisor'
22:05:23.779 [Test worker] DEBUG org.springframework.beans.factory.support.DefaultListableBeanFactory - Returning cached instance of singleton bean 'org.springframework.transaction.config.internalTransactionAdvisor'
22:05:23.780 [Test worker] DEBUG org.springframework.beans.factory.support.DefaultListableBeanFactory - Finished creating instance of bean 'metricWritersMetricExporter'
22:05:23.780 [Test worker] DEBUG org.springframework.beans.factory.support.DefaultListableBeanFactory - Creating shared instance of singleton bean 'org.springframework.boot.actuate.autoconfigure.MetricFilterAutoConfiguration'
22:05:23.780 [Test worker] DEBUG org.springframework.beans.factory.support.DefaultListableBeanFactory - Creating instance of bean 'org.springframework.boot.actuate.autoconfigure.MetricFilterAutoConfiguration'
22:05:23.780 [Test worker] DEBUG org.springframework.beans.factory.support.DefaultListableBeanFactory - Returning cached instance of singleton bean 'org.springframework.transaction.config.internalTransactionAdvisor'
22:05:23.781 [Test worker] DEBUG org.springframework.core.LocalVariableTableParameterNameDiscoverer - Cannot find '.class' file for class [class org.springframework.boot.actuate.autoconfigure.MetricFilterAutoConfiguration$$EnhancerBySpringCGLIB$$760972ef] - unable to determine constructor/method parameter names
22:05:23.782 [Test worker] DEBUG org.springframework.beans.factory.support.DefaultListableBeanFactory - Returning cached instance of singleton bean 'counterService'
22:05:23.783 [Test worker] DEBUG org.springframework.beans.factory.support.DefaultListableBeanFactory - Returning cached instance of singleton bean 'gaugeService'
22:05:23.784 [Test worker] DEBUG org.springframework.beans.factory.support.DefaultListableBeanFactory - Creating shared instance of singleton bean 'endpoints.metrics.filter-org.springframework.boot.actuate.autoconfigure.MetricFilterProperties'
22:05:23.784 [Test worker] DEBUG org.springframework.beans.factory.support.DefaultListableBeanFactory - Creating instance of bean 'endpoints.metrics.filter-org.springframework.boot.actuate.autoconfigure.MetricFilterProperties'
22:05:23.785 [Test worker] DEBUG org.springframework.beans.factory.support.DefaultListableBeanFactory - Returning cached instance of singleton bean 'org.springframework.transaction.config.internalTransactionAdvisor'
22:05:23.785 [Test worker] DEBUG org.springframework.beans.factory.support.DefaultListableBeanFactory - Eagerly caching bean 'endpoints.metrics.filter-org.springframework.boot.actuate.autoconfigure.MetricFilterProperties' to allow for resolving potential circular references
22:05:23.788 [Test worker] DEBUG org.springframework.core.env.MutablePropertySources - Adding PropertySource 'systemProperties' with lowest search precedence
22:05:23.788 [Test worker] DEBUG org.springframework.core.env.MutablePropertySources - Adding PropertySource 'systemEnvironment' with lowest search precedence
22:05:23.788 [Test worker] DEBUG org.springframework.core.env.MutablePropertySources - Adding PropertySource 'localProperties' with lowest search precedence
22:05:23.789 [Test worker] DEBUG org.springframework.beans.factory.support.DefaultListableBeanFactory - Returning cached instance of singleton bean 'org.springframework.transaction.config.internalTransactionAdvisor'
22:05:23.789 [Test worker] DEBUG org.springframework.beans.factory.support.DefaultListableBeanFactory - Returning cached instance of singleton bean 'org.springframework.transaction.config.internalTransactionAdvisor'
22:05:23.789 [Test worker] DEBUG org.springframework.beans.factory.support.DefaultListableBeanFactory - Finished creating instance of bean 'endpoints.metrics.filter-org.springframework.boot.actuate.autoconfigure.MetricFilterProperties'
22:05:23.789 [Test worker] DEBUG org.springframework.beans.factory.support.DefaultListableBeanFactory - Autowiring by type from bean name 'org.springframework.boot.actuate.autoconfigure.MetricFilterAutoConfiguration' via constructor to bean named 'counterService'
22:05:23.789 [Test worker] DEBUG org.springframework.beans.factory.support.DefaultListableBeanFactory - Autowiring by type from bean name 'org.springframework.boot.actuate.autoconfigure.MetricFilterAutoConfiguration' via constructor to bean named 'gaugeService'
22:05:23.789 [Test worker] DEBUG org.springframework.beans.factory.support.DefaultListableBeanFactory - Autowiring by type from bean name 'org.springframework.boot.actuate.autoconfigure.MetricFilterAutoConfiguration' via constructor to bean named 'endpoints.metrics.filter-org.springframework.boot.actuate.autoconfigure.MetricFilterProperties'
22:05:23.790 [Test worker] DEBUG org.springframework.beans.factory.support.DefaultListableBeanFactory - Eagerly caching bean 'org.springframework.boot.actuate.autoconfigure.MetricFilterAutoConfiguration' to allow for resolving potential circular references
22:05:23.793 [Test worker] DEBUG org.springframework.beans.factory.support.DefaultListableBeanFactory - Returning cached instance of singleton bean 'org.springframework.transaction.config.internalTransactionAdvisor'
22:05:23.793 [Test worker] DEBUG org.springframework.beans.factory.support.DefaultListableBeanFactory - Returning cached instance of singleton bean 'org.springframework.transaction.config.internalTransactionAdvisor'
22:05:23.794 [Test worker] DEBUG org.springframework.beans.factory.support.DefaultListableBeanFactory - Finished creating instance of bean 'org.springframework.boot.actuate.autoconfigure.MetricFilterAutoConfiguration'
22:05:23.794 [Test worker] DEBUG org.springframework.beans.factory.support.DefaultListableBeanFactory - Creating shared instance of singleton bean 'metricsFilter'
22:05:23.794 [Test worker] DEBUG org.springframework.beans.factory.support.DefaultListableBeanFactory - Creating instance of bean 'metricsFilter'
22:05:23.795 [Test worker] DEBUG org.springframework.beans.factory.support.DefaultListableBeanFactory - Returning cached instance of singleton bean 'org.springframework.transaction.config.internalTransactionAdvisor'
22:05:23.795 [Test worker] DEBUG org.springframework.beans.factory.support.DefaultListableBeanFactory - Returning cached instance of singleton bean 'org.springframework.boot.actuate.autoconfigure.MetricFilterAutoConfiguration'
22:05:23.804 [Test worker] DEBUG org.springframework.beans.factory.support.DefaultListableBeanFactory - Eagerly caching bean 'metricsFilter' to allow for resolving potential circular references
22:05:23.810 [Test worker] DEBUG org.springframework.beans.factory.support.DefaultListableBeanFactory - Invoking afterPropertiesSet() on bean with name 'metricsFilter'
22:05:23.811 [Test worker] DEBUG org.springframework.beans.factory.support.DefaultListableBeanFactory - Returning cached instance of singleton bean 'org.springframework.transaction.config.internalTransactionAdvisor'
22:05:23.811 [Test worker] DEBUG org.springframework.beans.factory.support.DefaultListableBeanFactory - Returning cached instance of singleton bean 'org.springframework.transaction.config.internalTransactionAdvisor'
22:05:23.811 [Test worker] DEBUG org.springframework.beans.factory.support.DefaultListableBeanFactory - Finished creating instance of bean 'metricsFilter'
22:05:23.811 [Test worker] DEBUG org.springframework.beans.factory.support.DefaultListableBeanFactory - Returning cached instance of singleton bean 'endpoints.metrics.filter-org.springframework.boot.actuate.autoconfigure.MetricFilterProperties'
22:05:23.811 [Test worker] DEBUG org.springframework.beans.factory.support.DefaultListableBeanFactory - Returning cached instance of singleton bean 'org.springframework.boot.actuate.autoconfigure.TraceRepositoryAutoConfiguration'
22:05:23.811 [Test worker] DEBUG org.springframework.beans.factory.support.DefaultListableBeanFactory - Returning cached instance of singleton bean 'traceRepository'
22:05:23.812 [Test worker] DEBUG org.springframework.beans.factory.support.DefaultListableBeanFactory - Creating shared instance of singleton bean 'org.springframework.boot.actuate.autoconfigure.TraceWebFilterAutoConfiguration'
22:05:23.812 [Test worker] DEBUG org.springframework.beans.factory.support.DefaultListableBeanFactory - Creating instance of bean 'org.springframework.boot.actuate.autoconfigure.TraceWebFilterAutoConfiguration'
22:05:23.812 [Test worker] DEBUG org.springframework.beans.factory.support.DefaultListableBeanFactory - Returning cached instance of singleton bean 'org.springframework.transaction.config.internalTransactionAdvisor'
22:05:23.812 [Test worker] DEBUG org.springframework.core.LocalVariableTableParameterNameDiscoverer - Cannot find '.class' file for class [class org.springframework.boot.actuate.autoconfigure.TraceWebFilterAutoConfiguration$$EnhancerBySpringCGLIB$$522147d0] - unable to determine constructor/method parameter names
22:05:23.813 [Test worker] DEBUG org.springframework.beans.factory.support.DefaultListableBeanFactory - Returning cached instance of singleton bean 'traceRepository'
22:05:23.813 [Test worker] DEBUG org.springframework.beans.factory.support.DefaultListableBeanFactory - Creating shared instance of singleton bean 'management.trace-org.springframework.boot.actuate.trace.TraceProperties'
22:05:23.813 [Test worker] DEBUG org.springframework.beans.factory.support.DefaultListableBeanFactory - Creating instance of bean 'management.trace-org.springframework.boot.actuate.trace.TraceProperties'
22:05:23.814 [Test worker] DEBUG org.springframework.beans.factory.support.DefaultListableBeanFactory - Returning cached instance of singleton bean 'org.springframework.transaction.config.internalTransactionAdvisor'
22:05:23.815 [Test worker] DEBUG org.springframework.beans.factory.support.DefaultListableBeanFactory - Eagerly caching bean 'management.trace-org.springframework.boot.actuate.trace.TraceProperties' to allow for resolving potential circular references
22:05:23.817 [Test worker] DEBUG org.springframework.core.env.MutablePropertySources - Adding PropertySource 'systemProperties' with lowest search precedence
22:05:23.817 [Test worker] DEBUG org.springframework.core.env.MutablePropertySources - Adding PropertySource 'systemEnvironment' with lowest search precedence
22:05:23.817 [Test worker] DEBUG org.springframework.core.env.MutablePropertySources - Adding PropertySource 'localProperties' with lowest search precedence
22:05:23.818 [Test worker] DEBUG org.springframework.beans.factory.support.DefaultListableBeanFactory - Returning cached instance of singleton bean 'org.springframework.transaction.config.internalTransactionAdvisor'
22:05:23.818 [Test worker] DEBUG org.springframework.beans.factory.support.DefaultListableBeanFactory - Returning cached instance of singleton bean 'org.springframework.transaction.config.internalTransactionAdvisor'
22:05:23.818 [Test worker] DEBUG org.springframework.beans.factory.support.DefaultListableBeanFactory - Finished creating instance of bean 'management.trace-org.springframework.boot.actuate.trace.TraceProperties'
22:05:23.818 [Test worker] DEBUG org.springframework.beans.factory.support.DefaultListableBeanFactory - Autowiring by type from bean name 'org.springframework.boot.actuate.autoconfigure.TraceWebFilterAutoConfiguration' via constructor to bean named 'traceRepository'
22:05:23.818 [Test worker] DEBUG org.springframework.beans.factory.support.DefaultListableBeanFactory - Autowiring by type from bean name 'org.springframework.boot.actuate.autoconfigure.TraceWebFilterAutoConfiguration' via constructor to bean named 'management.trace-org.springframework.boot.actuate.trace.TraceProperties'
22:05:23.819 [Test worker] DEBUG org.springframework.beans.factory.support.DefaultListableBeanFactory - Eagerly caching bean 'org.springframework.boot.actuate.autoconfigure.TraceWebFilterAutoConfiguration' to allow for resolving potential circular references
22:05:23.825 [Test worker] DEBUG org.springframework.beans.factory.support.DefaultListableBeanFactory - Returning cached instance of singleton bean 'org.springframework.transaction.config.internalTransactionAdvisor'
22:05:23.825 [Test worker] DEBUG org.springframework.beans.factory.support.DefaultListableBeanFactory - Returning cached instance of singleton bean 'org.springframework.transaction.config.internalTransactionAdvisor'
22:05:23.826 [Test worker] DEBUG org.springframework.beans.factory.support.DefaultListableBeanFactory - Finished creating instance of bean 'org.springframework.boot.actuate.autoconfigure.TraceWebFilterAutoConfiguration'
22:05:23.826 [Test worker] DEBUG org.springframework.beans.factory.support.DefaultListableBeanFactory - Creating shared instance of singleton bean 'webRequestLoggingFilter'
22:05:23.826 [Test worker] DEBUG org.springframework.beans.factory.support.DefaultListableBeanFactory - Creating instance of bean 'webRequestLoggingFilter'
22:05:23.826 [Test worker] DEBUG org.springframework.beans.factory.support.DefaultListableBeanFactory - Returning cached instance of singleton bean 'org.springframework.transaction.config.internalTransactionAdvisor'
22:05:23.826 [Test worker] DEBUG org.springframework.beans.factory.support.DefaultListableBeanFactory - Returning cached instance of singleton bean 'org.springframework.boot.actuate.autoconfigure.TraceWebFilterAutoConfiguration'
22:05:23.828 [Test worker] DEBUG org.springframework.beans.factory.support.DefaultListableBeanFactory - Autowiring by type from bean name 'webRequestLoggingFilter' via factory method to bean named 'org.springframework.beans.factory.support.DefaultListableBeanFactory@8a20776'
22:05:23.835 [Test worker] DEBUG org.springframework.beans.factory.support.DefaultListableBeanFactory - Eagerly caching bean 'webRequestLoggingFilter' to allow for resolving potential circular references
22:05:23.843 [Test worker] DEBUG org.springframework.beans.factory.support.DefaultListableBeanFactory - Invoking afterPropertiesSet() on bean with name 'webRequestLoggingFilter'
22:05:23.843 [Test worker] DEBUG org.springframework.beans.factory.support.DefaultListableBeanFactory - Returning cached instance of singleton bean 'org.springframework.transaction.config.internalTransactionAdvisor'
22:05:23.843 [Test worker] DEBUG org.springframework.beans.factory.support.DefaultListableBeanFactory - Returning cached instance of singleton bean 'org.springframework.transaction.config.internalTransactionAdvisor'
22:05:23.844 [Test worker] DEBUG org.springframework.beans.factory.support.DefaultListableBeanFactory - Finished creating instance of bean 'webRequestLoggingFilter'
22:05:23.844 [Test worker] DEBUG org.springframework.beans.factory.support.DefaultListableBeanFactory - Returning cached instance of singleton bean 'management.trace-org.springframework.boot.actuate.trace.TraceProperties'
22:05:23.844 [Test worker] DEBUG org.springframework.beans.factory.support.DefaultListableBeanFactory - Creating shared instance of singleton bean 'org.springframework.boot.autoconfigure.aop.AopAutoConfiguration$JdkDynamicAutoProxyConfiguration'
22:05:23.844 [Test worker] DEBUG org.springframework.beans.factory.support.DefaultListableBeanFactory - Creating instance of bean 'org.springframework.boot.autoconfigure.aop.AopAutoConfiguration$JdkDynamicAutoProxyConfiguration'
22:05:23.844 [Test worker] DEBUG org.springframework.beans.factory.support.DefaultListableBeanFactory - Returning cached instance of singleton bean 'org.springframework.transaction.config.internalTransactionAdvisor'
22:05:23.845 [Test worker] DEBUG org.springframework.beans.factory.support.DefaultListableBeanFactory - Eagerly caching bean 'org.springframework.boot.autoconfigure.aop.AopAutoConfiguration$JdkDynamicAutoProxyConfiguration' to allow for resolving potential circular references
22:05:23.850 [Test worker] DEBUG org.springframework.beans.factory.support.DefaultListableBeanFactory - Returning cached instance of singleton bean 'org.springframework.transaction.config.internalTransactionAdvisor'
22:05:23.850 [Test worker] DEBUG org.springframework.beans.factory.support.DefaultListableBeanFactory - Returning cached instance of singleton bean 'org.springframework.transaction.config.internalTransactionAdvisor'
22:05:23.851 [Test worker] DEBUG org.springframework.beans.factory.support.DefaultListableBeanFactory - Finished creating instance of bean 'org.springframework.boot.autoconfigure.aop.AopAutoConfiguration$JdkDynamicAutoProxyConfiguration'
22:05:23.851 [Test worker] DEBUG org.springframework.beans.factory.support.DefaultListableBeanFactory - Returning cached instance of singleton bean 'org.springframework.aop.config.internalAutoProxyCreator'
22:05:23.851 [Test worker] DEBUG org.springframework.beans.factory.support.DefaultListableBeanFactory - Creating shared instance of singleton bean 'org.springframework.boot.autoconfigure.aop.AopAutoConfiguration'
22:05:23.851 [Test worker] DEBUG org.springframework.beans.factory.support.DefaultListableBeanFactory - Creating instance of bean 'org.springframework.boot.autoconfigure.aop.AopAutoConfiguration'
22:05:23.851 [Test worker] DEBUG org.springframework.beans.factory.support.DefaultListableBeanFactory - Returning cached instance of singleton bean 'org.springframework.transaction.config.internalTransactionAdvisor'
22:05:23.852 [Test worker] DEBUG org.springframework.beans.factory.support.DefaultListableBeanFactory - Eagerly caching bean 'org.springframework.boot.autoconfigure.aop.AopAutoConfiguration' to allow for resolving potential circular references
22:05:23.857 [Test worker] DEBUG org.springframework.beans.factory.support.DefaultListableBeanFactory - Returning cached instance of singleton bean 'org.springframework.transaction.config.internalTransactionAdvisor'
22:05:23.857 [Test worker] DEBUG org.springframework.beans.factory.support.DefaultListableBeanFactory - Returning cached instance of singleton bean 'org.springframework.transaction.config.internalTransactionAdvisor'
22:05:23.857 [Test worker] DEBUG org.springframework.beans.factory.support.DefaultListableBeanFactory - Finished creating instance of bean 'org.springframework.boot.autoconfigure.aop.AopAutoConfiguration'
22:05:23.857 [Test worker] DEBUG org.springframework.beans.factory.support.DefaultListableBeanFactory - Creating shared instance of singleton bean 'org.springframework.boot.autoconfigure.context.ConfigurationPropertiesAutoConfiguration'
22:05:23.857 [Test worker] DEBUG org.springframework.beans.factory.support.DefaultListableBeanFactory - Creating instance of bean 'org.springframework.boot.autoconfigure.context.ConfigurationPropertiesAutoConfiguration'
22:05:23.857 [Test worker] DEBUG org.springframework.beans.factory.support.DefaultListableBeanFactory - Returning cached instance of singleton bean 'org.springframework.transaction.config.internalTransactionAdvisor'
22:05:23.858 [Test worker] DEBUG org.springframework.beans.factory.support.DefaultListableBeanFactory - Eagerly caching bean 'org.springframework.boot.autoconfigure.context.ConfigurationPropertiesAutoConfiguration' to allow for resolving potential circular references
22:05:23.863 [Test worker] DEBUG org.springframework.beans.factory.support.DefaultListableBeanFactory - Returning cached instance of singleton bean 'org.springframework.transaction.config.internalTransactionAdvisor'
22:05:23.863 [Test worker] DEBUG org.springframework.beans.factory.support.DefaultListableBeanFactory - Returning cached instance of singleton bean 'org.springframework.transaction.config.internalTransactionAdvisor'
22:05:23.863 [Test worker] DEBUG org.springframework.beans.factory.support.DefaultListableBeanFactory - Finished creating instance of bean 'org.springframework.boot.autoconfigure.context.ConfigurationPropertiesAutoConfiguration'
22:05:23.863 [Test worker] DEBUG org.springframework.beans.factory.support.DefaultListableBeanFactory - Creating shared instance of singleton bean 'org.springframework.boot.autoconfigure.dao.PersistenceExceptionTranslationAutoConfiguration'
22:05:23.864 [Test worker] DEBUG org.springframework.beans.factory.support.DefaultListableBeanFactory - Creating instance of bean 'org.springframework.boot.autoconfigure.dao.PersistenceExceptionTranslationAutoConfiguration'
22:05:23.864 [Test worker] DEBUG org.springframework.beans.factory.support.DefaultListableBeanFactory - Returning cached instance of singleton bean 'org.springframework.transaction.config.internalTransactionAdvisor'
22:05:23.864 [Test worker] DEBUG org.springframework.beans.factory.support.DefaultListableBeanFactory - Eagerly caching bean 'org.springframework.boot.autoconfigure.dao.PersistenceExceptionTranslationAutoConfiguration' to allow for resolving potential circular references
22:05:23.866 [Test worker] DEBUG org.springframework.beans.factory.support.DefaultListableBeanFactory - Returning cached instance of singleton bean 'org.springframework.transaction.config.internalTransactionAdvisor'
22:05:23.867 [Test worker] DEBUG org.springframework.beans.factory.support.DefaultListableBeanFactory - Returning cached instance of singleton bean 'org.springframework.transaction.config.internalTransactionAdvisor'
22:05:23.867 [Test worker] DEBUG org.springframework.beans.factory.support.DefaultListableBeanFactory - Finished creating instance of bean 'org.springframework.boot.autoconfigure.dao.PersistenceExceptionTranslationAutoConfiguration'
22:05:23.867 [Test worker] DEBUG org.springframework.beans.factory.support.DefaultListableBeanFactory - Returning cached instance of singleton bean 'persistenceExceptionTranslationPostProcessor'
22:05:23.867 [Test worker] DEBUG org.springframework.beans.factory.support.DefaultListableBeanFactory - Creating shared instance of singleton bean 'org.springframework.boot.autoconfigure.data.jpa.JpaRepositoriesAutoConfiguration'
22:05:23.867 [Test worker] DEBUG org.springframework.beans.factory.support.DefaultListableBeanFactory - Creating instance of bean 'org.springframework.boot.autoconfigure.data.jpa.JpaRepositoriesAutoConfiguration'
22:05:23.867 [Test worker] DEBUG org.springframework.beans.factory.support.DefaultListableBeanFactory - Returning cached instance of singleton bean 'org.springframework.transaction.config.internalTransactionAdvisor'
22:05:23.868 [Test worker] DEBUG org.springframework.beans.factory.support.DefaultListableBeanFactory - Eagerly caching bean 'org.springframework.boot.autoconfigure.data.jpa.JpaRepositoriesAutoConfiguration' to allow for resolving potential circular references
22:05:23.873 [Test worker] DEBUG org.springframework.beans.factory.support.DefaultListableBeanFactory - Returning cached instance of singleton bean 'org.springframework.transaction.config.internalTransactionAdvisor'
22:05:23.873 [Test worker] DEBUG org.springframework.beans.factory.support.DefaultListableBeanFactory - Returning cached instance of singleton bean 'org.springframework.transaction.config.internalTransactionAdvisor'
22:05:23.873 [Test worker] DEBUG org.springframework.beans.factory.support.DefaultListableBeanFactory - Finished creating instance of bean 'org.springframework.boot.autoconfigure.data.jpa.JpaRepositoriesAutoConfiguration'
22:05:23.874 [Test worker] DEBUG org.springframework.beans.factory.support.DefaultListableBeanFactory - Returning cached instance of singleton bean 'emBeanDefinitionRegistrarPostProcessor'
22:05:23.874 [Test worker] DEBUG org.springframework.beans.factory.support.DefaultListableBeanFactory - Returning cached instance of singleton bean 'jpaMappingContext'
22:05:23.874 [Test worker] DEBUG org.springframework.beans.factory.support.DefaultListableBeanFactory - Creating shared instance of singleton bean 'jpaContext'
22:05:23.874 [Test worker] DEBUG org.springframework.beans.factory.support.DefaultListableBeanFactory - Creating instance of bean 'jpaContext'
22:05:23.874 [Test worker] DEBUG org.springframework.beans.factory.support.DefaultListableBeanFactory - Returning cached instance of singleton bean 'org.springframework.transaction.config.internalTransactionAdvisor'
22:05:23.876 [Test worker] DEBUG org.springframework.beans.factory.support.DefaultListableBeanFactory - Creating shared instance of singleton bean 'org.springframework.orm.jpa.SharedEntityManagerCreator#0'
22:05:23.876 [Test worker] DEBUG org.springframework.beans.factory.support.DefaultListableBeanFactory - Creating instance of bean 'org.springframework.orm.jpa.SharedEntityManagerCreator#0'
22:05:23.877 [Test worker] DEBUG org.springframework.beans.factory.support.DefaultListableBeanFactory - Returning cached instance of singleton bean 'org.springframework.transaction.config.internalTransactionAdvisor'
22:05:23.877 [Test worker] DEBUG org.springframework.beans.factory.support.DefaultListableBeanFactory - Returning cached instance of singleton bean 'entityManagerFactory'
22:05:23.878 [Test worker] DEBUG org.springframework.beans.factory.support.DefaultListableBeanFactory - Eagerly caching bean 'org.springframework.orm.jpa.SharedEntityManagerCreator#0' to allow for resolving potential circular references
22:05:23.878 [Test worker] DEBUG org.springframework.beans.factory.support.DefaultListableBeanFactory - Returning cached instance of singleton bean 'org.springframework.transaction.config.internalTransactionAdvisor'
22:05:23.878 [Test worker] DEBUG org.springframework.beans.factory.support.DefaultListableBeanFactory - Returning cached instance of singleton bean 'org.springframework.transaction.config.internalTransactionAdvisor'
22:05:23.878 [Test worker] DEBUG org.springframework.beans.factory.support.DefaultListableBeanFactory - Finished creating instance of bean 'org.springframework.orm.jpa.SharedEntityManagerCreator#0'
22:05:23.878 [Test worker] DEBUG org.springframework.beans.factory.support.DefaultListableBeanFactory - Autowiring by type from bean name 'jpaContext' via constructor to bean named 'org.springframework.orm.jpa.SharedEntityManagerCreator#0'
22:05:23.879 [Test worker] DEBUG org.springframework.beans.factory.support.DefaultListableBeanFactory - Eagerly caching bean 'jpaContext' to allow for resolving potential circular references
22:05:23.882 [Test worker] DEBUG org.springframework.beans.factory.support.DefaultListableBeanFactory - Returning cached instance of singleton bean 'org.springframework.transaction.config.internalTransactionAdvisor'
22:05:23.882 [Test worker] DEBUG org.springframework.beans.factory.support.DefaultListableBeanFactory - Returning cached instance of singleton bean 'org.springframework.transaction.config.internalTransactionAdvisor'
22:05:23.882 [Test worker] DEBUG org.springframework.beans.factory.support.DefaultListableBeanFactory - Finished creating instance of bean 'jpaContext'
22:05:23.882 [Test worker] DEBUG org.springframework.beans.factory.support.DefaultListableBeanFactory - Returning cached instance of singleton bean 'branchRepository'
22:05:23.883 [Test worker] DEBUG org.springframework.beans.factory.support.DefaultListableBeanFactory - Returning cached instance of singleton bean 'accountRepository'
22:05:23.883 [Test worker] DEBUG org.springframework.beans.factory.support.DefaultListableBeanFactory - Creating shared instance of singleton bean 'org.springframework.boot.autoconfigure.jdbc.DataSourceTransactionManagerAutoConfiguration$DataSourceTransactionManagerConfiguration'
22:05:23.883 [Test worker] DEBUG org.springframework.beans.factory.support.DefaultListableBeanFactory - Creating instance of bean 'org.springframework.boot.autoconfigure.jdbc.DataSourceTransactionManagerAutoConfiguration$DataSourceTransactionManagerConfiguration'
22:05:23.883 [Test worker] DEBUG org.springframework.beans.factory.support.DefaultListableBeanFactory - Returning cached instance of singleton bean 'org.springframework.transaction.config.internalTransactionAdvisor'
22:05:23.884 [Test worker] DEBUG org.springframework.core.LocalVariableTableParameterNameDiscoverer - Cannot find '.class' file for class [class org.springframework.boot.autoconfigure.jdbc.DataSourceTransactionManagerAutoConfiguration$DataSourceTransactionManagerConfiguration$$EnhancerBySpringCGLIB$$6b9b665] - unable to determine constructor/method parameter names
22:05:23.884 [Test worker] DEBUG org.springframework.beans.factory.support.DefaultListableBeanFactory - Returning cached instance of singleton bean 'dataSource'
22:05:23.884 [Test worker] DEBUG org.springframework.beans.factory.support.DefaultListableBeanFactory - Autowiring by type from bean name 'org.springframework.boot.autoconfigure.jdbc.DataSourceTransactionManagerAutoConfiguration$DataSourceTransactionManagerConfiguration' via constructor to bean named 'dataSource'
22:05:23.885 [Test worker] DEBUG org.springframework.beans.factory.support.DefaultListableBeanFactory - Returning cached instance of singleton bean 'platformTransactionManagerCustomizers'
22:05:23.885 [Test worker] DEBUG org.springframework.beans.factory.support.DefaultListableBeanFactory - Eagerly caching bean 'org.springframework.boot.autoconfigure.jdbc.DataSourceTransactionManagerAutoConfiguration$DataSourceTransactionManagerConfiguration' to allow for resolving potential circular references
22:05:23.891 [Test worker] DEBUG org.springframework.beans.factory.support.DefaultListableBeanFactory - Returning cached instance of singleton bean 'org.springframework.transaction.config.internalTransactionAdvisor'
22:05:23.891 [Test worker] DEBUG org.springframework.beans.factory.support.DefaultListableBeanFactory - Returning cached instance of singleton bean 'org.springframework.transaction.config.internalTransactionAdvisor'
22:05:23.892 [Test worker] DEBUG org.springframework.beans.factory.support.DefaultListableBeanFactory - Finished creating instance of bean 'org.springframework.boot.autoconfigure.jdbc.DataSourceTransactionManagerAutoConfiguration$DataSourceTransactionManagerConfiguration'
22:05:23.892 [Test worker] DEBUG org.springframework.beans.factory.support.DefaultListableBeanFactory - Creating shared instance of singleton bean 'org.springframework.boot.autoconfigure.jdbc.DataSourceTransactionManagerAutoConfiguration'
22:05:23.892 [Test worker] DEBUG org.springframework.beans.factory.support.DefaultListableBeanFactory - Creating instance of bean 'org.springframework.boot.autoconfigure.jdbc.DataSourceTransactionManagerAutoConfiguration'
22:05:23.892 [Test worker] DEBUG org.springframework.beans.factory.support.DefaultListableBeanFactory - Returning cached instance of singleton bean 'org.springframework.transaction.config.internalTransactionAdvisor'
22:05:23.893 [Test worker] DEBUG org.springframework.beans.factory.support.DefaultListableBeanFactory - Eagerly caching bean 'org.springframework.boot.autoconfigure.jdbc.DataSourceTransactionManagerAutoConfiguration' to allow for resolving potential circular references
22:05:23.898 [Test worker] DEBUG org.springframework.beans.factory.support.DefaultListableBeanFactory - Returning cached instance of singleton bean 'org.springframework.transaction.config.internalTransactionAdvisor'
22:05:23.898 [Test worker] DEBUG org.springframework.beans.factory.support.DefaultListableBeanFactory - Returning cached instance of singleton bean 'org.springframework.transaction.config.internalTransactionAdvisor'
22:05:23.898 [Test worker] DEBUG org.springframework.beans.factory.support.DefaultListableBeanFactory - Finished creating instance of bean 'org.springframework.boot.autoconfigure.jdbc.DataSourceTransactionManagerAutoConfiguration'
22:05:23.898 [Test worker] DEBUG org.springframework.beans.factory.support.DefaultListableBeanFactory - Creating shared instance of singleton bean 'org.springframework.boot.autoconfigure.jdbc.JdbcTemplateAutoConfiguration'
22:05:23.898 [Test worker] DEBUG org.springframework.beans.factory.support.DefaultListableBeanFactory - Creating instance of bean 'org.springframework.boot.autoconfigure.jdbc.JdbcTemplateAutoConfiguration'
22:05:23.898 [Test worker] DEBUG org.springframework.beans.factory.support.DefaultListableBeanFactory - Returning cached instance of singleton bean 'org.springframework.transaction.config.internalTransactionAdvisor'
22:05:23.899 [Test worker] DEBUG org.springframework.core.LocalVariableTableParameterNameDiscoverer - Cannot find '.class' file for class [class org.springframework.boot.autoconfigure.jdbc.JdbcTemplateAutoConfiguration$$EnhancerBySpringCGLIB$$799d52e6] - unable to determine constructor/method parameter names
22:05:23.899 [Test worker] DEBUG org.springframework.beans.factory.support.DefaultListableBeanFactory - Returning cached instance of singleton bean 'dataSource'
22:05:23.899 [Test worker] DEBUG org.springframework.beans.factory.support.DefaultListableBeanFactory - Autowiring by type from bean name 'org.springframework.boot.autoconfigure.jdbc.JdbcTemplateAutoConfiguration' via constructor to bean named 'dataSource'
22:05:23.900 [Test worker] DEBUG org.springframework.beans.factory.support.DefaultListableBeanFactory - Eagerly caching bean 'org.springframework.boot.autoconfigure.jdbc.JdbcTemplateAutoConfiguration' to allow for resolving potential circular references
22:05:23.905 [Test worker] DEBUG org.springframework.beans.factory.support.DefaultListableBeanFactory - Returning cached instance of singleton bean 'org.springframework.transaction.config.internalTransactionAdvisor'
22:05:23.905 [Test worker] DEBUG org.springframework.beans.factory.support.DefaultListableBeanFactory - Returning cached instance of singleton bean 'org.springframework.transaction.config.internalTransactionAdvisor'
22:05:23.906 [Test worker] DEBUG org.springframework.beans.factory.support.DefaultListableBeanFactory - Finished creating instance of bean 'org.springframework.boot.autoconfigure.jdbc.JdbcTemplateAutoConfiguration'
22:05:23.907 [Test worker] DEBUG org.springframework.beans.factory.support.DefaultListableBeanFactory - Creating shared instance of singleton bean 'jdbcTemplate'
22:05:23.907 [Test worker] DEBUG org.springframework.beans.factory.support.DefaultListableBeanFactory - Creating instance of bean 'jdbcTemplate'
22:05:23.907 [Test worker] DEBUG org.springframework.beans.factory.support.DefaultListableBeanFactory - Returning cached instance of singleton bean 'org.springframework.transaction.config.internalTransactionAdvisor'
22:05:23.907 [Test worker] DEBUG org.springframework.beans.factory.support.DefaultListableBeanFactory - Returning cached instance of singleton bean 'org.springframework.boot.autoconfigure.jdbc.JdbcTemplateAutoConfiguration'
22:05:23.916 [Test worker] DEBUG org.springframework.beans.factory.support.DefaultListableBeanFactory - Eagerly caching bean 'jdbcTemplate' to allow for resolving potential circular references
22:05:23.929 [Test worker] DEBUG org.springframework.beans.factory.support.DefaultListableBeanFactory - Invoking afterPropertiesSet() on bean with name 'jdbcTemplate'
22:05:23.929 [Test worker] DEBUG org.springframework.beans.factory.support.DefaultListableBeanFactory - Returning cached instance of singleton bean 'org.springframework.transaction.config.internalTransactionAdvisor'
22:05:23.930 [Test worker] DEBUG org.springframework.beans.factory.support.DefaultListableBeanFactory - Returning cached instance of singleton bean 'org.springframework.transaction.config.internalTransactionAdvisor'
22:05:23.934 [Test worker] DEBUG org.springframework.beans.factory.support.DefaultListableBeanFactory - Finished creating instance of bean 'jdbcTemplate'
22:05:23.934 [Test worker] DEBUG org.springframework.beans.factory.support.DefaultListableBeanFactory - Creating shared instance of singleton bean 'namedParameterJdbcTemplate'
22:05:23.934 [Test worker] DEBUG org.springframework.beans.factory.support.DefaultListableBeanFactory - Creating instance of bean 'namedParameterJdbcTemplate'
22:05:23.934 [Test worker] DEBUG org.springframework.beans.factory.support.DefaultListableBeanFactory - Returning cached instance of singleton bean 'org.springframework.transaction.config.internalTransactionAdvisor'
22:05:23.934 [Test worker] DEBUG org.springframework.beans.factory.support.DefaultListableBeanFactory - Returning cached instance of singleton bean 'org.springframework.boot.autoconfigure.jdbc.JdbcTemplateAutoConfiguration'
22:05:23.939 [Test worker] DEBUG org.springframework.beans.factory.support.DefaultListableBeanFactory - Eagerly caching bean 'namedParameterJdbcTemplate' to allow for resolving potential circular references
22:05:23.946 [Test worker] DEBUG org.springframework.beans.factory.support.DefaultListableBeanFactory - Returning cached instance of singleton bean 'org.springframework.transaction.config.internalTransactionAdvisor'
22:05:23.946 [Test worker] DEBUG org.springframework.beans.factory.support.DefaultListableBeanFactory - Returning cached instance of singleton bean 'org.springframework.transaction.config.internalTransactionAdvisor'
22:05:23.947 [Test worker] DEBUG org.springframework.beans.factory.support.DefaultListableBeanFactory - Finished creating instance of bean 'namedParameterJdbcTemplate'
22:05:23.947 [Test worker] DEBUG org.springframework.beans.factory.support.DefaultListableBeanFactory - Returning cached instance of singleton bean 'org.springframework.transaction.annotation.ProxyTransactionManagementConfiguration'
22:05:23.947 [Test worker] DEBUG org.springframework.beans.factory.support.DefaultListableBeanFactory - Returning cached instance of singleton bean 'org.springframework.transaction.config.internalTransactionAdvisor'
22:05:23.947 [Test worker] DEBUG org.springframework.beans.factory.support.DefaultListableBeanFactory - Returning cached instance of singleton bean 'transactionAttributeSource'
22:05:23.947 [Test worker] DEBUG org.springframework.beans.factory.support.DefaultListableBeanFactory - Returning cached instance of singleton bean 'transactionInterceptor'
22:05:23.947 [Test worker] DEBUG org.springframework.beans.factory.support.DefaultListableBeanFactory - Creating shared instance of singleton bean 'org.springframework.transaction.config.internalTransactionalEventListenerFactory'
22:05:23.947 [Test worker] DEBUG org.springframework.beans.factory.support.DefaultListableBeanFactory - Creating instance of bean 'org.springframework.transaction.config.internalTransactionalEventListenerFactory'
22:05:23.948 [Test worker] DEBUG org.springframework.beans.factory.support.DefaultListableBeanFactory - Returning cached instance of singleton bean 'org.springframework.transaction.config.internalTransactionAdvisor'
22:05:23.948 [Test worker] DEBUG org.springframework.beans.factory.support.DefaultListableBeanFactory - Returning cached instance of singleton bean 'org.springframework.transaction.annotation.ProxyTransactionManagementConfiguration'
22:05:23.951 [Test worker] DEBUG org.springframework.beans.factory.support.DefaultListableBeanFactory - Eagerly caching bean 'org.springframework.transaction.config.internalTransactionalEventListenerFactory' to allow for resolving potential circular references
22:05:23.955 [Test worker] DEBUG org.springframework.beans.factory.support.DefaultListableBeanFactory - Returning cached instance of singleton bean 'org.springframework.transaction.config.internalTransactionAdvisor'
22:05:23.955 [Test worker] DEBUG org.springframework.beans.factory.support.DefaultListableBeanFactory - Returning cached instance of singleton bean 'org.springframework.transaction.config.internalTransactionAdvisor'
22:05:23.956 [Test worker] DEBUG org.springframework.beans.factory.support.DefaultListableBeanFactory - Finished creating instance of bean 'org.springframework.transaction.config.internalTransactionalEventListenerFactory'
22:05:23.956 [Test worker] DEBUG org.springframework.beans.factory.support.DefaultListableBeanFactory - Creating shared instance of singleton bean 'org.springframework.boot.autoconfigure.transaction.TransactionAutoConfiguration$EnableTransactionManagementConfiguration$CglibAutoProxyConfiguration'
22:05:23.956 [Test worker] DEBUG org.springframework.beans.factory.support.DefaultListableBeanFactory - Creating instance of bean 'org.springframework.boot.autoconfigure.transaction.TransactionAutoConfiguration$EnableTransactionManagementConfiguration$CglibAutoProxyConfiguration'
22:05:23.956 [Test worker] DEBUG org.springframework.beans.factory.support.DefaultListableBeanFactory - Returning cached instance of singleton bean 'org.springframework.transaction.config.internalTransactionAdvisor'
22:05:23.956 [Test worker] DEBUG org.springframework.beans.factory.support.DefaultListableBeanFactory - Eagerly caching bean 'org.springframework.boot.autoconfigure.transaction.TransactionAutoConfiguration$EnableTransactionManagementConfiguration$CglibAutoProxyConfiguration' to allow for resolving potential circular references
22:05:23.962 [Test worker] DEBUG org.springframework.beans.factory.support.DefaultListableBeanFactory - Returning cached instance of singleton bean 'org.springframework.transaction.config.internalTransactionAdvisor'
22:05:23.962 [Test worker] DEBUG org.springframework.beans.factory.support.DefaultListableBeanFactory - Returning cached instance of singleton bean 'org.springframework.transaction.config.internalTransactionAdvisor'
22:05:23.962 [Test worker] DEBUG org.springframework.beans.factory.support.DefaultListableBeanFactory - Finished creating instance of bean 'org.springframework.boot.autoconfigure.transaction.TransactionAutoConfiguration$EnableTransactionManagementConfiguration$CglibAutoProxyConfiguration'
22:05:23.962 [Test worker] DEBUG org.springframework.beans.factory.support.DefaultListableBeanFactory - Creating shared instance of singleton bean 'org.springframework.boot.autoconfigure.transaction.TransactionAutoConfiguration$EnableTransactionManagementConfiguration'
22:05:23.962 [Test worker] DEBUG org.springframework.beans.factory.support.DefaultListableBeanFactory - Creating instance of bean 'org.springframework.boot.autoconfigure.transaction.TransactionAutoConfiguration$EnableTransactionManagementConfiguration'
22:05:23.962 [Test worker] DEBUG org.springframework.beans.factory.support.DefaultListableBeanFactory - Returning cached instance of singleton bean 'org.springframework.transaction.config.internalTransactionAdvisor'
22:05:23.963 [Test worker] DEBUG org.springframework.beans.factory.support.DefaultListableBeanFactory - Eagerly caching bean 'org.springframework.boot.autoconfigure.transaction.TransactionAutoConfiguration$EnableTransactionManagementConfiguration' to allow for resolving potential circular references
22:05:23.968 [Test worker] DEBUG org.springframework.beans.factory.support.DefaultListableBeanFactory - Returning cached instance of singleton bean 'org.springframework.transaction.config.internalTransactionAdvisor'
22:05:23.968 [Test worker] DEBUG org.springframework.beans.factory.support.DefaultListableBeanFactory - Returning cached instance of singleton bean 'org.springframework.transaction.config.internalTransactionAdvisor'
22:05:23.968 [Test worker] DEBUG org.springframework.beans.factory.support.DefaultListableBeanFactory - Finished creating instance of bean 'org.springframework.boot.autoconfigure.transaction.TransactionAutoConfiguration$EnableTransactionManagementConfiguration'
22:05:23.968 [Test worker] DEBUG org.springframework.beans.factory.support.DefaultListableBeanFactory - Creating shared instance of singleton bean 'org.springframework.boot.autoconfigure.transaction.TransactionAutoConfiguration$TransactionTemplateConfiguration'
22:05:23.968 [Test worker] DEBUG org.springframework.beans.factory.support.DefaultListableBeanFactory - Creating instance of bean 'org.springframework.boot.autoconfigure.transaction.TransactionAutoConfiguration$TransactionTemplateConfiguration'
22:05:23.968 [Test worker] DEBUG org.springframework.beans.factory.support.DefaultListableBeanFactory - Returning cached instance of singleton bean 'org.springframework.transaction.config.internalTransactionAdvisor'
22:05:23.969 [Test worker] DEBUG org.springframework.core.LocalVariableTableParameterNameDiscoverer - Cannot find '.class' file for class [class org.springframework.boot.autoconfigure.transaction.TransactionAutoConfiguration$TransactionTemplateConfiguration$$EnhancerBySpringCGLIB$$58437b38] - unable to determine constructor/method parameter names
22:05:23.971 [Test worker] DEBUG org.springframework.beans.factory.support.DefaultListableBeanFactory - Returning cached instance of singleton bean 'transactionManager'
22:05:23.972 [Test worker] DEBUG org.springframework.beans.factory.support.DefaultListableBeanFactory - Autowiring by type from bean name 'org.springframework.boot.autoconfigure.transaction.TransactionAutoConfiguration$TransactionTemplateConfiguration' via constructor to bean named 'transactionManager'
22:05:23.972 [Test worker] DEBUG org.springframework.beans.factory.support.DefaultListableBeanFactory - Eagerly caching bean 'org.springframework.boot.autoconfigure.transaction.TransactionAutoConfiguration$TransactionTemplateConfiguration' to allow for resolving potential circular references
22:05:23.993 [Test worker] DEBUG org.springframework.beans.factory.support.DefaultListableBeanFactory - Returning cached instance of singleton bean 'org.springframework.transaction.config.internalTransactionAdvisor'
22:05:23.993 [Test worker] DEBUG org.springframework.beans.factory.support.DefaultListableBeanFactory - Returning cached instance of singleton bean 'org.springframework.transaction.config.internalTransactionAdvisor'
22:05:23.994 [Test worker] DEBUG org.springframework.beans.factory.support.DefaultListableBeanFactory - Finished creating instance of bean 'org.springframework.boot.autoconfigure.transaction.TransactionAutoConfiguration$TransactionTemplateConfiguration'
22:05:23.994 [Test worker] DEBUG org.springframework.beans.factory.support.DefaultListableBeanFactory - Creating shared instance of singleton bean 'transactionTemplate'
22:05:23.994 [Test worker] DEBUG org.springframework.beans.factory.support.DefaultListableBeanFactory - Creating instance of bean 'transactionTemplate'
22:05:23.994 [Test worker] DEBUG org.springframework.beans.factory.support.DefaultListableBeanFactory - Returning cached instance of singleton bean 'org.springframework.transaction.config.internalTransactionAdvisor'
22:05:23.994 [Test worker] DEBUG org.springframework.beans.factory.support.DefaultListableBeanFactory - Returning cached instance of singleton bean 'org.springframework.boot.autoconfigure.transaction.TransactionAutoConfiguration$TransactionTemplateConfiguration'
22:05:24.000 [Test worker] DEBUG org.springframework.beans.factory.support.DefaultListableBeanFactory - Eagerly caching bean 'transactionTemplate' to allow for resolving potential circular references
22:05:24.006 [Test worker] DEBUG org.springframework.beans.factory.support.DefaultListableBeanFactory - Invoking afterPropertiesSet() on bean with name 'transactionTemplate'
22:05:24.007 [Test worker] DEBUG org.springframework.beans.factory.support.DefaultListableBeanFactory - Returning cached instance of singleton bean 'org.springframework.transaction.config.internalTransactionAdvisor'
22:05:24.007 [Test worker] DEBUG org.springframework.beans.factory.support.DefaultListableBeanFactory - Returning cached instance of singleton bean 'org.springframework.transaction.config.internalTransactionAdvisor'
22:05:24.008 [Test worker] DEBUG org.springframework.beans.factory.support.DefaultListableBeanFactory - Finished creating instance of bean 'transactionTemplate'
22:05:24.008 [Test worker] DEBUG org.springframework.beans.factory.support.DefaultListableBeanFactory - Returning cached instance of singleton bean 'org.springframework.boot.autoconfigure.transaction.TransactionAutoConfiguration'
22:05:24.008 [Test worker] DEBUG org.springframework.beans.factory.support.DefaultListableBeanFactory - Returning cached instance of singleton bean 'platformTransactionManagerCustomizers'
22:05:24.008 [Test worker] DEBUG org.springframework.beans.factory.support.DefaultListableBeanFactory - Returning cached instance of singleton bean 'spring.transaction-org.springframework.boot.autoconfigure.transaction.TransactionProperties'
22:05:24.008 [Test worker] DEBUG org.springframework.beans.factory.support.DefaultListableBeanFactory - Creating shared instance of singleton bean 'org.springframework.boot.autoconfigure.web.MultipartAutoConfiguration'
22:05:24.008 [Test worker] DEBUG org.springframework.beans.factory.support.DefaultListableBeanFactory - Creating instance of bean 'org.springframework.boot.autoconfigure.web.MultipartAutoConfiguration'
22:05:24.008 [Test worker] DEBUG org.springframework.beans.factory.support.DefaultListableBeanFactory - Returning cached instance of singleton bean 'org.springframework.transaction.config.internalTransactionAdvisor'
22:05:24.009 [Test worker] DEBUG org.springframework.core.LocalVariableTableParameterNameDiscoverer - Cannot find '.class' file for class [class org.springframework.boot.autoconfigure.web.MultipartAutoConfiguration$$EnhancerBySpringCGLIB$$1466d13c] - unable to determine constructor/method parameter names
22:05:24.010 [Test worker] DEBUG org.springframework.beans.factory.support.DefaultListableBeanFactory - Creating shared instance of singleton bean 'spring.http.multipart-org.springframework.boot.autoconfigure.web.MultipartProperties'
22:05:24.010 [Test worker] DEBUG org.springframework.beans.factory.support.DefaultListableBeanFactory - Creating instance of bean 'spring.http.multipart-org.springframework.boot.autoconfigure.web.MultipartProperties'
22:05:24.010 [Test worker] DEBUG org.springframework.beans.factory.support.DefaultListableBeanFactory - Returning cached instance of singleton bean 'org.springframework.transaction.config.internalTransactionAdvisor'
22:05:24.011 [Test worker] DEBUG org.springframework.beans.factory.support.DefaultListableBeanFactory - Eagerly caching bean 'spring.http.multipart-org.springframework.boot.autoconfigure.web.MultipartProperties' to allow for resolving potential circular references
22:05:24.013 [Test worker] DEBUG org.springframework.core.env.MutablePropertySources - Adding PropertySource 'systemProperties' with lowest search precedence
22:05:24.013 [Test worker] DEBUG org.springframework.core.env.MutablePropertySources - Adding PropertySource 'systemEnvironment' with lowest search precedence
22:05:24.013 [Test worker] DEBUG org.springframework.core.env.MutablePropertySources - Adding PropertySource 'localProperties' with lowest search precedence
22:05:24.014 [Test worker] DEBUG org.springframework.beans.factory.support.DefaultListableBeanFactory - Returning cached instance of singleton bean 'org.springframework.transaction.config.internalTransactionAdvisor'
22:05:24.014 [Test worker] DEBUG org.springframework.beans.factory.support.DefaultListableBeanFactory - Returning cached instance of singleton bean 'org.springframework.transaction.config.internalTransactionAdvisor'
22:05:24.014 [Test worker] DEBUG org.springframework.beans.factory.support.DefaultListableBeanFactory - Finished creating instance of bean 'spring.http.multipart-org.springframework.boot.autoconfigure.web.MultipartProperties'
22:05:24.014 [Test worker] DEBUG org.springframework.beans.factory.support.DefaultListableBeanFactory - Autowiring by type from bean name 'org.springframework.boot.autoconfigure.web.MultipartAutoConfiguration' via constructor to bean named 'spring.http.multipart-org.springframework.boot.autoconfigure.web.MultipartProperties'
22:05:24.015 [Test worker] DEBUG org.springframework.beans.factory.support.DefaultListableBeanFactory - Eagerly caching bean 'org.springframework.boot.autoconfigure.web.MultipartAutoConfiguration' to allow for resolving potential circular references
22:05:24.018 [Test worker] DEBUG org.springframework.beans.factory.support.DefaultListableBeanFactory - Returning cached instance of singleton bean 'org.springframework.transaction.config.internalTransactionAdvisor'
22:05:24.018 [Test worker] DEBUG org.springframework.beans.factory.support.DefaultListableBeanFactory - Returning cached instance of singleton bean 'org.springframework.transaction.config.internalTransactionAdvisor'
22:05:24.019 [Test worker] DEBUG org.springframework.beans.factory.support.DefaultListableBeanFactory - Finished creating instance of bean 'org.springframework.boot.autoconfigure.web.MultipartAutoConfiguration'
22:05:24.019 [Test worker] DEBUG org.springframework.beans.factory.support.DefaultListableBeanFactory - Creating shared instance of singleton bean 'multipartConfigElement'
22:05:24.019 [Test worker] DEBUG org.springframework.beans.factory.support.DefaultListableBeanFactory - Creating instance of bean 'multipartConfigElement'
22:05:24.019 [Test worker] DEBUG org.springframework.beans.factory.support.DefaultListableBeanFactory - Returning cached instance of singleton bean 'org.springframework.transaction.config.internalTransactionAdvisor'
22:05:24.019 [Test worker] DEBUG org.springframework.beans.factory.support.DefaultListableBeanFactory - Returning cached instance of singleton bean 'org.springframework.boot.autoconfigure.web.MultipartAutoConfiguration'
22:05:24.027 [Test worker] DEBUG org.springframework.beans.factory.support.DefaultListableBeanFactory - Eagerly caching bean 'multipartConfigElement' to allow for resolving potential circular references
22:05:24.029 [Test worker] DEBUG org.springframework.beans.factory.support.DefaultListableBeanFactory - Returning cached instance of singleton bean 'org.springframework.transaction.config.internalTransactionAdvisor'
22:05:24.029 [Test worker] DEBUG org.springframework.beans.factory.support.DefaultListableBeanFactory - Returning cached instance of singleton bean 'org.springframework.transaction.config.internalTransactionAdvisor'
22:05:24.029 [Test worker] DEBUG org.springframework.beans.factory.support.DefaultListableBeanFactory - Finished creating instance of bean 'multipartConfigElement'
22:05:24.029 [Test worker] DEBUG org.springframework.beans.factory.support.DefaultListableBeanFactory - Creating shared instance of singleton bean 'multipartResolver'
22:05:24.029 [Test worker] DEBUG org.springframework.beans.factory.support.DefaultListableBeanFactory - Creating instance of bean 'multipartResolver'
22:05:24.029 [Test worker] DEBUG org.springframework.beans.factory.support.DefaultListableBeanFactory - Returning cached instance of singleton bean 'org.springframework.transaction.config.internalTransactionAdvisor'
22:05:24.029 [Test worker] DEBUG org.springframework.beans.factory.support.DefaultListableBeanFactory - Returning cached instance of singleton bean 'org.springframework.boot.autoconfigure.web.MultipartAutoConfiguration'
22:05:24.032 [Test worker] DEBUG org.springframework.beans.factory.support.DefaultListableBeanFactory - Eagerly caching bean 'multipartResolver' to allow for resolving potential circular references
22:05:24.035 [Test worker] DEBUG org.springframework.beans.factory.support.DefaultListableBeanFactory - Returning cached instance of singleton bean 'org.springframework.transaction.config.internalTransactionAdvisor'
22:05:24.035 [Test worker] DEBUG org.springframework.beans.factory.support.DefaultListableBeanFactory - Returning cached instance of singleton bean 'org.springframework.transaction.config.internalTransactionAdvisor'
22:05:24.035 [Test worker] DEBUG org.springframework.beans.factory.support.DefaultListableBeanFactory - Finished creating instance of bean 'multipartResolver'
22:05:24.035 [Test worker] DEBUG org.springframework.beans.factory.support.DefaultListableBeanFactory - Returning cached instance of singleton bean 'spring.http.multipart-org.springframework.boot.autoconfigure.web.MultipartProperties'
22:05:24.036 [Test worker] DEBUG org.springframework.beans.factory.support.DefaultListableBeanFactory - Creating shared instance of singleton bean 'org.springframework.boot.autoconfigure.web.WebClientAutoConfiguration$RestTemplateConfiguration'
22:05:24.036 [Test worker] DEBUG org.springframework.beans.factory.support.DefaultListableBeanFactory - Creating instance of bean 'org.springframework.boot.autoconfigure.web.WebClientAutoConfiguration$RestTemplateConfiguration'
22:05:24.036 [Test worker] DEBUG org.springframework.beans.factory.support.DefaultListableBeanFactory - Returning cached instance of singleton bean 'org.springframework.transaction.config.internalTransactionAdvisor'
22:05:24.036 [Test worker] DEBUG org.springframework.core.LocalVariableTableParameterNameDiscoverer - Cannot find '.class' file for class [class org.springframework.boot.autoconfigure.web.WebClientAutoConfiguration$RestTemplateConfiguration$$EnhancerBySpringCGLIB$$60e8950d] - unable to determine constructor/method parameter names
22:05:24.037 [Test worker] DEBUG org.springframework.beans.factory.support.DefaultListableBeanFactory - Eagerly caching bean 'org.springframework.boot.autoconfigure.web.WebClientAutoConfiguration$RestTemplateConfiguration' to allow for resolving potential circular references
22:05:24.042 [Test worker] DEBUG org.springframework.beans.factory.support.DefaultListableBeanFactory - Returning cached instance of singleton bean 'org.springframework.transaction.config.internalTransactionAdvisor'
22:05:24.042 [Test worker] DEBUG org.springframework.beans.factory.support.DefaultListableBeanFactory - Returning cached instance of singleton bean 'org.springframework.transaction.config.internalTransactionAdvisor'
22:05:24.043 [Test worker] DEBUG org.springframework.beans.factory.support.DefaultListableBeanFactory - Finished creating instance of bean 'org.springframework.boot.autoconfigure.web.WebClientAutoConfiguration$RestTemplateConfiguration'
22:05:24.043 [Test worker] DEBUG org.springframework.beans.factory.support.DefaultListableBeanFactory - Creating shared instance of singleton bean 'restTemplateBuilder'
22:05:24.043 [Test worker] DEBUG org.springframework.beans.factory.support.DefaultListableBeanFactory - Creating instance of bean 'restTemplateBuilder'
22:05:24.043 [Test worker] DEBUG org.springframework.beans.factory.support.DefaultListableBeanFactory - Returning cached instance of singleton bean 'org.springframework.transaction.config.internalTransactionAdvisor'
22:05:24.043 [Test worker] DEBUG org.springframework.beans.factory.support.DefaultListableBeanFactory - Returning cached instance of singleton bean 'org.springframework.boot.autoconfigure.web.WebClientAutoConfiguration$RestTemplateConfiguration'
22:05:24.054 [Test worker] DEBUG org.springframework.beans.factory.support.DefaultListableBeanFactory - Returning cached instance of singleton bean 'messageConverters'
22:05:24.057 [Test worker] DEBUG org.springframework.beans.factory.support.DefaultListableBeanFactory - Eagerly caching bean 'restTemplateBuilder' to allow for resolving potential circular references
22:05:24.060 [Test worker] DEBUG org.springframework.beans.factory.support.DefaultListableBeanFactory - Returning cached instance of singleton bean 'org.springframework.transaction.config.internalTransactionAdvisor'
22:05:24.060 [Test worker] DEBUG org.springframework.beans.factory.support.DefaultListableBeanFactory - Returning cached instance of singleton bean 'org.springframework.transaction.config.internalTransactionAdvisor'
22:05:24.061 [Test worker] DEBUG org.springframework.beans.factory.support.DefaultListableBeanFactory - Finished creating instance of bean 'restTemplateBuilder'
22:05:24.061 [Test worker] DEBUG org.springframework.beans.factory.support.DefaultListableBeanFactory - Creating shared instance of singleton bean 'org.springframework.boot.autoconfigure.web.WebClientAutoConfiguration'
22:05:24.061 [Test worker] DEBUG org.springframework.beans.factory.support.DefaultListableBeanFactory - Creating instance of bean 'org.springframework.boot.autoconfigure.web.WebClientAutoConfiguration'
22:05:24.061 [Test worker] DEBUG org.springframework.beans.factory.support.DefaultListableBeanFactory - Returning cached instance of singleton bean 'org.springframework.transaction.config.internalTransactionAdvisor'
22:05:24.062 [Test worker] DEBUG org.springframework.beans.factory.support.DefaultListableBeanFactory - Eagerly caching bean 'org.springframework.boot.autoconfigure.web.WebClientAutoConfiguration' to allow for resolving potential circular references
22:05:24.065 [Test worker] DEBUG org.springframework.beans.factory.support.DefaultListableBeanFactory - Returning cached instance of singleton bean 'org.springframework.transaction.config.internalTransactionAdvisor'
22:05:24.065 [Test worker] DEBUG org.springframework.beans.factory.support.DefaultListableBeanFactory - Returning cached instance of singleton bean 'org.springframework.transaction.config.internalTransactionAdvisor'
22:05:24.065 [Test worker] DEBUG org.springframework.beans.factory.support.DefaultListableBeanFactory - Finished creating instance of bean 'org.springframework.boot.autoconfigure.web.WebClientAutoConfiguration'
22:05:24.065 [Test worker] DEBUG org.springframework.beans.factory.support.DefaultListableBeanFactory - Returning cached instance of singleton bean 'org.springframework.boot.devtools.autoconfigure.DevToolsDataSourceAutoConfiguration$DatabaseShutdownExecutorJpaDependencyConfiguration'
22:05:24.065 [Test worker] DEBUG org.springframework.beans.factory.support.DefaultListableBeanFactory - Returning cached instance of singleton bean 'org.springframework.boot.devtools.autoconfigure.DevToolsDataSourceAutoConfiguration'
22:05:24.065 [Test worker] DEBUG org.springframework.beans.factory.support.DefaultListableBeanFactory - Returning cached instance of singleton bean 'inMemoryDatabaseShutdownExecutor'
22:05:24.065 [Test worker] DEBUG org.springframework.beans.factory.support.DefaultListableBeanFactory - Returning cached instance of singleton bean 'org.springframework.orm.jpa.SharedEntityManagerCreator#0'
22:05:24.066 [Test worker] DEBUG org.springframework.beans.factory.support.DefaultListableBeanFactory - Returning cached instance of singleton bean 'org.springframework.context.event.internalEventListenerFactory'
22:05:24.066 [Test worker] DEBUG org.springframework.beans.factory.support.DefaultListableBeanFactory - Returning cached instance of singleton bean 'org.springframework.transaction.config.internalTransactionalEventListenerFactory'
22:05:24.142 [Test worker] INFO org.springframework.jmx.export.annotation.AnnotationMBeanExporter - Registering beans for JMX exposure on startup
22:05:24.143 [Test worker] DEBUG org.springframework.jmx.export.annotation.AnnotationMBeanExporter - Autodetecting user-defined JMX MBeans
22:05:24.150 [Test worker] INFO org.springframework.boot.actuate.endpoint.jmx.EndpointMBeanExporter - Registering beans for JMX exposure on startup
22:05:24.153 [Test worker] DEBUG org.springframework.context.support.GenericApplicationContext - Unable to locate LifecycleProcessor with name 'lifecycleProcessor': using default [org.springframework.context.support.DefaultLifecycleProcessor@662ae7ff]
22:05:24.154 [Test worker] DEBUG org.springframework.beans.factory.support.DefaultListableBeanFactory - Returning cached instance of singleton bean 'endpointMBeanExporter'
22:05:24.154 [Test worker] DEBUG org.springframework.beans.factory.support.DefaultListableBeanFactory - Returning cached instance of singleton bean 'lifecycleProcessor'
22:05:24.157 [Test worker] INFO org.springframework.context.support.DefaultLifecycleProcessor - Starting beans in phase 0
22:05:24.157 [Test worker] DEBUG org.springframework.context.support.DefaultLifecycleProcessor - Starting bean 'endpointMBeanExporter' of type [class org.springframework.boot.actuate.endpoint.jmx.EndpointMBeanExporter]
22:05:24.158 [Test worker] DEBUG org.springframework.beans.factory.support.DefaultListableBeanFactory - Returning cached instance of singleton bean 'auditEventsEndpoint'
22:05:24.159 [Test worker] DEBUG org.springframework.beans.factory.support.DefaultListableBeanFactory - Returning cached instance of singleton bean 'auditEventsEndpoint'
22:05:24.161 [Test worker] INFO org.springframework.boot.actuate.endpoint.jmx.EndpointMBeanExporter - Located managed bean 'auditEventsEndpoint': registering with JMX server as MBean [org.springframework.boot:type=Endpoint,name=auditEventsEndpoint]
22:05:24.184 [Test worker] DEBUG org.springframework.beans.factory.support.DefaultListableBeanFactory - Returning cached instance of singleton bean 'requestMappingEndpoint'
22:05:24.184 [Test worker] DEBUG org.springframework.beans.factory.support.DefaultListableBeanFactory - Returning cached instance of singleton bean 'environmentEndpoint'
22:05:24.184 [Test worker] DEBUG org.springframework.beans.factory.support.DefaultListableBeanFactory - Returning cached instance of singleton bean 'healthEndpoint'
22:05:24.184 [Test worker] DEBUG org.springframework.beans.factory.support.DefaultListableBeanFactory - Returning cached instance of singleton bean 'beansEndpoint'
22:05:24.184 [Test worker] DEBUG org.springframework.beans.factory.support.DefaultListableBeanFactory - Returning cached instance of singleton bean 'infoEndpoint'
22:05:24.184 [Test worker] DEBUG org.springframework.beans.factory.support.DefaultListableBeanFactory - Returning cached instance of singleton bean 'metricsEndpoint'
22:05:24.184 [Test worker] DEBUG org.springframework.beans.factory.support.DefaultListableBeanFactory - Returning cached instance of singleton bean 'traceEndpoint'
22:05:24.184 [Test worker] DEBUG org.springframework.beans.factory.support.DefaultListableBeanFactory - Returning cached instance of singleton bean 'dumpEndpoint'
22:05:24.184 [Test worker] DEBUG org.springframework.beans.factory.support.DefaultListableBeanFactory - Returning cached instance of singleton bean 'autoConfigurationReportEndpoint'
22:05:24.184 [Test worker] DEBUG org.springframework.beans.factory.support.DefaultListableBeanFactory - Returning cached instance of singleton bean 'shutdownEndpoint'
22:05:24.184 [Test worker] DEBUG org.springframework.beans.factory.support.DefaultListableBeanFactory - Returning cached instance of singleton bean 'configurationPropertiesReportEndpoint'
22:05:24.185 [Test worker] INFO org.springframework.boot.actuate.endpoint.jmx.EndpointMBeanExporter - Located managed bean 'requestMappingEndpoint': registering with JMX server as MBean [org.springframework.boot:type=Endpoint,name=requestMappingEndpoint]
22:05:24.206 [Test worker] INFO org.springframework.boot.actuate.endpoint.jmx.EndpointMBeanExporter - Located managed bean 'environmentEndpoint': registering with JMX server as MBean [org.springframework.boot:type=Endpoint,name=environmentEndpoint]
22:05:24.215 [Test worker] INFO org.springframework.boot.actuate.endpoint.jmx.EndpointMBeanExporter - Located managed bean 'healthEndpoint': registering with JMX server as MBean [org.springframework.boot:type=Endpoint,name=healthEndpoint]
22:05:24.221 [Test worker] INFO org.springframework.boot.actuate.endpoint.jmx.EndpointMBeanExporter - Located managed bean 'beansEndpoint': registering with JMX server as MBean [org.springframework.boot:type=Endpoint,name=beansEndpoint]
22:05:24.227 [Test worker] INFO org.springframework.boot.actuate.endpoint.jmx.EndpointMBeanExporter - Located managed bean 'infoEndpoint': registering with JMX server as MBean [org.springframework.boot:type=Endpoint,name=infoEndpoint]
22:05:24.233 [Test worker] INFO org.springframework.boot.actuate.endpoint.jmx.EndpointMBeanExporter - Located managed bean 'metricsEndpoint': registering with JMX server as MBean [org.springframework.boot:type=Endpoint,name=metricsEndpoint]
22:05:24.248 [Test worker] INFO org.springframework.boot.actuate.endpoint.jmx.EndpointMBeanExporter - Located managed bean 'traceEndpoint': registering with JMX server as MBean [org.springframework.boot:type=Endpoint,name=traceEndpoint]
22:05:24.255 [Test worker] INFO org.springframework.boot.actuate.endpoint.jmx.EndpointMBeanExporter - Located managed bean 'dumpEndpoint': registering with JMX server as MBean [org.springframework.boot:type=Endpoint,name=dumpEndpoint]
22:05:24.263 [Test worker] INFO org.springframework.boot.actuate.endpoint.jmx.EndpointMBeanExporter - Located managed bean 'autoConfigurationReportEndpoint': registering with JMX server as MBean [org.springframework.boot:type=Endpoint,name=autoConfigurationReportEndpoint]
22:05:24.268 [Test worker] INFO org.springframework.boot.actuate.endpoint.jmx.EndpointMBeanExporter - Located managed bean 'configurationPropertiesReportEndpoint': registering with JMX server as MBean [org.springframework.boot:type=Endpoint,name=configurationPropertiesReportEndpoint]
22:05:24.272 [Test worker] DEBUG org.springframework.context.support.DefaultLifecycleProcessor - Successfully started bean 'endpointMBeanExporter'
22:05:24.273 [Test worker] DEBUG org.springframework.beans.factory.support.DefaultListableBeanFactory - Returning cached instance of singleton bean 'org.springframework.boot.context.properties.ConfigurationPropertiesBindingPostProcessor'
22:05:24.273 [Test worker] DEBUG org.springframework.beans.factory.support.DefaultListableBeanFactory - Returning cached instance of singleton bean 'org.springframework.context.annotation.internalScheduledAnnotationProcessor'
22:05:24.274 [Test worker] DEBUG org.springframework.beans.factory.support.DefaultListableBeanFactory - Returning cached instance of singleton bean 'metricWritersMetricExporter'
22:05:24.284 [Test worker] DEBUG org.springframework.core.env.PropertySourcesPropertyResolver - Could not find key 'spring.liveBeansView.mbeanDomain' in any property source
22:05:24.288 [Test worker] DEBUG org.springframework.test.context.cache.DefaultCacheAwareContextLoaderDelegate - Storing ApplicationContext in cache under key [[MergedContextConfiguration@3719e9db testClass = AccountTest, locations = '{}', classes = '{class se1app.applicationcore.Application}', contextInitializerClasses = '[]', activeProfiles = '{}', propertySourceLocations = '{}', propertySourceProperties = '{}', contextCustomizers = set[org.springframework.boot.test.context.filter.ExcludeFilterContextCustomizer@26711ccf, org.springframework.boot.test.json.DuplicateJsonObjectContextCustomizerFactory$DuplicateJsonObjectContextCustomizer@4b04489e, org.springframework.boot.test.mock.mockito.MockitoContextCustomizer@0, org.springframework.boot.test.autoconfigure.properties.PropertyMappingContextCustomizer@0, org.springframework.boot.test.autoconfigure.web.servlet.WebDriverContextCustomizerFactory$Customizer@5ec846d8], contextLoader = 'org.springframework.test.context.support.DelegatingSmartContextLoader', parent = [null]]]
22:05:24.288 [Test worker] DEBUG org.springframework.test.context.cache - Spring test ApplicationContext cache statistics: [DefaultContextCache@538e4bcb size = 1, maxSize = 32, parentContextCount = 0, hitCount = 0, missCount = 1]
22:05:24.290 [Test worker] DEBUG org.springframework.beans.factory.support.DefaultListableBeanFactory - Returning cached instance of singleton bean 'org.springframework.transaction.config.internalTransactionAdvisor'
22:05:24.290 [Test worker] DEBUG org.springframework.beans.factory.support.DefaultListableBeanFactory - Returning cached instance of singleton bean 'org.springframework.transaction.config.internalTransactionAdvisor'
22:05:24.293 [Test worker] DEBUG org.springframework.transaction.annotation.AnnotationTransactionAttributeSource - Adding transactional method 'se1app.applicationcore.accountcomponent.AccountTest.testAccountNegativeBalance' with attribute: PROPAGATION_REQUIRED,ISOLATION_DEFAULT; ''
22:05:24.298 [Test worker] DEBUG org.springframework.aop.aspectj.annotation.AnnotationAwareAspectJAutoProxyCreator - Creating implicit proxy for bean 'se1app.applicationcore.accountcomponent.AccountTest' with 0 common interceptors and 1 specific interceptors
22:05:24.304 [Test worker] DEBUG org.springframework.aop.framework.CglibAopProxy - Creating CGLIB proxy: target source is SingletonTargetSource for target object [se1app.applicationcore.accountcomponent.AccountTest@67e2e033]
22:05:24.323 [Test worker] DEBUG org.springframework.aop.framework.CglibAopProxy - Unable to apply any optimizations to advised method: public void se1app.applicationcore.accountcomponent.AccountTest.testAccountNegativeBalance() throws java.lang.Exception
22:05:24.323 [Test worker] DEBUG org.springframework.transaction.annotation.AnnotationTransactionAttributeSource - Adding transactional method 'se1app.applicationcore.accountcomponent.AccountTest.testAccount' with attribute: PROPAGATION_REQUIRED,ISOLATION_DEFAULT; ''
22:05:24.323 [Test worker] DEBUG org.springframework.aop.framework.CglibAopProxy - Unable to apply any optimizations to advised method: public void se1app.applicationcore.accountcomponent.AccountTest.testAccount()
22:05:24.323 [Test worker] DEBUG org.springframework.transaction.annotation.AnnotationTransactionAttributeSource - Adding transactional method 'se1app.applicationcore.accountcomponent.AccountTest.setUp' with attribute: PROPAGATION_REQUIRED,ISOLATION_DEFAULT; ''
22:05:24.323 [Test worker] DEBUG org.springframework.aop.framework.CglibAopProxy - Unable to apply any optimizations to advised method: public void se1app.applicationcore.accountcomponent.AccountTest.setUp() throws java.lang.Exception
22:05:24.324 [Test worker] DEBUG org.springframework.transaction.annotation.AnnotationTransactionAttributeSource - Adding transactional method 'se1app.applicationcore.accountcomponent.AccountTest.testBook' with attribute: PROPAGATION_REQUIRED,ISOLATION_DEFAULT; ''
22:05:24.324 [Test worker] DEBUG org.springframework.aop.framework.CglibAopProxy - Unable to apply any optimizations to advised method: public void se1app.applicationcore.accountcomponent.AccountTest.testBook()
22:05:24.324 [Test worker] DEBUG org.springframework.transaction.annotation.AnnotationTransactionAttributeSource - Adding transactional method 'se1app.applicationcore.accountcomponent.AccountTest.testBookAccountNotCoveredException' with attribute: PROPAGATION_REQUIRED,ISOLATION_DEFAULT; ''
22:05:24.324 [Test worker] DEBUG org.springframework.aop.framework.CglibAopProxy - Unable to apply any optimizations to advised method: public void se1app.applicationcore.accountcomponent.AccountTest.testBookAccountNotCoveredException() throws java.lang.Exception
22:05:24.324 [Test worker] DEBUG org.springframework.aop.framework.CglibAopProxy - Found 'equals' method: public boolean java.lang.Object.equals(java.lang.Object)
22:05:24.324 [Test worker] DEBUG org.springframework.aop.framework.CglibAopProxy - Unable to apply any optimizations to advised method: public java.lang.String java.lang.Object.toString()
22:05:24.324 [Test worker] DEBUG org.springframework.aop.framework.CglibAopProxy - Found 'hashCode' method: public native int java.lang.Object.hashCode()
22:05:24.324 [Test worker] DEBUG org.springframework.aop.framework.CglibAopProxy - Unable to apply any optimizations to advised method: protected native java.lang.Object java.lang.Object.clone() throws java.lang.CloneNotSupportedException
22:05:24.324 [Test worker] DEBUG org.springframework.aop.framework.CglibAopProxy - Method is declared on Advised interface: public abstract int org.springframework.aop.framework.Advised.indexOf(org.springframework.aop.Advisor)
22:05:24.324 [Test worker] DEBUG org.springframework.aop.framework.CglibAopProxy - Method is declared on Advised interface: public abstract int org.springframework.aop.framework.Advised.indexOf(org.aopalliance.aop.Advice)
22:05:24.324 [Test worker] DEBUG org.springframework.aop.framework.CglibAopProxy - Method is declared on Advised interface: public abstract boolean org.springframework.aop.framework.Advised.isFrozen()
22:05:24.324 [Test worker] DEBUG org.springframework.aop.framework.CglibAopProxy - Method is declared on Advised interface: public abstract void org.springframework.aop.framework.Advised.setTargetSource(org.springframework.aop.TargetSource)
22:05:24.324 [Test worker] DEBUG org.springframework.aop.framework.CglibAopProxy - Method is declared on Advised interface: public abstract boolean org.springframework.aop.framework.Advised.isPreFiltered()
22:05:24.324 [Test worker] DEBUG org.springframework.aop.framework.CglibAopProxy - Method is declared on Advised interface: public abstract void org.springframework.aop.framework.Advised.removeAdvisor(int) throws org.springframework.aop.framework.AopConfigException
22:05:24.324 [Test worker] DEBUG org.springframework.aop.framework.CglibAopProxy - Method is declared on Advised interface: public abstract boolean org.springframework.aop.framework.Advised.removeAdvisor(org.springframework.aop.Advisor)
22:05:24.324 [Test worker] DEBUG org.springframework.aop.framework.CglibAopProxy - Method is declared on Advised interface: public abstract boolean org.springframework.aop.framework.Advised.replaceAdvisor(org.springframework.aop.Advisor,org.springframework.aop.Advisor) throws org.springframework.aop.framework.AopConfigException
22:05:24.324 [Test worker] DEBUG org.springframework.aop.framework.CglibAopProxy - Method is declared on Advised interface: public abstract boolean org.springframework.aop.framework.Advised.removeAdvice(org.aopalliance.aop.Advice)
22:05:24.324 [Test worker] DEBUG org.springframework.aop.framework.CglibAopProxy - Method is declared on Advised interface: public abstract void org.springframework.aop.framework.Advised.addAdvisor(int,org.springframework.aop.Advisor) throws org.springframework.aop.framework.AopConfigException
22:05:24.324 [Test worker] DEBUG org.springframework.aop.framework.CglibAopProxy - Method is declared on Advised interface: public abstract void org.springframework.aop.framework.Advised.addAdvisor(org.springframework.aop.Advisor) throws org.springframework.aop.framework.AopConfigException
22:05:24.324 [Test worker] DEBUG org.springframework.aop.framework.CglibAopProxy - Method is declared on Advised interface: public abstract void org.springframework.aop.framework.Advised.setExposeProxy(boolean)
22:05:24.324 [Test worker] DEBUG org.springframework.aop.framework.CglibAopProxy - Method is declared on Advised interface: public abstract boolean org.springframework.aop.framework.Advised.isExposeProxy()
22:05:24.325 [Test worker] DEBUG org.springframework.aop.framework.CglibAopProxy - Method is declared on Advised interface: public abstract boolean org.springframework.aop.framework.Advised.isProxyTargetClass()
22:05:24.325 [Test worker] DEBUG org.springframework.aop.framework.CglibAopProxy - Method is declared on Advised interface: public abstract java.lang.Class[] org.springframework.aop.framework.Advised.getProxiedInterfaces()
22:05:24.325 [Test worker] DEBUG org.springframework.aop.framework.CglibAopProxy - Method is declared on Advised interface: public abstract boolean org.springframework.aop.framework.Advised.isInterfaceProxied(java.lang.Class)
22:05:24.325 [Test worker] DEBUG org.springframework.aop.framework.CglibAopProxy - Method is declared on Advised interface: public abstract java.lang.String org.springframework.aop.framework.Advised.toProxyConfigString()
22:05:24.325 [Test worker] DEBUG org.springframework.aop.framework.CglibAopProxy - Method is declared on Advised interface: public abstract org.springframework.aop.Advisor[] org.springframework.aop.framework.Advised.getAdvisors()
22:05:24.325 [Test worker] DEBUG org.springframework.aop.framework.CglibAopProxy - Method is declared on Advised interface: public abstract org.springframework.aop.TargetSource org.springframework.aop.framework.Advised.getTargetSource()
22:05:24.325 [Test worker] DEBUG org.springframework.aop.framework.CglibAopProxy - Method is declared on Advised interface: public abstract void org.springframework.aop.framework.Advised.setPreFiltered(boolean)
22:05:24.325 [Test worker] DEBUG org.springframework.aop.framework.CglibAopProxy - Method is declared on Advised interface: public abstract void org.springframework.aop.framework.Advised.addAdvice(int,org.aopalliance.aop.Advice) throws org.springframework.aop.framework.AopConfigException
22:05:24.325 [Test worker] DEBUG org.springframework.aop.framework.CglibAopProxy - Method is declared on Advised interface: public abstract void org.springframework.aop.framework.Advised.addAdvice(org.aopalliance.aop.Advice) throws org.springframework.aop.framework.AopConfigException
22:05:24.325 [Test worker] DEBUG org.springframework.aop.framework.CglibAopProxy - Method is declared on Advised interface: public abstract java.lang.Class org.springframework.aop.TargetClassAware.getTargetClass()
22:05:24.355 [Test worker] DEBUG org.springframework.test.context.support.AbstractDirtiesContextTestExecutionListener - Before test method: context [DefaultTestContext@64b2d808 testClass = AccountTest, testInstance = se1app.applicationcore.accountcomponent.AccountTest@67e2e033, testMethod = testBookAccountNotCoveredException@AccountTest, testException = [null], mergedContextConfiguration = [MergedContextConfiguration@3719e9db testClass = AccountTest, locations = '{}', classes = '{class se1app.applicationcore.Application}', contextInitializerClasses = '[]', activeProfiles = '{}', propertySourceLocations = '{}', propertySourceProperties = '{}', contextCustomizers = set[org.springframework.boot.test.context.filter.ExcludeFilterContextCustomizer@26711ccf, org.springframework.boot.test.json.DuplicateJsonObjectContextCustomizerFactory$DuplicateJsonObjectContextCustomizer@4b04489e, org.springframework.boot.test.mock.mockito.MockitoContextCustomizer@0, org.springframework.boot.test.autoconfigure.properties.PropertyMappingContextCustomizer@0, org.springframework.boot.test.autoconfigure.web.servlet.WebDriverContextCustomizerFactory$Customizer@5ec846d8], contextLoader = 'org.springframework.test.context.support.DelegatingSmartContextLoader', parent = [null]]], class annotated with @DirtiesContext [false] with mode [null], method annotated with @DirtiesContext [false] with mode [null].
22:05:24.357 [Test worker] DEBUG org.springframework.transaction.annotation.AnnotationTransactionAttributeSource - Adding transactional method 'se1app.applicationcore.accountcomponent.AccountTest.testBookAccountNotCoveredException' with attribute: PROPAGATION_REQUIRED,ISOLATION_DEFAULT; ''
22:05:24.361 [Test worker] DEBUG org.springframework.test.context.transaction.TransactionalTestExecutionListener - Explicit transaction definition [PROPAGATION_REQUIRED,ISOLATION_DEFAULT; ''] found for test context [DefaultTestContext@64b2d808 testClass = AccountTest, testInstance = se1app.applicationcore.accountcomponent.AccountTest@67e2e033, testMethod = testBookAccountNotCoveredException@AccountTest, testException = [null], mergedContextConfiguration = [MergedContextConfiguration@3719e9db testClass = AccountTest, locations = '{}', classes = '{class se1app.applicationcore.Application}', contextInitializerClasses = '[]', activeProfiles = '{}', propertySourceLocations = '{}', propertySourceProperties = '{}', contextCustomizers = set[org.springframework.boot.test.context.filter.ExcludeFilterContextCustomizer@26711ccf, org.springframework.boot.test.json.DuplicateJsonObjectContextCustomizerFactory$DuplicateJsonObjectContextCustomizer@4b04489e, org.springframework.boot.test.mock.mockito.MockitoContextCustomizer@0, org.springframework.boot.test.autoconfigure.properties.PropertyMappingContextCustomizer@0, org.springframework.boot.test.autoconfigure.web.servlet.WebDriverContextCustomizerFactory$Customizer@5ec846d8], contextLoader = 'org.springframework.test.context.support.DelegatingSmartContextLoader', parent = [null]]]
22:05:24.361 [Test worker] DEBUG org.springframework.test.context.transaction.TransactionalTestExecutionListener - Retrieved @TransactionConfiguration [null] for test class [se1app.applicationcore.accountcomponent.AccountTest].
22:05:24.361 [Test worker] DEBUG org.springframework.test.context.transaction.TransactionalTestExecutionListener - Using TransactionConfigurationAttributes [TransactionConfigurationAttributes@9fc21be transactionManagerName = '', defaultRollback = true] for test class [se1app.applicationcore.accountcomponent.AccountTest].
22:05:24.362 [Test worker] DEBUG org.springframework.test.context.cache.DefaultCacheAwareContextLoaderDelegate - Retrieved ApplicationContext from cache with key [[MergedContextConfiguration@3719e9db testClass = AccountTest, locations = '{}', classes = '{class se1app.applicationcore.Application}', contextInitializerClasses = '[]', activeProfiles = '{}', propertySourceLocations = '{}', propertySourceProperties = '{}', contextCustomizers = set[org.springframework.boot.test.context.filter.ExcludeFilterContextCustomizer@26711ccf, org.springframework.boot.test.json.DuplicateJsonObjectContextCustomizerFactory$DuplicateJsonObjectContextCustomizer@4b04489e, org.springframework.boot.test.mock.mockito.MockitoContextCustomizer@0, org.springframework.boot.test.autoconfigure.properties.PropertyMappingContextCustomizer@0, org.springframework.boot.test.autoconfigure.web.servlet.WebDriverContextCustomizerFactory$Customizer@5ec846d8], contextLoader = 'org.springframework.test.context.support.DelegatingSmartContextLoader', parent = [null]]]
22:05:24.362 [Test worker] DEBUG org.springframework.test.context.cache - Spring test ApplicationContext cache statistics: [DefaultContextCache@538e4bcb size = 1, maxSize = 32, parentContextCount = 0, hitCount = 1, missCount = 1]
22:05:24.363 [Test worker] DEBUG org.springframework.beans.factory.support.DefaultListableBeanFactory - Returning cached instance of singleton bean 'transactionManager'
22:05:24.365 [Test worker] DEBUG org.springframework.test.context.transaction.TransactionalTestExecutionListener - No method-level @Rollback override: using default rollback [true] for test context [DefaultTestContext@64b2d808 testClass = AccountTest, testInstance = se1app.applicationcore.accountcomponent.AccountTest@67e2e033, testMethod = testBookAccountNotCoveredException@AccountTest, testException = [null], mergedContextConfiguration = [MergedContextConfiguration@3719e9db testClass = AccountTest, locations = '{}', classes = '{class se1app.applicationcore.Application}', contextInitializerClasses = '[]', activeProfiles = '{}', propertySourceLocations = '{}', propertySourceProperties = '{}', contextCustomizers = set[org.springframework.boot.test.context.filter.ExcludeFilterContextCustomizer@26711ccf, org.springframework.boot.test.json.DuplicateJsonObjectContextCustomizerFactory$DuplicateJsonObjectContextCustomizer@4b04489e, org.springframework.boot.test.mock.mockito.MockitoContextCustomizer@0, org.springframework.boot.test.autoconfigure.properties.PropertyMappingContextCustomizer@0, org.springframework.boot.test.autoconfigure.web.servlet.WebDriverContextCustomizerFactory$Customizer@5ec846d8], contextLoader = 'org.springframework.test.context.support.DelegatingSmartContextLoader', parent = [null]]].
22:05:24.366 [Test worker] DEBUG org.springframework.orm.jpa.JpaTransactionManager - Creating new transaction with name [se1app.applicationcore.accountcomponent.AccountTest.testBookAccountNotCoveredException]: PROPAGATION_REQUIRED,ISOLATION_DEFAULT; ''
22:05:24.367 [Test worker] DEBUG org.springframework.orm.jpa.JpaTransactionManager - Opened new EntityManager [org.hibernate.jpa.internal.EntityManagerImpl@6c180ae4] for JPA transaction
22:05:24.370 [Test worker] DEBUG org.hibernate.engine.transaction.internal.TransactionImpl - begin
22:05:24.375 [Test worker] DEBUG org.springframework.orm.jpa.JpaTransactionManager - Exposing JPA transaction as JDBC transaction [org.springframework.orm.jpa.vendor.HibernateJpaDialect$HibernateConnectionHandle@edae5f5]
22:05:24.376 [Test worker] INFO org.springframework.test.context.transaction.TransactionContext - Began transaction (1) for test context [DefaultTestContext@64b2d808 testClass = AccountTest, testInstance = se1app.applicationcore.accountcomponent.AccountTest@67e2e033, testMethod = testBookAccountNotCoveredException@AccountTest, testException = [null], mergedContextConfiguration = [MergedContextConfiguration@3719e9db testClass = AccountTest, locations = '{}', classes = '{class se1app.applicationcore.Application}', contextInitializerClasses = '[]', activeProfiles = '{}', propertySourceLocations = '{}', propertySourceProperties = '{}', contextCustomizers = set[org.springframework.boot.test.context.filter.ExcludeFilterContextCustomizer@26711ccf, org.springframework.boot.test.json.DuplicateJsonObjectContextCustomizerFactory$DuplicateJsonObjectContextCustomizer@4b04489e, org.springframework.boot.test.mock.mockito.MockitoContextCustomizer@0, org.springframework.boot.test.autoconfigure.properties.PropertyMappingContextCustomizer@0, org.springframework.boot.test.autoconfigure.web.servlet.WebDriverContextCustomizerFactory$Customizer@5ec846d8], contextLoader = 'org.springframework.test.context.support.DelegatingSmartContextLoader', parent = [null]]]; transaction manager [org.springframework.orm.jpa.JpaTransactionManager@4da4165c]; rollback [true]
22:05:24.378 [Test worker] DEBUG org.springframework.test.context.cache.DefaultCacheAwareContextLoaderDelegate - Retrieved ApplicationContext from cache with key [[MergedContextConfiguration@3719e9db testClass = AccountTest, locations = '{}', classes = '{class se1app.applicationcore.Application}', contextInitializerClasses = '[]', activeProfiles = '{}', propertySourceLocations = '{}', propertySourceProperties = '{}', contextCustomizers = set[org.springframework.boot.test.context.filter.ExcludeFilterContextCustomizer@26711ccf, org.springframework.boot.test.json.DuplicateJsonObjectContextCustomizerFactory$DuplicateJsonObjectContextCustomizer@4b04489e, org.springframework.boot.test.mock.mockito.MockitoContextCustomizer@0, org.springframework.boot.test.autoconfigure.properties.PropertyMappingContextCustomizer@0, org.springframework.boot.test.autoconfigure.web.servlet.WebDriverContextCustomizerFactory$Customizer@5ec846d8], contextLoader = 'org.springframework.test.context.support.DelegatingSmartContextLoader', parent = [null]]]
22:05:24.378 [Test worker] DEBUG org.springframework.test.context.cache - Spring test ApplicationContext cache statistics: [DefaultContextCache@538e4bcb size = 1, maxSize = 32, parentContextCount = 0, hitCount = 2, missCount = 1]
22:05:24.532 [Test worker] DEBUG org.springframework.beans.factory.support.DefaultListableBeanFactory - Returning cached instance of singleton bean 'org.springframework.boot.test.mock.mockito.MockitoBeans'
22:05:24.534 [Test worker] DEBUG org.springframework.test.context.cache.DefaultCacheAwareContextLoaderDelegate - Retrieved ApplicationContext from cache with key [[MergedContextConfiguration@3719e9db testClass = AccountTest, locations = '{}', classes = '{class se1app.applicationcore.Application}', contextInitializerClasses = '[]', activeProfiles = '{}', propertySourceLocations = '{}', propertySourceProperties = '{}', contextCustomizers = set[org.springframework.boot.test.context.filter.ExcludeFilterContextCustomizer@26711ccf, org.springframework.boot.test.json.DuplicateJsonObjectContextCustomizerFactory$DuplicateJsonObjectContextCustomizer@4b04489e, org.springframework.boot.test.mock.mockito.MockitoContextCustomizer@0, org.springframework.boot.test.autoconfigure.properties.PropertyMappingContextCustomizer@0, org.springframework.boot.test.autoconfigure.web.servlet.WebDriverContextCustomizerFactory$Customizer@5ec846d8], contextLoader = 'org.springframework.test.context.support.DelegatingSmartContextLoader', parent = [null]]]
22:05:24.535 [Test worker] DEBUG org.springframework.test.context.cache - Spring test ApplicationContext cache statistics: [DefaultContextCache@538e4bcb size = 1, maxSize = 32, parentContextCount = 0, hitCount = 3, missCount = 1]
22:05:24.537 [Test worker] DEBUG org.springframework.test.context.cache.DefaultCacheAwareContextLoaderDelegate - Retrieved ApplicationContext from cache with key [[MergedContextConfiguration@3719e9db testClass = AccountTest, locations = '{}', classes = '{class se1app.applicationcore.Application}', contextInitializerClasses = '[]', activeProfiles = '{}', propertySourceLocations = '{}', propertySourceProperties = '{}', contextCustomizers = set[org.springframework.boot.test.context.filter.ExcludeFilterContextCustomizer@26711ccf, org.springframework.boot.test.json.DuplicateJsonObjectContextCustomizerFactory$DuplicateJsonObjectContextCustomizer@4b04489e, org.springframework.boot.test.mock.mockito.MockitoContextCustomizer@0, org.springframework.boot.test.autoconfigure.properties.PropertyMappingContextCustomizer@0, org.springframework.boot.test.autoconfigure.web.servlet.WebDriverContextCustomizerFactory$Customizer@5ec846d8], contextLoader = 'org.springframework.test.context.support.DelegatingSmartContextLoader', parent = [null]]]
22:05:24.537 [Test worker] DEBUG org.springframework.test.context.cache - Spring test ApplicationContext cache statistics: [DefaultContextCache@538e4bcb size = 1, maxSize = 32, parentContextCount = 0, hitCount = 4, missCount = 1]
22:05:24.538 [Test worker] DEBUG org.springframework.test.context.cache.DefaultCacheAwareContextLoaderDelegate - Retrieved ApplicationContext from cache with key [[MergedContextConfiguration@3719e9db testClass = AccountTest, locations = '{}', classes = '{class se1app.applicationcore.Application}', contextInitializerClasses = '[]', activeProfiles = '{}', propertySourceLocations = '{}', propertySourceProperties = '{}', contextCustomizers = set[org.springframework.boot.test.context.filter.ExcludeFilterContextCustomizer@26711ccf, org.springframework.boot.test.json.DuplicateJsonObjectContextCustomizerFactory$DuplicateJsonObjectContextCustomizer@4b04489e, org.springframework.boot.test.mock.mockito.MockitoContextCustomizer@0, org.springframework.boot.test.autoconfigure.properties.PropertyMappingContextCustomizer@0, org.springframework.boot.test.autoconfigure.web.servlet.WebDriverContextCustomizerFactory$Customizer@5ec846d8], contextLoader = 'org.springframework.test.context.support.DelegatingSmartContextLoader', parent = [null]]]
22:05:24.538 [Test worker] DEBUG org.springframework.test.context.cache - Spring test ApplicationContext cache statistics: [DefaultContextCache@538e4bcb size = 1, maxSize = 32, parentContextCount = 0, hitCount = 5, missCount = 1]
22:05:24.539 [Test worker] DEBUG org.springframework.beans.factory.support.DefaultListableBeanFactory - Returning cached instance of singleton bean 'org.springframework.boot.test.mock.mockito.MockitoBeans'
22:05:24.540 [Test worker] DEBUG org.springframework.orm.jpa.JpaTransactionManager - Initiating transaction rollback
22:05:24.540 [Test worker] DEBUG org.springframework.orm.jpa.JpaTransactionManager - Rolling back JPA transaction on EntityManager [org.hibernate.jpa.internal.EntityManagerImpl@6c180ae4]
22:05:24.540 [Test worker] DEBUG org.hibernate.engine.transaction.internal.TransactionImpl - rolling back
22:05:24.543 [Test worker] DEBUG org.springframework.orm.jpa.JpaTransactionManager - Closing JPA EntityManager [org.hibernate.jpa.internal.EntityManagerImpl@6c180ae4] after transaction
22:05:24.543 [Test worker] DEBUG org.springframework.orm.jpa.EntityManagerFactoryUtils - Closing JPA EntityManager
22:05:24.545 [Test worker] INFO org.springframework.test.context.transaction.TransactionContext - Rolled back transaction for test context [DefaultTestContext@64b2d808 testClass = AccountTest, testInstance = se1app.applicationcore.accountcomponent.AccountTest@67e2e033, testMethod = testBookAccountNotCoveredException@AccountTest, testException = [null], mergedContextConfiguration = [MergedContextConfiguration@3719e9db testClass = AccountTest, locations = '{}', classes = '{class se1app.applicationcore.Application}', contextInitializerClasses = '[]', activeProfiles = '{}', propertySourceLocations = '{}', propertySourceProperties = '{}', contextCustomizers = set[org.springframework.boot.test.context.filter.ExcludeFilterContextCustomizer@26711ccf, org.springframework.boot.test.json.DuplicateJsonObjectContextCustomizerFactory$DuplicateJsonObjectContextCustomizer@4b04489e, org.springframework.boot.test.mock.mockito.MockitoContextCustomizer@0, org.springframework.boot.test.autoconfigure.properties.PropertyMappingContextCustomizer@0, org.springframework.boot.test.autoconfigure.web.servlet.WebDriverContextCustomizerFactory$Customizer@5ec846d8], contextLoader = 'org.springframework.test.context.support.DelegatingSmartContextLoader', parent = [null]]].
22:05:24.545 [Test worker] DEBUG org.springframework.test.context.support.AbstractDirtiesContextTestExecutionListener - After test method: context [DefaultTestContext@64b2d808 testClass = AccountTest, testInstance = se1app.applicationcore.accountcomponent.AccountTest@67e2e033, testMethod = testBookAccountNotCoveredException@AccountTest, testException = [null], mergedContextConfiguration = [MergedContextConfiguration@3719e9db testClass = AccountTest, locations = '{}', classes = '{class se1app.applicationcore.Application}', contextInitializerClasses = '[]', activeProfiles = '{}', propertySourceLocations = '{}', propertySourceProperties = '{}', contextCustomizers = set[org.springframework.boot.test.context.filter.ExcludeFilterContextCustomizer@26711ccf, org.springframework.boot.test.json.DuplicateJsonObjectContextCustomizerFactory$DuplicateJsonObjectContextCustomizer@4b04489e, org.springframework.boot.test.mock.mockito.MockitoContextCustomizer@0, org.springframework.boot.test.autoconfigure.properties.PropertyMappingContextCustomizer@0, org.springframework.boot.test.autoconfigure.web.servlet.WebDriverContextCustomizerFactory$Customizer@5ec846d8], contextLoader = 'org.springframework.test.context.support.DelegatingSmartContextLoader', parent = [null]]], class annotated with @DirtiesContext [false] with mode [null], method annotated with @DirtiesContext [false] with mode [null].
22:05:24.547 [Test worker] DEBUG org.springframework.test.annotation.ProfileValueUtils - Retrieved @ProfileValueSourceConfiguration [null] for test class [se1app.applicationcore.accountcomponent.AccountTest]
22:05:24.548 [Test worker] DEBUG org.springframework.test.annotation.ProfileValueUtils - Retrieved ProfileValueSource type [class org.springframework.test.annotation.SystemProfileValueSource] for class [se1app.applicationcore.accountcomponent.AccountTest]
22:05:24.548 [Test worker] DEBUG org.springframework.test.context.support.DependencyInjectionTestExecutionListener - Performing dependency injection for test context [[DefaultTestContext@64b2d808 testClass = AccountTest, testInstance = se1app.applicationcore.accountcomponent.AccountTest@5742d99f, testMethod = [null], testException = [null], mergedContextConfiguration = [MergedContextConfiguration@3719e9db testClass = AccountTest, locations = '{}', classes = '{class se1app.applicationcore.Application}', contextInitializerClasses = '[]', activeProfiles = '{}', propertySourceLocations = '{}', propertySourceProperties = '{}', contextCustomizers = set[org.springframework.boot.test.context.filter.ExcludeFilterContextCustomizer@26711ccf, org.springframework.boot.test.json.DuplicateJsonObjectContextCustomizerFactory$DuplicateJsonObjectContextCustomizer@4b04489e, org.springframework.boot.test.mock.mockito.MockitoContextCustomizer@0, org.springframework.boot.test.autoconfigure.properties.PropertyMappingContextCustomizer@0, org.springframework.boot.test.autoconfigure.web.servlet.WebDriverContextCustomizerFactory$Customizer@5ec846d8], contextLoader = 'org.springframework.test.context.support.DelegatingSmartContextLoader', parent = [null]]]].
22:05:24.548 [Test worker] DEBUG org.springframework.test.context.cache.DefaultCacheAwareContextLoaderDelegate - Retrieved ApplicationContext from cache with key [[MergedContextConfiguration@3719e9db testClass = AccountTest, locations = '{}', classes = '{class se1app.applicationcore.Application}', contextInitializerClasses = '[]', activeProfiles = '{}', propertySourceLocations = '{}', propertySourceProperties = '{}', contextCustomizers = set[org.springframework.boot.test.context.filter.ExcludeFilterContextCustomizer@26711ccf, org.springframework.boot.test.json.DuplicateJsonObjectContextCustomizerFactory$DuplicateJsonObjectContextCustomizer@4b04489e, org.springframework.boot.test.mock.mockito.MockitoContextCustomizer@0, org.springframework.boot.test.autoconfigure.properties.PropertyMappingContextCustomizer@0, org.springframework.boot.test.autoconfigure.web.servlet.WebDriverContextCustomizerFactory$Customizer@5ec846d8], contextLoader = 'org.springframework.test.context.support.DelegatingSmartContextLoader', parent = [null]]]
22:05:24.548 [Test worker] DEBUG org.springframework.test.context.cache - Spring test ApplicationContext cache statistics: [DefaultContextCache@538e4bcb size = 1, maxSize = 32, parentContextCount = 0, hitCount = 6, missCount = 1]
22:05:24.548 [Test worker] DEBUG org.springframework.beans.factory.support.DefaultListableBeanFactory - Returning cached instance of singleton bean 'org.springframework.transaction.config.internalTransactionAdvisor'
22:05:24.549 [Test worker] DEBUG org.springframework.beans.factory.support.DefaultListableBeanFactory - Returning cached instance of singleton bean 'org.springframework.transaction.config.internalTransactionAdvisor'
22:05:24.549 [Test worker] DEBUG org.springframework.aop.aspectj.annotation.AnnotationAwareAspectJAutoProxyCreator - Creating implicit proxy for bean 'se1app.applicationcore.accountcomponent.AccountTest' with 0 common interceptors and 1 specific interceptors
22:05:24.549 [Test worker] DEBUG org.springframework.aop.framework.CglibAopProxy - Creating CGLIB proxy: target source is SingletonTargetSource for target object [se1app.applicationcore.accountcomponent.AccountTest@5742d99f]
22:05:24.550 [Test worker] DEBUG org.springframework.test.context.support.AbstractDirtiesContextTestExecutionListener - Before test method: context [DefaultTestContext@64b2d808 testClass = AccountTest, testInstance = se1app.applicationcore.accountcomponent.AccountTest@5742d99f, testMethod = testAccount@AccountTest, testException = [null], mergedContextConfiguration = [MergedContextConfiguration@3719e9db testClass = AccountTest, locations = '{}', classes = '{class se1app.applicationcore.Application}', contextInitializerClasses = '[]', activeProfiles = '{}', propertySourceLocations = '{}', propertySourceProperties = '{}', contextCustomizers = set[org.springframework.boot.test.context.filter.ExcludeFilterContextCustomizer@26711ccf, org.springframework.boot.test.json.DuplicateJsonObjectContextCustomizerFactory$DuplicateJsonObjectContextCustomizer@4b04489e, org.springframework.boot.test.mock.mockito.MockitoContextCustomizer@0, org.springframework.boot.test.autoconfigure.properties.PropertyMappingContextCustomizer@0, org.springframework.boot.test.autoconfigure.web.servlet.WebDriverContextCustomizerFactory$Customizer@5ec846d8], contextLoader = 'org.springframework.test.context.support.DelegatingSmartContextLoader', parent = [null]]], class annotated with @DirtiesContext [false] with mode [null], method annotated with @DirtiesContext [false] with mode [null].
22:05:24.550 [Test worker] DEBUG org.springframework.transaction.annotation.AnnotationTransactionAttributeSource - Adding transactional method 'se1app.applicationcore.accountcomponent.AccountTest.testAccount' with attribute: PROPAGATION_REQUIRED,ISOLATION_DEFAULT; ''
22:05:24.550 [Test worker] DEBUG org.springframework.test.context.transaction.TransactionalTestExecutionListener - Explicit transaction definition [PROPAGATION_REQUIRED,ISOLATION_DEFAULT; ''] found for test context [DefaultTestContext@64b2d808 testClass = AccountTest, testInstance = se1app.applicationcore.accountcomponent.AccountTest@5742d99f, testMethod = testAccount@AccountTest, testException = [null], mergedContextConfiguration = [MergedContextConfiguration@3719e9db testClass = AccountTest, locations = '{}', classes = '{class se1app.applicationcore.Application}', contextInitializerClasses = '[]', activeProfiles = '{}', propertySourceLocations = '{}', propertySourceProperties = '{}', contextCustomizers = set[org.springframework.boot.test.context.filter.ExcludeFilterContextCustomizer@26711ccf, org.springframework.boot.test.json.DuplicateJsonObjectContextCustomizerFactory$DuplicateJsonObjectContextCustomizer@4b04489e, org.springframework.boot.test.mock.mockito.MockitoContextCustomizer@0, org.springframework.boot.test.autoconfigure.properties.PropertyMappingContextCustomizer@0, org.springframework.boot.test.autoconfigure.web.servlet.WebDriverContextCustomizerFactory$Customizer@5ec846d8], contextLoader = 'org.springframework.test.context.support.DelegatingSmartContextLoader', parent = [null]]]
22:05:24.550 [Test worker] DEBUG org.springframework.test.context.cache.DefaultCacheAwareContextLoaderDelegate - Retrieved ApplicationContext from cache with key [[MergedContextConfiguration@3719e9db testClass = AccountTest, locations = '{}', classes = '{class se1app.applicationcore.Application}', contextInitializerClasses = '[]', activeProfiles = '{}', propertySourceLocations = '{}', propertySourceProperties = '{}', contextCustomizers = set[org.springframework.boot.test.context.filter.ExcludeFilterContextCustomizer@26711ccf, org.springframework.boot.test.json.DuplicateJsonObjectContextCustomizerFactory$DuplicateJsonObjectContextCustomizer@4b04489e, org.springframework.boot.test.mock.mockito.MockitoContextCustomizer@0, org.springframework.boot.test.autoconfigure.properties.PropertyMappingContextCustomizer@0, org.springframework.boot.test.autoconfigure.web.servlet.WebDriverContextCustomizerFactory$Customizer@5ec846d8], contextLoader = 'org.springframework.test.context.support.DelegatingSmartContextLoader', parent = [null]]]
22:05:24.551 [Test worker] DEBUG org.springframework.test.context.cache - Spring test ApplicationContext cache statistics: [DefaultContextCache@538e4bcb size = 1, maxSize = 32, parentContextCount = 0, hitCount = 7, missCount = 1]
22:05:24.551 [Test worker] DEBUG org.springframework.beans.factory.support.DefaultListableBeanFactory - Returning cached instance of singleton bean 'transactionManager'
22:05:24.551 [Test worker] DEBUG org.springframework.test.context.transaction.TransactionalTestExecutionListener - No method-level @Rollback override: using default rollback [true] for test context [DefaultTestContext@64b2d808 testClass = AccountTest, testInstance = se1app.applicationcore.accountcomponent.AccountTest@5742d99f, testMethod = testAccount@AccountTest, testException = [null], mergedContextConfiguration = [MergedContextConfiguration@3719e9db testClass = AccountTest, locations = '{}', classes = '{class se1app.applicationcore.Application}', contextInitializerClasses = '[]', activeProfiles = '{}', propertySourceLocations = '{}', propertySourceProperties = '{}', contextCustomizers = set[org.springframework.boot.test.context.filter.ExcludeFilterContextCustomizer@26711ccf, org.springframework.boot.test.json.DuplicateJsonObjectContextCustomizerFactory$DuplicateJsonObjectContextCustomizer@4b04489e, org.springframework.boot.test.mock.mockito.MockitoContextCustomizer@0, org.springframework.boot.test.autoconfigure.properties.PropertyMappingContextCustomizer@0, org.springframework.boot.test.autoconfigure.web.servlet.WebDriverContextCustomizerFactory$Customizer@5ec846d8], contextLoader = 'org.springframework.test.context.support.DelegatingSmartContextLoader', parent = [null]]].
22:05:24.551 [Test worker] DEBUG org.springframework.orm.jpa.JpaTransactionManager - Creating new transaction with name [se1app.applicationcore.accountcomponent.AccountTest.testAccount]: PROPAGATION_REQUIRED,ISOLATION_DEFAULT; ''
22:05:24.552 [Test worker] DEBUG org.springframework.orm.jpa.JpaTransactionManager - Opened new EntityManager [org.hibernate.jpa.internal.EntityManagerImpl@6f97ba93] for JPA transaction
22:05:24.552 [Test worker] DEBUG org.hibernate.engine.transaction.internal.TransactionImpl - begin
22:05:24.552 [Test worker] DEBUG org.springframework.orm.jpa.JpaTransactionManager - Exposing JPA transaction as JDBC transaction [org.springframework.orm.jpa.vendor.HibernateJpaDialect$HibernateConnectionHandle@25e89af]
22:05:24.552 [Test worker] INFO org.springframework.test.context.transaction.TransactionContext - Began transaction (1) for test context [DefaultTestContext@64b2d808 testClass = AccountTest, testInstance = se1app.applicationcore.accountcomponent.AccountTest@5742d99f, testMethod = testAccount@AccountTest, testException = [null], mergedContextConfiguration = [MergedContextConfiguration@3719e9db testClass = AccountTest, locations = '{}', classes = '{class se1app.applicationcore.Application}', contextInitializerClasses = '[]', activeProfiles = '{}', propertySourceLocations = '{}', propertySourceProperties = '{}', contextCustomizers = set[org.springframework.boot.test.context.filter.ExcludeFilterContextCustomizer@26711ccf, org.springframework.boot.test.json.DuplicateJsonObjectContextCustomizerFactory$DuplicateJsonObjectContextCustomizer@4b04489e, org.springframework.boot.test.mock.mockito.MockitoContextCustomizer@0, org.springframework.boot.test.autoconfigure.properties.PropertyMappingContextCustomizer@0, org.springframework.boot.test.autoconfigure.web.servlet.WebDriverContextCustomizerFactory$Customizer@5ec846d8], contextLoader = 'org.springframework.test.context.support.DelegatingSmartContextLoader', parent = [null]]]; transaction manager [org.springframework.orm.jpa.JpaTransactionManager@4da4165c]; rollback [true]
22:05:24.553 [Test worker] DEBUG org.springframework.test.context.cache.DefaultCacheAwareContextLoaderDelegate - Retrieved ApplicationContext from cache with key [[MergedContextConfiguration@3719e9db testClass = AccountTest, locations = '{}', classes = '{class se1app.applicationcore.Application}', contextInitializerClasses = '[]', activeProfiles = '{}', propertySourceLocations = '{}', propertySourceProperties = '{}', contextCustomizers = set[org.springframework.boot.test.context.filter.ExcludeFilterContextCustomizer@26711ccf, org.springframework.boot.test.json.DuplicateJsonObjectContextCustomizerFactory$DuplicateJsonObjectContextCustomizer@4b04489e, org.springframework.boot.test.mock.mockito.MockitoContextCustomizer@0, org.springframework.boot.test.autoconfigure.properties.PropertyMappingContextCustomizer@0, org.springframework.boot.test.autoconfigure.web.servlet.WebDriverContextCustomizerFactory$Customizer@5ec846d8], contextLoader = 'org.springframework.test.context.support.DelegatingSmartContextLoader', parent = [null]]]
22:05:24.553 [Test worker] DEBUG org.springframework.test.context.cache - Spring test ApplicationContext cache statistics: [DefaultContextCache@538e4bcb size = 1, maxSize = 32, parentContextCount = 0, hitCount = 8, missCount = 1]
22:05:24.554 [Test worker] DEBUG org.springframework.beans.factory.support.DefaultListableBeanFactory - Returning cached instance of singleton bean 'org.springframework.boot.test.mock.mockito.MockitoBeans'
22:05:24.555 [Test worker] DEBUG org.springframework.test.context.cache.DefaultCacheAwareContextLoaderDelegate - Retrieved ApplicationContext from cache with key [[MergedContextConfiguration@3719e9db testClass = AccountTest, locations = '{}', classes = '{class se1app.applicationcore.Application}', contextInitializerClasses = '[]', activeProfiles = '{}', propertySourceLocations = '{}', propertySourceProperties = '{}', contextCustomizers = set[org.springframework.boot.test.context.filter.ExcludeFilterContextCustomizer@26711ccf, org.springframework.boot.test.json.DuplicateJsonObjectContextCustomizerFactory$DuplicateJsonObjectContextCustomizer@4b04489e, org.springframework.boot.test.mock.mockito.MockitoContextCustomizer@0, org.springframework.boot.test.autoconfigure.properties.PropertyMappingContextCustomizer@0, org.springframework.boot.test.autoconfigure.web.servlet.WebDriverContextCustomizerFactory$Customizer@5ec846d8], contextLoader = 'org.springframework.test.context.support.DelegatingSmartContextLoader', parent = [null]]]
22:05:24.555 [Test worker] DEBUG org.springframework.test.context.cache - Spring test ApplicationContext cache statistics: [DefaultContextCache@538e4bcb size = 1, maxSize = 32, parentContextCount = 0, hitCount = 9, missCount = 1]
22:05:24.556 [Test worker] DEBUG org.springframework.test.context.cache.DefaultCacheAwareContextLoaderDelegate - Retrieved ApplicationContext from cache with key [[MergedContextConfiguration@3719e9db testClass = AccountTest, locations = '{}', classes = '{class se1app.applicationcore.Application}', contextInitializerClasses = '[]', activeProfiles = '{}', propertySourceLocations = '{}', propertySourceProperties = '{}', contextCustomizers = set[org.springframework.boot.test.context.filter.ExcludeFilterContextCustomizer@26711ccf, org.springframework.boot.test.json.DuplicateJsonObjectContextCustomizerFactory$DuplicateJsonObjectContextCustomizer@4b04489e, org.springframework.boot.test.mock.mockito.MockitoContextCustomizer@0, org.springframework.boot.test.autoconfigure.properties.PropertyMappingContextCustomizer@0, org.springframework.boot.test.autoconfigure.web.servlet.WebDriverContextCustomizerFactory$Customizer@5ec846d8], contextLoader = 'org.springframework.test.context.support.DelegatingSmartContextLoader', parent = [null]]]
22:05:24.556 [Test worker] DEBUG org.springframework.test.context.cache - Spring test ApplicationContext cache statistics: [DefaultContextCache@538e4bcb size = 1, maxSize = 32, parentContextCount = 0, hitCount = 10, missCount = 1]
22:05:24.557 [Test worker] DEBUG org.springframework.test.context.cache.DefaultCacheAwareContextLoaderDelegate - Retrieved ApplicationContext from cache with key [[MergedContextConfiguration@3719e9db testClass = AccountTest, locations = '{}', classes = '{class se1app.applicationcore.Application}', contextInitializerClasses = '[]', activeProfiles = '{}', propertySourceLocations = '{}', propertySourceProperties = '{}', contextCustomizers = set[org.springframework.boot.test.context.filter.ExcludeFilterContextCustomizer@26711ccf, org.springframework.boot.test.json.DuplicateJsonObjectContextCustomizerFactory$DuplicateJsonObjectContextCustomizer@4b04489e, org.springframework.boot.test.mock.mockito.MockitoContextCustomizer@0, org.springframework.boot.test.autoconfigure.properties.PropertyMappingContextCustomizer@0, org.springframework.boot.test.autoconfigure.web.servlet.WebDriverContextCustomizerFactory$Customizer@5ec846d8], contextLoader = 'org.springframework.test.context.support.DelegatingSmartContextLoader', parent = [null]]]
22:05:24.557 [Test worker] DEBUG org.springframework.test.context.cache - Spring test ApplicationContext cache statistics: [DefaultContextCache@538e4bcb size = 1, maxSize = 32, parentContextCount = 0, hitCount = 11, missCount = 1]
22:05:24.559 [Test worker] DEBUG org.springframework.beans.factory.support.DefaultListableBeanFactory - Returning cached instance of singleton bean 'org.springframework.boot.test.mock.mockito.MockitoBeans'
22:05:24.559 [Test worker] DEBUG org.springframework.orm.jpa.JpaTransactionManager - Initiating transaction rollback
22:05:24.559 [Test worker] DEBUG org.springframework.orm.jpa.JpaTransactionManager - Rolling back JPA transaction on EntityManager [org.hibernate.jpa.internal.EntityManagerImpl@6f97ba93]
22:05:24.559 [Test worker] DEBUG org.hibernate.engine.transaction.internal.TransactionImpl - rolling back
22:05:24.559 [Test worker] DEBUG org.springframework.orm.jpa.JpaTransactionManager - Closing JPA EntityManager [org.hibernate.jpa.internal.EntityManagerImpl@6f97ba93] after transaction
22:05:24.559 [Test worker] DEBUG org.springframework.orm.jpa.EntityManagerFactoryUtils - Closing JPA EntityManager
22:05:24.560 [Test worker] INFO org.springframework.test.context.transaction.TransactionContext - Rolled back transaction for test context [DefaultTestContext@64b2d808 testClass = AccountTest, testInstance = se1app.applicationcore.accountcomponent.AccountTest@5742d99f, testMethod = testAccount@AccountTest, testException = [null], mergedContextConfiguration = [MergedContextConfiguration@3719e9db testClass = AccountTest, locations = '{}', classes = '{class se1app.applicationcore.Application}', contextInitializerClasses = '[]', activeProfiles = '{}', propertySourceLocations = '{}', propertySourceProperties = '{}', contextCustomizers = set[org.springframework.boot.test.context.filter.ExcludeFilterContextCustomizer@26711ccf, org.springframework.boot.test.json.DuplicateJsonObjectContextCustomizerFactory$DuplicateJsonObjectContextCustomizer@4b04489e, org.springframework.boot.test.mock.mockito.MockitoContextCustomizer@0, org.springframework.boot.test.autoconfigure.properties.PropertyMappingContextCustomizer@0, org.springframework.boot.test.autoconfigure.web.servlet.WebDriverContextCustomizerFactory$Customizer@5ec846d8], contextLoader = 'org.springframework.test.context.support.DelegatingSmartContextLoader', parent = [null]]].
22:05:24.560 [Test worker] DEBUG org.springframework.test.context.support.AbstractDirtiesContextTestExecutionListener - After test method: context [DefaultTestContext@64b2d808 testClass = AccountTest, testInstance = se1app.applicationcore.accountcomponent.AccountTest@5742d99f, testMethod = testAccount@AccountTest, testException = [null], mergedContextConfiguration = [MergedContextConfiguration@3719e9db testClass = AccountTest, locations = '{}', classes = '{class se1app.applicationcore.Application}', contextInitializerClasses = '[]', activeProfiles = '{}', propertySourceLocations = '{}', propertySourceProperties = '{}', contextCustomizers = set[org.springframework.boot.test.context.filter.ExcludeFilterContextCustomizer@26711ccf, org.springframework.boot.test.json.DuplicateJsonObjectContextCustomizerFactory$DuplicateJsonObjectContextCustomizer@4b04489e, org.springframework.boot.test.mock.mockito.MockitoContextCustomizer@0, org.springframework.boot.test.autoconfigure.properties.PropertyMappingContextCustomizer@0, org.springframework.boot.test.autoconfigure.web.servlet.WebDriverContextCustomizerFactory$Customizer@5ec846d8], contextLoader = 'org.springframework.test.context.support.DelegatingSmartContextLoader', parent = [null]]], class annotated with @DirtiesContext [false] with mode [null], method annotated with @DirtiesContext [false] with mode [null].
22:05:24.560 [Test worker] DEBUG org.springframework.test.annotation.ProfileValueUtils - Retrieved @ProfileValueSourceConfiguration [null] for test class [se1app.applicationcore.accountcomponent.AccountTest]
22:05:24.560 [Test worker] DEBUG org.springframework.test.annotation.ProfileValueUtils - Retrieved ProfileValueSource type [class org.springframework.test.annotation.SystemProfileValueSource] for class [se1app.applicationcore.accountcomponent.AccountTest]
22:05:24.560 [Test worker] DEBUG org.springframework.test.context.support.DependencyInjectionTestExecutionListener - Performing dependency injection for test context [[DefaultTestContext@64b2d808 testClass = AccountTest, testInstance = se1app.applicationcore.accountcomponent.AccountTest@63d2166d, testMethod = [null], testException = [null], mergedContextConfiguration = [MergedContextConfiguration@3719e9db testClass = AccountTest, locations = '{}', classes = '{class se1app.applicationcore.Application}', contextInitializerClasses = '[]', activeProfiles = '{}', propertySourceLocations = '{}', propertySourceProperties = '{}', contextCustomizers = set[org.springframework.boot.test.context.filter.ExcludeFilterContextCustomizer@26711ccf, org.springframework.boot.test.json.DuplicateJsonObjectContextCustomizerFactory$DuplicateJsonObjectContextCustomizer@4b04489e, org.springframework.boot.test.mock.mockito.MockitoContextCustomizer@0, org.springframework.boot.test.autoconfigure.properties.PropertyMappingContextCustomizer@0, org.springframework.boot.test.autoconfigure.web.servlet.WebDriverContextCustomizerFactory$Customizer@5ec846d8], contextLoader = 'org.springframework.test.context.support.DelegatingSmartContextLoader', parent = [null]]]].
22:05:24.560 [Test worker] DEBUG org.springframework.test.context.cache.DefaultCacheAwareContextLoaderDelegate - Retrieved ApplicationContext from cache with key [[MergedContextConfiguration@3719e9db testClass = AccountTest, locations = '{}', classes = '{class se1app.applicationcore.Application}', contextInitializerClasses = '[]', activeProfiles = '{}', propertySourceLocations = '{}', propertySourceProperties = '{}', contextCustomizers = set[org.springframework.boot.test.context.filter.ExcludeFilterContextCustomizer@26711ccf, org.springframework.boot.test.json.DuplicateJsonObjectContextCustomizerFactory$DuplicateJsonObjectContextCustomizer@4b04489e, org.springframework.boot.test.mock.mockito.MockitoContextCustomizer@0, org.springframework.boot.test.autoconfigure.properties.PropertyMappingContextCustomizer@0, org.springframework.boot.test.autoconfigure.web.servlet.WebDriverContextCustomizerFactory$Customizer@5ec846d8], contextLoader = 'org.springframework.test.context.support.DelegatingSmartContextLoader', parent = [null]]]
22:05:24.561 [Test worker] DEBUG org.springframework.test.context.cache - Spring test ApplicationContext cache statistics: [DefaultContextCache@538e4bcb size = 1, maxSize = 32, parentContextCount = 0, hitCount = 12, missCount = 1]
22:05:24.561 [Test worker] DEBUG org.springframework.beans.factory.support.DefaultListableBeanFactory - Returning cached instance of singleton bean 'org.springframework.transaction.config.internalTransactionAdvisor'
22:05:24.561 [Test worker] DEBUG org.springframework.beans.factory.support.DefaultListableBeanFactory - Returning cached instance of singleton bean 'org.springframework.transaction.config.internalTransactionAdvisor'
22:05:24.561 [Test worker] DEBUG org.springframework.aop.aspectj.annotation.AnnotationAwareAspectJAutoProxyCreator - Creating implicit proxy for bean 'se1app.applicationcore.accountcomponent.AccountTest' with 0 common interceptors and 1 specific interceptors
22:05:24.562 [Test worker] DEBUG org.springframework.aop.framework.CglibAopProxy - Creating CGLIB proxy: target source is SingletonTargetSource for target object [se1app.applicationcore.accountcomponent.AccountTest@63d2166d]
22:05:24.562 [Test worker] DEBUG org.springframework.test.context.support.AbstractDirtiesContextTestExecutionListener - Before test method: context [DefaultTestContext@64b2d808 testClass = AccountTest, testInstance = se1app.applicationcore.accountcomponent.AccountTest@63d2166d, testMethod = testBook@AccountTest, testException = [null], mergedContextConfiguration = [MergedContextConfiguration@3719e9db testClass = AccountTest, locations = '{}', classes = '{class se1app.applicationcore.Application}', contextInitializerClasses = '[]', activeProfiles = '{}', propertySourceLocations = '{}', propertySourceProperties = '{}', contextCustomizers = set[org.springframework.boot.test.context.filter.ExcludeFilterContextCustomizer@26711ccf, org.springframework.boot.test.json.DuplicateJsonObjectContextCustomizerFactory$DuplicateJsonObjectContextCustomizer@4b04489e, org.springframework.boot.test.mock.mockito.MockitoContextCustomizer@0, org.springframework.boot.test.autoconfigure.properties.PropertyMappingContextCustomizer@0, org.springframework.boot.test.autoconfigure.web.servlet.WebDriverContextCustomizerFactory$Customizer@5ec846d8], contextLoader = 'org.springframework.test.context.support.DelegatingSmartContextLoader', parent = [null]]], class annotated with @DirtiesContext [false] with mode [null], method annotated with @DirtiesContext [false] with mode [null].
22:05:24.563 [Test worker] DEBUG org.springframework.transaction.annotation.AnnotationTransactionAttributeSource - Adding transactional method 'se1app.applicationcore.accountcomponent.AccountTest.testBook' with attribute: PROPAGATION_REQUIRED,ISOLATION_DEFAULT; ''
22:05:24.563 [Test worker] DEBUG org.springframework.test.context.transaction.TransactionalTestExecutionListener - Explicit transaction definition [PROPAGATION_REQUIRED,ISOLATION_DEFAULT; ''] found for test context [DefaultTestContext@64b2d808 testClass = AccountTest, testInstance = se1app.applicationcore.accountcomponent.AccountTest@63d2166d, testMethod = testBook@AccountTest, testException = [null], mergedContextConfiguration = [MergedContextConfiguration@3719e9db testClass = AccountTest, locations = '{}', classes = '{class se1app.applicationcore.Application}', contextInitializerClasses = '[]', activeProfiles = '{}', propertySourceLocations = '{}', propertySourceProperties = '{}', contextCustomizers = set[org.springframework.boot.test.context.filter.ExcludeFilterContextCustomizer@26711ccf, org.springframework.boot.test.json.DuplicateJsonObjectContextCustomizerFactory$DuplicateJsonObjectContextCustomizer@4b04489e, org.springframework.boot.test.mock.mockito.MockitoContextCustomizer@0, org.springframework.boot.test.autoconfigure.properties.PropertyMappingContextCustomizer@0, org.springframework.boot.test.autoconfigure.web.servlet.WebDriverContextCustomizerFactory$Customizer@5ec846d8], contextLoader = 'org.springframework.test.context.support.DelegatingSmartContextLoader', parent = [null]]]
22:05:24.564 [Test worker] DEBUG org.springframework.test.context.cache.DefaultCacheAwareContextLoaderDelegate - Retrieved ApplicationContext from cache with key [[MergedContextConfiguration@3719e9db testClass = AccountTest, locations = '{}', classes = '{class se1app.applicationcore.Application}', contextInitializerClasses = '[]', activeProfiles = '{}', propertySourceLocations = '{}', propertySourceProperties = '{}', contextCustomizers = set[org.springframework.boot.test.context.filter.ExcludeFilterContextCustomizer@26711ccf, org.springframework.boot.test.json.DuplicateJsonObjectContextCustomizerFactory$DuplicateJsonObjectContextCustomizer@4b04489e, org.springframework.boot.test.mock.mockito.MockitoContextCustomizer@0, org.springframework.boot.test.autoconfigure.properties.PropertyMappingContextCustomizer@0, org.springframework.boot.test.autoconfigure.web.servlet.WebDriverContextCustomizerFactory$Customizer@5ec846d8], contextLoader = 'org.springframework.test.context.support.DelegatingSmartContextLoader', parent = [null]]]
22:05:24.564 [Test worker] DEBUG org.springframework.test.context.cache - Spring test ApplicationContext cache statistics: [DefaultContextCache@538e4bcb size = 1, maxSize = 32, parentContextCount = 0, hitCount = 13, missCount = 1]
22:05:24.564 [Test worker] DEBUG org.springframework.beans.factory.support.DefaultListableBeanFactory - Returning cached instance of singleton bean 'transactionManager'
22:05:24.564 [Test worker] DEBUG org.springframework.test.context.transaction.TransactionalTestExecutionListener - No method-level @Rollback override: using default rollback [true] for test context [DefaultTestContext@64b2d808 testClass = AccountTest, testInstance = se1app.applicationcore.accountcomponent.AccountTest@63d2166d, testMethod = testBook@AccountTest, testException = [null], mergedContextConfiguration = [MergedContextConfiguration@3719e9db testClass = AccountTest, locations = '{}', classes = '{class se1app.applicationcore.Application}', contextInitializerClasses = '[]', activeProfiles = '{}', propertySourceLocations = '{}', propertySourceProperties = '{}', contextCustomizers = set[org.springframework.boot.test.context.filter.ExcludeFilterContextCustomizer@26711ccf, org.springframework.boot.test.json.DuplicateJsonObjectContextCustomizerFactory$DuplicateJsonObjectContextCustomizer@4b04489e, org.springframework.boot.test.mock.mockito.MockitoContextCustomizer@0, org.springframework.boot.test.autoconfigure.properties.PropertyMappingContextCustomizer@0, org.springframework.boot.test.autoconfigure.web.servlet.WebDriverContextCustomizerFactory$Customizer@5ec846d8], contextLoader = 'org.springframework.test.context.support.DelegatingSmartContextLoader', parent = [null]]].
22:05:24.564 [Test worker] DEBUG org.springframework.orm.jpa.JpaTransactionManager - Creating new transaction with name [se1app.applicationcore.accountcomponent.AccountTest.testBook]: PROPAGATION_REQUIRED,ISOLATION_DEFAULT; ''
22:05:24.564 [Test worker] DEBUG org.springframework.orm.jpa.JpaTransactionManager - Opened new EntityManager [org.hibernate.jpa.internal.EntityManagerImpl@221db5a9] for JPA transaction
22:05:24.564 [Test worker] DEBUG org.hibernate.engine.transaction.internal.TransactionImpl - begin
22:05:24.565 [Test worker] DEBUG org.springframework.orm.jpa.JpaTransactionManager - Exposing JPA transaction as JDBC transaction [org.springframework.orm.jpa.vendor.HibernateJpaDialect$HibernateConnectionHandle@708cd05b]
22:05:24.565 [Test worker] INFO org.springframework.test.context.transaction.TransactionContext - Began transaction (1) for test context [DefaultTestContext@64b2d808 testClass = AccountTest, testInstance = se1app.applicationcore.accountcomponent.AccountTest@63d2166d, testMethod = testBook@AccountTest, testException = [null], mergedContextConfiguration = [MergedContextConfiguration@3719e9db testClass = AccountTest, locations = '{}', classes = '{class se1app.applicationcore.Application}', contextInitializerClasses = '[]', activeProfiles = '{}', propertySourceLocations = '{}', propertySourceProperties = '{}', contextCustomizers = set[org.springframework.boot.test.context.filter.ExcludeFilterContextCustomizer@26711ccf, org.springframework.boot.test.json.DuplicateJsonObjectContextCustomizerFactory$DuplicateJsonObjectContextCustomizer@4b04489e, org.springframework.boot.test.mock.mockito.MockitoContextCustomizer@0, org.springframework.boot.test.autoconfigure.properties.PropertyMappingContextCustomizer@0, org.springframework.boot.test.autoconfigure.web.servlet.WebDriverContextCustomizerFactory$Customizer@5ec846d8], contextLoader = 'org.springframework.test.context.support.DelegatingSmartContextLoader', parent = [null]]]; transaction manager [org.springframework.orm.jpa.JpaTransactionManager@4da4165c]; rollback [true]
22:05:24.565 [Test worker] DEBUG org.springframework.test.context.cache.DefaultCacheAwareContextLoaderDelegate - Retrieved ApplicationContext from cache with key [[MergedContextConfiguration@3719e9db testClass = AccountTest, locations = '{}', classes = '{class se1app.applicationcore.Application}', contextInitializerClasses = '[]', activeProfiles = '{}', propertySourceLocations = '{}', propertySourceProperties = '{}', contextCustomizers = set[org.springframework.boot.test.context.filter.ExcludeFilterContextCustomizer@26711ccf, org.springframework.boot.test.json.DuplicateJsonObjectContextCustomizerFactory$DuplicateJsonObjectContextCustomizer@4b04489e, org.springframework.boot.test.mock.mockito.MockitoContextCustomizer@0, org.springframework.boot.test.autoconfigure.properties.PropertyMappingContextCustomizer@0, org.springframework.boot.test.autoconfigure.web.servlet.WebDriverContextCustomizerFactory$Customizer@5ec846d8], contextLoader = 'org.springframework.test.context.support.DelegatingSmartContextLoader', parent = [null]]]
22:05:24.565 [Test worker] DEBUG org.springframework.test.context.cache - Spring test ApplicationContext cache statistics: [DefaultContextCache@538e4bcb size = 1, maxSize = 32, parentContextCount = 0, hitCount = 14, missCount = 1]
22:05:24.567 [Test worker] DEBUG org.springframework.beans.factory.support.DefaultListableBeanFactory - Returning cached instance of singleton bean 'org.springframework.boot.test.mock.mockito.MockitoBeans'
22:05:24.569 [Test worker] DEBUG org.springframework.test.context.cache.DefaultCacheAwareContextLoaderDelegate - Retrieved ApplicationContext from cache with key [[MergedContextConfiguration@3719e9db testClass = AccountTest, locations = '{}', classes = '{class se1app.applicationcore.Application}', contextInitializerClasses = '[]', activeProfiles = '{}', propertySourceLocations = '{}', propertySourceProperties = '{}', contextCustomizers = set[org.springframework.boot.test.context.filter.ExcludeFilterContextCustomizer@26711ccf, org.springframework.boot.test.json.DuplicateJsonObjectContextCustomizerFactory$DuplicateJsonObjectContextCustomizer@4b04489e, org.springframework.boot.test.mock.mockito.MockitoContextCustomizer@0, org.springframework.boot.test.autoconfigure.properties.PropertyMappingContextCustomizer@0, org.springframework.boot.test.autoconfigure.web.servlet.WebDriverContextCustomizerFactory$Customizer@5ec846d8], contextLoader = 'org.springframework.test.context.support.DelegatingSmartContextLoader', parent = [null]]]
22:05:24.569 [Test worker] DEBUG org.springframework.test.context.cache - Spring test ApplicationContext cache statistics: [DefaultContextCache@538e4bcb size = 1, maxSize = 32, parentContextCount = 0, hitCount = 15, missCount = 1]
22:05:24.570 [Test worker] DEBUG org.springframework.test.context.cache.DefaultCacheAwareContextLoaderDelegate - Retrieved ApplicationContext from cache with key [[MergedContextConfiguration@3719e9db testClass = AccountTest, locations = '{}', classes = '{class se1app.applicationcore.Application}', contextInitializerClasses = '[]', activeProfiles = '{}', propertySourceLocations = '{}', propertySourceProperties = '{}', contextCustomizers = set[org.springframework.boot.test.context.filter.ExcludeFilterContextCustomizer@26711ccf, org.springframework.boot.test.json.DuplicateJsonObjectContextCustomizerFactory$DuplicateJsonObjectContextCustomizer@4b04489e, org.springframework.boot.test.mock.mockito.MockitoContextCustomizer@0, org.springframework.boot.test.autoconfigure.properties.PropertyMappingContextCustomizer@0, org.springframework.boot.test.autoconfigure.web.servlet.WebDriverContextCustomizerFactory$Customizer@5ec846d8], contextLoader = 'org.springframework.test.context.support.DelegatingSmartContextLoader', parent = [null]]]
22:05:24.570 [Test worker] DEBUG org.springframework.test.context.cache - Spring test ApplicationContext cache statistics: [DefaultContextCache@538e4bcb size = 1, maxSize = 32, parentContextCount = 0, hitCount = 16, missCount = 1]
22:05:24.571 [Test worker] DEBUG org.springframework.test.context.cache.DefaultCacheAwareContextLoaderDelegate - Retrieved ApplicationContext from cache with key [[MergedContextConfiguration@3719e9db testClass = AccountTest, locations = '{}', classes = '{class se1app.applicationcore.Application}', contextInitializerClasses = '[]', activeProfiles = '{}', propertySourceLocations = '{}', propertySourceProperties = '{}', contextCustomizers = set[org.springframework.boot.test.context.filter.ExcludeFilterContextCustomizer@26711ccf, org.springframework.boot.test.json.DuplicateJsonObjectContextCustomizerFactory$DuplicateJsonObjectContextCustomizer@4b04489e, org.springframework.boot.test.mock.mockito.MockitoContextCustomizer@0, org.springframework.boot.test.autoconfigure.properties.PropertyMappingContextCustomizer@0, org.springframework.boot.test.autoconfigure.web.servlet.WebDriverContextCustomizerFactory$Customizer@5ec846d8], contextLoader = 'org.springframework.test.context.support.DelegatingSmartContextLoader', parent = [null]]]
22:05:24.571 [Test worker] DEBUG org.springframework.test.context.cache - Spring test ApplicationContext cache statistics: [DefaultContextCache@538e4bcb size = 1, maxSize = 32, parentContextCount = 0, hitCount = 17, missCount = 1]
22:05:24.576 [Test worker] DEBUG org.springframework.beans.factory.support.DefaultListableBeanFactory - Returning cached instance of singleton bean 'org.springframework.boot.test.mock.mockito.MockitoBeans'
22:05:24.576 [Test worker] DEBUG org.springframework.orm.jpa.JpaTransactionManager - Initiating transaction rollback
22:05:24.577 [Test worker] DEBUG org.springframework.orm.jpa.JpaTransactionManager - Rolling back JPA transaction on EntityManager [org.hibernate.jpa.internal.EntityManagerImpl@221db5a9]
22:05:24.577 [Test worker] DEBUG org.hibernate.engine.transaction.internal.TransactionImpl - rolling back
22:05:24.578 [Test worker] DEBUG org.springframework.orm.jpa.JpaTransactionManager - Closing JPA EntityManager [org.hibernate.jpa.internal.EntityManagerImpl@221db5a9] after transaction
22:05:24.578 [Test worker] DEBUG org.springframework.orm.jpa.EntityManagerFactoryUtils - Closing JPA EntityManager
22:05:24.578 [Test worker] INFO org.springframework.test.context.transaction.TransactionContext - Rolled back transaction for test context [DefaultTestContext@64b2d808 testClass = AccountTest, testInstance = se1app.applicationcore.accountcomponent.AccountTest@63d2166d, testMethod = testBook@AccountTest, testException = [null], mergedContextConfiguration = [MergedContextConfiguration@3719e9db testClass = AccountTest, locations = '{}', classes = '{class se1app.applicationcore.Application}', contextInitializerClasses = '[]', activeProfiles = '{}', propertySourceLocations = '{}', propertySourceProperties = '{}', contextCustomizers = set[org.springframework.boot.test.context.filter.ExcludeFilterContextCustomizer@26711ccf, org.springframework.boot.test.json.DuplicateJsonObjectContextCustomizerFactory$DuplicateJsonObjectContextCustomizer@4b04489e, org.springframework.boot.test.mock.mockito.MockitoContextCustomizer@0, org.springframework.boot.test.autoconfigure.properties.PropertyMappingContextCustomizer@0, org.springframework.boot.test.autoconfigure.web.servlet.WebDriverContextCustomizerFactory$Customizer@5ec846d8], contextLoader = 'org.springframework.test.context.support.DelegatingSmartContextLoader', parent = [null]]].
22:05:24.580 [Test worker] DEBUG org.springframework.test.context.support.AbstractDirtiesContextTestExecutionListener - After test method: context [DefaultTestContext@64b2d808 testClass = AccountTest, testInstance = se1app.applicationcore.accountcomponent.AccountTest@63d2166d, testMethod = testBook@AccountTest, testException = [null], mergedContextConfiguration = [MergedContextConfiguration@3719e9db testClass = AccountTest, locations = '{}', classes = '{class se1app.applicationcore.Application}', contextInitializerClasses = '[]', activeProfiles = '{}', propertySourceLocations = '{}', propertySourceProperties = '{}', contextCustomizers = set[org.springframework.boot.test.context.filter.ExcludeFilterContextCustomizer@26711ccf, org.springframework.boot.test.json.DuplicateJsonObjectContextCustomizerFactory$DuplicateJsonObjectContextCustomizer@4b04489e, org.springframework.boot.test.mock.mockito.MockitoContextCustomizer@0, org.springframework.boot.test.autoconfigure.properties.PropertyMappingContextCustomizer@0, org.springframework.boot.test.autoconfigure.web.servlet.WebDriverContextCustomizerFactory$Customizer@5ec846d8], contextLoader = 'org.springframework.test.context.support.DelegatingSmartContextLoader', parent = [null]]], class annotated with @DirtiesContext [false] with mode [null], method annotated with @DirtiesContext [false] with mode [null].
22:05:24.580 [Test worker] DEBUG org.springframework.test.annotation.ProfileValueUtils - Retrieved @ProfileValueSourceConfiguration [null] for test class [se1app.applicationcore.accountcomponent.AccountTest]
22:05:24.580 [Test worker] DEBUG org.springframework.test.annotation.ProfileValueUtils - Retrieved ProfileValueSource type [class org.springframework.test.annotation.SystemProfileValueSource] for class [se1app.applicationcore.accountcomponent.AccountTest]
22:05:24.580 [Test worker] DEBUG org.springframework.test.context.support.DependencyInjectionTestExecutionListener - Performing dependency injection for test context [[DefaultTestContext@64b2d808 testClass = AccountTest, testInstance = se1app.applicationcore.accountcomponent.AccountTest@6692c14, testMethod = [null], testException = [null], mergedContextConfiguration = [MergedContextConfiguration@3719e9db testClass = AccountTest, locations = '{}', classes = '{class se1app.applicationcore.Application}', contextInitializerClasses = '[]', activeProfiles = '{}', propertySourceLocations = '{}', propertySourceProperties = '{}', contextCustomizers = set[org.springframework.boot.test.context.filter.ExcludeFilterContextCustomizer@26711ccf, org.springframework.boot.test.json.DuplicateJsonObjectContextCustomizerFactory$DuplicateJsonObjectContextCustomizer@4b04489e, org.springframework.boot.test.mock.mockito.MockitoContextCustomizer@0, org.springframework.boot.test.autoconfigure.properties.PropertyMappingContextCustomizer@0, org.springframework.boot.test.autoconfigure.web.servlet.WebDriverContextCustomizerFactory$Customizer@5ec846d8], contextLoader = 'org.springframework.test.context.support.DelegatingSmartContextLoader', parent = [null]]]].
22:05:24.580 [Test worker] DEBUG org.springframework.test.context.cache.DefaultCacheAwareContextLoaderDelegate - Retrieved ApplicationContext from cache with key [[MergedContextConfiguration@3719e9db testClass = AccountTest, locations = '{}', classes = '{class se1app.applicationcore.Application}', contextInitializerClasses = '[]', activeProfiles = '{}', propertySourceLocations = '{}', propertySourceProperties = '{}', contextCustomizers = set[org.springframework.boot.test.context.filter.ExcludeFilterContextCustomizer@26711ccf, org.springframework.boot.test.json.DuplicateJsonObjectContextCustomizerFactory$DuplicateJsonObjectContextCustomizer@4b04489e, org.springframework.boot.test.mock.mockito.MockitoContextCustomizer@0, org.springframework.boot.test.autoconfigure.properties.PropertyMappingContextCustomizer@0, org.springframework.boot.test.autoconfigure.web.servlet.WebDriverContextCustomizerFactory$Customizer@5ec846d8], contextLoader = 'org.springframework.test.context.support.DelegatingSmartContextLoader', parent = [null]]]
22:05:24.580 [Test worker] DEBUG org.springframework.test.context.cache - Spring test ApplicationContext cache statistics: [DefaultContextCache@538e4bcb size = 1, maxSize = 32, parentContextCount = 0, hitCount = 18, missCount = 1]
22:05:24.581 [Test worker] DEBUG org.springframework.beans.factory.support.DefaultListableBeanFactory - Returning cached instance of singleton bean 'org.springframework.transaction.config.internalTransactionAdvisor'
22:05:24.581 [Test worker] DEBUG org.springframework.beans.factory.support.DefaultListableBeanFactory - Returning cached instance of singleton bean 'org.springframework.transaction.config.internalTransactionAdvisor'
22:05:24.581 [Test worker] DEBUG org.springframework.aop.aspectj.annotation.AnnotationAwareAspectJAutoProxyCreator - Creating implicit proxy for bean 'se1app.applicationcore.accountcomponent.AccountTest' with 0 common interceptors and 1 specific interceptors
22:05:24.581 [Test worker] DEBUG org.springframework.aop.framework.CglibAopProxy - Creating CGLIB proxy: target source is SingletonTargetSource for target object [se1app.applicationcore.accountcomponent.AccountTest@6692c14]
22:05:24.582 [Test worker] DEBUG org.springframework.test.context.support.AbstractDirtiesContextTestExecutionListener - Before test method: context [DefaultTestContext@64b2d808 testClass = AccountTest, testInstance = se1app.applicationcore.accountcomponent.AccountTest@6692c14, testMethod = testAccountNegativeBalance@AccountTest, testException = [null], mergedContextConfiguration = [MergedContextConfiguration@3719e9db testClass = AccountTest, locations = '{}', classes = '{class se1app.applicationcore.Application}', contextInitializerClasses = '[]', activeProfiles = '{}', propertySourceLocations = '{}', propertySourceProperties = '{}', contextCustomizers = set[org.springframework.boot.test.context.filter.ExcludeFilterContextCustomizer@26711ccf, org.springframework.boot.test.json.DuplicateJsonObjectContextCustomizerFactory$DuplicateJsonObjectContextCustomizer@4b04489e, org.springframework.boot.test.mock.mockito.MockitoContextCustomizer@0, org.springframework.boot.test.autoconfigure.properties.PropertyMappingContextCustomizer@0, org.springframework.boot.test.autoconfigure.web.servlet.WebDriverContextCustomizerFactory$Customizer@5ec846d8], contextLoader = 'org.springframework.test.context.support.DelegatingSmartContextLoader', parent = [null]]], class annotated with @DirtiesContext [false] with mode [null], method annotated with @DirtiesContext [false] with mode [null].
22:05:24.583 [Test worker] DEBUG org.springframework.transaction.annotation.AnnotationTransactionAttributeSource - Adding transactional method 'se1app.applicationcore.accountcomponent.AccountTest.testAccountNegativeBalance' with attribute: PROPAGATION_REQUIRED,ISOLATION_DEFAULT; ''
22:05:24.583 [Test worker] DEBUG org.springframework.test.context.transaction.TransactionalTestExecutionListener - Explicit transaction definition [PROPAGATION_REQUIRED,ISOLATION_DEFAULT; ''] found for test context [DefaultTestContext@64b2d808 testClass = AccountTest, testInstance = se1app.applicationcore.accountcomponent.AccountTest@6692c14, testMethod = testAccountNegativeBalance@AccountTest, testException = [null], mergedContextConfiguration = [MergedContextConfiguration@3719e9db testClass = AccountTest, locations = '{}', classes = '{class se1app.applicationcore.Application}', contextInitializerClasses = '[]', activeProfiles = '{}', propertySourceLocations = '{}', propertySourceProperties = '{}', contextCustomizers = set[org.springframework.boot.test.context.filter.ExcludeFilterContextCustomizer@26711ccf, org.springframework.boot.test.json.DuplicateJsonObjectContextCustomizerFactory$DuplicateJsonObjectContextCustomizer@4b04489e, org.springframework.boot.test.mock.mockito.MockitoContextCustomizer@0, org.springframework.boot.test.autoconfigure.properties.PropertyMappingContextCustomizer@0, org.springframework.boot.test.autoconfigure.web.servlet.WebDriverContextCustomizerFactory$Customizer@5ec846d8], contextLoader = 'org.springframework.test.context.support.DelegatingSmartContextLoader', parent = [null]]]
22:05:24.583 [Test worker] DEBUG org.springframework.test.context.cache.DefaultCacheAwareContextLoaderDelegate - Retrieved ApplicationContext from cache with key [[MergedContextConfiguration@3719e9db testClass = AccountTest, locations = '{}', classes = '{class se1app.applicationcore.Application}', contextInitializerClasses = '[]', activeProfiles = '{}', propertySourceLocations = '{}', propertySourceProperties = '{}', contextCustomizers = set[org.springframework.boot.test.context.filter.ExcludeFilterContextCustomizer@26711ccf, org.springframework.boot.test.json.DuplicateJsonObjectContextCustomizerFactory$DuplicateJsonObjectContextCustomizer@4b04489e, org.springframework.boot.test.mock.mockito.MockitoContextCustomizer@0, org.springframework.boot.test.autoconfigure.properties.PropertyMappingContextCustomizer@0, org.springframework.boot.test.autoconfigure.web.servlet.WebDriverContextCustomizerFactory$Customizer@5ec846d8], contextLoader = 'org.springframework.test.context.support.DelegatingSmartContextLoader', parent = [null]]]
22:05:24.583 [Test worker] DEBUG org.springframework.test.context.cache - Spring test ApplicationContext cache statistics: [DefaultContextCache@538e4bcb size = 1, maxSize = 32, parentContextCount = 0, hitCount = 19, missCount = 1]
22:05:24.583 [Test worker] DEBUG org.springframework.beans.factory.support.DefaultListableBeanFactory - Returning cached instance of singleton bean 'transactionManager'
22:05:24.584 [Test worker] DEBUG org.springframework.test.context.transaction.TransactionalTestExecutionListener - No method-level @Rollback override: using default rollback [true] for test context [DefaultTestContext@64b2d808 testClass = AccountTest, testInstance = se1app.applicationcore.accountcomponent.AccountTest@6692c14, testMethod = testAccountNegativeBalance@AccountTest, testException = [null], mergedContextConfiguration = [MergedContextConfiguration@3719e9db testClass = AccountTest, locations = '{}', classes = '{class se1app.applicationcore.Application}', contextInitializerClasses = '[]', activeProfiles = '{}', propertySourceLocations = '{}', propertySourceProperties = '{}', contextCustomizers = set[org.springframework.boot.test.context.filter.ExcludeFilterContextCustomizer@26711ccf, org.springframework.boot.test.json.DuplicateJsonObjectContextCustomizerFactory$DuplicateJsonObjectContextCustomizer@4b04489e, org.springframework.boot.test.mock.mockito.MockitoContextCustomizer@0, org.springframework.boot.test.autoconfigure.properties.PropertyMappingContextCustomizer@0, org.springframework.boot.test.autoconfigure.web.servlet.WebDriverContextCustomizerFactory$Customizer@5ec846d8], contextLoader = 'org.springframework.test.context.support.DelegatingSmartContextLoader', parent = [null]]].
22:05:24.584 [Test worker] DEBUG org.springframework.orm.jpa.JpaTransactionManager - Creating new transaction with name [se1app.applicationcore.accountcomponent.AccountTest.testAccountNegativeBalance]: PROPAGATION_REQUIRED,ISOLATION_DEFAULT; ''
22:05:24.584 [Test worker] DEBUG org.springframework.orm.jpa.JpaTransactionManager - Opened new EntityManager [org.hibernate.jpa.internal.EntityManagerImpl@75fb33ca] for JPA transaction
22:05:24.585 [Test worker] DEBUG org.hibernate.engine.transaction.internal.TransactionImpl - begin
22:05:24.585 [Test worker] DEBUG org.springframework.orm.jpa.JpaTransactionManager - Exposing JPA transaction as JDBC transaction [org.springframework.orm.jpa.vendor.HibernateJpaDialect$HibernateConnectionHandle@3a846021]
22:05:24.585 [Test worker] INFO org.springframework.test.context.transaction.TransactionContext - Began transaction (1) for test context [DefaultTestContext@64b2d808 testClass = AccountTest, testInstance = se1app.applicationcore.accountcomponent.AccountTest@6692c14, testMethod = testAccountNegativeBalance@AccountTest, testException = [null], mergedContextConfiguration = [MergedContextConfiguration@3719e9db testClass = AccountTest, locations = '{}', classes = '{class se1app.applicationcore.Application}', contextInitializerClasses = '[]', activeProfiles = '{}', propertySourceLocations = '{}', propertySourceProperties = '{}', contextCustomizers = set[org.springframework.boot.test.context.filter.ExcludeFilterContextCustomizer@26711ccf, org.springframework.boot.test.json.DuplicateJsonObjectContextCustomizerFactory$DuplicateJsonObjectContextCustomizer@4b04489e, org.springframework.boot.test.mock.mockito.MockitoContextCustomizer@0, org.springframework.boot.test.autoconfigure.properties.PropertyMappingContextCustomizer@0, org.springframework.boot.test.autoconfigure.web.servlet.WebDriverContextCustomizerFactory$Customizer@5ec846d8], contextLoader = 'org.springframework.test.context.support.DelegatingSmartContextLoader', parent = [null]]]; transaction manager [org.springframework.orm.jpa.JpaTransactionManager@4da4165c]; rollback [true]
22:05:24.585 [Test worker] DEBUG org.springframework.test.context.cache.DefaultCacheAwareContextLoaderDelegate - Retrieved ApplicationContext from cache with key [[MergedContextConfiguration@3719e9db testClass = AccountTest, locations = '{}', classes = '{class se1app.applicationcore.Application}', contextInitializerClasses = '[]', activeProfiles = '{}', propertySourceLocations = '{}', propertySourceProperties = '{}', contextCustomizers = set[org.springframework.boot.test.context.filter.ExcludeFilterContextCustomizer@26711ccf, org.springframework.boot.test.json.DuplicateJsonObjectContextCustomizerFactory$DuplicateJsonObjectContextCustomizer@4b04489e, org.springframework.boot.test.mock.mockito.MockitoContextCustomizer@0, org.springframework.boot.test.autoconfigure.properties.PropertyMappingContextCustomizer@0, org.springframework.boot.test.autoconfigure.web.servlet.WebDriverContextCustomizerFactory$Customizer@5ec846d8], contextLoader = 'org.springframework.test.context.support.DelegatingSmartContextLoader', parent = [null]]]
22:05:24.585 [Test worker] DEBUG org.springframework.test.context.cache - Spring test ApplicationContext cache statistics: [DefaultContextCache@538e4bcb size = 1, maxSize = 32, parentContextCount = 0, hitCount = 20, missCount = 1]
22:05:24.586 [Test worker] DEBUG org.springframework.beans.factory.support.DefaultListableBeanFactory - Returning cached instance of singleton bean 'org.springframework.boot.test.mock.mockito.MockitoBeans'
22:05:24.588 [Test worker] DEBUG org.springframework.test.context.cache.DefaultCacheAwareContextLoaderDelegate - Retrieved ApplicationContext from cache with key [[MergedContextConfiguration@3719e9db testClass = AccountTest, locations = '{}', classes = '{class se1app.applicationcore.Application}', contextInitializerClasses = '[]', activeProfiles = '{}', propertySourceLocations = '{}', propertySourceProperties = '{}', contextCustomizers = set[org.springframework.boot.test.context.filter.ExcludeFilterContextCustomizer@26711ccf, org.springframework.boot.test.json.DuplicateJsonObjectContextCustomizerFactory$DuplicateJsonObjectContextCustomizer@4b04489e, org.springframework.boot.test.mock.mockito.MockitoContextCustomizer@0, org.springframework.boot.test.autoconfigure.properties.PropertyMappingContextCustomizer@0, org.springframework.boot.test.autoconfigure.web.servlet.WebDriverContextCustomizerFactory$Customizer@5ec846d8], contextLoader = 'org.springframework.test.context.support.DelegatingSmartContextLoader', parent = [null]]]
22:05:24.588 [Test worker] DEBUG org.springframework.test.context.cache - Spring test ApplicationContext cache statistics: [DefaultContextCache@538e4bcb size = 1, maxSize = 32, parentContextCount = 0, hitCount = 21, missCount = 1]
22:05:24.589 [Test worker] DEBUG org.springframework.test.context.cache.DefaultCacheAwareContextLoaderDelegate - Retrieved ApplicationContext from cache with key [[MergedContextConfiguration@3719e9db testClass = AccountTest, locations = '{}', classes = '{class se1app.applicationcore.Application}', contextInitializerClasses = '[]', activeProfiles = '{}', propertySourceLocations = '{}', propertySourceProperties = '{}', contextCustomizers = set[org.springframework.boot.test.context.filter.ExcludeFilterContextCustomizer@26711ccf, org.springframework.boot.test.json.DuplicateJsonObjectContextCustomizerFactory$DuplicateJsonObjectContextCustomizer@4b04489e, org.springframework.boot.test.mock.mockito.MockitoContextCustomizer@0, org.springframework.boot.test.autoconfigure.properties.PropertyMappingContextCustomizer@0, org.springframework.boot.test.autoconfigure.web.servlet.WebDriverContextCustomizerFactory$Customizer@5ec846d8], contextLoader = 'org.springframework.test.context.support.DelegatingSmartContextLoader', parent = [null]]]
22:05:24.589 [Test worker] DEBUG org.springframework.test.context.cache - Spring test ApplicationContext cache statistics: [DefaultContextCache@538e4bcb size = 1, maxSize = 32, parentContextCount = 0, hitCount = 22, missCount = 1]
22:05:24.590 [Test worker] DEBUG org.springframework.test.context.cache.DefaultCacheAwareContextLoaderDelegate - Retrieved ApplicationContext from cache with key [[MergedContextConfiguration@3719e9db testClass = AccountTest, locations = '{}', classes = '{class se1app.applicationcore.Application}', contextInitializerClasses = '[]', activeProfiles = '{}', propertySourceLocations = '{}', propertySourceProperties = '{}', contextCustomizers = set[org.springframework.boot.test.context.filter.ExcludeFilterContextCustomizer@26711ccf, org.springframework.boot.test.json.DuplicateJsonObjectContextCustomizerFactory$DuplicateJsonObjectContextCustomizer@4b04489e, org.springframework.boot.test.mock.mockito.MockitoContextCustomizer@0, org.springframework.boot.test.autoconfigure.properties.PropertyMappingContextCustomizer@0, org.springframework.boot.test.autoconfigure.web.servlet.WebDriverContextCustomizerFactory$Customizer@5ec846d8], contextLoader = 'org.springframework.test.context.support.DelegatingSmartContextLoader', parent = [null]]]
22:05:24.590 [Test worker] DEBUG org.springframework.test.context.cache - Spring test ApplicationContext cache statistics: [DefaultContextCache@538e4bcb size = 1, maxSize = 32, parentContextCount = 0, hitCount = 23, missCount = 1]
22:05:24.591 [Test worker] DEBUG org.springframework.beans.factory.support.DefaultListableBeanFactory - Returning cached instance of singleton bean 'org.springframework.boot.test.mock.mockito.MockitoBeans'
22:05:24.591 [Test worker] DEBUG org.springframework.orm.jpa.JpaTransactionManager - Initiating transaction rollback
22:05:24.591 [Test worker] DEBUG org.springframework.orm.jpa.JpaTransactionManager - Rolling back JPA transaction on EntityManager [org.hibernate.jpa.internal.EntityManagerImpl@75fb33ca]
22:05:24.591 [Test worker] DEBUG org.hibernate.engine.transaction.internal.TransactionImpl - rolling back
22:05:24.592 [Test worker] DEBUG org.springframework.orm.jpa.JpaTransactionManager - Closing JPA EntityManager [org.hibernate.jpa.internal.EntityManagerImpl@75fb33ca] after transaction
22:05:24.592 [Test worker] DEBUG org.springframework.orm.jpa.EntityManagerFactoryUtils - Closing JPA EntityManager
22:05:24.592 [Test worker] INFO org.springframework.test.context.transaction.TransactionContext - Rolled back transaction for test context [DefaultTestContext@64b2d808 testClass = AccountTest, testInstance = se1app.applicationcore.accountcomponent.AccountTest@6692c14, testMethod = testAccountNegativeBalance@AccountTest, testException = [null], mergedContextConfiguration = [MergedContextConfiguration@3719e9db testClass = AccountTest, locations = '{}', classes = '{class se1app.applicationcore.Application}', contextInitializerClasses = '[]', activeProfiles = '{}', propertySourceLocations = '{}', propertySourceProperties = '{}', contextCustomizers = set[org.springframework.boot.test.context.filter.ExcludeFilterContextCustomizer@26711ccf, org.springframework.boot.test.json.DuplicateJsonObjectContextCustomizerFactory$DuplicateJsonObjectContextCustomizer@4b04489e, org.springframework.boot.test.mock.mockito.MockitoContextCustomizer@0, org.springframework.boot.test.autoconfigure.properties.PropertyMappingContextCustomizer@0, org.springframework.boot.test.autoconfigure.web.servlet.WebDriverContextCustomizerFactory$Customizer@5ec846d8], contextLoader = 'org.springframework.test.context.support.DelegatingSmartContextLoader', parent = [null]]].
22:05:24.593 [Test worker] DEBUG org.springframework.test.context.support.AbstractDirtiesContextTestExecutionListener - After test method: context [DefaultTestContext@64b2d808 testClass = AccountTest, testInstance = se1app.applicationcore.accountcomponent.AccountTest@6692c14, testMethod = testAccountNegativeBalance@AccountTest, testException = [null], mergedContextConfiguration = [MergedContextConfiguration@3719e9db testClass = AccountTest, locations = '{}', classes = '{class se1app.applicationcore.Application}', contextInitializerClasses = '[]', activeProfiles = '{}', propertySourceLocations = '{}', propertySourceProperties = '{}', contextCustomizers = set[org.springframework.boot.test.context.filter.ExcludeFilterContextCustomizer@26711ccf, org.springframework.boot.test.json.DuplicateJsonObjectContextCustomizerFactory$DuplicateJsonObjectContextCustomizer@4b04489e, org.springframework.boot.test.mock.mockito.MockitoContextCustomizer@0, org.springframework.boot.test.autoconfigure.properties.PropertyMappingContextCustomizer@0, org.springframework.boot.test.autoconfigure.web.servlet.WebDriverContextCustomizerFactory$Customizer@5ec846d8], contextLoader = 'org.springframework.test.context.support.DelegatingSmartContextLoader', parent = [null]]], class annotated with @DirtiesContext [false] with mode [null], method annotated with @DirtiesContext [false] with mode [null].
22:05:24.593 [Test worker] DEBUG org.springframework.test.context.support.AbstractDirtiesContextTestExecutionListener - After test class: context [DefaultTestContext@64b2d808 testClass = AccountTest, testInstance = [null], testMethod = [null], testException = [null], mergedContextConfiguration = [MergedContextConfiguration@3719e9db testClass = AccountTest, locations = '{}', classes = '{class se1app.applicationcore.Application}', contextInitializerClasses = '[]', activeProfiles = '{}', propertySourceLocations = '{}', propertySourceProperties = '{}', contextCustomizers = set[org.springframework.boot.test.context.filter.ExcludeFilterContextCustomizer@26711ccf, org.springframework.boot.test.json.DuplicateJsonObjectContextCustomizerFactory$DuplicateJsonObjectContextCustomizer@4b04489e, org.springframework.boot.test.mock.mockito.MockitoContextCustomizer@0, org.springframework.boot.test.autoconfigure.properties.PropertyMappingContextCustomizer@0, org.springframework.boot.test.autoconfigure.web.servlet.WebDriverContextCustomizerFactory$Customizer@5ec846d8], contextLoader = 'org.springframework.test.context.support.DelegatingSmartContextLoader', parent = [null]]], class annotated with @DirtiesContext [false] with mode [null].
]]></system-out>
  <system-err><![CDATA[]]></system-err>
</testsuite>
